ARM GAS  C:\Users\38164\AppData\Local\Temp\ccBHuvRI.s 			page 1


   1              		.cpu cortex-m3
   2              		.eabi_attribute 20, 1
   3              		.eabi_attribute 21, 1
   4              		.eabi_attribute 23, 3
   5              		.eabi_attribute 24, 1
   6              		.eabi_attribute 25, 1
   7              		.eabi_attribute 26, 1
   8              		.eabi_attribute 30, 1
   9              		.eabi_attribute 34, 1
  10              		.eabi_attribute 18, 4
  11              		.file	"port.c"
  12              		.text
  13              	.Ltext0:
  14              		.cfi_sections	.debug_frame
  15              		.section	.text.prvTaskExitError,"ax",%progbits
  16              		.align	1
  17              		.arch armv7-m
  18              		.syntax unified
  19              		.thumb
  20              		.thumb_func
  21              		.fpu softvfp
  23              	prvTaskExitError:
  24              	.LFB5:
  25              		.file 1 "../Middlewares/Third_Party/FreeRTOS/Source/portable/GCC/ARM_CM3/port.c"
   1:../Middlewares/Third_Party/FreeRTOS/Source/portable/GCC/ARM_CM3/port.c **** 
  26              		.loc 1 193 1 view -0
  27              		.cfi_startproc
  28              		@ args = 0, pretend = 0, frame = 8
  29              		@ frame_needed = 0, uses_anonymous_args = 0
  30              		@ link register save eliminated.
  31 0000 82B0     		sub	sp, sp, #8
  32              	.LCFI0:
  33              		.cfi_def_cfa_offset 8
  34              		.loc 1 194 1 view .LVU1
  35              		.loc 1 194 19 is_stmt 0 view .LVU2
  36 0002 0023     		movs	r3, #0
  37 0004 0193     		str	r3, [sp, #4]
  38              		.loc 1 202 2 is_stmt 1 view .LVU3
  39 0006 0D4B     		ldr	r3, .L6
  40 0008 1B68     		ldr	r3, [r3]
  41 000a B3F1FF3F 		cmp	r3, #-1
  42 000e 08D0     		beq	.L2
  43              		.loc 1 202 2 view .LVU4
  44              	.LBB24:
  45              	.LBI24:
  46              		.file 2 "../Middlewares/Third_Party/FreeRTOS/Source/portable/GCC/ARM_CM3/portmacro.h"
   1:../Middlewares/Third_Party/FreeRTOS/Source/portable/GCC/ARM_CM3/portmacro.h **** 
  47              		.loc 2 191 30 view .LVU5
  48              	.LBB25:
  49              		.loc 2 193 1 view .LVU6
  50              		.loc 2 195 2 view .LVU7
  51              		.syntax unified
  52              	@ 195 "Middlewares/Third_Party/FreeRTOS/Source/portable/GCC/ARM_CM3/portmacro.h" 1
  53 0010 4FF05003 			mov r3, #80												
  54 0014 83F31188 		msr basepri, r3											
  55 0018 BFF36F8F 		isb														
  56 001c BFF34F8F 		dsb														
ARM GAS  C:\Users\38164\AppData\Local\Temp\ccBHuvRI.s 			page 2


  57              	
  58              	@ 0 "" 2
  59              	.LVL0:
  60              		.thumb
  61              		.syntax unified
  62              	.L3:
  63              		.loc 2 195 2 is_stmt 0 view .LVU8
  64              	.LBE25:
  65              	.LBE24:
  66              		.loc 1 202 2 is_stmt 1 discriminator 1 view .LVU9
  67              		.loc 1 202 2 discriminator 1 view .LVU10
  68              		.loc 1 202 2 discriminator 1 view .LVU11
  69 0020 FEE7     		b	.L3
  70              	.L2:
  71              		.loc 1 202 43 view .LVU12
  72              		.loc 1 203 2 view .LVU13
  73              	.LBB26:
  74              	.LBI26:
  75              		.loc 2 191 30 view .LVU14
  76              	.LBB27:
  77              		.loc 2 193 1 view .LVU15
  78              		.loc 2 195 2 view .LVU16
  79              		.syntax unified
  80              	@ 195 "Middlewares/Third_Party/FreeRTOS/Source/portable/GCC/ARM_CM3/portmacro.h" 1
  81 0022 4FF05003 			mov r3, #80												
  82 0026 83F31188 		msr basepri, r3											
  83 002a BFF36F8F 		isb														
  84 002e BFF34F8F 		dsb														
  85              	
  86              	@ 0 "" 2
  87              	.LVL1:
  88              		.thumb
  89              		.syntax unified
  90              	.L4:
  91              		.loc 2 195 2 is_stmt 0 view .LVU17
  92              	.LBE27:
  93              	.LBE26:
  94              		.loc 1 213 2 is_stmt 1 discriminator 1 view .LVU18
  95              		.loc 1 204 7 discriminator 1 view .LVU19
  96              		.loc 1 204 17 is_stmt 0 discriminator 1 view .LVU20
  97 0032 019B     		ldr	r3, [sp, #4]
  98              		.loc 1 204 7 discriminator 1 view .LVU21
  99 0034 002B     		cmp	r3, #0
 100 0036 FCD0     		beq	.L4
 101              		.loc 1 214 1 view .LVU22
 102 0038 02B0     		add	sp, sp, #8
 103              	.LCFI1:
 104              		.cfi_def_cfa_offset 0
 105              		@ sp needed
 106 003a 7047     		bx	lr
 107              	.L7:
 108              		.align	2
 109              	.L6:
 110 003c 00000000 		.word	.LANCHOR0
 111              		.cfi_endproc
 112              	.LFE5:
 114              		.section	.text.prvPortStartFirstTask,"ax",%progbits
ARM GAS  C:\Users\38164\AppData\Local\Temp\ccBHuvRI.s 			page 3


 115              		.align	1
 116              		.syntax unified
 117              		.thumb
 118              		.thumb_func
 119              		.fpu softvfp
 121              	prvPortStartFirstTask:
 122              	.LFB7:
 123              		.loc 1 238 1 is_stmt 1 view -0
 124              		.cfi_startproc
 125              		@ Naked Function: prologue and epilogue provided by programmer.
 126              		@ args = 0, pretend = 0, frame = 0
 127              		@ frame_needed = 0, uses_anonymous_args = 0
 128              		.loc 1 239 2 view .LVU24
 129              		.syntax unified
 130              	@ 239 "Middlewares/Third_Party/FreeRTOS/Source/portable/GCC/ARM_CM3/port.c" 1
 131 0000 0648     		 ldr r0, =0xE000ED08 	
 132 0002 0068     	 ldr r0, [r0] 			
 133 0004 0068     	 ldr r0, [r0] 			
 134 0006 80F30888 	 msr msp, r0			
 135 000a 62B6     	 cpsie i				
 136 000c 61B6     	 cpsie f				
 137 000e BFF34F8F 	 dsb					
 138 0012 BFF36F8F 	 isb					
 139 0016 00DF     	 svc 0					
 140 0018 00BF     	 nop					
 141              	
 142              	@ 0 "" 2
 143              		.loc 1 251 1 is_stmt 0 view .LVU25
 144              		.thumb
 145              		.syntax unified
 146              		.cfi_endproc
 147              	.LFE7:
 149 001a 0000     		.section	.text.pxPortInitialiseStack,"ax",%progbits
 150              		.align	1
 151              		.global	pxPortInitialiseStack
 152              		.syntax unified
 153              		.thumb
 154              		.thumb_func
 155              		.fpu softvfp
 157              	pxPortInitialiseStack:
 158              	.LVL2:
 159              	.LFB4:
 160              		.loc 1 175 1 is_stmt 1 view -0
 161              		.cfi_startproc
 162              		@ args = 0, pretend = 0, frame = 0
 163              		@ frame_needed = 0, uses_anonymous_args = 0
 164              		@ link register save eliminated.
 165              		.loc 1 178 2 view .LVU27
 166              		.loc 1 179 2 view .LVU28
 167              		.loc 1 179 16 is_stmt 0 view .LVU29
 168 0000 4FF08073 		mov	r3, #16777216
 169 0004 40F8043C 		str	r3, [r0, #-4]
 170              		.loc 1 180 2 is_stmt 1 view .LVU30
 171              	.LVL3:
 172              		.loc 1 181 2 view .LVU31
 173              		.loc 1 181 45 is_stmt 0 view .LVU32
 174 0008 21F00101 		bic	r1, r1, #1
ARM GAS  C:\Users\38164\AppData\Local\Temp\ccBHuvRI.s 			page 4


 175              	.LVL4:
 176              		.loc 1 181 16 view .LVU33
 177 000c 40F8081C 		str	r1, [r0, #-8]
 178              		.loc 1 182 2 is_stmt 1 view .LVU34
 179              	.LVL5:
 180              		.loc 1 183 2 view .LVU35
 181              		.loc 1 183 18 is_stmt 0 view .LVU36
 182 0010 034B     		ldr	r3, .L10
 183              		.loc 1 183 16 view .LVU37
 184 0012 40F80C3C 		str	r3, [r0, #-12]
 185              		.loc 1 184 2 is_stmt 1 view .LVU38
 186              	.LVL6:
 187              		.loc 1 185 2 view .LVU39
 188              		.loc 1 185 16 is_stmt 0 view .LVU40
 189 0016 40F8202C 		str	r2, [r0, #-32]
 190              		.loc 1 186 2 is_stmt 1 view .LVU41
 191              	.LVL7:
 192              		.loc 1 188 2 view .LVU42
 193              		.loc 1 189 1 is_stmt 0 view .LVU43
 194 001a 4038     		subs	r0, r0, #64
 195              	.LVL8:
 196              		.loc 1 189 1 view .LVU44
 197 001c 7047     		bx	lr
 198              	.L11:
 199 001e 00BF     		.align	2
 200              	.L10:
 201 0020 00000000 		.word	prvTaskExitError
 202              		.cfi_endproc
 203              	.LFE4:
 205              		.section	.text.SVC_Handler,"ax",%progbits
 206              		.align	1
 207              		.global	SVC_Handler
 208              		.syntax unified
 209              		.thumb
 210              		.thumb_func
 211              		.fpu softvfp
 213              	SVC_Handler:
 214              	.LFB6:
 215              		.loc 1 218 1 is_stmt 1 view -0
 216              		.cfi_startproc
 217              		@ Naked Function: prologue and epilogue provided by programmer.
 218              		@ args = 0, pretend = 0, frame = 0
 219              		@ frame_needed = 0, uses_anonymous_args = 0
 220              		.loc 1 219 2 view .LVU46
 221              		.syntax unified
 222              	@ 219 "Middlewares/Third_Party/FreeRTOS/Source/portable/GCC/ARM_CM3/port.c" 1
 223 0000 074B     			ldr	r3, pxCurrentTCBConst2		
 224 0002 1968     		ldr r1, [r3]					
 225 0004 0868     		ldr r0, [r1]					
 226 0006 B0E8F00F 		ldmia r0!, {r4-r11}				
 227 000a 80F30988 		msr psp, r0						
 228 000e BFF36F8F 		isb								
 229 0012 4FF00000 		mov r0, #0 						
 230 0016 80F31188 		msr	basepri, r0					
 231 001a 4EF00D0E 		orr r14, #0xd					
 232 001e 7047     		bx r14							
 233              										
ARM GAS  C:\Users\38164\AppData\Local\Temp\ccBHuvRI.s 			page 5


 234              		.align 4						
 235 0020 00000000 	pxCurrentTCBConst2: .word pxCurrentTCB				
 236              	
 237              	@ 0 "" 2
 238              		.loc 1 234 1 is_stmt 0 view .LVU47
 239              		.thumb
 240              		.syntax unified
 241              		.cfi_endproc
 242              	.LFE6:
 244              		.section	.text.vPortEndScheduler,"ax",%progbits
 245              		.align	1
 246              		.global	vPortEndScheduler
 247              		.syntax unified
 248              		.thumb
 249              		.thumb_func
 250              		.fpu softvfp
 252              	vPortEndScheduler:
 253              	.LFB9:
 254              		.loc 1 354 1 is_stmt 1 view -0
 255              		.cfi_startproc
 256              		@ args = 0, pretend = 0, frame = 0
 257              		@ frame_needed = 0, uses_anonymous_args = 0
 258              		@ link register save eliminated.
 259              		.loc 1 357 2 view .LVU49
 260 0000 074B     		ldr	r3, .L16
 261 0002 1B68     		ldr	r3, [r3]
 262 0004 B3F57A7F 		cmp	r3, #1000
 263 0008 08D0     		beq	.L13
 264              		.loc 1 357 2 view .LVU50
 265              	.LBB28:
 266              	.LBI28:
 267              		.loc 2 191 30 view .LVU51
 268              	.LBB29:
 269              		.loc 2 193 1 view .LVU52
 270              		.loc 2 195 2 view .LVU53
 271              		.syntax unified
 272              	@ 195 "Middlewares/Third_Party/FreeRTOS/Source/portable/GCC/ARM_CM3/portmacro.h" 1
 273 000a 4FF05003 			mov r3, #80												
 274 000e 83F31188 		msr basepri, r3											
 275 0012 BFF36F8F 		isb														
 276 0016 BFF34F8F 		dsb														
 277              	
 278              	@ 0 "" 2
 279              	.LVL9:
 280              		.thumb
 281              		.syntax unified
 282              	.L15:
 283              		.loc 2 195 2 is_stmt 0 view .LVU54
 284              	.LBE29:
 285              	.LBE28:
 286              		.loc 1 357 2 is_stmt 1 discriminator 1 view .LVU55
 287              		.loc 1 357 2 discriminator 1 view .LVU56
 288              		.loc 1 357 2 discriminator 1 view .LVU57
 289 001a FEE7     		b	.L15
 290              	.L13:
 291              		.loc 1 358 1 is_stmt 0 view .LVU58
 292 001c 7047     		bx	lr
ARM GAS  C:\Users\38164\AppData\Local\Temp\ccBHuvRI.s 			page 6


 293              	.L17:
 294 001e 00BF     		.align	2
 295              	.L16:
 296 0020 00000000 		.word	.LANCHOR0
 297              		.cfi_endproc
 298              	.LFE9:
 300              		.section	.text.vPortEnterCritical,"ax",%progbits
 301              		.align	1
 302              		.global	vPortEnterCritical
 303              		.syntax unified
 304              		.thumb
 305              		.thumb_func
 306              		.fpu softvfp
 308              	vPortEnterCritical:
 309              	.LFB10:
 310              		.loc 1 362 1 is_stmt 1 view -0
 311              		.cfi_startproc
 312              		@ args = 0, pretend = 0, frame = 0
 313              		@ frame_needed = 0, uses_anonymous_args = 0
 314              		@ link register save eliminated.
 315              		.loc 1 363 2 view .LVU60
 316              	.LBB30:
 317              	.LBI30:
 318              		.loc 2 191 30 view .LVU61
 319              	.LBB31:
 320              		.loc 2 193 1 view .LVU62
 321              		.loc 2 195 2 view .LVU63
 322              		.syntax unified
 323              	@ 195 "Middlewares/Third_Party/FreeRTOS/Source/portable/GCC/ARM_CM3/portmacro.h" 1
 324 0000 4FF05003 			mov r3, #80												
 325 0004 83F31188 		msr basepri, r3											
 326 0008 BFF36F8F 		isb														
 327 000c BFF34F8F 		dsb														
 328              	
 329              	@ 0 "" 2
 330              		.thumb
 331              		.syntax unified
 332              	.LBE31:
 333              	.LBE30:
 334              		.loc 1 364 2 view .LVU64
 335              		.loc 1 364 19 is_stmt 0 view .LVU65
 336 0010 0A4A     		ldr	r2, .L22
 337 0012 1368     		ldr	r3, [r2]
 338 0014 0133     		adds	r3, r3, #1
 339 0016 1360     		str	r3, [r2]
 340              		.loc 1 371 2 is_stmt 1 view .LVU66
 341              		.loc 1 371 4 is_stmt 0 view .LVU67
 342 0018 012B     		cmp	r3, #1
 343 001a 00D0     		beq	.L21
 344              	.L18:
 345              		.loc 1 375 1 view .LVU68
 346 001c 7047     		bx	lr
 347              	.L21:
 348              		.loc 1 373 3 is_stmt 1 view .LVU69
 349 001e 084B     		ldr	r3, .L22+4
 350 0020 1B68     		ldr	r3, [r3]
 351 0022 13F0FF0F 		tst	r3, #255
ARM GAS  C:\Users\38164\AppData\Local\Temp\ccBHuvRI.s 			page 7


 352 0026 F9D0     		beq	.L18
 353              		.loc 1 373 3 view .LVU70
 354              	.LBB32:
 355              	.LBI32:
 356              		.loc 2 191 30 view .LVU71
 357              	.LBB33:
 358              		.loc 2 193 1 view .LVU72
 359              		.loc 2 195 2 view .LVU73
 360              		.syntax unified
 361              	@ 195 "Middlewares/Third_Party/FreeRTOS/Source/portable/GCC/ARM_CM3/portmacro.h" 1
 362 0028 4FF05003 			mov r3, #80												
 363 002c 83F31188 		msr basepri, r3											
 364 0030 BFF36F8F 		isb														
 365 0034 BFF34F8F 		dsb														
 366              	
 367              	@ 0 "" 2
 368              	.LVL10:
 369              		.thumb
 370              		.syntax unified
 371              	.L20:
 372              		.loc 2 195 2 is_stmt 0 view .LVU74
 373              	.LBE33:
 374              	.LBE32:
 375              		.loc 1 373 3 is_stmt 1 discriminator 1 view .LVU75
 376              		.loc 1 373 3 discriminator 1 view .LVU76
 377              		.loc 1 373 3 discriminator 1 view .LVU77
 378 0038 FEE7     		b	.L20
 379              	.L23:
 380 003a 00BF     		.align	2
 381              	.L22:
 382 003c 00000000 		.word	.LANCHOR0
 383 0040 04ED00E0 		.word	-536810236
 384              		.cfi_endproc
 385              	.LFE10:
 387              		.section	.text.vPortExitCritical,"ax",%progbits
 388              		.align	1
 389              		.global	vPortExitCritical
 390              		.syntax unified
 391              		.thumb
 392              		.thumb_func
 393              		.fpu softvfp
 395              	vPortExitCritical:
 396              	.LFB11:
 397              		.loc 1 379 1 view -0
 398              		.cfi_startproc
 399              		@ args = 0, pretend = 0, frame = 0
 400              		@ frame_needed = 0, uses_anonymous_args = 0
 401              		@ link register save eliminated.
 402              		.loc 1 380 2 view .LVU79
 403 0000 094B     		ldr	r3, .L28
 404 0002 1B68     		ldr	r3, [r3]
 405 0004 43B9     		cbnz	r3, .L25
 406              		.loc 1 380 2 view .LVU80
 407              	.LBB34:
 408              	.LBI34:
 409              		.loc 2 191 30 view .LVU81
 410              	.LBB35:
ARM GAS  C:\Users\38164\AppData\Local\Temp\ccBHuvRI.s 			page 8


 411              		.loc 2 193 1 view .LVU82
 412              		.loc 2 195 2 view .LVU83
 413              		.syntax unified
 414              	@ 195 "Middlewares/Third_Party/FreeRTOS/Source/portable/GCC/ARM_CM3/portmacro.h" 1
 415 0006 4FF05003 			mov r3, #80												
 416 000a 83F31188 		msr basepri, r3											
 417 000e BFF36F8F 		isb														
 418 0012 BFF34F8F 		dsb														
 419              	
 420              	@ 0 "" 2
 421              	.LVL11:
 422              		.thumb
 423              		.syntax unified
 424              	.L26:
 425              		.loc 2 195 2 is_stmt 0 view .LVU84
 426              	.LBE35:
 427              	.LBE34:
 428              		.loc 1 380 2 is_stmt 1 discriminator 1 view .LVU85
 429              		.loc 1 380 2 discriminator 1 view .LVU86
 430              		.loc 1 380 2 discriminator 1 view .LVU87
 431 0016 FEE7     		b	.L26
 432              	.L25:
 433              		.loc 1 380 35 discriminator 2 view .LVU88
 434              		.loc 1 381 2 discriminator 2 view .LVU89
 435              		.loc 1 381 19 is_stmt 0 discriminator 2 view .LVU90
 436 0018 013B     		subs	r3, r3, #1
 437 001a 034A     		ldr	r2, .L28
 438 001c 1360     		str	r3, [r2]
 439              		.loc 1 382 2 is_stmt 1 discriminator 2 view .LVU91
 440              		.loc 1 382 4 is_stmt 0 discriminator 2 view .LVU92
 441 001e 0BB9     		cbnz	r3, .L24
 442              		.loc 1 384 3 is_stmt 1 view .LVU93
 443              	.LVL12:
 444              	.LBB36:
 445              	.LBI36:
 446              		.loc 2 227 30 view .LVU94
 447              	.LBB37:
 448              		.loc 2 229 2 view .LVU95
 449              		.syntax unified
 450              	@ 229 "Middlewares/Third_Party/FreeRTOS/Source/portable/GCC/ARM_CM3/portmacro.h" 1
 451 0020 83F31188 			msr basepri, r3	
 452              	@ 0 "" 2
 453              	.LVL13:
 454              		.thumb
 455              		.syntax unified
 456              	.L24:
 457              		.loc 2 229 2 is_stmt 0 view .LVU96
 458              	.LBE37:
 459              	.LBE36:
 460              		.loc 1 386 1 view .LVU97
 461 0024 7047     		bx	lr
 462              	.L29:
 463 0026 00BF     		.align	2
 464              	.L28:
 465 0028 00000000 		.word	.LANCHOR0
 466              		.cfi_endproc
 467              	.LFE11:
ARM GAS  C:\Users\38164\AppData\Local\Temp\ccBHuvRI.s 			page 9


 469              		.section	.text.PendSV_Handler,"ax",%progbits
 470              		.align	1
 471              		.global	PendSV_Handler
 472              		.syntax unified
 473              		.thumb
 474              		.thumb_func
 475              		.fpu softvfp
 477              	PendSV_Handler:
 478              	.LFB12:
 479              		.loc 1 390 1 is_stmt 1 view -0
 480              		.cfi_startproc
 481              		@ Naked Function: prologue and epilogue provided by programmer.
 482              		@ args = 0, pretend = 0, frame = 0
 483              		@ frame_needed = 0, uses_anonymous_args = 0
 484              		.loc 1 393 2 view .LVU99
 485              		.syntax unified
 486              	@ 393 "Middlewares/Third_Party/FreeRTOS/Source/portable/GCC/ARM_CM3/port.c" 1
 487 0000 EFF30980 			mrs r0, psp							
 488 0004 BFF36F8F 		isb									
 489              											
 490 0008 0D4B     		ldr	r3, pxCurrentTCBConst			
 491 000a 1A68     		ldr	r2, [r3]						
 492              											
 493 000c 20E9F00F 		stmdb r0!, {r4-r11}					
 494 0010 1060     		str r0, [r2]						
 495              											
 496 0012 2DE90840 		stmdb sp!, {r3, r14}				
 497 0016 4FF05000 		mov r0, #80							
 498 001a 80F31188 		msr basepri, r0						
 499 001e FFF7FEFF 		bl vTaskSwitchContext				
 500 0022 4FF00000 		mov r0, #0							
 501 0026 80F31188 		msr basepri, r0						
 502 002a BDE80840 		ldmia sp!, {r3, r14}				
 503              											
 504 002e 1968     		ldr r1, [r3]						
 505 0030 0868     		ldr r0, [r1]						
 506 0032 B0E8F00F 		ldmia r0!, {r4-r11}					
 507 0036 80F30988 		msr psp, r0							
 508 003a BFF36F8F 		isb									
 509 003e 7047     		bx r14								
 510              											
 511              		.align 4							
 512 0040 00000000 	pxCurrentTCBConst: .word pxCurrentTCB	
 513              	
 514              	@ 0 "" 2
 515              		.loc 1 423 1 is_stmt 0 view .LVU100
 516              		.thumb
 517              		.syntax unified
 518              		.cfi_endproc
 519              	.LFE12:
 521              		.section	.text.SysTick_Handler,"ax",%progbits
 522              		.align	1
 523              		.global	SysTick_Handler
 524              		.syntax unified
 525              		.thumb
 526              		.thumb_func
 527              		.fpu softvfp
ARM GAS  C:\Users\38164\AppData\Local\Temp\ccBHuvRI.s 			page 10


 529              	SysTick_Handler:
 530              	.LFB13:
 531              		.loc 1 427 1 is_stmt 1 view -0
 532              		.cfi_startproc
 533              		@ args = 0, pretend = 0, frame = 0
 534              		@ frame_needed = 0, uses_anonymous_args = 0
 535 0000 08B5     		push	{r3, lr}
 536              	.LCFI2:
 537              		.cfi_def_cfa_offset 8
 538              		.cfi_offset 3, -8
 539              		.cfi_offset 14, -4
 540              		.loc 1 432 2 view .LVU102
 541              	.LBB38:
 542              	.LBI38:
 543              		.loc 2 191 30 view .LVU103
 544              	.LBB39:
 545              		.loc 2 193 1 view .LVU104
 546              		.loc 2 195 2 view .LVU105
 547              		.syntax unified
 548              	@ 195 "Middlewares/Third_Party/FreeRTOS/Source/portable/GCC/ARM_CM3/portmacro.h" 1
 549 0002 4FF05003 			mov r3, #80												
 550 0006 83F31188 		msr basepri, r3											
 551 000a BFF36F8F 		isb														
 552 000e BFF34F8F 		dsb														
 553              	
 554              	@ 0 "" 2
 555              		.thumb
 556              		.syntax unified
 557              	.LBE39:
 558              	.LBE38:
 559              		.loc 1 435 3 view .LVU106
 560              		.loc 1 435 7 is_stmt 0 view .LVU107
 561 0012 054B     		ldr	r3, .L34
 562 0014 9847     		blx	r3
 563              	.LVL14:
 564              		.loc 1 435 5 view .LVU108
 565 0016 18B1     		cbz	r0, .L32
 566              		.loc 1 439 4 is_stmt 1 view .LVU109
 567              		.loc 1 439 26 is_stmt 0 view .LVU110
 568 0018 044B     		ldr	r3, .L34+4
 569 001a 4FF08052 		mov	r2, #268435456
 570 001e 1A60     		str	r2, [r3]
 571              	.L32:
 572              		.loc 1 442 2 is_stmt 1 view .LVU111
 573              	.LVL15:
 574              	.LBB40:
 575              	.LBI40:
 576              		.loc 2 227 30 view .LVU112
 577              	.LBB41:
 578              		.loc 2 229 2 view .LVU113
 579 0020 0023     		movs	r3, #0
 580              		.syntax unified
 581              	@ 229 "Middlewares/Third_Party/FreeRTOS/Source/portable/GCC/ARM_CM3/portmacro.h" 1
 582 0022 83F31188 			msr basepri, r3	
 583              	@ 0 "" 2
 584              	.LVL16:
 585              		.loc 2 229 2 is_stmt 0 view .LVU114
ARM GAS  C:\Users\38164\AppData\Local\Temp\ccBHuvRI.s 			page 11


 586              		.thumb
 587              		.syntax unified
 588              	.LBE41:
 589              	.LBE40:
 590              		.loc 1 443 1 view .LVU115
 591 0026 08BD     		pop	{r3, pc}
 592              	.L35:
 593              		.align	2
 594              	.L34:
 595 0028 00000000 		.word	xTaskIncrementTick
 596 002c 04ED00E0 		.word	-536810236
 597              		.cfi_endproc
 598              	.LFE13:
 600              		.section	.text.vPortSetupTimerInterrupt,"ax",%progbits
 601              		.align	1
 602              		.weak	vPortSetupTimerInterrupt
 603              		.syntax unified
 604              		.thumb
 605              		.thumb_func
 606              		.fpu softvfp
 608              	vPortSetupTimerInterrupt:
 609              	.LFB14:
 610              		.loc 1 618 1 is_stmt 1 view -0
 611              		.cfi_startproc
 612              		@ args = 0, pretend = 0, frame = 0
 613              		@ frame_needed = 0, uses_anonymous_args = 0
 614              		@ link register save eliminated.
 615              		.loc 1 629 2 view .LVU117
 616              		.loc 1 629 28 is_stmt 0 view .LVU118
 617 0000 084A     		ldr	r2, .L37
 618 0002 0023     		movs	r3, #0
 619 0004 1360     		str	r3, [r2]
 620              		.loc 1 630 2 is_stmt 1 view .LVU119
 621              		.loc 1 630 37 is_stmt 0 view .LVU120
 622 0006 0849     		ldr	r1, .L37+4
 623 0008 0B60     		str	r3, [r1]
 624              		.loc 1 633 2 is_stmt 1 view .LVU121
 625              		.loc 1 633 55 is_stmt 0 view .LVU122
 626 000a 084B     		ldr	r3, .L37+8
 627 000c 1B68     		ldr	r3, [r3]
 628 000e 0849     		ldr	r1, .L37+12
 629 0010 A1FB0313 		umull	r1, r3, r1, r3
 630 0014 9B09     		lsrs	r3, r3, #6
 631              		.loc 1 633 78 view .LVU123
 632 0016 013B     		subs	r3, r3, #1
 633              		.loc 1 633 28 view .LVU124
 634 0018 0649     		ldr	r1, .L37+16
 635 001a 0B60     		str	r3, [r1]
 636              		.loc 1 634 2 is_stmt 1 view .LVU125
 637              		.loc 1 634 28 is_stmt 0 view .LVU126
 638 001c 0723     		movs	r3, #7
 639 001e 1360     		str	r3, [r2]
 640              		.loc 1 635 1 view .LVU127
 641 0020 7047     		bx	lr
 642              	.L38:
 643 0022 00BF     		.align	2
 644              	.L37:
ARM GAS  C:\Users\38164\AppData\Local\Temp\ccBHuvRI.s 			page 12


 645 0024 10E000E0 		.word	-536813552
 646 0028 18E000E0 		.word	-536813544
 647 002c 00000000 		.word	SystemCoreClock
 648 0030 D34D6210 		.word	274877907
 649 0034 14E000E0 		.word	-536813548
 650              		.cfi_endproc
 651              	.LFE14:
 653              		.section	.text.xPortStartScheduler,"ax",%progbits
 654              		.align	1
 655              		.global	xPortStartScheduler
 656              		.syntax unified
 657              		.thumb
 658              		.thumb_func
 659              		.fpu softvfp
 661              	xPortStartScheduler:
 662              	.LFB8:
 663              		.loc 1 258 1 is_stmt 1 view -0
 664              		.cfi_startproc
 665              		@ args = 0, pretend = 0, frame = 8
 666              		@ frame_needed = 0, uses_anonymous_args = 0
 667 0000 10B5     		push	{r4, lr}
 668              	.LCFI3:
 669              		.cfi_def_cfa_offset 8
 670              		.cfi_offset 4, -8
 671              		.cfi_offset 14, -4
 672 0002 82B0     		sub	sp, sp, #8
 673              	.LCFI4:
 674              		.cfi_def_cfa_offset 16
 675              		.loc 1 261 2 view .LVU129
 676              		.loc 1 261 54 view .LVU130
 677              	.LBB42:
 678              		.loc 1 265 3 view .LVU131
 679              		.loc 1 266 3 view .LVU132
 680              	.LVL17:
 681              		.loc 1 267 3 view .LVU133
 682              		.loc 1 275 3 view .LVU134
 683              		.loc 1 275 24 is_stmt 0 view .LVU135
 684 0004 214B     		ldr	r3, .L44
 685 0006 1A78     		ldrb	r2, [r3]	@ zero_extendqisi2
 686 0008 D2B2     		uxtb	r2, r2
 687              		.loc 1 275 22 view .LVU136
 688 000a 0192     		str	r2, [sp, #4]
 689              		.loc 1 279 3 is_stmt 1 view .LVU137
 690              		.loc 1 279 33 is_stmt 0 view .LVU138
 691 000c FF22     		movs	r2, #255
 692 000e 1A70     		strb	r2, [r3]
 693              		.loc 1 282 3 is_stmt 1 view .LVU139
 694              		.loc 1 282 24 is_stmt 0 view .LVU140
 695 0010 1B78     		ldrb	r3, [r3]	@ zero_extendqisi2
 696 0012 DBB2     		uxtb	r3, r3
 697              		.loc 1 282 22 view .LVU141
 698 0014 8DF80330 		strb	r3, [sp, #3]
 699              		.loc 1 285 3 is_stmt 1 view .LVU142
 700              		.loc 1 285 63 is_stmt 0 view .LVU143
 701 0018 9DF80330 		ldrb	r3, [sp, #3]	@ zero_extendqisi2
 702 001c 03F05003 		and	r3, r3, #80
 703              		.loc 1 285 24 view .LVU144
ARM GAS  C:\Users\38164\AppData\Local\Temp\ccBHuvRI.s 			page 13


 704 0020 1B4A     		ldr	r2, .L44+4
 705 0022 1370     		strb	r3, [r2]
 706              		.loc 1 289 3 is_stmt 1 view .LVU145
 707              		.loc 1 289 22 is_stmt 0 view .LVU146
 708 0024 1B4B     		ldr	r3, .L44+8
 709 0026 0722     		movs	r2, #7
 710 0028 1A60     		str	r2, [r3]
 711              		.loc 1 290 3 is_stmt 1 view .LVU147
 712              	.L40:
 713              		.loc 1 290 8 view .LVU148
 714              		.loc 1 290 31 is_stmt 0 view .LVU149
 715 002a 9DF80330 		ldrb	r3, [sp, #3]	@ zero_extendqisi2
 716              		.loc 1 290 8 view .LVU150
 717 002e 13F0800F 		tst	r3, #128
 718 0032 0AD0     		beq	.L43
 719              		.loc 1 292 4 is_stmt 1 view .LVU151
 720              		.loc 1 292 22 is_stmt 0 view .LVU152
 721 0034 174A     		ldr	r2, .L44+8
 722 0036 1368     		ldr	r3, [r2]
 723 0038 013B     		subs	r3, r3, #1
 724 003a 1360     		str	r3, [r2]
 725              		.loc 1 293 4 is_stmt 1 view .LVU153
 726              		.loc 1 293 23 is_stmt 0 view .LVU154
 727 003c 9DF80330 		ldrb	r3, [sp, #3]	@ zero_extendqisi2
 728 0040 5B00     		lsls	r3, r3, #1
 729 0042 DBB2     		uxtb	r3, r3
 730 0044 8DF80330 		strb	r3, [sp, #3]
 731 0048 EFE7     		b	.L40
 732              	.L43:
 733              		.loc 1 311 3 is_stmt 1 view .LVU155
 734              		.loc 1 316 3 view .LVU156
 735              		.loc 1 316 22 is_stmt 0 view .LVU157
 736 004a 124A     		ldr	r2, .L44+8
 737 004c 1368     		ldr	r3, [r2]
 738 004e 1B02     		lsls	r3, r3, #8
 739              		.loc 1 317 3 is_stmt 1 view .LVU158
 740              		.loc 1 317 22 is_stmt 0 view .LVU159
 741 0050 03F4E063 		and	r3, r3, #1792
 742 0054 1360     		str	r3, [r2]
 743              		.loc 1 321 3 is_stmt 1 view .LVU160
 744              		.loc 1 321 33 is_stmt 0 view .LVU161
 745 0056 019B     		ldr	r3, [sp, #4]
 746 0058 DBB2     		uxtb	r3, r3
 747 005a 0C4A     		ldr	r2, .L44
 748 005c 1370     		strb	r3, [r2]
 749              	.LBE42:
 750              		.loc 1 326 2 is_stmt 1 view .LVU162
 751              		.loc 1 326 23 is_stmt 0 view .LVU163
 752 005e 0E4B     		ldr	r3, .L44+12
 753 0060 1A68     		ldr	r2, [r3]
 754 0062 42F47002 		orr	r2, r2, #15728640
 755 0066 1A60     		str	r2, [r3]
 756              		.loc 1 327 2 is_stmt 1 view .LVU164
 757              		.loc 1 327 23 is_stmt 0 view .LVU165
 758 0068 1A68     		ldr	r2, [r3]
 759 006a 42F07042 		orr	r2, r2, #-268435456
 760 006e 1A60     		str	r2, [r3]
ARM GAS  C:\Users\38164\AppData\Local\Temp\ccBHuvRI.s 			page 14


 761              		.loc 1 331 2 is_stmt 1 view .LVU166
 762 0070 0A4B     		ldr	r3, .L44+16
 763 0072 9847     		blx	r3
 764              	.LVL18:
 765              		.loc 1 334 2 view .LVU167
 766              		.loc 1 334 20 is_stmt 0 view .LVU168
 767 0074 0024     		movs	r4, #0
 768 0076 0A4B     		ldr	r3, .L44+20
 769 0078 1C60     		str	r4, [r3]
 770              		.loc 1 337 2 is_stmt 1 view .LVU169
 771 007a 0A4B     		ldr	r3, .L44+24
 772 007c 9847     		blx	r3
 773              	.LVL19:
 774              		.loc 1 345 2 view .LVU170
 775 007e 0A4B     		ldr	r3, .L44+28
 776 0080 9847     		blx	r3
 777              	.LVL20:
 778              		.loc 1 346 2 view .LVU171
 779 0082 0A4B     		ldr	r3, .L44+32
 780 0084 9847     		blx	r3
 781              	.LVL21:
 782              		.loc 1 349 2 view .LVU172
 783              		.loc 1 350 1 is_stmt 0 view .LVU173
 784 0086 2046     		mov	r0, r4
 785 0088 02B0     		add	sp, sp, #8
 786              	.LCFI5:
 787              		.cfi_def_cfa_offset 8
 788              		@ sp needed
 789 008a 10BD     		pop	{r4, pc}
 790              	.L45:
 791              		.align	2
 792              	.L44:
 793 008c 00E400E0 		.word	-536812544
 794 0090 00000000 		.word	.LANCHOR1
 795 0094 00000000 		.word	.LANCHOR2
 796 0098 20ED00E0 		.word	-536810208
 797 009c 00000000 		.word	vPortSetupTimerInterrupt
 798 00a0 00000000 		.word	.LANCHOR0
 799 00a4 00000000 		.word	prvPortStartFirstTask
 800 00a8 00000000 		.word	vTaskSwitchContext
 801 00ac 00000000 		.word	prvTaskExitError
 802              		.cfi_endproc
 803              	.LFE8:
 805              		.section	.text.vPortValidateInterruptPriority,"ax",%progbits
 806              		.align	1
 807              		.global	vPortValidateInterruptPriority
 808              		.syntax unified
 809              		.thumb
 810              		.thumb_func
 811              		.fpu softvfp
 813              	vPortValidateInterruptPriority:
 814              	.LFB15:
 815              		.loc 1 641 2 is_stmt 1 view -0
 816              		.cfi_startproc
 817              		@ args = 0, pretend = 0, frame = 0
 818              		@ frame_needed = 0, uses_anonymous_args = 0
 819              		@ link register save eliminated.
ARM GAS  C:\Users\38164\AppData\Local\Temp\ccBHuvRI.s 			page 15


 820              		.loc 1 642 2 view .LVU175
 821              		.loc 1 643 2 view .LVU176
 822              		.loc 1 646 3 view .LVU177
 823              		.syntax unified
 824              	@ 646 "Middlewares/Third_Party/FreeRTOS/Source/portable/GCC/ARM_CM3/port.c" 1
 825 0000 EFF30583 		mrs r3, ipsr
 826              	@ 0 "" 2
 827              	.LVL22:
 828              		.loc 1 649 3 view .LVU178
 829              		.loc 1 649 5 is_stmt 0 view .LVU179
 830              		.thumb
 831              		.syntax unified
 832 0004 0F2B     		cmp	r3, #15
 833 0006 0FD9     		bls	.L47
 834              		.loc 1 652 4 is_stmt 1 view .LVU180
 835              		.loc 1 652 52 is_stmt 0 view .LVU181
 836 0008 104A     		ldr	r2, .L51
 837              		.loc 1 652 22 view .LVU182
 838 000a 9B5C     		ldrb	r3, [r3, r2]	@ zero_extendqisi2
 839              	.LVL23:
 840              		.loc 1 652 22 view .LVU183
 841 000c DBB2     		uxtb	r3, r3
 842              	.LVL24:
 843              		.loc 1 677 4 is_stmt 1 view .LVU184
 844 000e 104A     		ldr	r2, .L51+4
 845 0010 1278     		ldrb	r2, [r2]	@ zero_extendqisi2
 846 0012 9A42     		cmp	r2, r3
 847 0014 08D9     		bls	.L47
 848              		.loc 1 677 4 view .LVU185
 849              	.LBB43:
 850              	.LBI43:
 851              		.loc 2 191 30 view .LVU186
 852              	.LBB44:
 853              		.loc 2 193 1 view .LVU187
 854              		.loc 2 195 2 view .LVU188
 855              		.syntax unified
 856              	@ 195 "Middlewares/Third_Party/FreeRTOS/Source/portable/GCC/ARM_CM3/portmacro.h" 1
 857 0016 4FF05003 			mov r3, #80												
 858 001a 83F31188 		msr basepri, r3											
 859 001e BFF36F8F 		isb														
 860 0022 BFF34F8F 		dsb														
 861              	
 862              	@ 0 "" 2
 863              	.LVL25:
 864              		.thumb
 865              		.syntax unified
 866              	.L48:
 867              		.loc 2 195 2 is_stmt 0 view .LVU189
 868              	.LBE44:
 869              	.LBE43:
 870              		.loc 1 677 4 is_stmt 1 discriminator 1 view .LVU190
 871              		.loc 1 677 4 discriminator 1 view .LVU191
 872              		.loc 1 677 4 discriminator 1 view .LVU192
 873 0026 FEE7     		b	.L48
 874              	.L47:
 875              		.loc 1 677 61 discriminator 2 view .LVU193
 876              		.loc 1 693 3 discriminator 2 view .LVU194
ARM GAS  C:\Users\38164\AppData\Local\Temp\ccBHuvRI.s 			page 16


 877 0028 0A4B     		ldr	r3, .L51+8
 878 002a 1B68     		ldr	r3, [r3]
 879 002c 03F4E063 		and	r3, r3, #1792
 880 0030 094A     		ldr	r2, .L51+12
 881 0032 1268     		ldr	r2, [r2]
 882 0034 9342     		cmp	r3, r2
 883 0036 08D9     		bls	.L46
 884              		.loc 1 693 3 view .LVU195
 885              	.LBB45:
 886              	.LBI45:
 887              		.loc 2 191 30 view .LVU196
 888              	.LBB46:
 889              		.loc 2 193 1 view .LVU197
 890              		.loc 2 195 2 view .LVU198
 891              		.syntax unified
 892              	@ 195 "Middlewares/Third_Party/FreeRTOS/Source/portable/GCC/ARM_CM3/portmacro.h" 1
 893 0038 4FF05003 			mov r3, #80												
 894 003c 83F31188 		msr basepri, r3											
 895 0040 BFF36F8F 		isb														
 896 0044 BFF34F8F 		dsb														
 897              	
 898              	@ 0 "" 2
 899              	.LVL26:
 900              		.thumb
 901              		.syntax unified
 902              	.L50:
 903              		.loc 2 195 2 is_stmt 0 view .LVU199
 904              	.LBE46:
 905              	.LBE45:
 906              		.loc 1 693 3 is_stmt 1 discriminator 2 view .LVU200
 907              		.loc 1 693 3 discriminator 2 view .LVU201
 908              		.loc 1 693 3 discriminator 2 view .LVU202
 909 0048 FEE7     		b	.L50
 910              	.L46:
 911              		.loc 1 694 2 is_stmt 0 view .LVU203
 912 004a 7047     		bx	lr
 913              	.L52:
 914              		.align	2
 915              	.L51:
 916 004c F0E300E0 		.word	-536812560
 917 0050 00000000 		.word	.LANCHOR1
 918 0054 0CED00E0 		.word	-536810228
 919 0058 00000000 		.word	.LANCHOR2
 920              		.cfi_endproc
 921              	.LFE15:
 923              		.section	.bss.ucMaxSysCallPriority,"aw",%nobits
 924              		.set	.LANCHOR1,. + 0
 927              	ucMaxSysCallPriority:
 928 0000 00       		.space	1
 929              		.section	.bss.ulMaxPRIGROUPValue,"aw",%nobits
 930              		.align	2
 931              		.set	.LANCHOR2,. + 0
 934              	ulMaxPRIGROUPValue:
 935 0000 00000000 		.space	4
 936              		.section	.data.uxCriticalNesting,"aw"
 937              		.align	2
 938              		.set	.LANCHOR0,. + 0
ARM GAS  C:\Users\38164\AppData\Local\Temp\ccBHuvRI.s 			page 17


 941              	uxCriticalNesting:
 942 0000 AAAAAAAA 		.word	-1431655766
 943              		.text
 944              	.Letext0:
 945              		.file 3 "../c:\\users\\38164\\onedrive\\desktop\\gnu mcu\\arm-none-eabi-gcc-9.3.1-1.1\\arm-none-ea
 946              		.file 4 "../c:\\users\\38164\\onedrive\\desktop\\gnu mcu\\arm-none-eabi-gcc-9.3.1-1.1\\arm-none-ea
 947              		.file 5 "../Middlewares/Third_Party/FreeRTOS/Source/include/projdefs.h"
 948              		.file 6 "../Core/Inc/FreeRTOSConfig.h"
 949              		.file 7 "../Middlewares/Third_Party/FreeRTOS/Source/include/task.h"
ARM GAS  C:\Users\38164\AppData\Local\Temp\ccBHuvRI.s 			page 18


DEFINED SYMBOLS
                            *ABS*:0000000000000000 port.c
C:\Users\38164\AppData\Local\Temp\ccBHuvRI.s:16     .text.prvTaskExitError:0000000000000000 $t
C:\Users\38164\AppData\Local\Temp\ccBHuvRI.s:23     .text.prvTaskExitError:0000000000000000 prvTaskExitError
C:\Users\38164\AppData\Local\Temp\ccBHuvRI.s:110    .text.prvTaskExitError:000000000000003c $d
C:\Users\38164\AppData\Local\Temp\ccBHuvRI.s:115    .text.prvPortStartFirstTask:0000000000000000 $t
C:\Users\38164\AppData\Local\Temp\ccBHuvRI.s:121    .text.prvPortStartFirstTask:0000000000000000 prvPortStartFirstTask
C:\Users\38164\AppData\Local\Temp\ccBHuvRI.s:150    .text.pxPortInitialiseStack:0000000000000000 $t
C:\Users\38164\AppData\Local\Temp\ccBHuvRI.s:157    .text.pxPortInitialiseStack:0000000000000000 pxPortInitialiseStack
C:\Users\38164\AppData\Local\Temp\ccBHuvRI.s:201    .text.pxPortInitialiseStack:0000000000000020 $d
C:\Users\38164\AppData\Local\Temp\ccBHuvRI.s:206    .text.SVC_Handler:0000000000000000 $t
C:\Users\38164\AppData\Local\Temp\ccBHuvRI.s:213    .text.SVC_Handler:0000000000000000 SVC_Handler
C:\Users\38164\AppData\Local\Temp\ccBHuvRI.s:235    .text.SVC_Handler:0000000000000020 pxCurrentTCBConst2
C:\Users\38164\AppData\Local\Temp\ccBHuvRI.s:235    .text.SVC_Handler:0000000000000020 $d
C:\Users\38164\AppData\Local\Temp\ccBHuvRI.s:245    .text.vPortEndScheduler:0000000000000000 $t
C:\Users\38164\AppData\Local\Temp\ccBHuvRI.s:252    .text.vPortEndScheduler:0000000000000000 vPortEndScheduler
C:\Users\38164\AppData\Local\Temp\ccBHuvRI.s:296    .text.vPortEndScheduler:0000000000000020 $d
C:\Users\38164\AppData\Local\Temp\ccBHuvRI.s:301    .text.vPortEnterCritical:0000000000000000 $t
C:\Users\38164\AppData\Local\Temp\ccBHuvRI.s:308    .text.vPortEnterCritical:0000000000000000 vPortEnterCritical
C:\Users\38164\AppData\Local\Temp\ccBHuvRI.s:382    .text.vPortEnterCritical:000000000000003c $d
C:\Users\38164\AppData\Local\Temp\ccBHuvRI.s:388    .text.vPortExitCritical:0000000000000000 $t
C:\Users\38164\AppData\Local\Temp\ccBHuvRI.s:395    .text.vPortExitCritical:0000000000000000 vPortExitCritical
C:\Users\38164\AppData\Local\Temp\ccBHuvRI.s:465    .text.vPortExitCritical:0000000000000028 $d
C:\Users\38164\AppData\Local\Temp\ccBHuvRI.s:470    .text.PendSV_Handler:0000000000000000 $t
C:\Users\38164\AppData\Local\Temp\ccBHuvRI.s:477    .text.PendSV_Handler:0000000000000000 PendSV_Handler
C:\Users\38164\AppData\Local\Temp\ccBHuvRI.s:512    .text.PendSV_Handler:0000000000000040 pxCurrentTCBConst
C:\Users\38164\AppData\Local\Temp\ccBHuvRI.s:512    .text.PendSV_Handler:0000000000000040 $d
C:\Users\38164\AppData\Local\Temp\ccBHuvRI.s:522    .text.SysTick_Handler:0000000000000000 $t
C:\Users\38164\AppData\Local\Temp\ccBHuvRI.s:529    .text.SysTick_Handler:0000000000000000 SysTick_Handler
C:\Users\38164\AppData\Local\Temp\ccBHuvRI.s:595    .text.SysTick_Handler:0000000000000028 $d
C:\Users\38164\AppData\Local\Temp\ccBHuvRI.s:601    .text.vPortSetupTimerInterrupt:0000000000000000 $t
C:\Users\38164\AppData\Local\Temp\ccBHuvRI.s:608    .text.vPortSetupTimerInterrupt:0000000000000000 vPortSetupTimerInterrupt
C:\Users\38164\AppData\Local\Temp\ccBHuvRI.s:645    .text.vPortSetupTimerInterrupt:0000000000000024 $d
C:\Users\38164\AppData\Local\Temp\ccBHuvRI.s:654    .text.xPortStartScheduler:0000000000000000 $t
C:\Users\38164\AppData\Local\Temp\ccBHuvRI.s:661    .text.xPortStartScheduler:0000000000000000 xPortStartScheduler
C:\Users\38164\AppData\Local\Temp\ccBHuvRI.s:793    .text.xPortStartScheduler:000000000000008c $d
C:\Users\38164\AppData\Local\Temp\ccBHuvRI.s:806    .text.vPortValidateInterruptPriority:0000000000000000 $t
C:\Users\38164\AppData\Local\Temp\ccBHuvRI.s:813    .text.vPortValidateInterruptPriority:0000000000000000 vPortValidateInterruptPriority
C:\Users\38164\AppData\Local\Temp\ccBHuvRI.s:916    .text.vPortValidateInterruptPriority:000000000000004c $d
C:\Users\38164\AppData\Local\Temp\ccBHuvRI.s:927    .bss.ucMaxSysCallPriority:0000000000000000 ucMaxSysCallPriority
C:\Users\38164\AppData\Local\Temp\ccBHuvRI.s:928    .bss.ucMaxSysCallPriority:0000000000000000 $d
C:\Users\38164\AppData\Local\Temp\ccBHuvRI.s:930    .bss.ulMaxPRIGROUPValue:0000000000000000 $d
C:\Users\38164\AppData\Local\Temp\ccBHuvRI.s:934    .bss.ulMaxPRIGROUPValue:0000000000000000 ulMaxPRIGROUPValue
C:\Users\38164\AppData\Local\Temp\ccBHuvRI.s:937    .data.uxCriticalNesting:0000000000000000 $d
C:\Users\38164\AppData\Local\Temp\ccBHuvRI.s:941    .data.uxCriticalNesting:0000000000000000 uxCriticalNesting
C:\Users\38164\AppData\Local\Temp\ccBHuvRI.s:149    .text.prvPortStartFirstTask:000000000000001a $d
C:\Users\38164\AppData\Local\Temp\ccBHuvRI.s:2596   .text.prvPortStartFirstTask:000000000000001c $d

UNDEFINED SYMBOLS
pxCurrentTCB
vTaskSwitchContext
xTaskIncrementTick
SystemCoreClock
