ARM GAS  C:\Users\38164\AppData\Local\Temp\ccZ8qhiQ.s 			page 1


   1              		.cpu cortex-m3
   2              		.eabi_attribute 20, 1
   3              		.eabi_attribute 21, 1
   4              		.eabi_attribute 23, 3
   5              		.eabi_attribute 24, 1
   6              		.eabi_attribute 25, 1
   7              		.eabi_attribute 26, 1
   8              		.eabi_attribute 30, 1
   9              		.eabi_attribute 34, 1
  10              		.eabi_attribute 18, 4
  11              		.file	"stm32f1xx_hal_rcc.c"
  12              		.text
  13              	.Ltext0:
  14              		.cfi_sections	.debug_frame
  15              		.section	.text.RCC_Delay,"ax",%progbits
  16              		.align	1
  17              		.arch armv7-m
  18              		.syntax unified
  19              		.thumb
  20              		.thumb_func
  21              		.fpu softvfp
  23              	RCC_Delay:
  24              	.LVL0:
  25              	.LFB78:
  26              		.file 1 "../Drivers/STM32F1xx_HAL_Driver/Src/stm32f1xx_hal_rcc.c"
   1:../Drivers/STM32F1xx_HAL_Driver/Src/stm32f1xx_hal_rcc.c **** 
  27              		.loc 1 1366 1 view -0
  28              		.cfi_startproc
  29              		@ args = 0, pretend = 0, frame = 8
  30              		@ frame_needed = 0, uses_anonymous_args = 0
  31              		@ link register save eliminated.
  32              		.loc 1 1366 1 is_stmt 0 view .LVU1
  33 0000 82B0     		sub	sp, sp, #8
  34              	.LCFI0:
  35              		.cfi_def_cfa_offset 8
  36              		.loc 1 1367 3 is_stmt 1 view .LVU2
  37              		.loc 1 1367 56 is_stmt 0 view .LVU3
  38 0002 084B     		ldr	r3, .L4
  39 0004 1B68     		ldr	r3, [r3]
  40 0006 084A     		ldr	r2, .L4+4
  41 0008 A2FB0323 		umull	r2, r3, r2, r3
  42 000c 5B0A     		lsrs	r3, r3, #9
  43              		.loc 1 1367 32 view .LVU4
  44 000e 00FB03F3 		mul	r3, r0, r3
  45              		.loc 1 1367 17 view .LVU5
  46 0012 0193     		str	r3, [sp, #4]
  47              	.L2:
  48              		.loc 1 1368 3 is_stmt 1 discriminator 1 view .LVU6
  49              		.loc 1 1370 5 discriminator 1 view .LVU7
  50              		.syntax unified
  51              	@ 1370 "Drivers/STM32F1xx_HAL_Driver/Src/stm32f1xx_hal_rcc.c" 1
  52 0014 00BF     		nop
  53              	@ 0 "" 2
  54              		.loc 1 1372 9 discriminator 1 view .LVU8
  55              		.loc 1 1372 16 is_stmt 0 discriminator 1 view .LVU9
  56              		.thumb
  57              		.syntax unified
ARM GAS  C:\Users\38164\AppData\Local\Temp\ccZ8qhiQ.s 			page 2


  58 0016 019B     		ldr	r3, [sp, #4]
  59 0018 5A1E     		subs	r2, r3, #1
  60 001a 0192     		str	r2, [sp, #4]
  61              		.loc 1 1372 3 discriminator 1 view .LVU10
  62 001c 002B     		cmp	r3, #0
  63 001e F9D1     		bne	.L2
  64              		.loc 1 1373 1 view .LVU11
  65 0020 02B0     		add	sp, sp, #8
  66              	.LCFI1:
  67              		.cfi_def_cfa_offset 0
  68              		@ sp needed
  69 0022 7047     		bx	lr
  70              	.L5:
  71              		.align	2
  72              	.L4:
  73 0024 00000000 		.word	SystemCoreClock
  74 0028 D34D6210 		.word	274877907
  75              		.cfi_endproc
  76              	.LFE78:
  78              		.section	.text.HAL_RCC_DeInit,"ax",%progbits
  79              		.align	1
  80              		.global	HAL_RCC_DeInit
  81              		.syntax unified
  82              		.thumb
  83              		.thumb_func
  84              		.fpu softvfp
  86              	HAL_RCC_DeInit:
  87              	.LFB65:
  88              		.loc 1 203 1 is_stmt 1 view -0
  89              		.cfi_startproc
  90              		@ args = 0, pretend = 0, frame = 0
  91              		@ frame_needed = 0, uses_anonymous_args = 0
  92 0000 70B5     		push	{r4, r5, r6, lr}
  93              	.LCFI2:
  94              		.cfi_def_cfa_offset 16
  95              		.cfi_offset 4, -16
  96              		.cfi_offset 5, -12
  97              		.cfi_offset 6, -8
  98              		.cfi_offset 14, -4
  99              		.loc 1 204 3 view .LVU13
 100              		.loc 1 207 3 view .LVU14
 101              		.loc 1 207 15 is_stmt 0 view .LVU15
 102 0002 384B     		ldr	r3, .L27
 103 0004 9847     		blx	r3
 104              	.LVL1:
 105 0006 0446     		mov	r4, r0
 106              	.LVL2:
 107              		.loc 1 210 3 is_stmt 1 view .LVU16
 108 0008 374A     		ldr	r2, .L27+4
 109 000a 1368     		ldr	r3, [r2]
 110 000c 43F00103 		orr	r3, r3, #1
 111 0010 1360     		str	r3, [r2]
 112              		.loc 1 213 3 view .LVU17
 113              	.LVL3:
 114              	.L7:
 115              		.loc 1 213 9 view .LVU18
 116              		.loc 1 213 10 is_stmt 0 view .LVU19
ARM GAS  C:\Users\38164\AppData\Local\Temp\ccZ8qhiQ.s 			page 3


 117 0012 354B     		ldr	r3, .L27+4
 118 0014 1B68     		ldr	r3, [r3]
 119              		.loc 1 213 9 view .LVU20
 120 0016 13F0020F 		tst	r3, #2
 121 001a 07D1     		bne	.L22
 122              		.loc 1 215 5 is_stmt 1 view .LVU21
 123              		.loc 1 215 10 is_stmt 0 view .LVU22
 124 001c 314B     		ldr	r3, .L27
 125 001e 9847     		blx	r3
 126              	.LVL4:
 127              		.loc 1 215 24 view .LVU23
 128 0020 001B     		subs	r0, r0, r4
 129              		.loc 1 215 8 view .LVU24
 130 0022 0228     		cmp	r0, #2
 131 0024 F5D9     		bls	.L7
 132              		.loc 1 217 14 view .LVU25
 133 0026 0324     		movs	r4, #3
 134              	.LVL5:
 135              	.L8:
 136              		.loc 1 330 1 view .LVU26
 137 0028 2046     		mov	r0, r4
 138 002a 70BD     		pop	{r4, r5, r6, pc}
 139              	.LVL6:
 140              	.L22:
 141              		.loc 1 222 3 is_stmt 1 view .LVU27
 142 002c 2E4D     		ldr	r5, .L27+4
 143 002e 2B68     		ldr	r3, [r5]
 144 0030 23F0F803 		bic	r3, r3, #248
 145 0034 43F08003 		orr	r3, r3, #128
 146 0038 2B60     		str	r3, [r5]
 147              		.loc 1 225 3 view .LVU28
 148              		.loc 1 225 15 is_stmt 0 view .LVU29
 149 003a 2A4B     		ldr	r3, .L27
 150 003c 9847     		blx	r3
 151              	.LVL7:
 152 003e 0446     		mov	r4, r0
 153              	.LVL8:
 154              		.loc 1 228 3 is_stmt 1 view .LVU30
 155 0040 0023     		movs	r3, #0
 156 0042 6B60     		str	r3, [r5, #4]
 157              		.loc 1 231 3 view .LVU31
 158              	.LVL9:
 159              	.L10:
 160              		.loc 1 231 9 view .LVU32
 161              		.loc 1 231 10 is_stmt 0 view .LVU33
 162 0044 284B     		ldr	r3, .L27+4
 163 0046 5B68     		ldr	r3, [r3, #4]
 164              		.loc 1 231 9 view .LVU34
 165 0048 13F00C0F 		tst	r3, #12
 166 004c 08D0     		beq	.L23
 167              		.loc 1 233 5 is_stmt 1 view .LVU35
 168              		.loc 1 233 10 is_stmt 0 view .LVU36
 169 004e 254B     		ldr	r3, .L27
 170 0050 9847     		blx	r3
 171              	.LVL10:
 172              		.loc 1 233 24 view .LVU37
 173 0052 001B     		subs	r0, r0, r4
ARM GAS  C:\Users\38164\AppData\Local\Temp\ccZ8qhiQ.s 			page 4


 174              		.loc 1 233 8 view .LVU38
 175 0054 41F28833 		movw	r3, #5000
 176 0058 9842     		cmp	r0, r3
 177 005a F3D9     		bls	.L10
 178              		.loc 1 235 14 view .LVU39
 179 005c 0324     		movs	r4, #3
 180              	.LVL11:
 181              		.loc 1 235 14 view .LVU40
 182 005e E3E7     		b	.L8
 183              	.LVL12:
 184              	.L23:
 185              		.loc 1 240 3 is_stmt 1 view .LVU41
 186              		.loc 1 240 19 is_stmt 0 view .LVU42
 187 0060 224B     		ldr	r3, .L27+8
 188 0062 234A     		ldr	r2, .L27+12
 189 0064 1A60     		str	r2, [r3]
 190              		.loc 1 243 3 is_stmt 1 view .LVU43
 191              		.loc 1 243 7 is_stmt 0 view .LVU44
 192 0066 234B     		ldr	r3, .L27+16
 193 0068 1868     		ldr	r0, [r3]
 194 006a 234B     		ldr	r3, .L27+20
 195 006c 9847     		blx	r3
 196              	.LVL13:
 197              		.loc 1 243 6 view .LVU45
 198 006e 0446     		mov	r4, r0
 199              	.LVL14:
 200              		.loc 1 243 6 view .LVU46
 201 0070 08B1     		cbz	r0, .L24
 202              		.loc 1 245 12 view .LVU47
 203 0072 0124     		movs	r4, #1
 204 0074 D8E7     		b	.L8
 205              	.L24:
 206              		.loc 1 249 3 is_stmt 1 view .LVU48
 207              		.loc 1 249 15 is_stmt 0 view .LVU49
 208 0076 1B4B     		ldr	r3, .L27
 209 0078 9847     		blx	r3
 210              	.LVL15:
 211 007a 0546     		mov	r5, r0
 212              	.LVL16:
 213              		.loc 1 252 3 is_stmt 1 view .LVU50
 214 007c 1A4A     		ldr	r2, .L27+4
 215 007e 1368     		ldr	r3, [r2]
 216 0080 23F08073 		bic	r3, r3, #16777216
 217 0084 1360     		str	r3, [r2]
 218              		.loc 1 255 3 view .LVU51
 219              	.LVL17:
 220              	.L12:
 221              		.loc 1 255 9 view .LVU52
 222              		.loc 1 255 10 is_stmt 0 view .LVU53
 223 0086 184B     		ldr	r3, .L27+4
 224 0088 1B68     		ldr	r3, [r3]
 225              		.loc 1 255 9 view .LVU54
 226 008a 13F0007F 		tst	r3, #33554432
 227 008e 06D0     		beq	.L25
 228              		.loc 1 257 5 is_stmt 1 view .LVU55
 229              		.loc 1 257 10 is_stmt 0 view .LVU56
 230 0090 144B     		ldr	r3, .L27
ARM GAS  C:\Users\38164\AppData\Local\Temp\ccZ8qhiQ.s 			page 5


 231 0092 9847     		blx	r3
 232              	.LVL18:
 233              		.loc 1 257 24 view .LVU57
 234 0094 401B     		subs	r0, r0, r5
 235              		.loc 1 257 8 view .LVU58
 236 0096 0228     		cmp	r0, #2
 237 0098 F5D9     		bls	.L12
 238              		.loc 1 259 14 view .LVU59
 239 009a 0324     		movs	r4, #3
 240 009c C4E7     		b	.L8
 241              	.L25:
 242              		.loc 1 264 3 is_stmt 1 view .LVU60
 243 009e 124E     		ldr	r6, .L27+4
 244 00a0 0023     		movs	r3, #0
 245 00a2 7360     		str	r3, [r6, #4]
 246              		.loc 1 267 3 view .LVU61
 247              		.loc 1 267 15 is_stmt 0 view .LVU62
 248 00a4 0F4B     		ldr	r3, .L27
 249 00a6 9847     		blx	r3
 250              	.LVL19:
 251 00a8 0546     		mov	r5, r0
 252              	.LVL20:
 253              		.loc 1 270 3 is_stmt 1 view .LVU63
 254 00aa 3368     		ldr	r3, [r6]
 255 00ac 23F41023 		bic	r3, r3, #589824
 256 00b0 3360     		str	r3, [r6]
 257              		.loc 1 273 3 view .LVU64
 258              	.LVL21:
 259              	.L14:
 260              		.loc 1 273 9 view .LVU65
 261              		.loc 1 273 10 is_stmt 0 view .LVU66
 262 00b2 0D4B     		ldr	r3, .L27+4
 263 00b4 1B68     		ldr	r3, [r3]
 264              		.loc 1 273 9 view .LVU67
 265 00b6 13F4003F 		tst	r3, #131072
 266 00ba 06D0     		beq	.L26
 267              		.loc 1 275 5 is_stmt 1 view .LVU68
 268              		.loc 1 275 10 is_stmt 0 view .LVU69
 269 00bc 094B     		ldr	r3, .L27
 270 00be 9847     		blx	r3
 271              	.LVL22:
 272              		.loc 1 275 24 view .LVU70
 273 00c0 401B     		subs	r0, r0, r5
 274              		.loc 1 275 8 view .LVU71
 275 00c2 6428     		cmp	r0, #100
 276 00c4 F5D9     		bls	.L14
 277              		.loc 1 277 14 view .LVU72
 278 00c6 0324     		movs	r4, #3
 279 00c8 AEE7     		b	.L8
 280              	.L26:
 281              		.loc 1 282 3 is_stmt 1 view .LVU73
 282 00ca 074B     		ldr	r3, .L27+4
 283 00cc 1A68     		ldr	r2, [r3]
 284 00ce 22F48022 		bic	r2, r2, #262144
 285 00d2 1A60     		str	r2, [r3]
 286              		.loc 1 324 3 view .LVU74
 287 00d4 5A6A     		ldr	r2, [r3, #36]
ARM GAS  C:\Users\38164\AppData\Local\Temp\ccZ8qhiQ.s 			page 6


 288 00d6 42F08072 		orr	r2, r2, #16777216
 289 00da 5A62     		str	r2, [r3, #36]
 290              		.loc 1 327 3 view .LVU75
 291 00dc 0022     		movs	r2, #0
 292 00de 9A60     		str	r2, [r3, #8]
 293              		.loc 1 329 3 view .LVU76
 294              		.loc 1 329 10 is_stmt 0 view .LVU77
 295 00e0 A2E7     		b	.L8
 296              	.L28:
 297 00e2 00BF     		.align	2
 298              	.L27:
 299 00e4 00000000 		.word	HAL_GetTick
 300 00e8 00100240 		.word	1073876992
 301 00ec 00000000 		.word	SystemCoreClock
 302 00f0 00127A00 		.word	8000000
 303 00f4 00000000 		.word	uwTickPrio
 304 00f8 00000000 		.word	HAL_InitTick
 305              		.cfi_endproc
 306              	.LFE65:
 308              		.section	.text.HAL_RCC_OscConfig,"ax",%progbits
 309              		.align	1
 310              		.global	HAL_RCC_OscConfig
 311              		.syntax unified
 312              		.thumb
 313              		.thumb_func
 314              		.fpu softvfp
 316              	HAL_RCC_OscConfig:
 317              	.LVL23:
 318              	.LFB66:
 319              		.loc 1 348 1 is_stmt 1 view -0
 320              		.cfi_startproc
 321              		@ args = 0, pretend = 0, frame = 8
 322              		@ frame_needed = 0, uses_anonymous_args = 0
 323              		.loc 1 349 3 view .LVU79
 324              		.loc 1 350 3 view .LVU80
 325              		.loc 1 353 3 view .LVU81
 326              		.loc 1 353 6 is_stmt 0 view .LVU82
 327 0000 0028     		cmp	r0, #0
 328 0002 00F0F581 		beq	.L82
 329              		.loc 1 348 1 view .LVU83
 330 0006 70B5     		push	{r4, r5, r6, lr}
 331              	.LCFI3:
 332              		.cfi_def_cfa_offset 16
 333              		.cfi_offset 4, -16
 334              		.cfi_offset 5, -12
 335              		.cfi_offset 6, -8
 336              		.cfi_offset 14, -4
 337 0008 82B0     		sub	sp, sp, #8
 338              	.LCFI4:
 339              		.cfi_def_cfa_offset 24
 340 000a 0446     		mov	r4, r0
 341              		.loc 1 359 3 is_stmt 1 view .LVU84
 342              		.loc 1 362 3 view .LVU85
 343              		.loc 1 362 26 is_stmt 0 view .LVU86
 344 000c 0368     		ldr	r3, [r0]
 345              		.loc 1 362 6 view .LVU87
 346 000e 13F0010F 		tst	r3, #1
ARM GAS  C:\Users\38164\AppData\Local\Temp\ccZ8qhiQ.s 			page 7


 347 0012 2CD0     		beq	.L31
 348              		.loc 1 365 5 is_stmt 1 view .LVU88
 349              		.loc 1 368 5 view .LVU89
 350              		.loc 1 368 10 is_stmt 0 view .LVU90
 351 0014 984B     		ldr	r3, .L122
 352 0016 5B68     		ldr	r3, [r3, #4]
 353 0018 03F00C03 		and	r3, r3, #12
 354              		.loc 1 368 8 view .LVU91
 355 001c 042B     		cmp	r3, #4
 356 001e 1DD0     		beq	.L32
 357              		.loc 1 369 14 view .LVU92
 358 0020 954B     		ldr	r3, .L122
 359 0022 5B68     		ldr	r3, [r3, #4]
 360 0024 03F00C03 		and	r3, r3, #12
 361              		.loc 1 369 9 view .LVU93
 362 0028 082B     		cmp	r3, #8
 363 002a 12D0     		beq	.L106
 364              	.L33:
 365              		.loc 1 379 7 is_stmt 1 view .LVU94
 366              		.loc 1 379 7 view .LVU95
 367 002c 6368     		ldr	r3, [r4, #4]
 368 002e B3F5803F 		cmp	r3, #65536
 369 0032 41D0     		beq	.L107
 370              		.loc 1 379 7 discriminator 2 view .LVU96
 371 0034 002B     		cmp	r3, #0
 372 0036 55D1     		bne	.L36
 373              		.loc 1 379 7 discriminator 4 view .LVU97
 374 0038 03F18043 		add	r3, r3, #1073741824
 375 003c 03F50433 		add	r3, r3, #135168
 376 0040 1A68     		ldr	r2, [r3]
 377 0042 22F48032 		bic	r2, r2, #65536
 378 0046 1A60     		str	r2, [r3]
 379              		.loc 1 379 7 discriminator 4 view .LVU98
 380 0048 1A68     		ldr	r2, [r3]
 381 004a 22F48022 		bic	r2, r2, #262144
 382 004e 1A60     		str	r2, [r3]
 383 0050 37E0     		b	.L35
 384              	.L106:
 385              		.loc 1 369 83 is_stmt 0 discriminator 1 view .LVU99
 386 0052 894B     		ldr	r3, .L122
 387 0054 5B68     		ldr	r3, [r3, #4]
 388              		.loc 1 369 79 discriminator 1 view .LVU100
 389 0056 13F4803F 		tst	r3, #65536
 390 005a E7D0     		beq	.L33
 391              	.L32:
 392              		.loc 1 371 7 is_stmt 1 view .LVU101
 393              		.loc 1 371 12 is_stmt 0 view .LVU102
 394 005c 864B     		ldr	r3, .L122
 395 005e 1B68     		ldr	r3, [r3]
 396              		.loc 1 371 10 view .LVU103
 397 0060 13F4003F 		tst	r3, #131072
 398 0064 03D0     		beq	.L31
 399              		.loc 1 371 79 discriminator 1 view .LVU104
 400 0066 6368     		ldr	r3, [r4, #4]
 401              		.loc 1 371 58 discriminator 1 view .LVU105
 402 0068 002B     		cmp	r3, #0
 403 006a 00F0C381 		beq	.L108
ARM GAS  C:\Users\38164\AppData\Local\Temp\ccZ8qhiQ.s 			page 8


 404              	.LVL24:
 405              	.L31:
 406              		.loc 1 414 3 is_stmt 1 view .LVU106
 407              		.loc 1 414 26 is_stmt 0 view .LVU107
 408 006e 2368     		ldr	r3, [r4]
 409              		.loc 1 414 6 view .LVU108
 410 0070 13F0020F 		tst	r3, #2
 411 0074 75D0     		beq	.L43
 412              		.loc 1 417 5 is_stmt 1 view .LVU109
 413              		.loc 1 418 5 view .LVU110
 414              		.loc 1 421 5 view .LVU111
 415              		.loc 1 421 10 is_stmt 0 view .LVU112
 416 0076 804B     		ldr	r3, .L122
 417 0078 5B68     		ldr	r3, [r3, #4]
 418              		.loc 1 421 8 view .LVU113
 419 007a 13F00C0F 		tst	r3, #12
 420 007e 5FD0     		beq	.L44
 421              		.loc 1 422 14 view .LVU114
 422 0080 7D4B     		ldr	r3, .L122
 423 0082 5B68     		ldr	r3, [r3, #4]
 424 0084 03F00C03 		and	r3, r3, #12
 425              		.loc 1 422 9 view .LVU115
 426 0088 082B     		cmp	r3, #8
 427 008a 54D0     		beq	.L109
 428              	.L45:
 429              		.loc 1 439 7 is_stmt 1 view .LVU116
 430              		.loc 1 439 28 is_stmt 0 view .LVU117
 431 008c 2369     		ldr	r3, [r4, #16]
 432              		.loc 1 439 10 view .LVU118
 433 008e 002B     		cmp	r3, #0
 434 0090 00F08980 		beq	.L47
 435              		.loc 1 442 9 is_stmt 1 view .LVU119
 436 0094 794B     		ldr	r3, .L122+4
 437 0096 0122     		movs	r2, #1
 438 0098 1A60     		str	r2, [r3]
 439              		.loc 1 445 9 view .LVU120
 440              		.loc 1 445 21 is_stmt 0 view .LVU121
 441 009a 794B     		ldr	r3, .L122+8
 442 009c 9847     		blx	r3
 443              	.LVL25:
 444 009e 0546     		mov	r5, r0
 445              	.LVL26:
 446              		.loc 1 448 9 is_stmt 1 view .LVU122
 447              	.L48:
 448              		.loc 1 448 15 view .LVU123
 449              		.loc 1 448 16 is_stmt 0 view .LVU124
 450 00a0 754B     		ldr	r3, .L122
 451 00a2 1B68     		ldr	r3, [r3]
 452              		.loc 1 448 15 view .LVU125
 453 00a4 13F0020F 		tst	r3, #2
 454 00a8 74D1     		bne	.L110
 455              		.loc 1 450 11 is_stmt 1 view .LVU126
 456              		.loc 1 450 16 is_stmt 0 view .LVU127
 457 00aa 754B     		ldr	r3, .L122+8
 458 00ac 9847     		blx	r3
 459              	.LVL27:
 460              		.loc 1 450 30 view .LVU128
ARM GAS  C:\Users\38164\AppData\Local\Temp\ccZ8qhiQ.s 			page 9


 461 00ae 401B     		subs	r0, r0, r5
 462              		.loc 1 450 14 view .LVU129
 463 00b0 0228     		cmp	r0, #2
 464 00b2 F5D9     		bls	.L48
 465              		.loc 1 452 20 view .LVU130
 466 00b4 0320     		movs	r0, #3
 467 00b6 A2E1     		b	.L30
 468              	.LVL28:
 469              	.L107:
 470              		.loc 1 379 7 is_stmt 1 discriminator 1 view .LVU131
 471 00b8 6F4A     		ldr	r2, .L122
 472 00ba 1368     		ldr	r3, [r2]
 473 00bc 43F48033 		orr	r3, r3, #65536
 474 00c0 1360     		str	r3, [r2]
 475              	.L35:
 476              		.loc 1 379 7 discriminator 10 view .LVU132
 477              		.loc 1 383 7 discriminator 10 view .LVU133
 478              		.loc 1 383 28 is_stmt 0 discriminator 10 view .LVU134
 479 00c2 6368     		ldr	r3, [r4, #4]
 480              		.loc 1 383 10 discriminator 10 view .LVU135
 481 00c4 43B3     		cbz	r3, .L38
 482              		.loc 1 386 9 is_stmt 1 view .LVU136
 483              		.loc 1 386 21 is_stmt 0 view .LVU137
 484 00c6 6E4B     		ldr	r3, .L122+8
 485 00c8 9847     		blx	r3
 486              	.LVL29:
 487              		.loc 1 386 21 view .LVU138
 488 00ca 0546     		mov	r5, r0
 489              	.LVL30:
 490              		.loc 1 389 9 is_stmt 1 view .LVU139
 491              	.L39:
 492              		.loc 1 389 15 view .LVU140
 493              		.loc 1 389 16 is_stmt 0 view .LVU141
 494 00cc 6A4B     		ldr	r3, .L122
 495 00ce 1B68     		ldr	r3, [r3]
 496              		.loc 1 389 15 view .LVU142
 497 00d0 13F4003F 		tst	r3, #131072
 498 00d4 CBD1     		bne	.L31
 499              		.loc 1 391 11 is_stmt 1 view .LVU143
 500              		.loc 1 391 16 is_stmt 0 view .LVU144
 501 00d6 6A4B     		ldr	r3, .L122+8
 502 00d8 9847     		blx	r3
 503              	.LVL31:
 504              		.loc 1 391 30 view .LVU145
 505 00da 401B     		subs	r0, r0, r5
 506              		.loc 1 391 14 view .LVU146
 507 00dc 6428     		cmp	r0, #100
 508 00de F5D9     		bls	.L39
 509              		.loc 1 393 20 view .LVU147
 510 00e0 0320     		movs	r0, #3
 511 00e2 8CE1     		b	.L30
 512              	.LVL32:
 513              	.L36:
 514              		.loc 1 379 7 is_stmt 1 discriminator 5 view .LVU148
 515 00e4 B3F5A02F 		cmp	r3, #327680
 516 00e8 09D0     		beq	.L111
 517              		.loc 1 379 7 discriminator 8 view .LVU149
ARM GAS  C:\Users\38164\AppData\Local\Temp\ccZ8qhiQ.s 			page 10


 518 00ea 634B     		ldr	r3, .L122
 519 00ec 1A68     		ldr	r2, [r3]
 520 00ee 22F48032 		bic	r2, r2, #65536
 521 00f2 1A60     		str	r2, [r3]
 522              		.loc 1 379 7 discriminator 8 view .LVU150
 523 00f4 1A68     		ldr	r2, [r3]
 524 00f6 22F48022 		bic	r2, r2, #262144
 525 00fa 1A60     		str	r2, [r3]
 526 00fc E1E7     		b	.L35
 527              	.L111:
 528              		.loc 1 379 7 discriminator 7 view .LVU151
 529 00fe 03F18043 		add	r3, r3, #1073741824
 530 0102 A3F53C33 		sub	r3, r3, #192512
 531 0106 1A68     		ldr	r2, [r3]
 532 0108 42F48022 		orr	r2, r2, #262144
 533 010c 1A60     		str	r2, [r3]
 534              		.loc 1 379 7 discriminator 7 view .LVU152
 535 010e 1A68     		ldr	r2, [r3]
 536 0110 42F48032 		orr	r2, r2, #65536
 537 0114 1A60     		str	r2, [r3]
 538 0116 D4E7     		b	.L35
 539              	.L38:
 540              		.loc 1 400 9 view .LVU153
 541              		.loc 1 400 21 is_stmt 0 view .LVU154
 542 0118 594B     		ldr	r3, .L122+8
 543 011a 9847     		blx	r3
 544              	.LVL33:
 545              		.loc 1 400 21 view .LVU155
 546 011c 0546     		mov	r5, r0
 547              	.LVL34:
 548              		.loc 1 403 9 is_stmt 1 view .LVU156
 549              	.L41:
 550              		.loc 1 403 15 view .LVU157
 551              		.loc 1 403 16 is_stmt 0 view .LVU158
 552 011e 564B     		ldr	r3, .L122
 553 0120 1B68     		ldr	r3, [r3]
 554              		.loc 1 403 15 view .LVU159
 555 0122 13F4003F 		tst	r3, #131072
 556 0126 A2D0     		beq	.L31
 557              		.loc 1 405 11 is_stmt 1 view .LVU160
 558              		.loc 1 405 16 is_stmt 0 view .LVU161
 559 0128 554B     		ldr	r3, .L122+8
 560 012a 9847     		blx	r3
 561              	.LVL35:
 562              		.loc 1 405 30 view .LVU162
 563 012c 401B     		subs	r0, r0, r5
 564              		.loc 1 405 14 view .LVU163
 565 012e 6428     		cmp	r0, #100
 566 0130 F5D9     		bls	.L41
 567              		.loc 1 407 20 view .LVU164
 568 0132 0320     		movs	r0, #3
 569 0134 63E1     		b	.L30
 570              	.LVL36:
 571              	.L109:
 572              		.loc 1 422 83 discriminator 1 view .LVU165
 573 0136 504B     		ldr	r3, .L122
 574 0138 5B68     		ldr	r3, [r3, #4]
ARM GAS  C:\Users\38164\AppData\Local\Temp\ccZ8qhiQ.s 			page 11


 575              		.loc 1 422 79 discriminator 1 view .LVU166
 576 013a 13F4803F 		tst	r3, #65536
 577 013e A5D1     		bne	.L45
 578              	.L44:
 579              		.loc 1 425 7 is_stmt 1 view .LVU167
 580              		.loc 1 425 12 is_stmt 0 view .LVU168
 581 0140 4D4B     		ldr	r3, .L122
 582 0142 1B68     		ldr	r3, [r3]
 583              		.loc 1 425 10 view .LVU169
 584 0144 13F0020F 		tst	r3, #2
 585 0148 03D0     		beq	.L46
 586              		.loc 1 425 79 discriminator 1 view .LVU170
 587 014a 2369     		ldr	r3, [r4, #16]
 588              		.loc 1 425 58 discriminator 1 view .LVU171
 589 014c 012B     		cmp	r3, #1
 590 014e 40F05381 		bne	.L86
 591              	.L46:
 592              		.loc 1 433 9 is_stmt 1 view .LVU172
 593 0152 494A     		ldr	r2, .L122
 594 0154 1368     		ldr	r3, [r2]
 595 0156 23F0F803 		bic	r3, r3, #248
 596 015a 6169     		ldr	r1, [r4, #20]
 597 015c 43EAC103 		orr	r3, r3, r1, lsl #3
 598 0160 1360     		str	r3, [r2]
 599              	.L43:
 600              		.loc 1 479 3 view .LVU173
 601              		.loc 1 479 26 is_stmt 0 view .LVU174
 602 0162 2368     		ldr	r3, [r4]
 603              		.loc 1 479 6 view .LVU175
 604 0164 13F0080F 		tst	r3, #8
 605 0168 32D0     		beq	.L52
 606              		.loc 1 482 5 is_stmt 1 view .LVU176
 607              		.loc 1 485 5 view .LVU177
 608              		.loc 1 485 26 is_stmt 0 view .LVU178
 609 016a A369     		ldr	r3, [r4, #24]
 610              		.loc 1 485 8 view .LVU179
 611 016c 002B     		cmp	r3, #0
 612 016e 45D0     		beq	.L53
 613              		.loc 1 488 7 is_stmt 1 view .LVU180
 614 0170 444B     		ldr	r3, .L122+12
 615 0172 0122     		movs	r2, #1
 616 0174 1A60     		str	r2, [r3]
 617              		.loc 1 491 7 view .LVU181
 618              		.loc 1 491 19 is_stmt 0 view .LVU182
 619 0176 424B     		ldr	r3, .L122+8
 620 0178 9847     		blx	r3
 621              	.LVL37:
 622 017a 0546     		mov	r5, r0
 623              	.LVL38:
 624              		.loc 1 494 7 is_stmt 1 view .LVU183
 625              	.L54:
 626              		.loc 1 494 13 view .LVU184
 627              		.loc 1 494 14 is_stmt 0 view .LVU185
 628 017c 3E4B     		ldr	r3, .L122
 629 017e 5B6A     		ldr	r3, [r3, #36]
 630              		.loc 1 494 13 view .LVU186
 631 0180 13F0020F 		tst	r3, #2
ARM GAS  C:\Users\38164\AppData\Local\Temp\ccZ8qhiQ.s 			page 12


 632 0184 21D1     		bne	.L112
 633              		.loc 1 496 9 is_stmt 1 view .LVU187
 634              		.loc 1 496 14 is_stmt 0 view .LVU188
 635 0186 3E4B     		ldr	r3, .L122+8
 636 0188 9847     		blx	r3
 637              	.LVL39:
 638              		.loc 1 496 28 view .LVU189
 639 018a 401B     		subs	r0, r0, r5
 640              		.loc 1 496 12 view .LVU190
 641 018c 0228     		cmp	r0, #2
 642 018e F5D9     		bls	.L54
 643              		.loc 1 498 18 view .LVU191
 644 0190 0320     		movs	r0, #3
 645 0192 34E1     		b	.L30
 646              	.L110:
 647              		.loc 1 457 9 is_stmt 1 view .LVU192
 648 0194 384A     		ldr	r2, .L122
 649 0196 1368     		ldr	r3, [r2]
 650 0198 23F0F803 		bic	r3, r3, #248
 651 019c 6169     		ldr	r1, [r4, #20]
 652 019e 43EAC103 		orr	r3, r3, r1, lsl #3
 653 01a2 1360     		str	r3, [r2]
 654 01a4 DDE7     		b	.L43
 655              	.LVL40:
 656              	.L47:
 657              		.loc 1 462 9 view .LVU193
 658 01a6 354B     		ldr	r3, .L122+4
 659 01a8 0022     		movs	r2, #0
 660 01aa 1A60     		str	r2, [r3]
 661              		.loc 1 465 9 view .LVU194
 662              		.loc 1 465 21 is_stmt 0 view .LVU195
 663 01ac 344B     		ldr	r3, .L122+8
 664 01ae 9847     		blx	r3
 665              	.LVL41:
 666 01b0 0546     		mov	r5, r0
 667              	.LVL42:
 668              		.loc 1 468 9 is_stmt 1 view .LVU196
 669              	.L50:
 670              		.loc 1 468 15 view .LVU197
 671              		.loc 1 468 16 is_stmt 0 view .LVU198
 672 01b2 314B     		ldr	r3, .L122
 673 01b4 1B68     		ldr	r3, [r3]
 674              		.loc 1 468 15 view .LVU199
 675 01b6 13F0020F 		tst	r3, #2
 676 01ba D2D0     		beq	.L43
 677              		.loc 1 470 11 is_stmt 1 view .LVU200
 678              		.loc 1 470 16 is_stmt 0 view .LVU201
 679 01bc 304B     		ldr	r3, .L122+8
 680 01be 9847     		blx	r3
 681              	.LVL43:
 682              		.loc 1 470 30 view .LVU202
 683 01c0 401B     		subs	r0, r0, r5
 684              		.loc 1 470 14 view .LVU203
 685 01c2 0228     		cmp	r0, #2
 686 01c4 F5D9     		bls	.L50
 687              		.loc 1 472 20 view .LVU204
 688 01c6 0320     		movs	r0, #3
ARM GAS  C:\Users\38164\AppData\Local\Temp\ccZ8qhiQ.s 			page 13


 689 01c8 19E1     		b	.L30
 690              	.L112:
 691              		.loc 1 503 7 is_stmt 1 view .LVU205
 692 01ca 0120     		movs	r0, #1
 693 01cc 2E4B     		ldr	r3, .L122+16
 694 01ce 9847     		blx	r3
 695              	.LVL44:
 696              	.L52:
 697              		.loc 1 524 3 view .LVU206
 698              		.loc 1 524 26 is_stmt 0 view .LVU207
 699 01d0 2368     		ldr	r3, [r4]
 700              		.loc 1 524 6 view .LVU208
 701 01d2 13F0040F 		tst	r3, #4
 702 01d6 00F09B80 		beq	.L58
 703              	.LBB2:
 704              		.loc 1 526 5 is_stmt 1 view .LVU209
 705              	.LVL45:
 706              		.loc 1 529 5 view .LVU210
 707              		.loc 1 533 5 view .LVU211
 708              		.loc 1 533 9 is_stmt 0 view .LVU212
 709 01da 274B     		ldr	r3, .L122
 710 01dc DB69     		ldr	r3, [r3, #28]
 711              		.loc 1 533 8 view .LVU213
 712 01de 13F0805F 		tst	r3, #268435456
 713 01e2 1DD1     		bne	.L91
 714              		.loc 1 535 7 is_stmt 1 view .LVU214
 715              	.LBB3:
 716              		.loc 1 535 7 view .LVU215
 717              		.loc 1 535 7 view .LVU216
 718 01e4 244B     		ldr	r3, .L122
 719 01e6 DA69     		ldr	r2, [r3, #28]
 720 01e8 42F08052 		orr	r2, r2, #268435456
 721 01ec DA61     		str	r2, [r3, #28]
 722              		.loc 1 535 7 view .LVU217
 723 01ee DB69     		ldr	r3, [r3, #28]
 724 01f0 03F08053 		and	r3, r3, #268435456
 725 01f4 0193     		str	r3, [sp, #4]
 726              		.loc 1 535 7 view .LVU218
 727 01f6 019B     		ldr	r3, [sp, #4]
 728              	.LBE3:
 729              		.loc 1 535 7 view .LVU219
 730              		.loc 1 536 7 view .LVU220
 731              	.LVL46:
 732              		.loc 1 536 21 is_stmt 0 view .LVU221
 733 01f8 0125     		movs	r5, #1
 734 01fa 12E0     		b	.L59
 735              	.LVL47:
 736              	.L53:
 737              		.loc 1 536 21 view .LVU222
 738              	.LBE2:
 739              		.loc 1 508 7 is_stmt 1 view .LVU223
 740 01fc 214B     		ldr	r3, .L122+12
 741 01fe 0022     		movs	r2, #0
 742 0200 1A60     		str	r2, [r3]
 743              		.loc 1 511 7 view .LVU224
 744              		.loc 1 511 19 is_stmt 0 view .LVU225
 745 0202 1F4B     		ldr	r3, .L122+8
ARM GAS  C:\Users\38164\AppData\Local\Temp\ccZ8qhiQ.s 			page 14


 746 0204 9847     		blx	r3
 747              	.LVL48:
 748 0206 0546     		mov	r5, r0
 749              	.LVL49:
 750              		.loc 1 514 7 is_stmt 1 view .LVU226
 751              	.L56:
 752              		.loc 1 514 13 view .LVU227
 753              		.loc 1 514 14 is_stmt 0 view .LVU228
 754 0208 1B4B     		ldr	r3, .L122
 755 020a 5B6A     		ldr	r3, [r3, #36]
 756              		.loc 1 514 13 view .LVU229
 757 020c 13F0020F 		tst	r3, #2
 758 0210 DED0     		beq	.L52
 759              		.loc 1 516 9 is_stmt 1 view .LVU230
 760              		.loc 1 516 14 is_stmt 0 view .LVU231
 761 0212 1B4B     		ldr	r3, .L122+8
 762 0214 9847     		blx	r3
 763              	.LVL50:
 764              		.loc 1 516 28 view .LVU232
 765 0216 401B     		subs	r0, r0, r5
 766              		.loc 1 516 12 view .LVU233
 767 0218 0228     		cmp	r0, #2
 768 021a F5D9     		bls	.L56
 769              		.loc 1 518 18 view .LVU234
 770 021c 0320     		movs	r0, #3
 771 021e EEE0     		b	.L30
 772              	.LVL51:
 773              	.L91:
 774              	.LBB4:
 775              		.loc 1 526 22 view .LVU235
 776 0220 0025     		movs	r5, #0
 777              	.LVL52:
 778              	.L59:
 779              		.loc 1 539 5 is_stmt 1 view .LVU236
 780              		.loc 1 539 9 is_stmt 0 view .LVU237
 781 0222 1A4B     		ldr	r3, .L122+20
 782 0224 1B68     		ldr	r3, [r3]
 783              		.loc 1 539 8 view .LVU238
 784 0226 13F4807F 		tst	r3, #256
 785 022a 11D0     		beq	.L113
 786              	.L60:
 787              		.loc 1 557 5 is_stmt 1 view .LVU239
 788              		.loc 1 557 5 view .LVU240
 789 022c E368     		ldr	r3, [r4, #12]
 790 022e 012B     		cmp	r3, #1
 791 0230 2ED0     		beq	.L114
 792              		.loc 1 557 5 discriminator 2 view .LVU241
 793 0232 002B     		cmp	r3, #0
 794 0234 44D1     		bne	.L65
 795              		.loc 1 557 5 discriminator 4 view .LVU242
 796 0236 03F18043 		add	r3, r3, #1073741824
 797 023a 03F50433 		add	r3, r3, #135168
 798 023e 1A6A     		ldr	r2, [r3, #32]
 799 0240 22F00102 		bic	r2, r2, #1
 800 0244 1A62     		str	r2, [r3, #32]
 801              		.loc 1 557 5 discriminator 4 view .LVU243
 802 0246 1A6A     		ldr	r2, [r3, #32]
ARM GAS  C:\Users\38164\AppData\Local\Temp\ccZ8qhiQ.s 			page 15


 803 0248 22F00402 		bic	r2, r2, #4
 804 024c 1A62     		str	r2, [r3, #32]
 805 024e 24E0     		b	.L64
 806              	.L113:
 807              		.loc 1 542 7 view .LVU244
 808 0250 0E4A     		ldr	r2, .L122+20
 809 0252 1368     		ldr	r3, [r2]
 810 0254 43F48073 		orr	r3, r3, #256
 811 0258 1360     		str	r3, [r2]
 812              		.loc 1 545 7 view .LVU245
 813              		.loc 1 545 19 is_stmt 0 view .LVU246
 814 025a 094B     		ldr	r3, .L122+8
 815 025c 9847     		blx	r3
 816              	.LVL53:
 817 025e 0646     		mov	r6, r0
 818              	.LVL54:
 819              		.loc 1 547 7 is_stmt 1 view .LVU247
 820              	.L61:
 821              		.loc 1 547 13 view .LVU248
 822              		.loc 1 547 14 is_stmt 0 view .LVU249
 823 0260 0A4B     		ldr	r3, .L122+20
 824 0262 1B68     		ldr	r3, [r3]
 825              		.loc 1 547 13 view .LVU250
 826 0264 13F4807F 		tst	r3, #256
 827 0268 E0D1     		bne	.L60
 828              		.loc 1 549 9 is_stmt 1 view .LVU251
 829              		.loc 1 549 14 is_stmt 0 view .LVU252
 830 026a 054B     		ldr	r3, .L122+8
 831 026c 9847     		blx	r3
 832              	.LVL55:
 833              		.loc 1 549 28 view .LVU253
 834 026e 801B     		subs	r0, r0, r6
 835              		.loc 1 549 12 view .LVU254
 836 0270 6428     		cmp	r0, #100
 837 0272 F5D9     		bls	.L61
 838              		.loc 1 551 18 view .LVU255
 839 0274 0320     		movs	r0, #3
 840 0276 C2E0     		b	.L30
 841              	.L123:
 842              		.align	2
 843              	.L122:
 844 0278 00100240 		.word	1073876992
 845 027c 00004242 		.word	1111621632
 846 0280 00000000 		.word	HAL_GetTick
 847 0284 80044242 		.word	1111622784
 848 0288 00000000 		.word	RCC_Delay
 849 028c 00700040 		.word	1073770496
 850              	.LVL56:
 851              	.L114:
 852              		.loc 1 557 5 is_stmt 1 discriminator 1 view .LVU256
 853 0290 5F4A     		ldr	r2, .L124
 854 0292 136A     		ldr	r3, [r2, #32]
 855 0294 43F00103 		orr	r3, r3, #1
 856 0298 1362     		str	r3, [r2, #32]
 857              	.L64:
 858              		.loc 1 557 5 discriminator 10 view .LVU257
 859              		.loc 1 559 5 discriminator 10 view .LVU258
ARM GAS  C:\Users\38164\AppData\Local\Temp\ccZ8qhiQ.s 			page 16


 860              		.loc 1 559 26 is_stmt 0 discriminator 10 view .LVU259
 861 029a E368     		ldr	r3, [r4, #12]
 862              		.loc 1 559 8 discriminator 10 view .LVU260
 863 029c 33B3     		cbz	r3, .L67
 864              		.loc 1 562 7 is_stmt 1 view .LVU261
 865              		.loc 1 562 19 is_stmt 0 view .LVU262
 866 029e 5D4B     		ldr	r3, .L124+4
 867 02a0 9847     		blx	r3
 868              	.LVL57:
 869 02a2 0646     		mov	r6, r0
 870              	.LVL58:
 871              		.loc 1 565 7 is_stmt 1 view .LVU263
 872              	.L68:
 873              		.loc 1 565 13 view .LVU264
 874              		.loc 1 565 14 is_stmt 0 view .LVU265
 875 02a4 5A4B     		ldr	r3, .L124
 876 02a6 1B6A     		ldr	r3, [r3, #32]
 877              		.loc 1 565 13 view .LVU266
 878 02a8 13F0020F 		tst	r3, #2
 879 02ac 2FD1     		bne	.L70
 880              		.loc 1 567 9 is_stmt 1 view .LVU267
 881              		.loc 1 567 14 is_stmt 0 view .LVU268
 882 02ae 594B     		ldr	r3, .L124+4
 883 02b0 9847     		blx	r3
 884              	.LVL59:
 885              		.loc 1 567 28 view .LVU269
 886 02b2 801B     		subs	r0, r0, r6
 887              		.loc 1 567 12 view .LVU270
 888 02b4 41F28833 		movw	r3, #5000
 889 02b8 9842     		cmp	r0, r3
 890 02ba F3D9     		bls	.L68
 891              		.loc 1 569 18 view .LVU271
 892 02bc 0320     		movs	r0, #3
 893 02be 9EE0     		b	.L30
 894              	.LVL60:
 895              	.L65:
 896              		.loc 1 557 5 is_stmt 1 discriminator 5 view .LVU272
 897 02c0 052B     		cmp	r3, #5
 898 02c2 09D0     		beq	.L115
 899              		.loc 1 557 5 discriminator 8 view .LVU273
 900 02c4 524B     		ldr	r3, .L124
 901 02c6 1A6A     		ldr	r2, [r3, #32]
 902 02c8 22F00102 		bic	r2, r2, #1
 903 02cc 1A62     		str	r2, [r3, #32]
 904              		.loc 1 557 5 discriminator 8 view .LVU274
 905 02ce 1A6A     		ldr	r2, [r3, #32]
 906 02d0 22F00402 		bic	r2, r2, #4
 907 02d4 1A62     		str	r2, [r3, #32]
 908 02d6 E0E7     		b	.L64
 909              	.L115:
 910              		.loc 1 557 5 discriminator 7 view .LVU275
 911 02d8 4D4B     		ldr	r3, .L124
 912 02da 1A6A     		ldr	r2, [r3, #32]
 913 02dc 42F00402 		orr	r2, r2, #4
 914 02e0 1A62     		str	r2, [r3, #32]
 915              		.loc 1 557 5 discriminator 7 view .LVU276
 916 02e2 1A6A     		ldr	r2, [r3, #32]
ARM GAS  C:\Users\38164\AppData\Local\Temp\ccZ8qhiQ.s 			page 17


 917 02e4 42F00102 		orr	r2, r2, #1
 918 02e8 1A62     		str	r2, [r3, #32]
 919 02ea D6E7     		b	.L64
 920              	.L67:
 921              		.loc 1 576 7 view .LVU277
 922              		.loc 1 576 19 is_stmt 0 view .LVU278
 923 02ec 494B     		ldr	r3, .L124+4
 924 02ee 9847     		blx	r3
 925              	.LVL61:
 926 02f0 0646     		mov	r6, r0
 927              	.LVL62:
 928              		.loc 1 579 7 is_stmt 1 view .LVU279
 929              	.L71:
 930              		.loc 1 579 13 view .LVU280
 931              		.loc 1 579 14 is_stmt 0 view .LVU281
 932 02f2 474B     		ldr	r3, .L124
 933 02f4 1B6A     		ldr	r3, [r3, #32]
 934              		.loc 1 579 13 view .LVU282
 935 02f6 13F0020F 		tst	r3, #2
 936 02fa 08D0     		beq	.L70
 937              		.loc 1 581 9 is_stmt 1 view .LVU283
 938              		.loc 1 581 14 is_stmt 0 view .LVU284
 939 02fc 454B     		ldr	r3, .L124+4
 940 02fe 9847     		blx	r3
 941              	.LVL63:
 942              		.loc 1 581 28 view .LVU285
 943 0300 801B     		subs	r0, r0, r6
 944              		.loc 1 581 12 view .LVU286
 945 0302 41F28833 		movw	r3, #5000
 946 0306 9842     		cmp	r0, r3
 947 0308 F3D9     		bls	.L71
 948              		.loc 1 583 18 view .LVU287
 949 030a 0320     		movs	r0, #3
 950 030c 77E0     		b	.L30
 951              	.L70:
 952              		.loc 1 589 5 is_stmt 1 view .LVU288
 953              		.loc 1 589 8 is_stmt 0 view .LVU289
 954 030e E5B9     		cbnz	r5, .L116
 955              	.LVL64:
 956              	.L58:
 957              		.loc 1 589 8 view .LVU290
 958              	.LBE4:
 959              		.loc 1 687 3 is_stmt 1 view .LVU291
 960              		.loc 1 688 3 view .LVU292
 961              		.loc 1 688 30 is_stmt 0 view .LVU293
 962 0310 E369     		ldr	r3, [r4, #28]
 963              		.loc 1 688 6 view .LVU294
 964 0312 002B     		cmp	r3, #0
 965 0314 72D0     		beq	.L95
 966              		.loc 1 691 5 is_stmt 1 view .LVU295
 967              		.loc 1 691 9 is_stmt 0 view .LVU296
 968 0316 3E4A     		ldr	r2, .L124
 969 0318 5268     		ldr	r2, [r2, #4]
 970 031a 02F00C02 		and	r2, r2, #12
 971              		.loc 1 691 8 view .LVU297
 972 031e 082A     		cmp	r2, #8
 973 0320 56D0     		beq	.L73
ARM GAS  C:\Users\38164\AppData\Local\Temp\ccZ8qhiQ.s 			page 18


 974              		.loc 1 693 7 is_stmt 1 view .LVU298
 975              		.loc 1 693 10 is_stmt 0 view .LVU299
 976 0322 022B     		cmp	r3, #2
 977 0324 17D0     		beq	.L117
 978              		.loc 1 752 9 is_stmt 1 view .LVU300
 979 0326 3C4B     		ldr	r3, .L124+8
 980 0328 0022     		movs	r2, #0
 981 032a 1A60     		str	r2, [r3]
 982              		.loc 1 755 9 view .LVU301
 983              		.loc 1 755 21 is_stmt 0 view .LVU302
 984 032c 394B     		ldr	r3, .L124+4
 985 032e 9847     		blx	r3
 986              	.LVL65:
 987 0330 0446     		mov	r4, r0
 988              	.LVL66:
 989              		.loc 1 758 9 is_stmt 1 view .LVU303
 990              	.L80:
 991              		.loc 1 758 15 view .LVU304
 992              		.loc 1 758 16 is_stmt 0 view .LVU305
 993 0332 374B     		ldr	r3, .L124
 994 0334 1B68     		ldr	r3, [r3]
 995              		.loc 1 758 15 view .LVU306
 996 0336 13F0007F 		tst	r3, #33554432
 997 033a 47D0     		beq	.L118
 998              		.loc 1 760 11 is_stmt 1 view .LVU307
 999              		.loc 1 760 16 is_stmt 0 view .LVU308
 1000 033c 354B     		ldr	r3, .L124+4
 1001 033e 9847     		blx	r3
 1002              	.LVL67:
 1003              		.loc 1 760 30 view .LVU309
 1004 0340 001B     		subs	r0, r0, r4
 1005              		.loc 1 760 14 view .LVU310
 1006 0342 0228     		cmp	r0, #2
 1007 0344 F5D9     		bls	.L80
 1008              		.loc 1 762 20 view .LVU311
 1009 0346 0320     		movs	r0, #3
 1010 0348 59E0     		b	.L30
 1011              	.LVL68:
 1012              	.L116:
 1013              	.LBB5:
 1014              		.loc 1 591 7 is_stmt 1 view .LVU312
 1015 034a 314A     		ldr	r2, .L124
 1016 034c D369     		ldr	r3, [r2, #28]
 1017 034e 23F08053 		bic	r3, r3, #268435456
 1018 0352 D361     		str	r3, [r2, #28]
 1019 0354 DCE7     		b	.L58
 1020              	.LVL69:
 1021              	.L117:
 1022              		.loc 1 591 7 is_stmt 0 view .LVU313
 1023              	.LBE5:
 1024              		.loc 1 696 9 is_stmt 1 view .LVU314
 1025              		.loc 1 697 9 view .LVU315
 1026              		.loc 1 700 9 view .LVU316
 1027 0356 304B     		ldr	r3, .L124+8
 1028 0358 0022     		movs	r2, #0
 1029 035a 1A60     		str	r2, [r3]
 1030              		.loc 1 703 9 view .LVU317
ARM GAS  C:\Users\38164\AppData\Local\Temp\ccZ8qhiQ.s 			page 19


 1031              		.loc 1 703 21 is_stmt 0 view .LVU318
 1032 035c 2D4B     		ldr	r3, .L124+4
 1033 035e 9847     		blx	r3
 1034              	.LVL70:
 1035 0360 0546     		mov	r5, r0
 1036              	.LVL71:
 1037              		.loc 1 706 9 is_stmt 1 view .LVU319
 1038              	.L75:
 1039              		.loc 1 706 15 view .LVU320
 1040              		.loc 1 706 16 is_stmt 0 view .LVU321
 1041 0362 2B4B     		ldr	r3, .L124
 1042 0364 1B68     		ldr	r3, [r3]
 1043              		.loc 1 706 15 view .LVU322
 1044 0366 13F0007F 		tst	r3, #33554432
 1045 036a 06D0     		beq	.L119
 1046              		.loc 1 708 11 is_stmt 1 view .LVU323
 1047              		.loc 1 708 16 is_stmt 0 view .LVU324
 1048 036c 294B     		ldr	r3, .L124+4
 1049 036e 9847     		blx	r3
 1050              	.LVL72:
 1051              		.loc 1 708 30 view .LVU325
 1052 0370 401B     		subs	r0, r0, r5
 1053              		.loc 1 708 14 view .LVU326
 1054 0372 0228     		cmp	r0, #2
 1055 0374 F5D9     		bls	.L75
 1056              		.loc 1 710 20 view .LVU327
 1057 0376 0320     		movs	r0, #3
 1058 0378 41E0     		b	.L30
 1059              	.L119:
 1060              		.loc 1 716 9 is_stmt 1 view .LVU328
 1061              		.loc 1 716 35 is_stmt 0 view .LVU329
 1062 037a 236A     		ldr	r3, [r4, #32]
 1063              		.loc 1 716 12 view .LVU330
 1064 037c B3F5803F 		cmp	r3, #65536
 1065 0380 1AD0     		beq	.L120
 1066              	.L77:
 1067              		.loc 1 732 9 is_stmt 1 view .LVU331
 1068 0382 2349     		ldr	r1, .L124
 1069 0384 4B68     		ldr	r3, [r1, #4]
 1070 0386 23F47413 		bic	r3, r3, #3997696
 1071 038a 226A     		ldr	r2, [r4, #32]
 1072 038c 606A     		ldr	r0, [r4, #36]
 1073 038e 0243     		orrs	r2, r2, r0
 1074 0390 1343     		orrs	r3, r3, r2
 1075 0392 4B60     		str	r3, [r1, #4]
 1076              		.loc 1 735 9 view .LVU332
 1077 0394 204B     		ldr	r3, .L124+8
 1078 0396 0122     		movs	r2, #1
 1079 0398 1A60     		str	r2, [r3]
 1080              		.loc 1 738 9 view .LVU333
 1081              		.loc 1 738 21 is_stmt 0 view .LVU334
 1082 039a 1E4B     		ldr	r3, .L124+4
 1083 039c 9847     		blx	r3
 1084              	.LVL73:
 1085 039e 0446     		mov	r4, r0
 1086              	.LVL74:
 1087              		.loc 1 741 9 is_stmt 1 view .LVU335
ARM GAS  C:\Users\38164\AppData\Local\Temp\ccZ8qhiQ.s 			page 20


 1088              	.L78:
 1089              		.loc 1 741 15 view .LVU336
 1090              		.loc 1 741 16 is_stmt 0 view .LVU337
 1091 03a0 1B4B     		ldr	r3, .L124
 1092 03a2 1B68     		ldr	r3, [r3]
 1093              		.loc 1 741 15 view .LVU338
 1094 03a4 13F0007F 		tst	r3, #33554432
 1095 03a8 0ED1     		bne	.L121
 1096              		.loc 1 743 11 is_stmt 1 view .LVU339
 1097              		.loc 1 743 16 is_stmt 0 view .LVU340
 1098 03aa 1A4B     		ldr	r3, .L124+4
 1099 03ac 9847     		blx	r3
 1100              	.LVL75:
 1101              		.loc 1 743 30 view .LVU341
 1102 03ae 001B     		subs	r0, r0, r4
 1103              		.loc 1 743 14 view .LVU342
 1104 03b0 0228     		cmp	r0, #2
 1105 03b2 F5D9     		bls	.L78
 1106              		.loc 1 745 20 view .LVU343
 1107 03b4 0320     		movs	r0, #3
 1108 03b6 22E0     		b	.L30
 1109              	.LVL76:
 1110              	.L120:
 1111              		.loc 1 719 11 is_stmt 1 view .LVU344
 1112              		.loc 1 728 11 view .LVU345
 1113 03b8 154A     		ldr	r2, .L124
 1114 03ba 5368     		ldr	r3, [r2, #4]
 1115 03bc 23F40033 		bic	r3, r3, #131072
 1116 03c0 A168     		ldr	r1, [r4, #8]
 1117 03c2 0B43     		orrs	r3, r3, r1
 1118 03c4 5360     		str	r3, [r2, #4]
 1119 03c6 DCE7     		b	.L77
 1120              	.LVL77:
 1121              	.L121:
 1122              		.loc 1 787 10 is_stmt 0 view .LVU346
 1123 03c8 0020     		movs	r0, #0
 1124 03ca 18E0     		b	.L30
 1125              	.L118:
 1126              		.loc 1 787 10 view .LVU347
 1127 03cc 0020     		movs	r0, #0
 1128 03ce 16E0     		b	.L30
 1129              	.LVL78:
 1130              	.L73:
 1131              		.loc 1 770 7 is_stmt 1 view .LVU348
 1132              		.loc 1 770 10 is_stmt 0 view .LVU349
 1133 03d0 012B     		cmp	r3, #1
 1134 03d2 16D0     		beq	.L99
 1135              		.loc 1 777 9 is_stmt 1 view .LVU350
 1136              		.loc 1 777 20 is_stmt 0 view .LVU351
 1137 03d4 0E4B     		ldr	r3, .L124
 1138 03d6 5B68     		ldr	r3, [r3, #4]
 1139              	.LVL79:
 1140              		.loc 1 778 9 is_stmt 1 view .LVU352
 1141              		.loc 1 778 14 is_stmt 0 view .LVU353
 1142 03d8 03F48031 		and	r1, r3, #65536
 1143              		.loc 1 778 77 view .LVU354
 1144 03dc 226A     		ldr	r2, [r4, #32]
ARM GAS  C:\Users\38164\AppData\Local\Temp\ccZ8qhiQ.s 			page 21


 1145              		.loc 1 778 12 view .LVU355
 1146 03de 9142     		cmp	r1, r2
 1147 03e0 11D1     		bne	.L100
 1148              		.loc 1 779 14 discriminator 1 view .LVU356
 1149 03e2 03F47013 		and	r3, r3, #3932160
 1150              	.LVL80:
 1151              		.loc 1 779 78 discriminator 1 view .LVU357
 1152 03e6 626A     		ldr	r2, [r4, #36]
 1153              		.loc 1 778 89 discriminator 1 view .LVU358
 1154 03e8 9342     		cmp	r3, r2
 1155 03ea 0ED1     		bne	.L101
 1156              		.loc 1 787 10 view .LVU359
 1157 03ec 0020     		movs	r0, #0
 1158 03ee 06E0     		b	.L30
 1159              	.LVL81:
 1160              	.L82:
 1161              	.LCFI5:
 1162              		.cfi_def_cfa_offset 0
 1163              		.cfi_restore 4
 1164              		.cfi_restore 5
 1165              		.cfi_restore 6
 1166              		.cfi_restore 14
 1167              		.loc 1 355 12 view .LVU360
 1168 03f0 0120     		movs	r0, #1
 1169              	.LVL82:
 1170              		.loc 1 788 1 view .LVU361
 1171 03f2 7047     		bx	lr
 1172              	.LVL83:
 1173              	.L108:
 1174              	.LCFI6:
 1175              		.cfi_def_cfa_offset 24
 1176              		.cfi_offset 4, -16
 1177              		.cfi_offset 5, -12
 1178              		.cfi_offset 6, -8
 1179              		.cfi_offset 14, -4
 1180              		.loc 1 373 16 view .LVU362
 1181 03f4 0120     		movs	r0, #1
 1182              	.LVL84:
 1183              		.loc 1 373 16 view .LVU363
 1184 03f6 02E0     		b	.L30
 1185              	.L86:
 1186              		.loc 1 427 16 view .LVU364
 1187 03f8 0120     		movs	r0, #1
 1188 03fa 00E0     		b	.L30
 1189              	.L95:
 1190              		.loc 1 787 10 view .LVU365
 1191 03fc 0020     		movs	r0, #0
 1192              	.LVL85:
 1193              	.L30:
 1194              		.loc 1 788 1 view .LVU366
 1195 03fe 02B0     		add	sp, sp, #8
 1196              	.LCFI7:
 1197              		.cfi_remember_state
 1198              		.cfi_def_cfa_offset 16
 1199              		@ sp needed
 1200 0400 70BD     		pop	{r4, r5, r6, pc}
 1201              	.LVL86:
ARM GAS  C:\Users\38164\AppData\Local\Temp\ccZ8qhiQ.s 			page 22


 1202              	.L99:
 1203              	.LCFI8:
 1204              		.cfi_restore_state
 1205              		.loc 1 772 16 view .LVU367
 1206 0402 0120     		movs	r0, #1
 1207 0404 FBE7     		b	.L30
 1208              	.LVL87:
 1209              	.L100:
 1210              		.loc 1 781 18 view .LVU368
 1211 0406 0120     		movs	r0, #1
 1212 0408 F9E7     		b	.L30
 1213              	.LVL88:
 1214              	.L101:
 1215              		.loc 1 781 18 view .LVU369
 1216 040a 0120     		movs	r0, #1
 1217 040c F7E7     		b	.L30
 1218              	.L125:
 1219 040e 00BF     		.align	2
 1220              	.L124:
 1221 0410 00100240 		.word	1073876992
 1222 0414 00000000 		.word	HAL_GetTick
 1223 0418 60004242 		.word	1111621728
 1224              		.cfi_endproc
 1225              	.LFE66:
 1227              		.section	.text.HAL_RCC_MCOConfig,"ax",%progbits
 1228              		.align	1
 1229              		.global	HAL_RCC_MCOConfig
 1230              		.syntax unified
 1231              		.thumb
 1232              		.thumb_func
 1233              		.fpu softvfp
 1235              	HAL_RCC_MCOConfig:
 1236              	.LVL89:
 1237              	.LFB68:
 1238              		.loc 1 1003 1 is_stmt 1 view -0
 1239              		.cfi_startproc
 1240              		@ args = 0, pretend = 0, frame = 24
 1241              		@ frame_needed = 0, uses_anonymous_args = 0
 1242              		.loc 1 1003 1 is_stmt 0 view .LVU371
 1243 0000 30B5     		push	{r4, r5, lr}
 1244              	.LCFI9:
 1245              		.cfi_def_cfa_offset 12
 1246              		.cfi_offset 4, -12
 1247              		.cfi_offset 5, -8
 1248              		.cfi_offset 14, -4
 1249 0002 87B0     		sub	sp, sp, #28
 1250              	.LCFI10:
 1251              		.cfi_def_cfa_offset 40
 1252 0004 0D46     		mov	r5, r1
 1253              		.loc 1 1004 3 is_stmt 1 view .LVU372
 1254              		.loc 1 1007 3 view .LVU373
 1255              		.loc 1 1008 3 view .LVU374
 1256              		.loc 1 1009 3 view .LVU375
 1257              		.loc 1 1012 3 view .LVU376
 1258              		.loc 1 1013 3 view .LVU377
 1259              		.loc 1 1016 3 view .LVU378
 1260              		.loc 1 1016 18 is_stmt 0 view .LVU379
ARM GAS  C:\Users\38164\AppData\Local\Temp\ccZ8qhiQ.s 			page 23


 1261 0006 0223     		movs	r3, #2
 1262 0008 0393     		str	r3, [sp, #12]
 1263              		.loc 1 1017 3 is_stmt 1 view .LVU380
 1264              		.loc 1 1017 18 is_stmt 0 view .LVU381
 1265 000a 0323     		movs	r3, #3
 1266 000c 0593     		str	r3, [sp, #20]
 1267              		.loc 1 1018 3 is_stmt 1 view .LVU382
 1268              		.loc 1 1018 18 is_stmt 0 view .LVU383
 1269 000e 0023     		movs	r3, #0
 1270 0010 0493     		str	r3, [sp, #16]
 1271              		.loc 1 1019 3 is_stmt 1 view .LVU384
 1272              		.loc 1 1019 18 is_stmt 0 view .LVU385
 1273 0012 4FF48073 		mov	r3, #256
 1274 0016 0293     		str	r3, [sp, #8]
 1275              		.loc 1 1022 3 is_stmt 1 view .LVU386
 1276              	.LBB6:
 1277              		.loc 1 1022 3 view .LVU387
 1278              		.loc 1 1022 3 view .LVU388
 1279 0018 0A4C     		ldr	r4, .L128
 1280 001a A369     		ldr	r3, [r4, #24]
 1281 001c 43F00403 		orr	r3, r3, #4
 1282 0020 A361     		str	r3, [r4, #24]
 1283              		.loc 1 1022 3 view .LVU389
 1284 0022 A369     		ldr	r3, [r4, #24]
 1285 0024 03F00403 		and	r3, r3, #4
 1286 0028 0193     		str	r3, [sp, #4]
 1287              		.loc 1 1022 3 view .LVU390
 1288 002a 019B     		ldr	r3, [sp, #4]
 1289              	.LBE6:
 1290              		.loc 1 1022 3 view .LVU391
 1291              		.loc 1 1024 3 view .LVU392
 1292 002c 02A9     		add	r1, sp, #8
 1293              	.LVL90:
 1294              		.loc 1 1024 3 is_stmt 0 view .LVU393
 1295 002e 0648     		ldr	r0, .L128+4
 1296              	.LVL91:
 1297              		.loc 1 1024 3 view .LVU394
 1298 0030 064B     		ldr	r3, .L128+8
 1299 0032 9847     		blx	r3
 1300              	.LVL92:
 1301              		.loc 1 1027 3 is_stmt 1 view .LVU395
 1302 0034 6368     		ldr	r3, [r4, #4]
 1303 0036 23F0E063 		bic	r3, r3, #117440512
 1304 003a 2B43     		orrs	r3, r3, r5
 1305 003c 6360     		str	r3, [r4, #4]
 1306              		.loc 1 1028 1 is_stmt 0 view .LVU396
 1307 003e 07B0     		add	sp, sp, #28
 1308              	.LCFI11:
 1309              		.cfi_def_cfa_offset 12
 1310              		@ sp needed
 1311 0040 30BD     		pop	{r4, r5, pc}
 1312              	.LVL93:
 1313              	.L129:
 1314              		.loc 1 1028 1 view .LVU397
 1315 0042 00BF     		.align	2
 1316              	.L128:
 1317 0044 00100240 		.word	1073876992
ARM GAS  C:\Users\38164\AppData\Local\Temp\ccZ8qhiQ.s 			page 24


 1318 0048 00080140 		.word	1073809408
 1319 004c 00000000 		.word	HAL_GPIO_Init
 1320              		.cfi_endproc
 1321              	.LFE68:
 1323              		.section	.text.HAL_RCC_EnableCSS,"ax",%progbits
 1324              		.align	1
 1325              		.global	HAL_RCC_EnableCSS
 1326              		.syntax unified
 1327              		.thumb
 1328              		.thumb_func
 1329              		.fpu softvfp
 1331              	HAL_RCC_EnableCSS:
 1332              	.LFB69:
 1333              		.loc 1 1040 1 is_stmt 1 view -0
 1334              		.cfi_startproc
 1335              		@ args = 0, pretend = 0, frame = 0
 1336              		@ frame_needed = 0, uses_anonymous_args = 0
 1337              		@ link register save eliminated.
 1338              		.loc 1 1041 3 view .LVU399
 1339              		.loc 1 1041 38 is_stmt 0 view .LVU400
 1340 0000 014B     		ldr	r3, .L131
 1341 0002 0122     		movs	r2, #1
 1342 0004 1A60     		str	r2, [r3]
 1343              		.loc 1 1042 1 view .LVU401
 1344 0006 7047     		bx	lr
 1345              	.L132:
 1346              		.align	2
 1347              	.L131:
 1348 0008 4C004242 		.word	1111621708
 1349              		.cfi_endproc
 1350              	.LFE69:
 1352              		.section	.text.HAL_RCC_DisableCSS,"ax",%progbits
 1353              		.align	1
 1354              		.global	HAL_RCC_DisableCSS
 1355              		.syntax unified
 1356              		.thumb
 1357              		.thumb_func
 1358              		.fpu softvfp
 1360              	HAL_RCC_DisableCSS:
 1361              	.LFB70:
 1362              		.loc 1 1049 1 is_stmt 1 view -0
 1363              		.cfi_startproc
 1364              		@ args = 0, pretend = 0, frame = 0
 1365              		@ frame_needed = 0, uses_anonymous_args = 0
 1366              		@ link register save eliminated.
 1367              		.loc 1 1050 3 view .LVU403
 1368              		.loc 1 1050 38 is_stmt 0 view .LVU404
 1369 0000 014B     		ldr	r3, .L134
 1370 0002 0022     		movs	r2, #0
 1371 0004 1A60     		str	r2, [r3]
 1372              		.loc 1 1051 1 view .LVU405
 1373 0006 7047     		bx	lr
 1374              	.L135:
 1375              		.align	2
 1376              	.L134:
 1377 0008 4C004242 		.word	1111621708
 1378              		.cfi_endproc
ARM GAS  C:\Users\38164\AppData\Local\Temp\ccZ8qhiQ.s 			page 25


 1379              	.LFE70:
 1381              		.section	.rodata.HAL_RCC_GetSysClockFreq.str1.4,"aMS",%progbits,1
 1382              		.align	2
 1383              	.LC0:
 1384 0000 02030405 		.ascii	"\002\003\004\005\006\007\010\011\012\013\014\015\016"
 1384      06070809 
 1384      0A0B0C0D 
 1384      0E
 1385 000d 0F101000 		.ascii	"\017\020\020\000"
 1386              		.section	.text.HAL_RCC_GetSysClockFreq,"ax",%progbits
 1387              		.align	1
 1388              		.global	HAL_RCC_GetSysClockFreq
 1389              		.syntax unified
 1390              		.thumb
 1391              		.thumb_func
 1392              		.fpu softvfp
 1394              	HAL_RCC_GetSysClockFreq:
 1395              	.LFB71:
 1396              		.loc 1 1083 1 is_stmt 1 view -0
 1397              		.cfi_startproc
 1398              		@ args = 0, pretend = 0, frame = 24
 1399              		@ frame_needed = 0, uses_anonymous_args = 0
 1400              		@ link register save eliminated.
 1401 0000 86B0     		sub	sp, sp, #24
 1402              	.LCFI12:
 1403              		.cfi_def_cfa_offset 24
 1404              		.loc 1 1088 3 view .LVU407
 1405              		.loc 1 1088 17 is_stmt 0 view .LVU408
 1406 0002 164B     		ldr	r3, .L142
 1407 0004 0FCB     		ldm	r3, {r0, r1, r2, r3}
 1408 0006 0DF1180C 		add	ip, sp, #24
 1409 000a 0CE90F00 		stmdb	ip, {r0, r1, r2, r3}
 1410              		.loc 1 1092 3 is_stmt 1 view .LVU409
 1411              		.loc 1 1092 17 is_stmt 0 view .LVU410
 1412 000e 40F20123 		movw	r3, #513
 1413 0012 ADF80430 		strh	r3, [sp, #4]	@ movhi
 1414              		.loc 1 1096 3 is_stmt 1 view .LVU411
 1415              	.LVL94:
 1416              		.loc 1 1097 3 view .LVU412
 1417              		.loc 1 1102 3 view .LVU413
 1418              		.loc 1 1102 10 is_stmt 0 view .LVU414
 1419 0016 124B     		ldr	r3, .L142+4
 1420 0018 5B68     		ldr	r3, [r3, #4]
 1421              	.LVL95:
 1422              		.loc 1 1105 3 is_stmt 1 view .LVU415
 1423              		.loc 1 1105 18 is_stmt 0 view .LVU416
 1424 001a 03F00C02 		and	r2, r3, #12
 1425              		.loc 1 1105 3 view .LVU417
 1426 001e 082A     		cmp	r2, #8
 1427 0020 02D0     		beq	.L141
 1428              		.loc 1 1109 20 view .LVU418
 1429 0022 1048     		ldr	r0, .L142+8
 1430              	.LVL96:
 1431              		.loc 1 1164 3 is_stmt 1 view .LVU419
 1432              	.L136:
 1433              		.loc 1 1165 1 is_stmt 0 view .LVU420
 1434 0024 06B0     		add	sp, sp, #24
ARM GAS  C:\Users\38164\AppData\Local\Temp\ccZ8qhiQ.s 			page 26


 1435              	.LCFI13:
 1436              		.cfi_remember_state
 1437              		.cfi_def_cfa_offset 0
 1438              		@ sp needed
 1439 0026 7047     		bx	lr
 1440              	.LVL97:
 1441              	.L141:
 1442              	.LCFI14:
 1443              		.cfi_restore_state
 1444              		.loc 1 1114 7 is_stmt 1 view .LVU421
 1445              		.loc 1 1114 73 is_stmt 0 view .LVU422
 1446 0028 C3F38342 		ubfx	r2, r3, #18, #4
 1447              		.loc 1 1114 34 view .LVU423
 1448 002c 6244     		add	r2, r2, ip
 1449 002e 12F8102C 		ldrb	r2, [r2, #-16]	@ zero_extendqisi2
 1450              	.LVL98:
 1451              		.loc 1 1115 7 is_stmt 1 view .LVU424
 1452              		.loc 1 1115 10 is_stmt 0 view .LVU425
 1453 0032 13F4803F 		tst	r3, #65536
 1454 0036 0CD0     		beq	.L138
 1455              		.loc 1 1120 9 is_stmt 1 view .LVU426
 1456              		.loc 1 1120 51 is_stmt 0 view .LVU427
 1457 0038 094B     		ldr	r3, .L142+4
 1458              	.LVL99:
 1459              		.loc 1 1120 51 view .LVU428
 1460 003a 5B68     		ldr	r3, [r3, #4]
 1461              		.loc 1 1120 79 view .LVU429
 1462 003c C3F34043 		ubfx	r3, r3, #17, #1
 1463              		.loc 1 1120 36 view .LVU430
 1464 0040 6344     		add	r3, r3, ip
 1465 0042 13F8143C 		ldrb	r3, [r3, #-20]	@ zero_extendqisi2
 1466              	.LVL100:
 1467              		.loc 1 1146 9 is_stmt 1 view .LVU431
 1468              		.loc 1 1146 41 is_stmt 0 view .LVU432
 1469 0046 0748     		ldr	r0, .L142+8
 1470 0048 00FB02F0 		mul	r0, r0, r2
 1471              		.loc 1 1146 16 view .LVU433
 1472 004c B0FBF3F0 		udiv	r0, r0, r3
 1473              	.LVL101:
 1474              		.loc 1 1146 16 view .LVU434
 1475 0050 E8E7     		b	.L136
 1476              	.LVL102:
 1477              	.L138:
 1478              		.loc 1 1152 9 is_stmt 1 view .LVU435
 1479              		.loc 1 1152 16 is_stmt 0 view .LVU436
 1480 0052 0548     		ldr	r0, .L142+12
 1481 0054 00FB02F0 		mul	r0, r0, r2
 1482              	.LVL103:
 1483              		.loc 1 1152 16 view .LVU437
 1484 0058 E4E7     		b	.L136
 1485              	.L143:
 1486 005a 00BF     		.align	2
 1487              	.L142:
 1488 005c 00000000 		.word	.LC0
 1489 0060 00100240 		.word	1073876992
 1490 0064 00127A00 		.word	8000000
 1491 0068 00093D00 		.word	4000000
ARM GAS  C:\Users\38164\AppData\Local\Temp\ccZ8qhiQ.s 			page 27


 1492              		.cfi_endproc
 1493              	.LFE71:
 1495              		.section	.text.HAL_RCC_ClockConfig,"ax",%progbits
 1496              		.align	1
 1497              		.global	HAL_RCC_ClockConfig
 1498              		.syntax unified
 1499              		.thumb
 1500              		.thumb_func
 1501              		.fpu softvfp
 1503              	HAL_RCC_ClockConfig:
 1504              	.LVL104:
 1505              	.LFB67:
 1506              		.loc 1 814 1 is_stmt 1 view -0
 1507              		.cfi_startproc
 1508              		@ args = 0, pretend = 0, frame = 0
 1509              		@ frame_needed = 0, uses_anonymous_args = 0
 1510              		.loc 1 815 3 view .LVU439
 1511              		.loc 1 818 3 view .LVU440
 1512              		.loc 1 818 6 is_stmt 0 view .LVU441
 1513 0000 0028     		cmp	r0, #0
 1514 0002 00F0A080 		beq	.L159
 1515              		.loc 1 814 1 view .LVU442
 1516 0006 70B5     		push	{r4, r5, r6, lr}
 1517              	.LCFI15:
 1518              		.cfi_def_cfa_offset 16
 1519              		.cfi_offset 4, -16
 1520              		.cfi_offset 5, -12
 1521              		.cfi_offset 6, -8
 1522              		.cfi_offset 14, -4
 1523 0008 0D46     		mov	r5, r1
 1524 000a 0446     		mov	r4, r0
 1525              		.loc 1 824 3 is_stmt 1 view .LVU443
 1526              		.loc 1 825 3 view .LVU444
 1527              		.loc 1 833 3 view .LVU445
 1528              		.loc 1 833 18 is_stmt 0 view .LVU446
 1529 000c 524B     		ldr	r3, .L172
 1530 000e 1B68     		ldr	r3, [r3]
 1531 0010 03F00703 		and	r3, r3, #7
 1532              		.loc 1 833 6 view .LVU447
 1533 0014 8B42     		cmp	r3, r1
 1534 0016 0BD2     		bcs	.L146
 1535              		.loc 1 836 5 is_stmt 1 view .LVU448
 1536 0018 4F4A     		ldr	r2, .L172
 1537 001a 1368     		ldr	r3, [r2]
 1538 001c 23F00703 		bic	r3, r3, #7
 1539 0020 0B43     		orrs	r3, r3, r1
 1540 0022 1360     		str	r3, [r2]
 1541              		.loc 1 840 5 view .LVU449
 1542              		.loc 1 840 9 is_stmt 0 view .LVU450
 1543 0024 1368     		ldr	r3, [r2]
 1544 0026 03F00703 		and	r3, r3, #7
 1545              		.loc 1 840 8 view .LVU451
 1546 002a 8B42     		cmp	r3, r1
 1547 002c 40F08D80 		bne	.L160
 1548              	.L146:
 1549              		.loc 1 848 1 is_stmt 1 view .LVU452
 1550              		.loc 1 848 24 is_stmt 0 view .LVU453
ARM GAS  C:\Users\38164\AppData\Local\Temp\ccZ8qhiQ.s 			page 28


 1551 0030 2368     		ldr	r3, [r4]
 1552              		.loc 1 848 4 view .LVU454
 1553 0032 13F0020F 		tst	r3, #2
 1554 0036 17D0     		beq	.L147
 1555              		.loc 1 852 5 is_stmt 1 view .LVU455
 1556              		.loc 1 852 8 is_stmt 0 view .LVU456
 1557 0038 13F0040F 		tst	r3, #4
 1558 003c 04D0     		beq	.L148
 1559              		.loc 1 854 7 is_stmt 1 view .LVU457
 1560 003e 474A     		ldr	r2, .L172+4
 1561 0040 5368     		ldr	r3, [r2, #4]
 1562 0042 43F4E063 		orr	r3, r3, #1792
 1563 0046 5360     		str	r3, [r2, #4]
 1564              	.L148:
 1565              		.loc 1 857 5 view .LVU458
 1566              		.loc 1 857 28 is_stmt 0 view .LVU459
 1567 0048 2368     		ldr	r3, [r4]
 1568              		.loc 1 857 8 view .LVU460
 1569 004a 13F0080F 		tst	r3, #8
 1570 004e 04D0     		beq	.L149
 1571              		.loc 1 859 7 is_stmt 1 view .LVU461
 1572 0050 424A     		ldr	r2, .L172+4
 1573 0052 5368     		ldr	r3, [r2, #4]
 1574 0054 43F46053 		orr	r3, r3, #14336
 1575 0058 5360     		str	r3, [r2, #4]
 1576              	.L149:
 1577              		.loc 1 863 5 view .LVU462
 1578              		.loc 1 864 5 view .LVU463
 1579 005a 404A     		ldr	r2, .L172+4
 1580 005c 5368     		ldr	r3, [r2, #4]
 1581 005e 23F0F003 		bic	r3, r3, #240
 1582 0062 A168     		ldr	r1, [r4, #8]
 1583              	.LVL105:
 1584              		.loc 1 864 5 is_stmt 0 view .LVU464
 1585 0064 0B43     		orrs	r3, r3, r1
 1586 0066 5360     		str	r3, [r2, #4]
 1587              	.L147:
 1588              		.loc 1 868 3 is_stmt 1 view .LVU465
 1589              		.loc 1 868 26 is_stmt 0 view .LVU466
 1590 0068 2368     		ldr	r3, [r4]
 1591              		.loc 1 868 6 view .LVU467
 1592 006a 13F0010F 		tst	r3, #1
 1593 006e 31D0     		beq	.L150
 1594              		.loc 1 870 5 is_stmt 1 view .LVU468
 1595              		.loc 1 873 5 view .LVU469
 1596              		.loc 1 873 26 is_stmt 0 view .LVU470
 1597 0070 6368     		ldr	r3, [r4, #4]
 1598              		.loc 1 873 8 view .LVU471
 1599 0072 012B     		cmp	r3, #1
 1600 0074 20D0     		beq	.L170
 1601              		.loc 1 882 10 is_stmt 1 view .LVU472
 1602              		.loc 1 882 13 is_stmt 0 view .LVU473
 1603 0076 022B     		cmp	r3, #2
 1604 0078 25D0     		beq	.L171
 1605              		.loc 1 894 7 is_stmt 1 view .LVU474
 1606              		.loc 1 894 11 is_stmt 0 view .LVU475
 1607 007a 384A     		ldr	r2, .L172+4
ARM GAS  C:\Users\38164\AppData\Local\Temp\ccZ8qhiQ.s 			page 29


 1608 007c 1268     		ldr	r2, [r2]
 1609              		.loc 1 894 10 view .LVU476
 1610 007e 12F0020F 		tst	r2, #2
 1611 0082 64D0     		beq	.L163
 1612              	.L152:
 1613              		.loc 1 899 5 is_stmt 1 view .LVU477
 1614 0084 3549     		ldr	r1, .L172+4
 1615 0086 4A68     		ldr	r2, [r1, #4]
 1616 0088 22F00302 		bic	r2, r2, #3
 1617 008c 1343     		orrs	r3, r3, r2
 1618 008e 4B60     		str	r3, [r1, #4]
 1619              		.loc 1 902 5 view .LVU478
 1620              		.loc 1 902 17 is_stmt 0 view .LVU479
 1621 0090 334B     		ldr	r3, .L172+8
 1622 0092 9847     		blx	r3
 1623              	.LVL106:
 1624              		.loc 1 902 17 view .LVU480
 1625 0094 0646     		mov	r6, r0
 1626              	.LVL107:
 1627              		.loc 1 904 5 is_stmt 1 view .LVU481
 1628              	.L154:
 1629              		.loc 1 904 11 view .LVU482
 1630              		.loc 1 904 12 is_stmt 0 view .LVU483
 1631 0096 314B     		ldr	r3, .L172+4
 1632 0098 5B68     		ldr	r3, [r3, #4]
 1633 009a 03F00C03 		and	r3, r3, #12
 1634              		.loc 1 904 63 view .LVU484
 1635 009e 6268     		ldr	r2, [r4, #4]
 1636              		.loc 1 904 11 view .LVU485
 1637 00a0 B3EB820F 		cmp	r3, r2, lsl #2
 1638 00a4 16D0     		beq	.L150
 1639              		.loc 1 906 7 is_stmt 1 view .LVU486
 1640              		.loc 1 906 12 is_stmt 0 view .LVU487
 1641 00a6 2E4B     		ldr	r3, .L172+8
 1642 00a8 9847     		blx	r3
 1643              	.LVL108:
 1644              		.loc 1 906 26 view .LVU488
 1645 00aa 801B     		subs	r0, r0, r6
 1646              		.loc 1 906 10 view .LVU489
 1647 00ac 41F28833 		movw	r3, #5000
 1648 00b0 9842     		cmp	r0, r3
 1649 00b2 F0D9     		bls	.L154
 1650              		.loc 1 908 16 view .LVU490
 1651 00b4 0320     		movs	r0, #3
 1652 00b6 45E0     		b	.L145
 1653              	.LVL109:
 1654              	.L170:
 1655              		.loc 1 876 7 is_stmt 1 view .LVU491
 1656              		.loc 1 876 11 is_stmt 0 view .LVU492
 1657 00b8 284A     		ldr	r2, .L172+4
 1658 00ba 1268     		ldr	r2, [r2]
 1659              		.loc 1 876 10 view .LVU493
 1660 00bc 12F4003F 		tst	r2, #131072
 1661 00c0 E0D1     		bne	.L152
 1662              		.loc 1 878 16 view .LVU494
 1663 00c2 0120     		movs	r0, #1
 1664              	.LVL110:
ARM GAS  C:\Users\38164\AppData\Local\Temp\ccZ8qhiQ.s 			page 30


 1665              		.loc 1 878 16 view .LVU495
 1666 00c4 3EE0     		b	.L145
 1667              	.LVL111:
 1668              	.L171:
 1669              		.loc 1 885 7 is_stmt 1 view .LVU496
 1670              		.loc 1 885 11 is_stmt 0 view .LVU497
 1671 00c6 254A     		ldr	r2, .L172+4
 1672 00c8 1268     		ldr	r2, [r2]
 1673              		.loc 1 885 10 view .LVU498
 1674 00ca 12F0007F 		tst	r2, #33554432
 1675 00ce D9D1     		bne	.L152
 1676              		.loc 1 887 16 view .LVU499
 1677 00d0 0120     		movs	r0, #1
 1678              	.LVL112:
 1679              		.loc 1 887 16 view .LVU500
 1680 00d2 37E0     		b	.L145
 1681              	.L150:
 1682              		.loc 1 915 3 is_stmt 1 view .LVU501
 1683              		.loc 1 915 18 is_stmt 0 view .LVU502
 1684 00d4 204B     		ldr	r3, .L172
 1685 00d6 1B68     		ldr	r3, [r3]
 1686 00d8 03F00703 		and	r3, r3, #7
 1687              		.loc 1 915 6 view .LVU503
 1688 00dc AB42     		cmp	r3, r5
 1689 00de 0AD9     		bls	.L156
 1690              		.loc 1 918 5 is_stmt 1 view .LVU504
 1691 00e0 1D4A     		ldr	r2, .L172
 1692 00e2 1368     		ldr	r3, [r2]
 1693 00e4 23F00703 		bic	r3, r3, #7
 1694 00e8 2B43     		orrs	r3, r3, r5
 1695 00ea 1360     		str	r3, [r2]
 1696              		.loc 1 922 5 view .LVU505
 1697              		.loc 1 922 9 is_stmt 0 view .LVU506
 1698 00ec 1368     		ldr	r3, [r2]
 1699 00ee 03F00703 		and	r3, r3, #7
 1700              		.loc 1 922 8 view .LVU507
 1701 00f2 AB42     		cmp	r3, r5
 1702 00f4 2DD1     		bne	.L165
 1703              	.L156:
 1704              		.loc 1 930 1 is_stmt 1 view .LVU508
 1705              		.loc 1 930 24 is_stmt 0 view .LVU509
 1706 00f6 2368     		ldr	r3, [r4]
 1707              		.loc 1 930 4 view .LVU510
 1708 00f8 13F0040F 		tst	r3, #4
 1709 00fc 06D0     		beq	.L157
 1710              		.loc 1 932 5 is_stmt 1 view .LVU511
 1711              		.loc 1 933 5 view .LVU512
 1712 00fe 174A     		ldr	r2, .L172+4
 1713 0100 5368     		ldr	r3, [r2, #4]
 1714 0102 23F4E063 		bic	r3, r3, #1792
 1715 0106 E168     		ldr	r1, [r4, #12]
 1716 0108 0B43     		orrs	r3, r3, r1
 1717 010a 5360     		str	r3, [r2, #4]
 1718              	.L157:
 1719              		.loc 1 937 3 view .LVU513
 1720              		.loc 1 937 26 is_stmt 0 view .LVU514
 1721 010c 2368     		ldr	r3, [r4]
ARM GAS  C:\Users\38164\AppData\Local\Temp\ccZ8qhiQ.s 			page 31


 1722              		.loc 1 937 6 view .LVU515
 1723 010e 13F0080F 		tst	r3, #8
 1724 0112 07D0     		beq	.L158
 1725              		.loc 1 939 5 is_stmt 1 view .LVU516
 1726              		.loc 1 940 5 view .LVU517
 1727 0114 114A     		ldr	r2, .L172+4
 1728 0116 5368     		ldr	r3, [r2, #4]
 1729 0118 23F46053 		bic	r3, r3, #14336
 1730 011c 2169     		ldr	r1, [r4, #16]
 1731 011e 43EAC103 		orr	r3, r3, r1, lsl #3
 1732 0122 5360     		str	r3, [r2, #4]
 1733              	.L158:
 1734              		.loc 1 944 3 view .LVU518
 1735              		.loc 1 944 21 is_stmt 0 view .LVU519
 1736 0124 0F4B     		ldr	r3, .L172+12
 1737 0126 9847     		blx	r3
 1738              	.LVL113:
 1739              		.loc 1 944 68 view .LVU520
 1740 0128 0C4B     		ldr	r3, .L172+4
 1741 012a 5B68     		ldr	r3, [r3, #4]
 1742              		.loc 1 944 92 view .LVU521
 1743 012c C3F30313 		ubfx	r3, r3, #4, #4
 1744              		.loc 1 944 63 view .LVU522
 1745 0130 0D4A     		ldr	r2, .L172+16
 1746 0132 D35C     		ldrb	r3, [r2, r3]	@ zero_extendqisi2
 1747              		.loc 1 944 47 view .LVU523
 1748 0134 D840     		lsrs	r0, r0, r3
 1749              		.loc 1 944 19 view .LVU524
 1750 0136 0D4B     		ldr	r3, .L172+20
 1751 0138 1860     		str	r0, [r3]
 1752              		.loc 1 947 3 is_stmt 1 view .LVU525
 1753 013a 0D4B     		ldr	r3, .L172+24
 1754 013c 1868     		ldr	r0, [r3]
 1755 013e 0D4B     		ldr	r3, .L172+28
 1756 0140 9847     		blx	r3
 1757              	.LVL114:
 1758              		.loc 1 949 3 view .LVU526
 1759              		.loc 1 949 10 is_stmt 0 view .LVU527
 1760 0142 0020     		movs	r0, #0
 1761              	.L145:
 1762              		.loc 1 950 1 view .LVU528
 1763 0144 70BD     		pop	{r4, r5, r6, pc}
 1764              	.LVL115:
 1765              	.L159:
 1766              	.LCFI16:
 1767              		.cfi_def_cfa_offset 0
 1768              		.cfi_restore 4
 1769              		.cfi_restore 5
 1770              		.cfi_restore 6
 1771              		.cfi_restore 14
 1772              		.loc 1 820 12 view .LVU529
 1773 0146 0120     		movs	r0, #1
 1774              	.LVL116:
 1775              		.loc 1 950 1 view .LVU530
 1776 0148 7047     		bx	lr
 1777              	.LVL117:
 1778              	.L160:
ARM GAS  C:\Users\38164\AppData\Local\Temp\ccZ8qhiQ.s 			page 32


 1779              	.LCFI17:
 1780              		.cfi_def_cfa_offset 16
 1781              		.cfi_offset 4, -16
 1782              		.cfi_offset 5, -12
 1783              		.cfi_offset 6, -8
 1784              		.cfi_offset 14, -4
 1785              		.loc 1 842 12 view .LVU531
 1786 014a 0120     		movs	r0, #1
 1787              	.LVL118:
 1788              		.loc 1 842 12 view .LVU532
 1789 014c FAE7     		b	.L145
 1790              	.LVL119:
 1791              	.L163:
 1792              		.loc 1 896 16 view .LVU533
 1793 014e 0120     		movs	r0, #1
 1794              	.LVL120:
 1795              		.loc 1 896 16 view .LVU534
 1796 0150 F8E7     		b	.L145
 1797              	.L165:
 1798              		.loc 1 924 12 view .LVU535
 1799 0152 0120     		movs	r0, #1
 1800 0154 F6E7     		b	.L145
 1801              	.L173:
 1802 0156 00BF     		.align	2
 1803              	.L172:
 1804 0158 00200240 		.word	1073881088
 1805 015c 00100240 		.word	1073876992
 1806 0160 00000000 		.word	HAL_GetTick
 1807 0164 00000000 		.word	HAL_RCC_GetSysClockFreq
 1808 0168 00000000 		.word	AHBPrescTable
 1809 016c 00000000 		.word	SystemCoreClock
 1810 0170 00000000 		.word	uwTickPrio
 1811 0174 00000000 		.word	HAL_InitTick
 1812              		.cfi_endproc
 1813              	.LFE67:
 1815              		.section	.text.HAL_RCC_GetHCLKFreq,"ax",%progbits
 1816              		.align	1
 1817              		.global	HAL_RCC_GetHCLKFreq
 1818              		.syntax unified
 1819              		.thumb
 1820              		.thumb_func
 1821              		.fpu softvfp
 1823              	HAL_RCC_GetHCLKFreq:
 1824              	.LFB72:
 1825              		.loc 1 1177 1 is_stmt 1 view -0
 1826              		.cfi_startproc
 1827              		@ args = 0, pretend = 0, frame = 0
 1828              		@ frame_needed = 0, uses_anonymous_args = 0
 1829              		@ link register save eliminated.
 1830              		.loc 1 1178 3 view .LVU537
 1831              		.loc 1 1179 1 is_stmt 0 view .LVU538
 1832 0000 014B     		ldr	r3, .L175
 1833 0002 1868     		ldr	r0, [r3]
 1834 0004 7047     		bx	lr
 1835              	.L176:
 1836 0006 00BF     		.align	2
 1837              	.L175:
ARM GAS  C:\Users\38164\AppData\Local\Temp\ccZ8qhiQ.s 			page 33


 1838 0008 00000000 		.word	SystemCoreClock
 1839              		.cfi_endproc
 1840              	.LFE72:
 1842              		.section	.text.HAL_RCC_GetPCLK1Freq,"ax",%progbits
 1843              		.align	1
 1844              		.global	HAL_RCC_GetPCLK1Freq
 1845              		.syntax unified
 1846              		.thumb
 1847              		.thumb_func
 1848              		.fpu softvfp
 1850              	HAL_RCC_GetPCLK1Freq:
 1851              	.LFB73:
 1852              		.loc 1 1188 1 is_stmt 1 view -0
 1853              		.cfi_startproc
 1854              		@ args = 0, pretend = 0, frame = 0
 1855              		@ frame_needed = 0, uses_anonymous_args = 0
 1856 0000 08B5     		push	{r3, lr}
 1857              	.LCFI18:
 1858              		.cfi_def_cfa_offset 8
 1859              		.cfi_offset 3, -8
 1860              		.cfi_offset 14, -4
 1861              		.loc 1 1190 3 view .LVU540
 1862              		.loc 1 1190 11 is_stmt 0 view .LVU541
 1863 0002 054B     		ldr	r3, .L179
 1864 0004 9847     		blx	r3
 1865              	.LVL121:
 1866              		.loc 1 1190 54 view .LVU542
 1867 0006 054B     		ldr	r3, .L179+4
 1868 0008 5B68     		ldr	r3, [r3, #4]
 1869              		.loc 1 1190 79 view .LVU543
 1870 000a C3F30223 		ubfx	r3, r3, #8, #3
 1871              		.loc 1 1190 49 view .LVU544
 1872 000e 044A     		ldr	r2, .L179+8
 1873 0010 D35C     		ldrb	r3, [r2, r3]	@ zero_extendqisi2
 1874              		.loc 1 1191 1 view .LVU545
 1875 0012 D840     		lsrs	r0, r0, r3
 1876 0014 08BD     		pop	{r3, pc}
 1877              	.L180:
 1878 0016 00BF     		.align	2
 1879              	.L179:
 1880 0018 00000000 		.word	HAL_RCC_GetHCLKFreq
 1881 001c 00100240 		.word	1073876992
 1882 0020 00000000 		.word	APBPrescTable
 1883              		.cfi_endproc
 1884              	.LFE73:
 1886              		.section	.text.HAL_RCC_GetPCLK2Freq,"ax",%progbits
 1887              		.align	1
 1888              		.global	HAL_RCC_GetPCLK2Freq
 1889              		.syntax unified
 1890              		.thumb
 1891              		.thumb_func
 1892              		.fpu softvfp
 1894              	HAL_RCC_GetPCLK2Freq:
 1895              	.LFB74:
 1896              		.loc 1 1200 1 is_stmt 1 view -0
 1897              		.cfi_startproc
 1898              		@ args = 0, pretend = 0, frame = 0
ARM GAS  C:\Users\38164\AppData\Local\Temp\ccZ8qhiQ.s 			page 34


 1899              		@ frame_needed = 0, uses_anonymous_args = 0
 1900 0000 08B5     		push	{r3, lr}
 1901              	.LCFI19:
 1902              		.cfi_def_cfa_offset 8
 1903              		.cfi_offset 3, -8
 1904              		.cfi_offset 14, -4
 1905              		.loc 1 1202 3 view .LVU547
 1906              		.loc 1 1202 11 is_stmt 0 view .LVU548
 1907 0002 054B     		ldr	r3, .L183
 1908 0004 9847     		blx	r3
 1909              	.LVL122:
 1910              		.loc 1 1202 54 view .LVU549
 1911 0006 054B     		ldr	r3, .L183+4
 1912 0008 5B68     		ldr	r3, [r3, #4]
 1913              		.loc 1 1202 79 view .LVU550
 1914 000a C3F3C223 		ubfx	r3, r3, #11, #3
 1915              		.loc 1 1202 49 view .LVU551
 1916 000e 044A     		ldr	r2, .L183+8
 1917 0010 D35C     		ldrb	r3, [r2, r3]	@ zero_extendqisi2
 1918              		.loc 1 1203 1 view .LVU552
 1919 0012 D840     		lsrs	r0, r0, r3
 1920 0014 08BD     		pop	{r3, pc}
 1921              	.L184:
 1922 0016 00BF     		.align	2
 1923              	.L183:
 1924 0018 00000000 		.word	HAL_RCC_GetHCLKFreq
 1925 001c 00100240 		.word	1073876992
 1926 0020 00000000 		.word	APBPrescTable
 1927              		.cfi_endproc
 1928              	.LFE74:
 1930              		.section	.text.HAL_RCC_GetOscConfig,"ax",%progbits
 1931              		.align	1
 1932              		.global	HAL_RCC_GetOscConfig
 1933              		.syntax unified
 1934              		.thumb
 1935              		.thumb_func
 1936              		.fpu softvfp
 1938              	HAL_RCC_GetOscConfig:
 1939              	.LVL123:
 1940              	.LFB75:
 1941              		.loc 1 1213 1 is_stmt 1 view -0
 1942              		.cfi_startproc
 1943              		@ args = 0, pretend = 0, frame = 0
 1944              		@ frame_needed = 0, uses_anonymous_args = 0
 1945              		@ link register save eliminated.
 1946              		.loc 1 1215 3 view .LVU554
 1947              		.loc 1 1218 3 view .LVU555
 1948              		.loc 1 1218 37 is_stmt 0 view .LVU556
 1949 0000 0F23     		movs	r3, #15
 1950 0002 0360     		str	r3, [r0]
 1951              		.loc 1 1227 3 is_stmt 1 view .LVU557
 1952              		.loc 1 1227 11 is_stmt 0 view .LVU558
 1953 0004 2A4B     		ldr	r3, .L198
 1954 0006 1B68     		ldr	r3, [r3]
 1955              		.loc 1 1227 6 view .LVU559
 1956 0008 13F4802F 		tst	r3, #262144
 1957 000c 30D0     		beq	.L186
ARM GAS  C:\Users\38164\AppData\Local\Temp\ccZ8qhiQ.s 			page 35


 1958              		.loc 1 1229 5 is_stmt 1 view .LVU560
 1959              		.loc 1 1229 33 is_stmt 0 view .LVU561
 1960 000e 4FF4A023 		mov	r3, #327680
 1961 0012 4360     		str	r3, [r0, #4]
 1962              	.L187:
 1963              		.loc 1 1239 3 is_stmt 1 view .LVU562
 1964              		.loc 1 1239 39 is_stmt 0 view .LVU563
 1965 0014 264A     		ldr	r2, .L198
 1966 0016 5368     		ldr	r3, [r2, #4]
 1967 0018 03F40033 		and	r3, r3, #131072
 1968              		.loc 1 1239 37 view .LVU564
 1969 001c 8360     		str	r3, [r0, #8]
 1970              		.loc 1 1242 3 is_stmt 1 view .LVU565
 1971              		.loc 1 1242 11 is_stmt 0 view .LVU566
 1972 001e 1368     		ldr	r3, [r2]
 1973              		.loc 1 1242 6 view .LVU567
 1974 0020 13F0010F 		tst	r3, #1
 1975 0024 30D0     		beq	.L189
 1976              		.loc 1 1244 5 is_stmt 1 view .LVU568
 1977              		.loc 1 1244 33 is_stmt 0 view .LVU569
 1978 0026 0123     		movs	r3, #1
 1979 0028 0361     		str	r3, [r0, #16]
 1980              	.L190:
 1981              		.loc 1 1251 3 is_stmt 1 view .LVU570
 1982              		.loc 1 1251 59 is_stmt 0 view .LVU571
 1983 002a 214A     		ldr	r2, .L198
 1984 002c 1368     		ldr	r3, [r2]
 1985              		.loc 1 1251 44 view .LVU572
 1986 002e C3F3C403 		ubfx	r3, r3, #3, #5
 1987              		.loc 1 1251 42 view .LVU573
 1988 0032 4361     		str	r3, [r0, #20]
 1989              		.loc 1 1254 3 is_stmt 1 view .LVU574
 1990              		.loc 1 1254 11 is_stmt 0 view .LVU575
 1991 0034 136A     		ldr	r3, [r2, #32]
 1992              		.loc 1 1254 6 view .LVU576
 1993 0036 13F0040F 		tst	r3, #4
 1994 003a 28D0     		beq	.L191
 1995              		.loc 1 1256 5 is_stmt 1 view .LVU577
 1996              		.loc 1 1256 33 is_stmt 0 view .LVU578
 1997 003c 0523     		movs	r3, #5
 1998 003e C360     		str	r3, [r0, #12]
 1999              	.L192:
 2000              		.loc 1 1268 3 is_stmt 1 view .LVU579
 2001              		.loc 1 1268 11 is_stmt 0 view .LVU580
 2002 0040 1B4B     		ldr	r3, .L198
 2003 0042 5B6A     		ldr	r3, [r3, #36]
 2004              		.loc 1 1268 6 view .LVU581
 2005 0044 13F0010F 		tst	r3, #1
 2006 0048 2CD0     		beq	.L194
 2007              		.loc 1 1270 5 is_stmt 1 view .LVU582
 2008              		.loc 1 1270 33 is_stmt 0 view .LVU583
 2009 004a 0123     		movs	r3, #1
 2010 004c 8361     		str	r3, [r0, #24]
 2011              	.L195:
 2012              		.loc 1 1279 3 is_stmt 1 view .LVU584
 2013              		.loc 1 1279 11 is_stmt 0 view .LVU585
 2014 004e 184B     		ldr	r3, .L198
ARM GAS  C:\Users\38164\AppData\Local\Temp\ccZ8qhiQ.s 			page 36


 2015 0050 1B68     		ldr	r3, [r3]
 2016              		.loc 1 1279 6 view .LVU586
 2017 0052 13F0807F 		tst	r3, #16777216
 2018 0056 28D0     		beq	.L196
 2019              		.loc 1 1281 5 is_stmt 1 view .LVU587
 2020              		.loc 1 1281 37 is_stmt 0 view .LVU588
 2021 0058 0223     		movs	r3, #2
 2022 005a C361     		str	r3, [r0, #28]
 2023              	.L197:
 2024              		.loc 1 1287 3 is_stmt 1 view .LVU589
 2025              		.loc 1 1287 52 is_stmt 0 view .LVU590
 2026 005c 144A     		ldr	r2, .L198
 2027 005e 5368     		ldr	r3, [r2, #4]
 2028              		.loc 1 1287 38 view .LVU591
 2029 0060 03F48033 		and	r3, r3, #65536
 2030              		.loc 1 1287 36 view .LVU592
 2031 0064 0362     		str	r3, [r0, #32]
 2032              		.loc 1 1288 3 is_stmt 1 view .LVU593
 2033              		.loc 1 1288 49 is_stmt 0 view .LVU594
 2034 0066 5368     		ldr	r3, [r2, #4]
 2035              		.loc 1 1288 35 view .LVU595
 2036 0068 03F47013 		and	r3, r3, #3932160
 2037              		.loc 1 1288 33 view .LVU596
 2038 006c 4362     		str	r3, [r0, #36]
 2039              		.loc 1 1302 1 view .LVU597
 2040 006e 7047     		bx	lr
 2041              	.L186:
 2042              		.loc 1 1231 8 is_stmt 1 view .LVU598
 2043              		.loc 1 1231 16 is_stmt 0 view .LVU599
 2044 0070 0F4B     		ldr	r3, .L198
 2045 0072 1B68     		ldr	r3, [r3]
 2046              		.loc 1 1231 11 view .LVU600
 2047 0074 13F4803F 		tst	r3, #65536
 2048 0078 03D0     		beq	.L188
 2049              		.loc 1 1233 5 is_stmt 1 view .LVU601
 2050              		.loc 1 1233 33 is_stmt 0 view .LVU602
 2051 007a 4FF48033 		mov	r3, #65536
 2052 007e 4360     		str	r3, [r0, #4]
 2053 0080 C8E7     		b	.L187
 2054              	.L188:
 2055              		.loc 1 1237 5 is_stmt 1 view .LVU603
 2056              		.loc 1 1237 33 is_stmt 0 view .LVU604
 2057 0082 0023     		movs	r3, #0
 2058 0084 4360     		str	r3, [r0, #4]
 2059 0086 C5E7     		b	.L187
 2060              	.L189:
 2061              		.loc 1 1248 5 is_stmt 1 view .LVU605
 2062              		.loc 1 1248 33 is_stmt 0 view .LVU606
 2063 0088 0023     		movs	r3, #0
 2064 008a 0361     		str	r3, [r0, #16]
 2065 008c CDE7     		b	.L190
 2066              	.L191:
 2067              		.loc 1 1258 8 is_stmt 1 view .LVU607
 2068              		.loc 1 1258 16 is_stmt 0 view .LVU608
 2069 008e 084B     		ldr	r3, .L198
 2070 0090 1B6A     		ldr	r3, [r3, #32]
 2071              		.loc 1 1258 11 view .LVU609
ARM GAS  C:\Users\38164\AppData\Local\Temp\ccZ8qhiQ.s 			page 37


 2072 0092 13F0010F 		tst	r3, #1
 2073 0096 02D0     		beq	.L193
 2074              		.loc 1 1260 5 is_stmt 1 view .LVU610
 2075              		.loc 1 1260 33 is_stmt 0 view .LVU611
 2076 0098 0123     		movs	r3, #1
 2077 009a C360     		str	r3, [r0, #12]
 2078 009c D0E7     		b	.L192
 2079              	.L193:
 2080              		.loc 1 1264 5 is_stmt 1 view .LVU612
 2081              		.loc 1 1264 33 is_stmt 0 view .LVU613
 2082 009e 0023     		movs	r3, #0
 2083 00a0 C360     		str	r3, [r0, #12]
 2084 00a2 CDE7     		b	.L192
 2085              	.L194:
 2086              		.loc 1 1274 5 is_stmt 1 view .LVU614
 2087              		.loc 1 1274 33 is_stmt 0 view .LVU615
 2088 00a4 0023     		movs	r3, #0
 2089 00a6 8361     		str	r3, [r0, #24]
 2090 00a8 D1E7     		b	.L195
 2091              	.L196:
 2092              		.loc 1 1285 5 is_stmt 1 view .LVU616
 2093              		.loc 1 1285 37 is_stmt 0 view .LVU617
 2094 00aa 0123     		movs	r3, #1
 2095 00ac C361     		str	r3, [r0, #28]
 2096 00ae D5E7     		b	.L197
 2097              	.L199:
 2098              		.align	2
 2099              	.L198:
 2100 00b0 00100240 		.word	1073876992
 2101              		.cfi_endproc
 2102              	.LFE75:
 2104              		.section	.text.HAL_RCC_GetClockConfig,"ax",%progbits
 2105              		.align	1
 2106              		.global	HAL_RCC_GetClockConfig
 2107              		.syntax unified
 2108              		.thumb
 2109              		.thumb_func
 2110              		.fpu softvfp
 2112              	HAL_RCC_GetClockConfig:
 2113              	.LVL124:
 2114              	.LFB76:
 2115              		.loc 1 1313 1 is_stmt 1 view -0
 2116              		.cfi_startproc
 2117              		@ args = 0, pretend = 0, frame = 0
 2118              		@ frame_needed = 0, uses_anonymous_args = 0
 2119              		@ link register save eliminated.
 2120              		.loc 1 1315 3 view .LVU619
 2121              		.loc 1 1316 3 view .LVU620
 2122              		.loc 1 1319 3 view .LVU621
 2123              		.loc 1 1319 32 is_stmt 0 view .LVU622
 2124 0000 0F23     		movs	r3, #15
 2125 0002 0360     		str	r3, [r0]
 2126              		.loc 1 1322 3 is_stmt 1 view .LVU623
 2127              		.loc 1 1322 51 is_stmt 0 view .LVU624
 2128 0004 0B4B     		ldr	r3, .L201
 2129 0006 5A68     		ldr	r2, [r3, #4]
 2130              		.loc 1 1322 37 view .LVU625
ARM GAS  C:\Users\38164\AppData\Local\Temp\ccZ8qhiQ.s 			page 38


 2131 0008 02F00302 		and	r2, r2, #3
 2132              		.loc 1 1322 35 view .LVU626
 2133 000c 4260     		str	r2, [r0, #4]
 2134              		.loc 1 1325 3 is_stmt 1 view .LVU627
 2135              		.loc 1 1325 52 is_stmt 0 view .LVU628
 2136 000e 5A68     		ldr	r2, [r3, #4]
 2137              		.loc 1 1325 38 view .LVU629
 2138 0010 02F0F002 		and	r2, r2, #240
 2139              		.loc 1 1325 36 view .LVU630
 2140 0014 8260     		str	r2, [r0, #8]
 2141              		.loc 1 1328 3 is_stmt 1 view .LVU631
 2142              		.loc 1 1328 53 is_stmt 0 view .LVU632
 2143 0016 5A68     		ldr	r2, [r3, #4]
 2144              		.loc 1 1328 39 view .LVU633
 2145 0018 02F4E062 		and	r2, r2, #1792
 2146              		.loc 1 1328 37 view .LVU634
 2147 001c C260     		str	r2, [r0, #12]
 2148              		.loc 1 1331 3 is_stmt 1 view .LVU635
 2149              		.loc 1 1331 54 is_stmt 0 view .LVU636
 2150 001e 5B68     		ldr	r3, [r3, #4]
 2151              		.loc 1 1331 39 view .LVU637
 2152 0020 DB08     		lsrs	r3, r3, #3
 2153 0022 03F4E063 		and	r3, r3, #1792
 2154              		.loc 1 1331 37 view .LVU638
 2155 0026 0361     		str	r3, [r0, #16]
 2156              		.loc 1 1335 3 is_stmt 1 view .LVU639
 2157              		.loc 1 1335 32 is_stmt 0 view .LVU640
 2158 0028 034B     		ldr	r3, .L201+4
 2159 002a 1B68     		ldr	r3, [r3]
 2160              		.loc 1 1335 16 view .LVU641
 2161 002c 03F00703 		and	r3, r3, #7
 2162              		.loc 1 1335 14 view .LVU642
 2163 0030 0B60     		str	r3, [r1]
 2164              		.loc 1 1340 1 view .LVU643
 2165 0032 7047     		bx	lr
 2166              	.L202:
 2167              		.align	2
 2168              	.L201:
 2169 0034 00100240 		.word	1073876992
 2170 0038 00200240 		.word	1073881088
 2171              		.cfi_endproc
 2172              	.LFE76:
 2174              		.section	.text.HAL_RCC_CSSCallback,"ax",%progbits
 2175              		.align	1
 2176              		.weak	HAL_RCC_CSSCallback
 2177              		.syntax unified
 2178              		.thumb
 2179              		.thumb_func
 2180              		.fpu softvfp
 2182              	HAL_RCC_CSSCallback:
 2183              	.LFB79:
 2184              		.loc 1 1380 1 is_stmt 1 view -0
 2185              		.cfi_startproc
 2186              		@ args = 0, pretend = 0, frame = 0
 2187              		@ frame_needed = 0, uses_anonymous_args = 0
 2188              		@ link register save eliminated.
 2189              		.loc 1 1384 1 view .LVU645
ARM GAS  C:\Users\38164\AppData\Local\Temp\ccZ8qhiQ.s 			page 39


 2190 0000 7047     		bx	lr
 2191              		.cfi_endproc
 2192              	.LFE79:
 2194              		.section	.text.HAL_RCC_NMI_IRQHandler,"ax",%progbits
 2195              		.align	1
 2196              		.global	HAL_RCC_NMI_IRQHandler
 2197              		.syntax unified
 2198              		.thumb
 2199              		.thumb_func
 2200              		.fpu softvfp
 2202              	HAL_RCC_NMI_IRQHandler:
 2203              	.LFB77:
 2204              		.loc 1 1348 1 view -0
 2205              		.cfi_startproc
 2206              		@ args = 0, pretend = 0, frame = 0
 2207              		@ frame_needed = 0, uses_anonymous_args = 0
 2208 0000 08B5     		push	{r3, lr}
 2209              	.LCFI20:
 2210              		.cfi_def_cfa_offset 8
 2211              		.cfi_offset 3, -8
 2212              		.cfi_offset 14, -4
 2213              		.loc 1 1350 3 view .LVU647
 2214              		.loc 1 1350 7 is_stmt 0 view .LVU648
 2215 0002 064B     		ldr	r3, .L208
 2216 0004 9B68     		ldr	r3, [r3, #8]
 2217              		.loc 1 1350 6 view .LVU649
 2218 0006 13F0800F 		tst	r3, #128
 2219 000a 00D1     		bne	.L207
 2220              	.L204:
 2221              		.loc 1 1358 1 view .LVU650
 2222 000c 08BD     		pop	{r3, pc}
 2223              	.L207:
 2224              		.loc 1 1353 5 is_stmt 1 view .LVU651
 2225 000e 044B     		ldr	r3, .L208+4
 2226 0010 9847     		blx	r3
 2227              	.LVL125:
 2228              		.loc 1 1356 5 view .LVU652
 2229 0012 044B     		ldr	r3, .L208+8
 2230 0014 8022     		movs	r2, #128
 2231 0016 1A70     		strb	r2, [r3]
 2232              		.loc 1 1358 1 is_stmt 0 view .LVU653
 2233 0018 F8E7     		b	.L204
 2234              	.L209:
 2235 001a 00BF     		.align	2
 2236              	.L208:
 2237 001c 00100240 		.word	1073876992
 2238 0020 00000000 		.word	HAL_RCC_CSSCallback
 2239 0024 0A100240 		.word	1073877002
 2240              		.cfi_endproc
 2241              	.LFE77:
 2243              		.text
 2244              	.Letext0:
 2245              		.file 2 "../c:\\users\\38164\\onedrive\\desktop\\gnu mcu\\arm-none-eabi-gcc-9.3.1-1.1\\arm-none-ea
 2246              		.file 3 "../c:\\users\\38164\\onedrive\\desktop\\gnu mcu\\arm-none-eabi-gcc-9.3.1-1.1\\arm-none-ea
 2247              		.file 4 "../Drivers/CMSIS/Include/core_cm3.h"
 2248              		.file 5 "../Drivers/CMSIS/Device/ST/STM32F1xx/Include/system_stm32f1xx.h"
 2249              		.file 6 "../Drivers/CMSIS/Device/ST/STM32F1xx/Include/stm32f103x6.h"
ARM GAS  C:\Users\38164\AppData\Local\Temp\ccZ8qhiQ.s 			page 40


 2250              		.file 7 "../Drivers/CMSIS/Device/ST/STM32F1xx/Include/stm32f1xx.h"
 2251              		.file 8 "../Drivers/STM32F1xx_HAL_Driver/Inc/stm32f1xx_hal_def.h"
 2252              		.file 9 "../Drivers/STM32F1xx_HAL_Driver/Inc/stm32f1xx_hal_rcc.h"
 2253              		.file 10 "../Drivers/STM32F1xx_HAL_Driver/Inc/stm32f1xx_hal_rcc_ex.h"
 2254              		.file 11 "../Drivers/STM32F1xx_HAL_Driver/Inc/stm32f1xx_hal_gpio.h"
 2255              		.file 12 "../Drivers/STM32F1xx_HAL_Driver/Inc/stm32f1xx_hal.h"
ARM GAS  C:\Users\38164\AppData\Local\Temp\ccZ8qhiQ.s 			page 41


DEFINED SYMBOLS
                            *ABS*:0000000000000000 stm32f1xx_hal_rcc.c
C:\Users\38164\AppData\Local\Temp\ccZ8qhiQ.s:16     .text.RCC_Delay:0000000000000000 $t
C:\Users\38164\AppData\Local\Temp\ccZ8qhiQ.s:23     .text.RCC_Delay:0000000000000000 RCC_Delay
C:\Users\38164\AppData\Local\Temp\ccZ8qhiQ.s:73     .text.RCC_Delay:0000000000000024 $d
C:\Users\38164\AppData\Local\Temp\ccZ8qhiQ.s:79     .text.HAL_RCC_DeInit:0000000000000000 $t
C:\Users\38164\AppData\Local\Temp\ccZ8qhiQ.s:86     .text.HAL_RCC_DeInit:0000000000000000 HAL_RCC_DeInit
C:\Users\38164\AppData\Local\Temp\ccZ8qhiQ.s:299    .text.HAL_RCC_DeInit:00000000000000e4 $d
C:\Users\38164\AppData\Local\Temp\ccZ8qhiQ.s:309    .text.HAL_RCC_OscConfig:0000000000000000 $t
C:\Users\38164\AppData\Local\Temp\ccZ8qhiQ.s:316    .text.HAL_RCC_OscConfig:0000000000000000 HAL_RCC_OscConfig
C:\Users\38164\AppData\Local\Temp\ccZ8qhiQ.s:844    .text.HAL_RCC_OscConfig:0000000000000278 $d
C:\Users\38164\AppData\Local\Temp\ccZ8qhiQ.s:853    .text.HAL_RCC_OscConfig:0000000000000290 $t
C:\Users\38164\AppData\Local\Temp\ccZ8qhiQ.s:1221   .text.HAL_RCC_OscConfig:0000000000000410 $d
C:\Users\38164\AppData\Local\Temp\ccZ8qhiQ.s:1228   .text.HAL_RCC_MCOConfig:0000000000000000 $t
C:\Users\38164\AppData\Local\Temp\ccZ8qhiQ.s:1235   .text.HAL_RCC_MCOConfig:0000000000000000 HAL_RCC_MCOConfig
C:\Users\38164\AppData\Local\Temp\ccZ8qhiQ.s:1317   .text.HAL_RCC_MCOConfig:0000000000000044 $d
C:\Users\38164\AppData\Local\Temp\ccZ8qhiQ.s:1324   .text.HAL_RCC_EnableCSS:0000000000000000 $t
C:\Users\38164\AppData\Local\Temp\ccZ8qhiQ.s:1331   .text.HAL_RCC_EnableCSS:0000000000000000 HAL_RCC_EnableCSS
C:\Users\38164\AppData\Local\Temp\ccZ8qhiQ.s:1348   .text.HAL_RCC_EnableCSS:0000000000000008 $d
C:\Users\38164\AppData\Local\Temp\ccZ8qhiQ.s:1353   .text.HAL_RCC_DisableCSS:0000000000000000 $t
C:\Users\38164\AppData\Local\Temp\ccZ8qhiQ.s:1360   .text.HAL_RCC_DisableCSS:0000000000000000 HAL_RCC_DisableCSS
C:\Users\38164\AppData\Local\Temp\ccZ8qhiQ.s:1377   .text.HAL_RCC_DisableCSS:0000000000000008 $d
C:\Users\38164\AppData\Local\Temp\ccZ8qhiQ.s:1382   .rodata.HAL_RCC_GetSysClockFreq.str1.4:0000000000000000 $d
C:\Users\38164\AppData\Local\Temp\ccZ8qhiQ.s:1387   .text.HAL_RCC_GetSysClockFreq:0000000000000000 $t
C:\Users\38164\AppData\Local\Temp\ccZ8qhiQ.s:1394   .text.HAL_RCC_GetSysClockFreq:0000000000000000 HAL_RCC_GetSysClockFreq
C:\Users\38164\AppData\Local\Temp\ccZ8qhiQ.s:1488   .text.HAL_RCC_GetSysClockFreq:000000000000005c $d
C:\Users\38164\AppData\Local\Temp\ccZ8qhiQ.s:1496   .text.HAL_RCC_ClockConfig:0000000000000000 $t
C:\Users\38164\AppData\Local\Temp\ccZ8qhiQ.s:1503   .text.HAL_RCC_ClockConfig:0000000000000000 HAL_RCC_ClockConfig
C:\Users\38164\AppData\Local\Temp\ccZ8qhiQ.s:1804   .text.HAL_RCC_ClockConfig:0000000000000158 $d
C:\Users\38164\AppData\Local\Temp\ccZ8qhiQ.s:1816   .text.HAL_RCC_GetHCLKFreq:0000000000000000 $t
C:\Users\38164\AppData\Local\Temp\ccZ8qhiQ.s:1823   .text.HAL_RCC_GetHCLKFreq:0000000000000000 HAL_RCC_GetHCLKFreq
C:\Users\38164\AppData\Local\Temp\ccZ8qhiQ.s:1838   .text.HAL_RCC_GetHCLKFreq:0000000000000008 $d
C:\Users\38164\AppData\Local\Temp\ccZ8qhiQ.s:1843   .text.HAL_RCC_GetPCLK1Freq:0000000000000000 $t
C:\Users\38164\AppData\Local\Temp\ccZ8qhiQ.s:1850   .text.HAL_RCC_GetPCLK1Freq:0000000000000000 HAL_RCC_GetPCLK1Freq
C:\Users\38164\AppData\Local\Temp\ccZ8qhiQ.s:1880   .text.HAL_RCC_GetPCLK1Freq:0000000000000018 $d
C:\Users\38164\AppData\Local\Temp\ccZ8qhiQ.s:1887   .text.HAL_RCC_GetPCLK2Freq:0000000000000000 $t
C:\Users\38164\AppData\Local\Temp\ccZ8qhiQ.s:1894   .text.HAL_RCC_GetPCLK2Freq:0000000000000000 HAL_RCC_GetPCLK2Freq
C:\Users\38164\AppData\Local\Temp\ccZ8qhiQ.s:1924   .text.HAL_RCC_GetPCLK2Freq:0000000000000018 $d
C:\Users\38164\AppData\Local\Temp\ccZ8qhiQ.s:1931   .text.HAL_RCC_GetOscConfig:0000000000000000 $t
C:\Users\38164\AppData\Local\Temp\ccZ8qhiQ.s:1938   .text.HAL_RCC_GetOscConfig:0000000000000000 HAL_RCC_GetOscConfig
C:\Users\38164\AppData\Local\Temp\ccZ8qhiQ.s:2100   .text.HAL_RCC_GetOscConfig:00000000000000b0 $d
C:\Users\38164\AppData\Local\Temp\ccZ8qhiQ.s:2105   .text.HAL_RCC_GetClockConfig:0000000000000000 $t
C:\Users\38164\AppData\Local\Temp\ccZ8qhiQ.s:2112   .text.HAL_RCC_GetClockConfig:0000000000000000 HAL_RCC_GetClockConfig
C:\Users\38164\AppData\Local\Temp\ccZ8qhiQ.s:2169   .text.HAL_RCC_GetClockConfig:0000000000000034 $d
C:\Users\38164\AppData\Local\Temp\ccZ8qhiQ.s:2175   .text.HAL_RCC_CSSCallback:0000000000000000 $t
C:\Users\38164\AppData\Local\Temp\ccZ8qhiQ.s:2182   .text.HAL_RCC_CSSCallback:0000000000000000 HAL_RCC_CSSCallback
C:\Users\38164\AppData\Local\Temp\ccZ8qhiQ.s:2195   .text.HAL_RCC_NMI_IRQHandler:0000000000000000 $t
C:\Users\38164\AppData\Local\Temp\ccZ8qhiQ.s:2202   .text.HAL_RCC_NMI_IRQHandler:0000000000000000 HAL_RCC_NMI_IRQHandler
C:\Users\38164\AppData\Local\Temp\ccZ8qhiQ.s:2237   .text.HAL_RCC_NMI_IRQHandler:000000000000001c $d

UNDEFINED SYMBOLS
SystemCoreClock
HAL_GetTick
uwTickPrio
HAL_InitTick
HAL_GPIO_Init
AHBPrescTable
ARM GAS  C:\Users\38164\AppData\Local\Temp\ccZ8qhiQ.s 			page 42


APBPrescTable
