ARM GAS  C:\Users\38164\AppData\Local\Temp\ccidxqEL.s 			page 1


   1              		.cpu cortex-m3
   2              		.eabi_attribute 20, 1
   3              		.eabi_attribute 21, 1
   4              		.eabi_attribute 23, 3
   5              		.eabi_attribute 24, 1
   6              		.eabi_attribute 25, 1
   7              		.eabi_attribute 26, 1
   8              		.eabi_attribute 30, 1
   9              		.eabi_attribute 34, 1
  10              		.eabi_attribute 18, 4
  11              		.file	"usart.c"
  12              		.text
  13              	.Ltext0:
  14              		.cfi_sections	.debug_frame
  15              		.section	.text.MX_USART1_UART_Init,"ax",%progbits
  16              		.align	1
  17              		.global	MX_USART1_UART_Init
  18              		.arch armv7-m
  19              		.syntax unified
  20              		.thumb
  21              		.thumb_func
  22              		.fpu softvfp
  24              	MX_USART1_UART_Init:
  25              	.LFB65:
  26              		.file 1 "../Core/Src/usart.c"
   1:../Core/Src/usart.c **** 
  27              		.loc 1 33 1 view -0
  28              		.cfi_startproc
  29              		@ args = 0, pretend = 0, frame = 0
  30              		@ frame_needed = 0, uses_anonymous_args = 0
  31 0000 08B5     		push	{r3, lr}
  32              	.LCFI0:
  33              		.cfi_def_cfa_offset 8
  34              		.cfi_offset 3, -8
  35              		.cfi_offset 14, -4
  36              		.loc 1 35 3 view .LVU1
  37              		.loc 1 35 19 is_stmt 0 view .LVU2
  38 0002 0B48     		ldr	r0, .L5
  39 0004 0B4B     		ldr	r3, .L5+4
  40 0006 0360     		str	r3, [r0]
  41              		.loc 1 36 3 is_stmt 1 view .LVU3
  42              		.loc 1 36 24 is_stmt 0 view .LVU4
  43 0008 4FF41653 		mov	r3, #9600
  44 000c 4360     		str	r3, [r0, #4]
  45              		.loc 1 37 3 is_stmt 1 view .LVU5
  46              		.loc 1 37 26 is_stmt 0 view .LVU6
  47 000e 4FF48053 		mov	r3, #4096
  48 0012 8360     		str	r3, [r0, #8]
  49              		.loc 1 38 3 is_stmt 1 view .LVU7
  50              		.loc 1 38 24 is_stmt 0 view .LVU8
  51 0014 0023     		movs	r3, #0
  52 0016 C360     		str	r3, [r0, #12]
  53              		.loc 1 39 3 is_stmt 1 view .LVU9
  54              		.loc 1 39 22 is_stmt 0 view .LVU10
  55 0018 0361     		str	r3, [r0, #16]
  56              		.loc 1 40 3 is_stmt 1 view .LVU11
  57              		.loc 1 40 20 is_stmt 0 view .LVU12
ARM GAS  C:\Users\38164\AppData\Local\Temp\ccidxqEL.s 			page 2


  58 001a 0C22     		movs	r2, #12
  59 001c 4261     		str	r2, [r0, #20]
  60              		.loc 1 41 3 is_stmt 1 view .LVU13
  61              		.loc 1 41 25 is_stmt 0 view .LVU14
  62 001e 8361     		str	r3, [r0, #24]
  63              		.loc 1 42 3 is_stmt 1 view .LVU15
  64              		.loc 1 42 28 is_stmt 0 view .LVU16
  65 0020 C361     		str	r3, [r0, #28]
  66              		.loc 1 43 3 is_stmt 1 view .LVU17
  67              		.loc 1 43 7 is_stmt 0 view .LVU18
  68 0022 054B     		ldr	r3, .L5+8
  69 0024 9847     		blx	r3
  70              	.LVL0:
  71              		.loc 1 43 6 view .LVU19
  72 0026 00B9     		cbnz	r0, .L4
  73              	.L1:
  74              		.loc 1 48 1 view .LVU20
  75 0028 08BD     		pop	{r3, pc}
  76              	.L4:
  77              		.loc 1 45 5 is_stmt 1 view .LVU21
  78 002a 044B     		ldr	r3, .L5+12
  79 002c 9847     		blx	r3
  80              	.LVL1:
  81              		.loc 1 48 1 is_stmt 0 view .LVU22
  82 002e FBE7     		b	.L1
  83              	.L6:
  84              		.align	2
  85              	.L5:
  86 0030 00000000 		.word	huart1
  87 0034 00380140 		.word	1073821696
  88 0038 00000000 		.word	HAL_UART_Init
  89 003c 00000000 		.word	Error_Handler
  90              		.cfi_endproc
  91              	.LFE65:
  93              		.section	.text.MX_USART2_UART_Init,"ax",%progbits
  94              		.align	1
  95              		.global	MX_USART2_UART_Init
  96              		.syntax unified
  97              		.thumb
  98              		.thumb_func
  99              		.fpu softvfp
 101              	MX_USART2_UART_Init:
 102              	.LFB66:
 103              		.loc 1 52 1 is_stmt 1 view -0
 104              		.cfi_startproc
 105              		@ args = 0, pretend = 0, frame = 0
 106              		@ frame_needed = 0, uses_anonymous_args = 0
 107 0000 08B5     		push	{r3, lr}
 108              	.LCFI1:
 109              		.cfi_def_cfa_offset 8
 110              		.cfi_offset 3, -8
 111              		.cfi_offset 14, -4
 112              		.loc 1 54 3 view .LVU24
 113              		.loc 1 54 19 is_stmt 0 view .LVU25
 114 0002 0C48     		ldr	r0, .L11
 115 0004 0C4B     		ldr	r3, .L11+4
 116 0006 0360     		str	r3, [r0]
ARM GAS  C:\Users\38164\AppData\Local\Temp\ccidxqEL.s 			page 3


 117              		.loc 1 55 3 is_stmt 1 view .LVU26
 118              		.loc 1 55 24 is_stmt 0 view .LVU27
 119 0008 4FF41643 		mov	r3, #38400
 120 000c 4360     		str	r3, [r0, #4]
 121              		.loc 1 56 3 is_stmt 1 view .LVU28
 122              		.loc 1 56 26 is_stmt 0 view .LVU29
 123 000e 4FF48053 		mov	r3, #4096
 124 0012 8360     		str	r3, [r0, #8]
 125              		.loc 1 57 3 is_stmt 1 view .LVU30
 126              		.loc 1 57 24 is_stmt 0 view .LVU31
 127 0014 0023     		movs	r3, #0
 128 0016 C360     		str	r3, [r0, #12]
 129              		.loc 1 58 3 is_stmt 1 view .LVU32
 130              		.loc 1 58 22 is_stmt 0 view .LVU33
 131 0018 4FF48062 		mov	r2, #1024
 132 001c 0261     		str	r2, [r0, #16]
 133              		.loc 1 59 3 is_stmt 1 view .LVU34
 134              		.loc 1 59 20 is_stmt 0 view .LVU35
 135 001e 0C22     		movs	r2, #12
 136 0020 4261     		str	r2, [r0, #20]
 137              		.loc 1 60 3 is_stmt 1 view .LVU36
 138              		.loc 1 60 25 is_stmt 0 view .LVU37
 139 0022 8361     		str	r3, [r0, #24]
 140              		.loc 1 61 3 is_stmt 1 view .LVU38
 141              		.loc 1 61 28 is_stmt 0 view .LVU39
 142 0024 C361     		str	r3, [r0, #28]
 143              		.loc 1 62 3 is_stmt 1 view .LVU40
 144              		.loc 1 62 7 is_stmt 0 view .LVU41
 145 0026 054B     		ldr	r3, .L11+8
 146 0028 9847     		blx	r3
 147              	.LVL2:
 148              		.loc 1 62 6 view .LVU42
 149 002a 00B9     		cbnz	r0, .L10
 150              	.L7:
 151              		.loc 1 67 1 view .LVU43
 152 002c 08BD     		pop	{r3, pc}
 153              	.L10:
 154              		.loc 1 64 5 is_stmt 1 view .LVU44
 155 002e 044B     		ldr	r3, .L11+12
 156 0030 9847     		blx	r3
 157              	.LVL3:
 158              		.loc 1 67 1 is_stmt 0 view .LVU45
 159 0032 FBE7     		b	.L7
 160              	.L12:
 161              		.align	2
 162              	.L11:
 163 0034 00000000 		.word	huart2
 164 0038 00440040 		.word	1073759232
 165 003c 00000000 		.word	HAL_UART_Init
 166 0040 00000000 		.word	Error_Handler
 167              		.cfi_endproc
 168              	.LFE66:
 170              		.section	.text.HAL_UART_MspInit,"ax",%progbits
 171              		.align	1
 172              		.global	HAL_UART_MspInit
 173              		.syntax unified
 174              		.thumb
ARM GAS  C:\Users\38164\AppData\Local\Temp\ccidxqEL.s 			page 4


 175              		.thumb_func
 176              		.fpu softvfp
 178              	HAL_UART_MspInit:
 179              	.LVL4:
 180              	.LFB67:
 181              		.loc 1 70 1 is_stmt 1 view -0
 182              		.cfi_startproc
 183              		@ args = 0, pretend = 0, frame = 32
 184              		@ frame_needed = 0, uses_anonymous_args = 0
 185              		.loc 1 70 1 is_stmt 0 view .LVU47
 186 0000 70B5     		push	{r4, r5, r6, lr}
 187              	.LCFI2:
 188              		.cfi_def_cfa_offset 16
 189              		.cfi_offset 4, -16
 190              		.cfi_offset 5, -12
 191              		.cfi_offset 6, -8
 192              		.cfi_offset 14, -4
 193 0002 88B0     		sub	sp, sp, #32
 194              	.LCFI3:
 195              		.cfi_def_cfa_offset 48
 196              		.loc 1 72 3 is_stmt 1 view .LVU48
 197              		.loc 1 72 20 is_stmt 0 view .LVU49
 198 0004 0023     		movs	r3, #0
 199 0006 0493     		str	r3, [sp, #16]
 200 0008 0593     		str	r3, [sp, #20]
 201 000a 0693     		str	r3, [sp, #24]
 202 000c 0793     		str	r3, [sp, #28]
 203              		.loc 1 73 3 is_stmt 1 view .LVU50
 204              		.loc 1 73 16 is_stmt 0 view .LVU51
 205 000e 0368     		ldr	r3, [r0]
 206              		.loc 1 73 5 view .LVU52
 207 0010 334A     		ldr	r2, .L19
 208 0012 9342     		cmp	r3, r2
 209 0014 04D0     		beq	.L17
 210              		.loc 1 103 8 is_stmt 1 view .LVU53
 211              		.loc 1 103 10 is_stmt 0 view .LVU54
 212 0016 334A     		ldr	r2, .L19+4
 213 0018 9342     		cmp	r3, r2
 214 001a 32D0     		beq	.L18
 215              	.LVL5:
 216              	.L13:
 217              		.loc 1 133 1 view .LVU55
 218 001c 08B0     		add	sp, sp, #32
 219              	.LCFI4:
 220              		.cfi_remember_state
 221              		.cfi_def_cfa_offset 16
 222              		@ sp needed
 223 001e 70BD     		pop	{r4, r5, r6, pc}
 224              	.LVL6:
 225              	.L17:
 226              	.LCFI5:
 227              		.cfi_restore_state
 228              		.loc 1 79 5 is_stmt 1 view .LVU56
 229              	.LBB2:
 230              		.loc 1 79 5 view .LVU57
 231              		.loc 1 79 5 view .LVU58
 232 0020 314B     		ldr	r3, .L19+8
ARM GAS  C:\Users\38164\AppData\Local\Temp\ccidxqEL.s 			page 5


 233 0022 9A69     		ldr	r2, [r3, #24]
 234 0024 42F48042 		orr	r2, r2, #16384
 235 0028 9A61     		str	r2, [r3, #24]
 236              		.loc 1 79 5 view .LVU59
 237 002a 9A69     		ldr	r2, [r3, #24]
 238 002c 02F48042 		and	r2, r2, #16384
 239 0030 0092     		str	r2, [sp]
 240              		.loc 1 79 5 view .LVU60
 241 0032 009A     		ldr	r2, [sp]
 242              	.LBE2:
 243              		.loc 1 79 5 view .LVU61
 244              		.loc 1 81 5 view .LVU62
 245              	.LBB3:
 246              		.loc 1 81 5 view .LVU63
 247              		.loc 1 81 5 view .LVU64
 248 0034 9A69     		ldr	r2, [r3, #24]
 249 0036 42F00402 		orr	r2, r2, #4
 250 003a 9A61     		str	r2, [r3, #24]
 251              		.loc 1 81 5 view .LVU65
 252 003c 9B69     		ldr	r3, [r3, #24]
 253 003e 03F00403 		and	r3, r3, #4
 254 0042 0193     		str	r3, [sp, #4]
 255              		.loc 1 81 5 view .LVU66
 256 0044 019B     		ldr	r3, [sp, #4]
 257              	.LBE3:
 258              		.loc 1 81 5 view .LVU67
 259              		.loc 1 86 5 view .LVU68
 260              		.loc 1 86 25 is_stmt 0 view .LVU69
 261 0046 4FF40073 		mov	r3, #512
 262 004a 0493     		str	r3, [sp, #16]
 263              		.loc 1 87 5 is_stmt 1 view .LVU70
 264              		.loc 1 87 26 is_stmt 0 view .LVU71
 265 004c 0223     		movs	r3, #2
 266 004e 0593     		str	r3, [sp, #20]
 267              		.loc 1 88 5 is_stmt 1 view .LVU72
 268              		.loc 1 88 27 is_stmt 0 view .LVU73
 269 0050 0323     		movs	r3, #3
 270 0052 0793     		str	r3, [sp, #28]
 271              		.loc 1 89 5 is_stmt 1 view .LVU74
 272 0054 254E     		ldr	r6, .L19+12
 273 0056 04A9     		add	r1, sp, #16
 274 0058 3046     		mov	r0, r6
 275              	.LVL7:
 276              		.loc 1 89 5 is_stmt 0 view .LVU75
 277 005a 254D     		ldr	r5, .L19+16
 278 005c A847     		blx	r5
 279              	.LVL8:
 280              		.loc 1 91 5 is_stmt 1 view .LVU76
 281              		.loc 1 91 25 is_stmt 0 view .LVU77
 282 005e 4FF48063 		mov	r3, #1024
 283 0062 0493     		str	r3, [sp, #16]
 284              		.loc 1 92 5 is_stmt 1 view .LVU78
 285              		.loc 1 92 26 is_stmt 0 view .LVU79
 286 0064 0024     		movs	r4, #0
 287 0066 0594     		str	r4, [sp, #20]
 288              		.loc 1 93 5 is_stmt 1 view .LVU80
 289              		.loc 1 93 26 is_stmt 0 view .LVU81
ARM GAS  C:\Users\38164\AppData\Local\Temp\ccidxqEL.s 			page 6


 290 0068 0694     		str	r4, [sp, #24]
 291              		.loc 1 94 5 is_stmt 1 view .LVU82
 292 006a 04A9     		add	r1, sp, #16
 293 006c 3046     		mov	r0, r6
 294 006e A847     		blx	r5
 295              	.LVL9:
 296              		.loc 1 97 5 view .LVU83
 297 0070 2246     		mov	r2, r4
 298 0072 0521     		movs	r1, #5
 299 0074 2520     		movs	r0, #37
 300 0076 1F4B     		ldr	r3, .L19+20
 301 0078 9847     		blx	r3
 302              	.LVL10:
 303              		.loc 1 98 5 view .LVU84
 304 007a 2520     		movs	r0, #37
 305 007c 1E4B     		ldr	r3, .L19+24
 306 007e 9847     		blx	r3
 307              	.LVL11:
 308 0080 CCE7     		b	.L13
 309              	.LVL12:
 310              	.L18:
 311              		.loc 1 109 5 view .LVU85
 312              	.LBB4:
 313              		.loc 1 109 5 view .LVU86
 314              		.loc 1 109 5 view .LVU87
 315 0082 194B     		ldr	r3, .L19+8
 316 0084 DA69     		ldr	r2, [r3, #28]
 317 0086 42F40032 		orr	r2, r2, #131072
 318 008a DA61     		str	r2, [r3, #28]
 319              		.loc 1 109 5 view .LVU88
 320 008c DA69     		ldr	r2, [r3, #28]
 321 008e 02F40032 		and	r2, r2, #131072
 322 0092 0292     		str	r2, [sp, #8]
 323              		.loc 1 109 5 view .LVU89
 324 0094 029A     		ldr	r2, [sp, #8]
 325              	.LBE4:
 326              		.loc 1 109 5 view .LVU90
 327              		.loc 1 111 5 view .LVU91
 328              	.LBB5:
 329              		.loc 1 111 5 view .LVU92
 330              		.loc 1 111 5 view .LVU93
 331 0096 9A69     		ldr	r2, [r3, #24]
 332 0098 42F00402 		orr	r2, r2, #4
 333 009c 9A61     		str	r2, [r3, #24]
 334              		.loc 1 111 5 view .LVU94
 335 009e 9B69     		ldr	r3, [r3, #24]
 336 00a0 03F00403 		and	r3, r3, #4
 337 00a4 0393     		str	r3, [sp, #12]
 338              		.loc 1 111 5 view .LVU95
 339 00a6 039B     		ldr	r3, [sp, #12]
 340              	.LBE5:
 341              		.loc 1 111 5 view .LVU96
 342              		.loc 1 116 5 view .LVU97
 343              		.loc 1 116 25 is_stmt 0 view .LVU98
 344 00a8 0423     		movs	r3, #4
 345 00aa 0493     		str	r3, [sp, #16]
 346              		.loc 1 117 5 is_stmt 1 view .LVU99
ARM GAS  C:\Users\38164\AppData\Local\Temp\ccidxqEL.s 			page 7


 347              		.loc 1 117 26 is_stmt 0 view .LVU100
 348 00ac 0223     		movs	r3, #2
 349 00ae 0593     		str	r3, [sp, #20]
 350              		.loc 1 118 5 is_stmt 1 view .LVU101
 351              		.loc 1 118 27 is_stmt 0 view .LVU102
 352 00b0 0323     		movs	r3, #3
 353 00b2 0793     		str	r3, [sp, #28]
 354              		.loc 1 119 5 is_stmt 1 view .LVU103
 355 00b4 0D4E     		ldr	r6, .L19+12
 356 00b6 04A9     		add	r1, sp, #16
 357 00b8 3046     		mov	r0, r6
 358              	.LVL13:
 359              		.loc 1 119 5 is_stmt 0 view .LVU104
 360 00ba 0D4D     		ldr	r5, .L19+16
 361 00bc A847     		blx	r5
 362              	.LVL14:
 363              		.loc 1 121 5 is_stmt 1 view .LVU105
 364              		.loc 1 121 25 is_stmt 0 view .LVU106
 365 00be 0823     		movs	r3, #8
 366 00c0 0493     		str	r3, [sp, #16]
 367              		.loc 1 122 5 is_stmt 1 view .LVU107
 368              		.loc 1 122 26 is_stmt 0 view .LVU108
 369 00c2 0024     		movs	r4, #0
 370 00c4 0594     		str	r4, [sp, #20]
 371              		.loc 1 123 5 is_stmt 1 view .LVU109
 372              		.loc 1 123 26 is_stmt 0 view .LVU110
 373 00c6 0694     		str	r4, [sp, #24]
 374              		.loc 1 124 5 is_stmt 1 view .LVU111
 375 00c8 04A9     		add	r1, sp, #16
 376 00ca 3046     		mov	r0, r6
 377 00cc A847     		blx	r5
 378              	.LVL15:
 379              		.loc 1 127 5 view .LVU112
 380 00ce 2246     		mov	r2, r4
 381 00d0 0521     		movs	r1, #5
 382 00d2 2620     		movs	r0, #38
 383 00d4 074B     		ldr	r3, .L19+20
 384 00d6 9847     		blx	r3
 385              	.LVL16:
 386              		.loc 1 128 5 view .LVU113
 387 00d8 2620     		movs	r0, #38
 388 00da 074B     		ldr	r3, .L19+24
 389 00dc 9847     		blx	r3
 390              	.LVL17:
 391              		.loc 1 133 1 is_stmt 0 view .LVU114
 392 00de 9DE7     		b	.L13
 393              	.L20:
 394              		.align	2
 395              	.L19:
 396 00e0 00380140 		.word	1073821696
 397 00e4 00440040 		.word	1073759232
 398 00e8 00100240 		.word	1073876992
 399 00ec 00080140 		.word	1073809408
 400 00f0 00000000 		.word	HAL_GPIO_Init
 401 00f4 00000000 		.word	HAL_NVIC_SetPriority
 402 00f8 00000000 		.word	HAL_NVIC_EnableIRQ
 403              		.cfi_endproc
ARM GAS  C:\Users\38164\AppData\Local\Temp\ccidxqEL.s 			page 8


 404              	.LFE67:
 406              		.section	.text.HAL_UART_MspDeInit,"ax",%progbits
 407              		.align	1
 408              		.global	HAL_UART_MspDeInit
 409              		.syntax unified
 410              		.thumb
 411              		.thumb_func
 412              		.fpu softvfp
 414              	HAL_UART_MspDeInit:
 415              	.LVL18:
 416              	.LFB68:
 417              		.loc 1 136 1 is_stmt 1 view -0
 418              		.cfi_startproc
 419              		@ args = 0, pretend = 0, frame = 0
 420              		@ frame_needed = 0, uses_anonymous_args = 0
 421              		.loc 1 136 1 is_stmt 0 view .LVU116
 422 0000 08B5     		push	{r3, lr}
 423              	.LCFI6:
 424              		.cfi_def_cfa_offset 8
 425              		.cfi_offset 3, -8
 426              		.cfi_offset 14, -4
 427              		.loc 1 138 3 is_stmt 1 view .LVU117
 428              		.loc 1 138 16 is_stmt 0 view .LVU118
 429 0002 0368     		ldr	r3, [r0]
 430              		.loc 1 138 5 view .LVU119
 431 0004 114A     		ldr	r2, .L27
 432 0006 9342     		cmp	r3, r2
 433 0008 03D0     		beq	.L25
 434              		.loc 1 158 8 is_stmt 1 view .LVU120
 435              		.loc 1 158 10 is_stmt 0 view .LVU121
 436 000a 114A     		ldr	r2, .L27+4
 437 000c 9342     		cmp	r3, r2
 438 000e 0FD0     		beq	.L26
 439              	.LVL19:
 440              	.L21:
 441              		.loc 1 178 1 view .LVU122
 442 0010 08BD     		pop	{r3, pc}
 443              	.LVL20:
 444              	.L25:
 445              		.loc 1 144 5 is_stmt 1 view .LVU123
 446 0012 02F55842 		add	r2, r2, #55296
 447 0016 9369     		ldr	r3, [r2, #24]
 448 0018 23F48043 		bic	r3, r3, #16384
 449 001c 9361     		str	r3, [r2, #24]
 450              		.loc 1 150 5 view .LVU124
 451 001e 4FF4C061 		mov	r1, #1536
 452 0022 0C48     		ldr	r0, .L27+8
 453              	.LVL21:
 454              		.loc 1 150 5 is_stmt 0 view .LVU125
 455 0024 0C4B     		ldr	r3, .L27+12
 456 0026 9847     		blx	r3
 457              	.LVL22:
 458              		.loc 1 153 5 is_stmt 1 view .LVU126
 459 0028 2520     		movs	r0, #37
 460 002a 0C4B     		ldr	r3, .L27+16
 461 002c 9847     		blx	r3
 462              	.LVL23:
ARM GAS  C:\Users\38164\AppData\Local\Temp\ccidxqEL.s 			page 9


 463 002e EFE7     		b	.L21
 464              	.LVL24:
 465              	.L26:
 466              		.loc 1 164 5 view .LVU127
 467 0030 02F5E632 		add	r2, r2, #117760
 468 0034 D369     		ldr	r3, [r2, #28]
 469 0036 23F40033 		bic	r3, r3, #131072
 470 003a D361     		str	r3, [r2, #28]
 471              		.loc 1 170 5 view .LVU128
 472 003c 0C21     		movs	r1, #12
 473 003e 0548     		ldr	r0, .L27+8
 474              	.LVL25:
 475              		.loc 1 170 5 is_stmt 0 view .LVU129
 476 0040 054B     		ldr	r3, .L27+12
 477 0042 9847     		blx	r3
 478              	.LVL26:
 479              		.loc 1 173 5 is_stmt 1 view .LVU130
 480 0044 2620     		movs	r0, #38
 481 0046 054B     		ldr	r3, .L27+16
 482 0048 9847     		blx	r3
 483              	.LVL27:
 484              		.loc 1 178 1 is_stmt 0 view .LVU131
 485 004a E1E7     		b	.L21
 486              	.L28:
 487              		.align	2
 488              	.L27:
 489 004c 00380140 		.word	1073821696
 490 0050 00440040 		.word	1073759232
 491 0054 00080140 		.word	1073809408
 492 0058 00000000 		.word	HAL_GPIO_DeInit
 493 005c 00000000 		.word	HAL_NVIC_DisableIRQ
 494              		.cfi_endproc
 495              	.LFE68:
 497              		.comm	huart2,64,4
 498              		.comm	huart1,64,4
 499              		.text
 500              	.Letext0:
 501              		.file 2 "../c:\\users\\38164\\onedrive\\desktop\\gnu mcu\\arm-none-eabi-gcc-9.3.1-1.1\\arm-none-ea
 502              		.file 3 "../c:\\users\\38164\\onedrive\\desktop\\gnu mcu\\arm-none-eabi-gcc-9.3.1-1.1\\arm-none-ea
 503              		.file 4 "../Drivers/CMSIS/Include/core_cm3.h"
 504              		.file 5 "../Drivers/CMSIS/Device/ST/STM32F1xx/Include/system_stm32f1xx.h"
 505              		.file 6 "../Drivers/CMSIS/Device/ST/STM32F1xx/Include/stm32f103x6.h"
 506              		.file 7 "../Drivers/STM32F1xx_HAL_Driver/Inc/stm32f1xx_hal_def.h"
 507              		.file 8 "../Drivers/STM32F1xx_HAL_Driver/Inc/stm32f1xx_hal_gpio.h"
 508              		.file 9 "../Drivers/STM32F1xx_HAL_Driver/Inc/stm32f1xx_hal_dma.h"
 509              		.file 10 "../Drivers/STM32F1xx_HAL_Driver/Inc/stm32f1xx_hal_uart.h"
 510              		.file 11 "../Drivers/STM32F1xx_HAL_Driver/Inc/stm32f1xx_hal.h"
 511              		.file 12 "../Core/Inc/usart.h"
 512              		.file 13 "../Drivers/STM32F1xx_HAL_Driver/Inc/stm32f1xx_hal_cortex.h"
 513              		.file 14 "../Core/Inc/main.h"
ARM GAS  C:\Users\38164\AppData\Local\Temp\ccidxqEL.s 			page 10


DEFINED SYMBOLS
                            *ABS*:0000000000000000 usart.c
C:\Users\38164\AppData\Local\Temp\ccidxqEL.s:16     .text.MX_USART1_UART_Init:0000000000000000 $t
C:\Users\38164\AppData\Local\Temp\ccidxqEL.s:24     .text.MX_USART1_UART_Init:0000000000000000 MX_USART1_UART_Init
C:\Users\38164\AppData\Local\Temp\ccidxqEL.s:86     .text.MX_USART1_UART_Init:0000000000000030 $d
                            *COM*:0000000000000040 huart1
C:\Users\38164\AppData\Local\Temp\ccidxqEL.s:94     .text.MX_USART2_UART_Init:0000000000000000 $t
C:\Users\38164\AppData\Local\Temp\ccidxqEL.s:101    .text.MX_USART2_UART_Init:0000000000000000 MX_USART2_UART_Init
C:\Users\38164\AppData\Local\Temp\ccidxqEL.s:163    .text.MX_USART2_UART_Init:0000000000000034 $d
                            *COM*:0000000000000040 huart2
C:\Users\38164\AppData\Local\Temp\ccidxqEL.s:171    .text.HAL_UART_MspInit:0000000000000000 $t
C:\Users\38164\AppData\Local\Temp\ccidxqEL.s:178    .text.HAL_UART_MspInit:0000000000000000 HAL_UART_MspInit
C:\Users\38164\AppData\Local\Temp\ccidxqEL.s:396    .text.HAL_UART_MspInit:00000000000000e0 $d
C:\Users\38164\AppData\Local\Temp\ccidxqEL.s:407    .text.HAL_UART_MspDeInit:0000000000000000 $t
C:\Users\38164\AppData\Local\Temp\ccidxqEL.s:414    .text.HAL_UART_MspDeInit:0000000000000000 HAL_UART_MspDeInit
C:\Users\38164\AppData\Local\Temp\ccidxqEL.s:489    .text.HAL_UART_MspDeInit:000000000000004c $d

UNDEFINED SYMBOLS
HAL_UART_Init
Error_Handler
HAL_GPIO_Init
HAL_NVIC_SetPriority
HAL_NVIC_EnableIRQ
HAL_GPIO_DeInit
HAL_NVIC_DisableIRQ
