ARM GAS  C:\Users\38164\AppData\Local\Temp\cc3l5Mam.s 			page 1


   1              		.cpu cortex-m3
   2              		.eabi_attribute 20, 1
   3              		.eabi_attribute 21, 1
   4              		.eabi_attribute 23, 3
   5              		.eabi_attribute 24, 1
   6              		.eabi_attribute 25, 1
   7              		.eabi_attribute 26, 1
   8              		.eabi_attribute 30, 1
   9              		.eabi_attribute 34, 1
  10              		.eabi_attribute 18, 4
  11              		.file	"event_groups.c"
  12              		.text
  13              	.Ltext0:
  14              		.cfi_sections	.debug_frame
  15              		.section	.text.prvTestWaitCondition,"ax",%progbits
  16              		.align	1
  17              		.arch armv7-m
  18              		.syntax unified
  19              		.thumb
  20              		.thumb_func
  21              		.fpu softvfp
  23              	prvTestWaitCondition:
  24              	.LVL0:
  25              	.LFB15:
  26              		.file 1 "../Middlewares/Third_Party/FreeRTOS/Source/event_groups.c"
   1:../Middlewares/Third_Party/FreeRTOS/Source/event_groups.c **** 
  27              		.loc 1 657 1 view -0
  28              		.cfi_startproc
  29              		@ args = 0, pretend = 0, frame = 0
  30              		@ frame_needed = 0, uses_anonymous_args = 0
  31              		@ link register save eliminated.
  32              		.loc 1 658 1 view .LVU1
  33              		.loc 1 660 2 view .LVU2
  34              		.loc 1 660 4 is_stmt 0 view .LVU3
  35 0000 1AB9     		cbnz	r2, .L2
  36              		.loc 1 664 3 is_stmt 1 view .LVU4
  37              		.loc 1 664 5 is_stmt 0 view .LVU5
  38 0002 0842     		tst	r0, r1
  39 0004 06D1     		bne	.L4
  40              		.loc 1 658 12 view .LVU6
  41 0006 1046     		mov	r0, r2
  42              	.LVL1:
  43              		.loc 1 658 12 view .LVU7
  44 0008 7047     		bx	lr
  45              	.LVL2:
  46              	.L2:
  47              		.loc 1 677 3 is_stmt 1 view .LVU8
  48              		.loc 1 677 5 is_stmt 0 view .LVU9
  49 000a 31EA0003 		bics	r3, r1, r0
  50 000e 03D0     		beq	.L5
  51              		.loc 1 658 12 view .LVU10
  52 0010 0020     		movs	r0, #0
  53              	.LVL3:
  54              		.loc 1 658 12 view .LVU11
  55 0012 7047     		bx	lr
  56              	.LVL4:
  57              	.L4:
ARM GAS  C:\Users\38164\AppData\Local\Temp\cc3l5Mam.s 			page 2


  58              		.loc 1 666 22 view .LVU12
  59 0014 0120     		movs	r0, #1
  60              	.LVL5:
  61              		.loc 1 666 22 view .LVU13
  62 0016 7047     		bx	lr
  63              	.LVL6:
  64              	.L5:
  65              		.loc 1 679 22 view .LVU14
  66 0018 0120     		movs	r0, #1
  67              	.LVL7:
  68              		.loc 1 683 28 is_stmt 1 view .LVU15
  69              		.loc 1 687 2 view .LVU16
  70              		.loc 1 688 1 is_stmt 0 view .LVU17
  71 001a 7047     		bx	lr
  72              		.cfi_endproc
  73              	.LFE15:
  75              		.section	.text.xEventGroupCreateStatic,"ax",%progbits
  76              		.align	1
  77              		.global	xEventGroupCreateStatic
  78              		.syntax unified
  79              		.thumb
  80              		.thumb_func
  81              		.fpu softvfp
  83              	xEventGroupCreateStatic:
  84              	.LVL8:
  85              	.LFB4:
  86              		.loc 1 94 2 is_stmt 1 view -0
  87              		.cfi_startproc
  88              		@ args = 0, pretend = 0, frame = 8
  89              		@ frame_needed = 0, uses_anonymous_args = 0
  90              		.loc 1 95 2 view .LVU19
  91              		.loc 1 98 3 view .LVU20
  92 0000 80B1     		cbz	r0, .L13
  93              		.loc 1 94 2 is_stmt 0 discriminator 2 view .LVU21
  94 0002 10B5     		push	{r4, lr}
  95              	.LCFI0:
  96              		.cfi_def_cfa_offset 8
  97              		.cfi_offset 4, -8
  98              		.cfi_offset 14, -4
  99 0004 82B0     		sub	sp, sp, #8
 100              	.LCFI1:
 101              		.cfi_def_cfa_offset 16
 102 0006 0446     		mov	r4, r0
 103              		.loc 1 98 37 is_stmt 1 discriminator 2 view .LVU22
 104              	.LBB36:
 105              		.loc 1 105 4 discriminator 2 view .LVU23
 106              		.loc 1 105 20 is_stmt 0 discriminator 2 view .LVU24
 107 0008 2023     		movs	r3, #32
 108 000a 0193     		str	r3, [sp, #4]
 109              		.loc 1 106 4 is_stmt 1 discriminator 2 view .LVU25
 110 000c 019B     		ldr	r3, [sp, #4]
 111 000e 202B     		cmp	r3, #32
 112 0010 11D0     		beq	.L9
 113              		.loc 1 106 4 view .LVU26
 114              	.LBB37:
 115              	.LBI37:
 116              		.file 2 "../Middlewares/Third_Party/FreeRTOS/Source/portable/GCC/ARM_CM3/portmacro.h"
ARM GAS  C:\Users\38164\AppData\Local\Temp\cc3l5Mam.s 			page 3


   1:../Middlewares/Third_Party/FreeRTOS/Source/portable/GCC/ARM_CM3/portmacro.h **** 
 117              		.loc 2 191 30 view .LVU27
 118              	.LBB38:
 119              		.loc 2 193 1 view .LVU28
 120              		.loc 2 195 2 view .LVU29
 121              		.syntax unified
 122              	@ 195 "Middlewares/Third_Party/FreeRTOS/Source/portable/GCC/ARM_CM3/portmacro.h" 1
 123 0012 4FF05003 			mov r3, #80												
 124 0016 83F31188 		msr basepri, r3											
 125 001a BFF36F8F 		isb														
 126 001e BFF34F8F 		dsb														
 127              	
 128              	@ 0 "" 2
 129              	.LVL9:
 130              		.thumb
 131              		.syntax unified
 132              	.L10:
 133              		.loc 2 195 2 is_stmt 0 view .LVU30
 134              	.LBE38:
 135              	.LBE37:
 136              		.loc 1 106 4 is_stmt 1 discriminator 2 view .LVU31
 137              		.loc 1 106 4 discriminator 2 view .LVU32
 138              		.loc 1 106 4 discriminator 2 view .LVU33
 139 0022 FEE7     		b	.L10
 140              	.L13:
 141              	.LCFI2:
 142              		.cfi_def_cfa_offset 0
 143              		.cfi_restore 4
 144              		.cfi_restore 14
 145              		.loc 1 106 4 is_stmt 0 discriminator 2 view .LVU34
 146              	.LBE36:
 147              		.loc 1 98 3 is_stmt 1 view .LVU35
 148              	.LBB39:
 149              	.LBI39:
 150              		.loc 2 191 30 view .LVU36
 151              	.LBB40:
 152              		.loc 2 193 1 view .LVU37
 153              		.loc 2 195 2 view .LVU38
 154              		.syntax unified
 155              	@ 195 "Middlewares/Third_Party/FreeRTOS/Source/portable/GCC/ARM_CM3/portmacro.h" 1
 156 0024 4FF05003 			mov r3, #80												
 157 0028 83F31188 		msr basepri, r3											
 158 002c BFF36F8F 		isb														
 159 0030 BFF34F8F 		dsb														
 160              	
 161              	@ 0 "" 2
 162              	.LVL10:
 163              		.thumb
 164              		.syntax unified
 165              	.L8:
 166              		.loc 2 195 2 is_stmt 0 view .LVU39
 167              	.LBE40:
 168              	.LBE39:
 169              		.loc 1 98 3 is_stmt 1 discriminator 1 view .LVU40
 170              		.loc 1 98 3 discriminator 1 view .LVU41
 171              		.loc 1 98 3 discriminator 1 view .LVU42
 172 0034 FEE7     		b	.L8
ARM GAS  C:\Users\38164\AppData\Local\Temp\cc3l5Mam.s 			page 4


 173              	.L9:
 174              	.LCFI3:
 175              		.cfi_def_cfa_offset 16
 176              		.cfi_offset 4, -8
 177              		.cfi_offset 14, -4
 178              	.LBB41:
 179              		.loc 1 106 51 view .LVU43
 180              	.LBE41:
 181              		.loc 1 111 3 view .LVU44
 182              	.LVL11:
 183              		.loc 1 113 3 view .LVU45
 184              		.loc 1 115 4 view .LVU46
 185              		.loc 1 115 29 is_stmt 0 view .LVU47
 186 0036 0023     		movs	r3, #0
 187 0038 40F8043B 		str	r3, [r0], #4
 188              	.LVL12:
 189              		.loc 1 116 4 is_stmt 1 view .LVU48
 190 003c 034B     		ldr	r3, .L14
 191 003e 9847     		blx	r3
 192              	.LVL13:
 193              		.loc 1 123 5 view .LVU49
 194              		.loc 1 123 40 is_stmt 0 view .LVU50
 195 0040 0123     		movs	r3, #1
 196 0042 2377     		strb	r3, [r4, #28]
 197              		.loc 1 127 42 is_stmt 1 view .LVU51
 198              		.loc 1 131 36 view .LVU52
 199              		.loc 1 134 3 view .LVU53
 200              		.loc 1 135 2 is_stmt 0 view .LVU54
 201 0044 2046     		mov	r0, r4
 202 0046 02B0     		add	sp, sp, #8
 203              	.LCFI4:
 204              		.cfi_def_cfa_offset 8
 205              		@ sp needed
 206 0048 10BD     		pop	{r4, pc}
 207              	.LVL14:
 208              	.L15:
 209              		.loc 1 135 2 view .LVU55
 210 004a 00BF     		.align	2
 211              	.L14:
 212 004c 00000000 		.word	vListInitialise
 213              		.cfi_endproc
 214              	.LFE4:
 216              		.section	.text.xEventGroupCreate,"ax",%progbits
 217              		.align	1
 218              		.global	xEventGroupCreate
 219              		.syntax unified
 220              		.thumb
 221              		.thumb_func
 222              		.fpu softvfp
 224              	xEventGroupCreate:
 225              	.LFB5:
 226              		.loc 1 143 2 is_stmt 1 view -0
 227              		.cfi_startproc
 228              		@ args = 0, pretend = 0, frame = 0
 229              		@ frame_needed = 0, uses_anonymous_args = 0
 230 0000 38B5     		push	{r3, r4, r5, lr}
 231              	.LCFI5:
ARM GAS  C:\Users\38164\AppData\Local\Temp\cc3l5Mam.s 			page 5


 232              		.cfi_def_cfa_offset 16
 233              		.cfi_offset 3, -16
 234              		.cfi_offset 4, -12
 235              		.cfi_offset 5, -8
 236              		.cfi_offset 14, -4
 237              		.loc 1 144 2 view .LVU57
 238              		.loc 1 147 3 view .LVU58
 239              		.loc 1 147 36 is_stmt 0 view .LVU59
 240 0002 2020     		movs	r0, #32
 241 0004 054B     		ldr	r3, .L19
 242 0006 9847     		blx	r3
 243              	.LVL15:
 244              		.loc 1 149 3 is_stmt 1 view .LVU60
 245              		.loc 1 149 5 is_stmt 0 view .LVU61
 246 0008 0446     		mov	r4, r0
 247 000a 28B1     		cbz	r0, .L16
 248              		.loc 1 151 4 is_stmt 1 view .LVU62
 249              		.loc 1 151 29 is_stmt 0 view .LVU63
 250 000c 0025     		movs	r5, #0
 251 000e 40F8045B 		str	r5, [r0], #4
 252              	.LVL16:
 253              		.loc 1 152 4 is_stmt 1 view .LVU64
 254 0012 034B     		ldr	r3, .L19+4
 255 0014 9847     		blx	r3
 256              	.LVL17:
 257              		.loc 1 159 5 view .LVU65
 258              		.loc 1 159 40 is_stmt 0 view .LVU66
 259 0016 2577     		strb	r5, [r4, #28]
 260              		.loc 1 163 42 is_stmt 1 view .LVU67
 261              		.loc 1 167 36 view .LVU68
 262              		.loc 1 170 3 view .LVU69
 263              	.L16:
 264              		.loc 1 171 2 is_stmt 0 view .LVU70
 265 0018 2046     		mov	r0, r4
 266 001a 38BD     		pop	{r3, r4, r5, pc}
 267              	.LVL18:
 268              	.L20:
 269              		.loc 1 171 2 view .LVU71
 270              		.align	2
 271              	.L19:
 272 001c 00000000 		.word	pvPortMalloc
 273 0020 00000000 		.word	vListInitialise
 274              		.cfi_endproc
 275              	.LFE5:
 277              		.section	.text.xEventGroupWaitBits,"ax",%progbits
 278              		.align	1
 279              		.global	xEventGroupWaitBits
 280              		.syntax unified
 281              		.thumb
 282              		.thumb_func
 283              		.fpu softvfp
 285              	xEventGroupWaitBits:
 286              	.LVL19:
 287              	.LFB7:
 288              		.loc 1 297 1 is_stmt 1 view -0
 289              		.cfi_startproc
 290              		@ args = 4, pretend = 0, frame = 0
ARM GAS  C:\Users\38164\AppData\Local\Temp\cc3l5Mam.s 			page 6


 291              		@ frame_needed = 0, uses_anonymous_args = 0
 292              		.loc 1 297 1 is_stmt 0 view .LVU73
 293 0000 2DE9F047 		push	{r4, r5, r6, r7, r8, r9, r10, lr}
 294              	.LCFI6:
 295              		.cfi_def_cfa_offset 32
 296              		.cfi_offset 4, -32
 297              		.cfi_offset 5, -28
 298              		.cfi_offset 6, -24
 299              		.cfi_offset 7, -20
 300              		.cfi_offset 8, -16
 301              		.cfi_offset 9, -12
 302              		.cfi_offset 10, -8
 303              		.cfi_offset 14, -4
 304 0004 DDF820A0 		ldr	r10, [sp, #32]
 305              		.loc 1 298 1 is_stmt 1 view .LVU74
 306              	.LVL20:
 307              		.loc 1 299 1 view .LVU75
 308              		.loc 1 300 1 view .LVU76
 309              		.loc 1 301 1 view .LVU77
 310              		.loc 1 305 2 view .LVU78
 311 0008 78B1     		cbz	r0, .L41
 312 000a 0D46     		mov	r5, r1
 313 000c 1746     		mov	r7, r2
 314 000e 9846     		mov	r8, r3
 315 0010 0646     		mov	r6, r0
 316              		.loc 1 305 29 discriminator 2 view .LVU79
 317              		.loc 1 306 2 discriminator 2 view .LVU80
 318 0012 11F07F49 		ands	r9, r1, #-16777216
 319 0016 11D0     		beq	.L24
 320              		.loc 1 306 2 view .LVU81
 321              	.LBB42:
 322              	.LBI42:
 323              		.loc 2 191 30 view .LVU82
 324              	.LBB43:
 325              		.loc 2 193 1 view .LVU83
 326              		.loc 2 195 2 view .LVU84
 327              		.syntax unified
 328              	@ 195 "Middlewares/Third_Party/FreeRTOS/Source/portable/GCC/ARM_CM3/portmacro.h" 1
 329 0018 4FF05003 			mov r3, #80												
 330 001c 83F31188 		msr basepri, r3											
 331 0020 BFF36F8F 		isb														
 332 0024 BFF34F8F 		dsb														
 333              	
 334              	@ 0 "" 2
 335              	.LVL21:
 336              		.thumb
 337              		.syntax unified
 338              	.L25:
 339              		.loc 2 195 2 is_stmt 0 view .LVU85
 340              	.LBE43:
 341              	.LBE42:
 342              		.loc 1 306 2 is_stmt 1 discriminator 2 view .LVU86
 343              		.loc 1 306 2 discriminator 2 view .LVU87
 344              		.loc 1 306 2 discriminator 2 view .LVU88
 345 0028 FEE7     		b	.L25
 346              	.LVL22:
 347              	.L41:
ARM GAS  C:\Users\38164\AppData\Local\Temp\cc3l5Mam.s 			page 7


 348              		.loc 1 305 2 view .LVU89
 349              	.LBB44:
 350              	.LBI44:
 351              		.loc 2 191 30 view .LVU90
 352              	.LBB45:
 353              		.loc 2 193 1 view .LVU91
 354              		.loc 2 195 2 view .LVU92
 355              		.syntax unified
 356              	@ 195 "Middlewares/Third_Party/FreeRTOS/Source/portable/GCC/ARM_CM3/portmacro.h" 1
 357 002a 4FF05003 			mov r3, #80												
 358 002e 83F31188 		msr basepri, r3											
 359 0032 BFF36F8F 		isb														
 360 0036 BFF34F8F 		dsb														
 361              	
 362              	@ 0 "" 2
 363              	.LVL23:
 364              		.thumb
 365              		.syntax unified
 366              	.L23:
 367              		.loc 2 195 2 is_stmt 0 view .LVU93
 368              	.LBE45:
 369              	.LBE44:
 370              		.loc 1 305 2 is_stmt 1 discriminator 1 view .LVU94
 371              		.loc 1 305 2 discriminator 1 view .LVU95
 372              		.loc 1 305 2 discriminator 1 view .LVU96
 373 003a FEE7     		b	.L23
 374              	.LVL24:
 375              	.L24:
 376              		.loc 1 306 74 discriminator 2 view .LVU97
 377              		.loc 1 307 2 discriminator 2 view .LVU98
 378 003c 41B9     		cbnz	r1, .L26
 379              		.loc 1 307 2 view .LVU99
 380              	.LBB46:
 381              	.LBI46:
 382              		.loc 2 191 30 view .LVU100
 383              	.LBB47:
 384              		.loc 2 193 1 view .LVU101
 385              		.loc 2 195 2 view .LVU102
 386              		.syntax unified
 387              	@ 195 "Middlewares/Third_Party/FreeRTOS/Source/portable/GCC/ARM_CM3/portmacro.h" 1
 388 003e 4FF05003 			mov r3, #80												
 389 0042 83F31188 		msr basepri, r3											
 390 0046 BFF36F8F 		isb														
 391 004a BFF34F8F 		dsb														
 392              	
 393              	@ 0 "" 2
 394              	.LVL25:
 395              		.thumb
 396              		.syntax unified
 397              	.L27:
 398              		.loc 2 195 2 is_stmt 0 view .LVU103
 399              	.LBE47:
 400              	.LBE46:
 401              		.loc 1 307 2 is_stmt 1 discriminator 3 view .LVU104
 402              		.loc 1 307 2 discriminator 3 view .LVU105
 403              		.loc 1 307 2 discriminator 3 view .LVU106
 404 004e FEE7     		b	.L27
ARM GAS  C:\Users\38164\AppData\Local\Temp\cc3l5Mam.s 			page 8


 405              	.LVL26:
 406              	.L26:
 407              		.loc 1 307 38 discriminator 2 view .LVU107
 408              		.loc 1 310 3 discriminator 2 view .LVU108
 409 0050 2D4B     		ldr	r3, .L43
 410              	.LVL27:
 411              		.loc 1 310 3 is_stmt 0 discriminator 2 view .LVU109
 412 0052 9847     		blx	r3
 413              	.LVL28:
 414              		.loc 1 310 3 discriminator 2 view .LVU110
 415 0054 58B9     		cbnz	r0, .L28
 416 0056 BAF1000F 		cmp	r10, #0
 417 005a 08D0     		beq	.L28
 418              		.loc 1 310 3 is_stmt 1 view .LVU111
 419              	.LBB48:
 420              	.LBI48:
 421              		.loc 2 191 30 view .LVU112
 422              	.LBB49:
 423              		.loc 2 193 1 view .LVU113
 424              		.loc 2 195 2 view .LVU114
 425              		.syntax unified
 426              	@ 195 "Middlewares/Third_Party/FreeRTOS/Source/portable/GCC/ARM_CM3/portmacro.h" 1
 427 005c 4FF05003 			mov r3, #80												
 428 0060 83F31188 		msr basepri, r3											
 429 0064 BFF36F8F 		isb														
 430 0068 BFF34F8F 		dsb														
 431              	
 432              	@ 0 "" 2
 433              	.LVL29:
 434              		.thumb
 435              		.syntax unified
 436              	.L29:
 437              		.loc 2 195 2 is_stmt 0 view .LVU115
 438              	.LBE49:
 439              	.LBE48:
 440              		.loc 1 310 3 is_stmt 1 discriminator 4 view .LVU116
 441              		.loc 1 310 3 discriminator 4 view .LVU117
 442              		.loc 1 310 3 discriminator 4 view .LVU118
 443 006c FEE7     		b	.L29
 444              	.L28:
 445              		.loc 1 310 104 discriminator 8 view .LVU119
 446              		.loc 1 314 2 discriminator 8 view .LVU120
 447 006e 274B     		ldr	r3, .L43+4
 448 0070 9847     		blx	r3
 449              	.LVL30:
 450              	.LBB50:
 451              		.loc 1 316 3 discriminator 8 view .LVU121
 452              		.loc 1 316 21 is_stmt 0 discriminator 8 view .LVU122
 453 0072 3468     		ldr	r4, [r6]
 454              	.LVL31:
 455              		.loc 1 319 3 is_stmt 1 discriminator 8 view .LVU123
 456              		.loc 1 319 23 is_stmt 0 discriminator 8 view .LVU124
 457 0074 4246     		mov	r2, r8
 458 0076 2946     		mov	r1, r5
 459 0078 2046     		mov	r0, r4
 460 007a 254B     		ldr	r3, .L43+8
 461 007c 9847     		blx	r3
ARM GAS  C:\Users\38164\AppData\Local\Temp\cc3l5Mam.s 			page 9


 462              	.LVL32:
 463              		.loc 1 321 3 is_stmt 1 discriminator 8 view .LVU125
 464              		.loc 1 321 5 is_stmt 0 discriminator 8 view .LVU126
 465 007e E0B1     		cbz	r0, .L30
 466              		.loc 1 325 4 is_stmt 1 view .LVU127
 467              	.LVL33:
 468              		.loc 1 326 4 view .LVU128
 469              		.loc 1 329 4 view .LVU129
 470              		.loc 1 329 6 is_stmt 0 view .LVU130
 471 0080 17B1     		cbz	r7, .L31
 472              		.loc 1 331 5 is_stmt 1 view .LVU131
 473              		.loc 1 331 30 is_stmt 0 view .LVU132
 474 0082 24EA0503 		bic	r3, r4, r5
 475 0086 3360     		str	r3, [r6]
 476              	.LVL34:
 477              	.L31:
 478              		.loc 1 379 68 is_stmt 1 view .LVU133
 479              	.LBE50:
 480              		.loc 1 382 2 view .LVU134
 481              		.loc 1 382 20 is_stmt 0 view .LVU135
 482 0088 224B     		ldr	r3, .L43+12
 483 008a 9847     		blx	r3
 484              	.LVL35:
 485              		.loc 1 384 2 is_stmt 1 view .LVU136
 486              		.loc 1 384 4 is_stmt 0 view .LVU137
 487 008c B9F1000F 		cmp	r9, #0
 488 0090 10D0     		beq	.L21
 489              		.loc 1 386 3 is_stmt 1 view .LVU138
 490              		.loc 1 386 5 is_stmt 0 view .LVU139
 491 0092 38B9     		cbnz	r0, .L35
 492              		.loc 1 388 4 is_stmt 1 view .LVU140
 493 0094 204B     		ldr	r3, .L43+16
 494 0096 4FF08052 		mov	r2, #268435456
 495 009a 1A60     		str	r2, [r3]
 496              		.loc 1 388 4 view .LVU141
 497              		.syntax unified
 498              	@ 388 "Middlewares/Third_Party/FreeRTOS/Source/event_groups.c" 1
 499 009c BFF34F8F 		dsb
 500              	@ 0 "" 2
 501              		.loc 1 388 4 view .LVU142
 502              	@ 388 "Middlewares/Third_Party/FreeRTOS/Source/event_groups.c" 1
 503 00a0 BFF36F8F 		isb
 504              	@ 0 "" 2
 505              		.loc 1 388 26 view .LVU143
 506              		.thumb
 507              		.syntax unified
 508              	.L35:
 509              		.loc 1 392 28 view .LVU144
 510              		.loc 1 399 3 view .LVU145
 511              		.loc 1 399 14 is_stmt 0 view .LVU146
 512 00a4 1D4B     		ldr	r3, .L43+20
 513 00a6 9847     		blx	r3
 514              	.LVL36:
 515              		.loc 1 399 14 view .LVU147
 516 00a8 0446     		mov	r4, r0
 517              	.LVL37:
 518              		.loc 1 401 3 is_stmt 1 view .LVU148
ARM GAS  C:\Users\38164\AppData\Local\Temp\cc3l5Mam.s 			page 10


 519              		.loc 1 401 5 is_stmt 0 view .LVU149
 520 00aa 10F0007F 		tst	r0, #33554432
 521 00ae 1BD0     		beq	.L42
 522              	.LVL38:
 523              	.L36:
 524              		.loc 1 432 3 is_stmt 1 view .LVU150
 525              		.loc 1 435 3 view .LVU151
 526              		.loc 1 435 12 is_stmt 0 view .LVU152
 527 00b0 24F07F44 		bic	r4, r4, #-16777216
 528              	.LVL39:
 529              		.loc 1 437 2 is_stmt 1 view .LVU153
 530              		.loc 1 440 2 view .LVU154
 531              		.loc 1 442 2 view .LVU155
 532              	.L21:
 533              		.loc 1 443 1 is_stmt 0 view .LVU156
 534 00b4 2046     		mov	r0, r4
 535 00b6 BDE8F087 		pop	{r4, r5, r6, r7, r8, r9, r10, pc}
 536              	.LVL40:
 537              	.L30:
 538              	.LBB51:
 539              		.loc 1 338 8 is_stmt 1 view .LVU157
 540              		.loc 1 338 10 is_stmt 0 view .LVU158
 541 00ba BAF1000F 		cmp	r10, #0
 542 00be 11D0     		beq	.L38
 543              		.loc 1 351 4 is_stmt 1 view .LVU159
 544              		.loc 1 351 6 is_stmt 0 view .LVU160
 545 00c0 6FB9     		cbnz	r7, .L39
 546              	.LBE51:
 547              		.loc 1 299 23 view .LVU161
 548 00c2 4946     		mov	r1, r9
 549              	.L32:
 550              	.LVL41:
 551              	.LBB52:
 552              		.loc 1 357 29 is_stmt 1 view .LVU162
 553              		.loc 1 360 4 view .LVU163
 554              		.loc 1 360 6 is_stmt 0 view .LVU164
 555 00c4 B8F1000F 		cmp	r8, #0
 556 00c8 01D0     		beq	.L33
 557              		.loc 1 362 5 is_stmt 1 view .LVU165
 558              		.loc 1 362 19 is_stmt 0 view .LVU166
 559 00ca 41F08061 		orr	r1, r1, #67108864
 560              	.LVL42:
 561              	.L33:
 562              		.loc 1 366 29 is_stmt 1 view .LVU167
 563              		.loc 1 372 4 view .LVU168
 564 00ce 5246     		mov	r2, r10
 565 00d0 2943     		orrs	r1, r1, r5
 566              	.LVL43:
 567              		.loc 1 372 4 is_stmt 0 view .LVU169
 568 00d2 301D     		adds	r0, r6, #4
 569              	.LVL44:
 570              		.loc 1 372 4 view .LVU170
 571 00d4 124B     		ldr	r3, .L43+24
 572 00d6 9847     		blx	r3
 573              	.LVL45:
 574              		.loc 1 377 4 is_stmt 1 view .LVU171
 575              		.loc 1 377 13 is_stmt 0 view .LVU172
ARM GAS  C:\Users\38164\AppData\Local\Temp\cc3l5Mam.s 			page 11


 576 00d8 4C46     		mov	r4, r9
 577              	.LVL46:
 578              		.loc 1 372 4 view .LVU173
 579 00da D146     		mov	r9, r10
 580 00dc D4E7     		b	.L31
 581              	.LVL47:
 582              	.L39:
 583              		.loc 1 353 19 view .LVU174
 584 00de 4FF08071 		mov	r1, #16777216
 585 00e2 EFE7     		b	.L32
 586              	.L38:
 587 00e4 D146     		mov	r9, r10
 588 00e6 CFE7     		b	.L31
 589              	.LVL48:
 590              	.L42:
 591              		.loc 1 353 19 view .LVU175
 592              	.LBE52:
 593              		.loc 1 403 4 is_stmt 1 view .LVU176
 594 00e8 0E4B     		ldr	r3, .L43+28
 595 00ea 9847     		blx	r3
 596              	.LVL49:
 597              		.loc 1 406 5 view .LVU177
 598              		.loc 1 406 14 is_stmt 0 view .LVU178
 599 00ec 3468     		ldr	r4, [r6]
 600              	.LVL50:
 601              		.loc 1 410 5 is_stmt 1 view .LVU179
 602              		.loc 1 410 9 is_stmt 0 view .LVU180
 603 00ee 4246     		mov	r2, r8
 604 00f0 2946     		mov	r1, r5
 605 00f2 2046     		mov	r0, r4
 606 00f4 064B     		ldr	r3, .L43+8
 607 00f6 9847     		blx	r3
 608              	.LVL51:
 609              		.loc 1 410 7 view .LVU181
 610 00f8 18B1     		cbz	r0, .L37
 611              		.loc 1 412 6 is_stmt 1 view .LVU182
 612              		.loc 1 412 8 is_stmt 0 view .LVU183
 613 00fa 17B1     		cbz	r7, .L37
 614              		.loc 1 414 7 is_stmt 1 view .LVU184
 615              		.loc 1 414 32 is_stmt 0 view .LVU185
 616 00fc 24EA0505 		bic	r5, r4, r5
 617              	.LVL52:
 618              		.loc 1 414 32 view .LVU186
 619 0100 3560     		str	r5, [r6]
 620              	.L37:
 621              		.loc 1 423 30 is_stmt 1 view .LVU187
 622              		.loc 1 425 5 view .LVU188
 623              	.LVL53:
 624              		.loc 1 427 4 view .LVU189
 625 0102 094B     		ldr	r3, .L43+32
 626 0104 9847     		blx	r3
 627              	.LVL54:
 628 0106 D3E7     		b	.L36
 629              	.L44:
 630              		.align	2
 631              	.L43:
 632 0108 00000000 		.word	xTaskGetSchedulerState
ARM GAS  C:\Users\38164\AppData\Local\Temp\cc3l5Mam.s 			page 12


 633 010c 00000000 		.word	vTaskSuspendAll
 634 0110 00000000 		.word	prvTestWaitCondition
 635 0114 00000000 		.word	xTaskResumeAll
 636 0118 04ED00E0 		.word	-536810236
 637 011c 00000000 		.word	uxTaskResetEventItemValue
 638 0120 00000000 		.word	vTaskPlaceOnUnorderedEventList
 639 0124 00000000 		.word	vPortEnterCritical
 640 0128 00000000 		.word	vPortExitCritical
 641              		.cfi_endproc
 642              	.LFE7:
 644              		.section	.text.xEventGroupClearBits,"ax",%progbits
 645              		.align	1
 646              		.global	xEventGroupClearBits
 647              		.syntax unified
 648              		.thumb
 649              		.thumb_func
 650              		.fpu softvfp
 652              	xEventGroupClearBits:
 653              	.LVL55:
 654              	.LFB8:
 655              		.loc 1 447 1 view -0
 656              		.cfi_startproc
 657              		@ args = 0, pretend = 0, frame = 0
 658              		@ frame_needed = 0, uses_anonymous_args = 0
 659              		.loc 1 448 1 view .LVU191
 660              		.loc 1 449 1 view .LVU192
 661              		.loc 1 453 2 view .LVU193
 662 0000 70B1     		cbz	r0, .L52
 663              		.loc 1 447 1 is_stmt 0 discriminator 2 view .LVU194
 664 0002 70B5     		push	{r4, r5, r6, lr}
 665              	.LCFI7:
 666              		.cfi_def_cfa_offset 16
 667              		.cfi_offset 4, -16
 668              		.cfi_offset 5, -12
 669              		.cfi_offset 6, -8
 670              		.cfi_offset 14, -4
 671 0004 0C46     		mov	r4, r1
 672 0006 0646     		mov	r6, r0
 673              		.loc 1 453 29 is_stmt 1 discriminator 2 view .LVU195
 674              		.loc 1 454 2 discriminator 2 view .LVU196
 675 0008 11F07F4F 		tst	r1, #-16777216
 676 000c 11D0     		beq	.L48
 677              		.loc 1 454 2 view .LVU197
 678              	.LBB53:
 679              	.LBI53:
 680              		.loc 2 191 30 view .LVU198
 681              	.LBB54:
 682              		.loc 2 193 1 view .LVU199
 683              		.loc 2 195 2 view .LVU200
 684              		.syntax unified
 685              	@ 195 "Middlewares/Third_Party/FreeRTOS/Source/portable/GCC/ARM_CM3/portmacro.h" 1
 686 000e 4FF05003 			mov r3, #80												
 687 0012 83F31188 		msr basepri, r3											
 688 0016 BFF36F8F 		isb														
 689 001a BFF34F8F 		dsb														
 690              	
 691              	@ 0 "" 2
ARM GAS  C:\Users\38164\AppData\Local\Temp\cc3l5Mam.s 			page 13


 692              	.LVL56:
 693              		.thumb
 694              		.syntax unified
 695              	.L49:
 696              		.loc 2 195 2 is_stmt 0 view .LVU201
 697              	.LBE54:
 698              	.LBE53:
 699              		.loc 1 454 2 is_stmt 1 discriminator 2 view .LVU202
 700              		.loc 1 454 2 discriminator 2 view .LVU203
 701              		.loc 1 454 2 discriminator 2 view .LVU204
 702 001e FEE7     		b	.L49
 703              	.L52:
 704              	.LCFI8:
 705              		.cfi_def_cfa_offset 0
 706              		.cfi_restore 4
 707              		.cfi_restore 5
 708              		.cfi_restore 6
 709              		.cfi_restore 14
 710              		.loc 1 453 2 view .LVU205
 711              	.LBB55:
 712              	.LBI55:
 713              		.loc 2 191 30 view .LVU206
 714              	.LBB56:
 715              		.loc 2 193 1 view .LVU207
 716              		.loc 2 195 2 view .LVU208
 717              		.syntax unified
 718              	@ 195 "Middlewares/Third_Party/FreeRTOS/Source/portable/GCC/ARM_CM3/portmacro.h" 1
 719 0020 4FF05003 			mov r3, #80												
 720 0024 83F31188 		msr basepri, r3											
 721 0028 BFF36F8F 		isb														
 722 002c BFF34F8F 		dsb														
 723              	
 724              	@ 0 "" 2
 725              	.LVL57:
 726              		.thumb
 727              		.syntax unified
 728              	.L47:
 729              		.loc 2 195 2 is_stmt 0 view .LVU209
 730              	.LBE56:
 731              	.LBE55:
 732              		.loc 1 453 2 is_stmt 1 discriminator 1 view .LVU210
 733              		.loc 1 453 2 discriminator 1 view .LVU211
 734              		.loc 1 453 2 discriminator 1 view .LVU212
 735 0030 FEE7     		b	.L47
 736              	.L48:
 737              	.LCFI9:
 738              		.cfi_def_cfa_offset 16
 739              		.cfi_offset 4, -16
 740              		.cfi_offset 5, -12
 741              		.cfi_offset 6, -8
 742              		.cfi_offset 14, -4
 743              		.loc 1 454 72 discriminator 2 view .LVU213
 744              		.loc 1 456 2 discriminator 2 view .LVU214
 745 0032 054B     		ldr	r3, .L53
 746 0034 9847     		blx	r3
 747              	.LVL58:
 748              		.loc 1 458 60 discriminator 2 view .LVU215
ARM GAS  C:\Users\38164\AppData\Local\Temp\cc3l5Mam.s 			page 14


 749              		.loc 1 462 3 discriminator 2 view .LVU216
 750              		.loc 1 462 12 is_stmt 0 discriminator 2 view .LVU217
 751 0036 3568     		ldr	r5, [r6]
 752              	.LVL59:
 753              		.loc 1 465 3 is_stmt 1 discriminator 2 view .LVU218
 754              		.loc 1 465 28 is_stmt 0 discriminator 2 view .LVU219
 755 0038 25EA0404 		bic	r4, r5, r4
 756              	.LVL60:
 757              		.loc 1 465 28 discriminator 2 view .LVU220
 758 003c 3460     		str	r4, [r6]
 759              		.loc 1 467 2 is_stmt 1 discriminator 2 view .LVU221
 760 003e 034B     		ldr	r3, .L53+4
 761 0040 9847     		blx	r3
 762              	.LVL61:
 763              		.loc 1 469 2 discriminator 2 view .LVU222
 764              		.loc 1 470 1 is_stmt 0 discriminator 2 view .LVU223
 765 0042 2846     		mov	r0, r5
 766 0044 70BD     		pop	{r4, r5, r6, pc}
 767              	.LVL62:
 768              	.L54:
 769              		.loc 1 470 1 discriminator 2 view .LVU224
 770 0046 00BF     		.align	2
 771              	.L53:
 772 0048 00000000 		.word	vPortEnterCritical
 773 004c 00000000 		.word	vPortExitCritical
 774              		.cfi_endproc
 775              	.LFE8:
 777              		.section	.text.vEventGroupClearBitsCallback,"ax",%progbits
 778              		.align	1
 779              		.global	vEventGroupClearBitsCallback
 780              		.syntax unified
 781              		.thumb
 782              		.thumb_func
 783              		.fpu softvfp
 785              	vEventGroupClearBitsCallback:
 786              	.LVL63:
 787              	.LFB14:
 788              		.loc 1 651 1 is_stmt 1 view -0
 789              		.cfi_startproc
 790              		@ args = 0, pretend = 0, frame = 0
 791              		@ frame_needed = 0, uses_anonymous_args = 0
 792              		.loc 1 651 1 is_stmt 0 view .LVU226
 793 0000 08B5     		push	{r3, lr}
 794              	.LCFI10:
 795              		.cfi_def_cfa_offset 8
 796              		.cfi_offset 3, -8
 797              		.cfi_offset 14, -4
 798              		.loc 1 652 2 is_stmt 1 view .LVU227
 799              		.loc 1 652 11 is_stmt 0 view .LVU228
 800 0002 014B     		ldr	r3, .L57
 801 0004 9847     		blx	r3
 802              	.LVL64:
 803              		.loc 1 653 1 view .LVU229
 804 0006 08BD     		pop	{r3, pc}
 805              	.L58:
 806              		.align	2
 807              	.L57:
ARM GAS  C:\Users\38164\AppData\Local\Temp\cc3l5Mam.s 			page 15


 808 0008 00000000 		.word	xEventGroupClearBits
 809              		.cfi_endproc
 810              	.LFE14:
 812              		.section	.text.xEventGroupClearBitsFromISR,"ax",%progbits
 813              		.align	1
 814              		.global	xEventGroupClearBitsFromISR
 815              		.syntax unified
 816              		.thumb
 817              		.thumb_func
 818              		.fpu softvfp
 820              	xEventGroupClearBitsFromISR:
 821              	.LVL65:
 822              	.LFB9:
 823              		.loc 1 476 2 is_stmt 1 view -0
 824              		.cfi_startproc
 825              		@ args = 0, pretend = 0, frame = 0
 826              		@ frame_needed = 0, uses_anonymous_args = 0
 827              		.loc 1 476 2 is_stmt 0 view .LVU231
 828 0000 10B5     		push	{r4, lr}
 829              	.LCFI11:
 830              		.cfi_def_cfa_offset 8
 831              		.cfi_offset 4, -8
 832              		.cfi_offset 14, -4
 833 0002 0A46     		mov	r2, r1
 834              		.loc 1 477 3 is_stmt 1 view .LVU232
 835              		.loc 1 479 69 view .LVU233
 836              		.loc 1 480 3 view .LVU234
 837              		.loc 1 480 13 is_stmt 0 view .LVU235
 838 0004 0023     		movs	r3, #0
 839 0006 0146     		mov	r1, r0
 840              	.LVL66:
 841              		.loc 1 480 13 view .LVU236
 842 0008 0148     		ldr	r0, .L61
 843              	.LVL67:
 844              		.loc 1 480 13 view .LVU237
 845 000a 024C     		ldr	r4, .L61+4
 846 000c A047     		blx	r4
 847              	.LVL68:
 848              		.loc 1 482 3 is_stmt 1 view .LVU238
 849              		.loc 1 483 2 is_stmt 0 view .LVU239
 850 000e 10BD     		pop	{r4, pc}
 851              	.L62:
 852              		.align	2
 853              	.L61:
 854 0010 00000000 		.word	vEventGroupClearBitsCallback
 855 0014 00000000 		.word	xTimerPendFunctionCallFromISR
 856              		.cfi_endproc
 857              	.LFE9:
 859              		.section	.text.xEventGroupGetBitsFromISR,"ax",%progbits
 860              		.align	1
 861              		.global	xEventGroupGetBitsFromISR
 862              		.syntax unified
 863              		.thumb
 864              		.thumb_func
 865              		.fpu softvfp
 867              	xEventGroupGetBitsFromISR:
 868              	.LVL69:
ARM GAS  C:\Users\38164\AppData\Local\Temp\cc3l5Mam.s 			page 16


 869              	.LFB10:
 870              		.loc 1 489 1 is_stmt 1 view -0
 871              		.cfi_startproc
 872              		@ args = 0, pretend = 0, frame = 0
 873              		@ frame_needed = 0, uses_anonymous_args = 0
 874              		@ link register save eliminated.
 875              		.loc 1 490 1 view .LVU241
 876              		.loc 1 491 1 view .LVU242
 877              		.loc 1 492 1 view .LVU243
 878              		.loc 1 494 2 view .LVU244
 879              	.LBB57:
 880              	.LBI57:
 881              		.loc 2 207 34 view .LVU245
 882              	.LBB58:
 883              		.loc 2 209 1 view .LVU246
 884              		.loc 2 211 2 view .LVU247
 885              		.syntax unified
 886              	@ 211 "Middlewares/Third_Party/FreeRTOS/Source/portable/GCC/ARM_CM3/portmacro.h" 1
 887 0000 EFF31183 			mrs r3, basepri											
 888 0004 4FF05002 		mov r2, #80												
 889 0008 82F31188 		msr basepri, r2											
 890 000c BFF36F8F 		isb														
 891 0010 BFF34F8F 		dsb														
 892              	
 893              	@ 0 "" 2
 894              	.LVL70:
 895              		.loc 2 223 2 view .LVU248
 896              		.loc 2 223 2 is_stmt 0 view .LVU249
 897              		.thumb
 898              		.syntax unified
 899              	.LBE58:
 900              	.LBE57:
 901              		.loc 1 496 3 is_stmt 1 view .LVU250
 902              		.loc 1 496 12 is_stmt 0 view .LVU251
 903 0014 0068     		ldr	r0, [r0]
 904              	.LVL71:
 905              		.loc 1 498 2 is_stmt 1 view .LVU252
 906              	.LBB59:
 907              	.LBI59:
 908              		.loc 2 227 30 view .LVU253
 909              	.LBB60:
 910              		.loc 2 229 2 view .LVU254
 911              		.syntax unified
 912              	@ 229 "Middlewares/Third_Party/FreeRTOS/Source/portable/GCC/ARM_CM3/portmacro.h" 1
 913 0016 83F31188 			msr basepri, r3	
 914              	@ 0 "" 2
 915              	.LVL72:
 916              		.loc 2 229 2 is_stmt 0 view .LVU255
 917              		.thumb
 918              		.syntax unified
 919              	.LBE60:
 920              	.LBE59:
 921              		.loc 1 500 2 is_stmt 1 view .LVU256
 922              		.loc 1 501 1 is_stmt 0 view .LVU257
 923 001a 7047     		bx	lr
 924              		.cfi_endproc
 925              	.LFE10:
ARM GAS  C:\Users\38164\AppData\Local\Temp\cc3l5Mam.s 			page 17


 927              		.section	.text.xEventGroupSetBits,"ax",%progbits
 928              		.align	1
 929              		.global	xEventGroupSetBits
 930              		.syntax unified
 931              		.thumb
 932              		.thumb_func
 933              		.fpu softvfp
 935              	xEventGroupSetBits:
 936              	.LVL73:
 937              	.LFB11:
 938              		.loc 1 505 1 is_stmt 1 view -0
 939              		.cfi_startproc
 940              		@ args = 0, pretend = 0, frame = 0
 941              		@ frame_needed = 0, uses_anonymous_args = 0
 942              		.loc 1 505 1 is_stmt 0 view .LVU259
 943 0000 F8B5     		push	{r3, r4, r5, r6, r7, lr}
 944              	.LCFI12:
 945              		.cfi_def_cfa_offset 24
 946              		.cfi_offset 3, -24
 947              		.cfi_offset 4, -20
 948              		.cfi_offset 5, -16
 949              		.cfi_offset 6, -12
 950              		.cfi_offset 7, -8
 951              		.cfi_offset 14, -4
 952              		.loc 1 506 1 is_stmt 1 view .LVU260
 953              		.loc 1 507 1 view .LVU261
 954              		.loc 1 508 1 view .LVU262
 955              		.loc 1 509 1 view .LVU263
 956              	.LVL74:
 957              		.loc 1 510 1 view .LVU264
 958              		.loc 1 511 1 view .LVU265
 959              		.loc 1 515 2 view .LVU266
 960 0002 68B1     		cbz	r0, .L76
 961 0004 0D46     		mov	r5, r1
 962 0006 0446     		mov	r4, r0
 963              		.loc 1 515 29 discriminator 2 view .LVU267
 964              		.loc 1 516 2 discriminator 2 view .LVU268
 965 0008 11F07F46 		ands	r6, r1, #-16777216
 966 000c 11D0     		beq	.L67
 967              		.loc 1 516 2 view .LVU269
 968              	.LBB61:
 969              	.LBI61:
 970              		.loc 2 191 30 view .LVU270
 971              	.LBB62:
 972              		.loc 2 193 1 view .LVU271
 973              		.loc 2 195 2 view .LVU272
 974              		.syntax unified
 975              	@ 195 "Middlewares/Third_Party/FreeRTOS/Source/portable/GCC/ARM_CM3/portmacro.h" 1
 976 000e 4FF05003 			mov r3, #80												
 977 0012 83F31188 		msr basepri, r3											
 978 0016 BFF36F8F 		isb														
 979 001a BFF34F8F 		dsb														
 980              	
 981              	@ 0 "" 2
 982              	.LVL75:
 983              		.thumb
 984              		.syntax unified
ARM GAS  C:\Users\38164\AppData\Local\Temp\cc3l5Mam.s 			page 18


 985              	.L68:
 986              		.loc 2 195 2 is_stmt 0 view .LVU273
 987              	.LBE62:
 988              	.LBE61:
 989              		.loc 1 516 2 is_stmt 1 discriminator 2 view .LVU274
 990              		.loc 1 516 2 discriminator 2 view .LVU275
 991              		.loc 1 516 2 discriminator 2 view .LVU276
 992 001e FEE7     		b	.L68
 993              	.L76:
 994              		.loc 1 515 2 view .LVU277
 995              	.LBB63:
 996              	.LBI63:
 997              		.loc 2 191 30 view .LVU278
 998              	.LBB64:
 999              		.loc 2 193 1 view .LVU279
 1000              		.loc 2 195 2 view .LVU280
 1001              		.syntax unified
 1002              	@ 195 "Middlewares/Third_Party/FreeRTOS/Source/portable/GCC/ARM_CM3/portmacro.h" 1
 1003 0020 4FF05003 			mov r3, #80												
 1004 0024 83F31188 		msr basepri, r3											
 1005 0028 BFF36F8F 		isb														
 1006 002c BFF34F8F 		dsb														
 1007              	
 1008              	@ 0 "" 2
 1009              	.LVL76:
 1010              		.thumb
 1011              		.syntax unified
 1012              	.L66:
 1013              		.loc 2 195 2 is_stmt 0 view .LVU281
 1014              	.LBE64:
 1015              	.LBE63:
 1016              		.loc 1 515 2 is_stmt 1 discriminator 1 view .LVU282
 1017              		.loc 1 515 2 discriminator 1 view .LVU283
 1018              		.loc 1 515 2 discriminator 1 view .LVU284
 1019 0030 FEE7     		b	.L66
 1020              	.L67:
 1021              		.loc 1 516 70 discriminator 2 view .LVU285
 1022              		.loc 1 518 2 discriminator 2 view .LVU286
 1023              	.LVL77:
 1024              		.loc 1 519 2 discriminator 2 view .LVU287
 1025              		.loc 1 519 12 is_stmt 0 discriminator 2 view .LVU288
 1026 0032 00F10C07 		add	r7, r0, #12
 1027              	.LVL78:
 1028              		.loc 1 520 2 is_stmt 1 discriminator 2 view .LVU289
 1029 0036 154B     		ldr	r3, .L78
 1030 0038 9847     		blx	r3
 1031              	.LVL79:
 1032              		.loc 1 522 56 discriminator 2 view .LVU290
 1033              		.loc 1 524 3 discriminator 2 view .LVU291
 1034              		.loc 1 524 14 is_stmt 0 discriminator 2 view .LVU292
 1035 003a 2069     		ldr	r0, [r4, #16]
 1036              	.LVL80:
 1037              		.loc 1 527 3 is_stmt 1 discriminator 2 view .LVU293
 1038              		.loc 1 527 28 is_stmt 0 discriminator 2 view .LVU294
 1039 003c 2368     		ldr	r3, [r4]
 1040 003e 2B43     		orrs	r3, r3, r5
 1041 0040 2360     		str	r3, [r4]
ARM GAS  C:\Users\38164\AppData\Local\Temp\cc3l5Mam.s 			page 19


 1042              		.loc 1 530 3 is_stmt 1 discriminator 2 view .LVU295
 1043              		.loc 1 530 8 is_stmt 0 discriminator 2 view .LVU296
 1044 0042 0AE0     		b	.L69
 1045              	.LVL81:
 1046              	.L70:
 1047              		.loc 1 552 9 is_stmt 1 view .LVU297
 1048              		.loc 1 552 44 is_stmt 0 view .LVU298
 1049 0044 2168     		ldr	r1, [r4]
 1050              		.loc 1 552 11 view .LVU299
 1051 0046 33EA0101 		bics	r1, r3, r1
 1052 004a 05D1     		bne	.L72
 1053              		.loc 1 552 11 view .LVU300
 1054 004c 11E0     		b	.L71
 1055              	.LVL82:
 1056              	.L73:
 1057              		.loc 1 571 30 is_stmt 1 view .LVU301
 1058              		.loc 1 579 5 view .LVU302
 1059              		.loc 1 579 63 is_stmt 0 view .LVU303
 1060 004e 2168     		ldr	r1, [r4]
 1061              		.loc 1 579 5 view .LVU304
 1062 0050 41F00071 		orr	r1, r1, #33554432
 1063 0054 0E4B     		ldr	r3, .L78+4
 1064              	.LVL83:
 1065              		.loc 1 579 5 view .LVU305
 1066 0056 9847     		blx	r3
 1067              	.LVL84:
 1068              	.L72:
 1069              		.loc 1 505 1 view .LVU306
 1070 0058 2846     		mov	r0, r5
 1071              	.LVL85:
 1072              	.L69:
 1073              		.loc 1 530 8 is_stmt 1 view .LVU307
 1074 005a B842     		cmp	r0, r7
 1075 005c 0ED0     		beq	.L77
 1076              		.loc 1 532 4 view .LVU308
 1077              		.loc 1 532 11 is_stmt 0 view .LVU309
 1078 005e 4568     		ldr	r5, [r0, #4]
 1079              	.LVL86:
 1080              		.loc 1 533 4 is_stmt 1 view .LVU310
 1081              		.loc 1 533 20 is_stmt 0 view .LVU311
 1082 0060 0268     		ldr	r2, [r0]
 1083              	.LVL87:
 1084              		.loc 1 534 4 is_stmt 1 view .LVU312
 1085              		.loc 1 537 4 view .LVU313
 1086              		.loc 1 538 4 view .LVU314
 1087              		.loc 1 538 20 is_stmt 0 view .LVU315
 1088 0062 22F07F43 		bic	r3, r2, #-16777216
 1089              	.LVL88:
 1090              		.loc 1 540 4 is_stmt 1 view .LVU316
 1091              		.loc 1 540 6 is_stmt 0 view .LVU317
 1092 0066 12F0806F 		tst	r2, #67108864
 1093 006a EBD1     		bne	.L70
 1094              		.loc 1 543 5 is_stmt 1 view .LVU318
 1095              		.loc 1 543 40 is_stmt 0 view .LVU319
 1096 006c 2168     		ldr	r1, [r4]
 1097              		.loc 1 543 7 view .LVU320
 1098 006e 1942     		tst	r1, r3
ARM GAS  C:\Users\38164\AppData\Local\Temp\cc3l5Mam.s 			page 20


 1099 0070 F2D0     		beq	.L72
 1100              	.L71:
 1101              	.LVL89:
 1102              		.loc 1 565 5 is_stmt 1 view .LVU321
 1103              		.loc 1 565 7 is_stmt 0 view .LVU322
 1104 0072 12F0807F 		tst	r2, #16777216
 1105 0076 EAD0     		beq	.L73
 1106              		.loc 1 567 6 is_stmt 1 view .LVU323
 1107              		.loc 1 567 20 is_stmt 0 view .LVU324
 1108 0078 1E43     		orrs	r6, r6, r3
 1109              	.LVL90:
 1110              		.loc 1 567 20 view .LVU325
 1111 007a E8E7     		b	.L73
 1112              	.LVL91:
 1113              	.L77:
 1114              		.loc 1 590 3 is_stmt 1 view .LVU326
 1115              		.loc 1 590 28 is_stmt 0 view .LVU327
 1116 007c 2368     		ldr	r3, [r4]
 1117 007e 23EA0603 		bic	r3, r3, r6
 1118 0082 2360     		str	r3, [r4]
 1119              		.loc 1 592 2 is_stmt 1 view .LVU328
 1120              		.loc 1 592 11 is_stmt 0 view .LVU329
 1121 0084 034B     		ldr	r3, .L78+8
 1122 0086 9847     		blx	r3
 1123              	.LVL92:
 1124              		.loc 1 594 2 is_stmt 1 view .LVU330
 1125              		.loc 1 595 1 is_stmt 0 view .LVU331
 1126 0088 2068     		ldr	r0, [r4]
 1127 008a F8BD     		pop	{r3, r4, r5, r6, r7, pc}
 1128              	.LVL93:
 1129              	.L79:
 1130              		.loc 1 595 1 view .LVU332
 1131              		.align	2
 1132              	.L78:
 1133 008c 00000000 		.word	vTaskSuspendAll
 1134 0090 00000000 		.word	vTaskRemoveFromUnorderedEventList
 1135 0094 00000000 		.word	xTaskResumeAll
 1136              		.cfi_endproc
 1137              	.LFE11:
 1139              		.section	.text.xEventGroupSync,"ax",%progbits
 1140              		.align	1
 1141              		.global	xEventGroupSync
 1142              		.syntax unified
 1143              		.thumb
 1144              		.thumb_func
 1145              		.fpu softvfp
 1147              	xEventGroupSync:
 1148              	.LVL94:
 1149              	.LFB6:
 1150              		.loc 1 177 1 is_stmt 1 view -0
 1151              		.cfi_startproc
 1152              		@ args = 0, pretend = 0, frame = 0
 1153              		@ frame_needed = 0, uses_anonymous_args = 0
 1154              		.loc 1 177 1 is_stmt 0 view .LVU334
 1155 0000 2DE9F843 		push	{r3, r4, r5, r6, r7, r8, r9, lr}
 1156              	.LCFI13:
 1157              		.cfi_def_cfa_offset 32
ARM GAS  C:\Users\38164\AppData\Local\Temp\cc3l5Mam.s 			page 21


 1158              		.cfi_offset 3, -32
 1159              		.cfi_offset 4, -28
 1160              		.cfi_offset 5, -24
 1161              		.cfi_offset 6, -20
 1162              		.cfi_offset 7, -16
 1163              		.cfi_offset 8, -12
 1164              		.cfi_offset 9, -8
 1165              		.cfi_offset 14, -4
 1166              		.loc 1 178 1 is_stmt 1 view .LVU335
 1167              		.loc 1 179 1 view .LVU336
 1168              	.LVL95:
 1169              		.loc 1 180 1 view .LVU337
 1170              		.loc 1 181 1 view .LVU338
 1171              		.loc 1 183 2 view .LVU339
 1172 0004 12F07F48 		ands	r8, r2, #-16777216
 1173 0008 08D0     		beq	.L81
 1174              		.loc 1 183 2 view .LVU340
 1175              	.LBB65:
 1176              	.LBI65:
 1177              		.loc 2 191 30 view .LVU341
 1178              	.LBB66:
 1179              		.loc 2 193 1 view .LVU342
 1180              		.loc 2 195 2 view .LVU343
 1181              		.syntax unified
 1182              	@ 195 "Middlewares/Third_Party/FreeRTOS/Source/portable/GCC/ARM_CM3/portmacro.h" 1
 1183 000a 4FF05003 			mov r3, #80												
 1184 000e 83F31188 		msr basepri, r3											
 1185 0012 BFF36F8F 		isb														
 1186 0016 BFF34F8F 		dsb														
 1187              	
 1188              	@ 0 "" 2
 1189              	.LVL96:
 1190              		.thumb
 1191              		.syntax unified
 1192              	.L82:
 1193              		.loc 2 195 2 is_stmt 0 view .LVU344
 1194              	.LBE66:
 1195              	.LBE65:
 1196              		.loc 1 183 2 is_stmt 1 discriminator 1 view .LVU345
 1197              		.loc 1 183 2 discriminator 1 view .LVU346
 1198              		.loc 1 183 2 discriminator 1 view .LVU347
 1199 001a FEE7     		b	.L82
 1200              	.LVL97:
 1201              	.L81:
 1202              		.loc 1 183 2 is_stmt 0 discriminator 1 view .LVU348
 1203 001c 0646     		mov	r6, r0
 1204 001e 0C46     		mov	r4, r1
 1205 0020 1546     		mov	r5, r2
 1206 0022 1F46     		mov	r7, r3
 1207              		.loc 1 183 74 is_stmt 1 discriminator 2 view .LVU349
 1208              		.loc 1 184 2 discriminator 2 view .LVU350
 1209 0024 42B9     		cbnz	r2, .L83
 1210              		.loc 1 184 2 view .LVU351
 1211              	.LBB67:
 1212              	.LBI67:
 1213              		.loc 2 191 30 view .LVU352
 1214              	.LBB68:
ARM GAS  C:\Users\38164\AppData\Local\Temp\cc3l5Mam.s 			page 22


 1215              		.loc 2 193 1 view .LVU353
 1216              		.loc 2 195 2 view .LVU354
 1217              		.syntax unified
 1218              	@ 195 "Middlewares/Third_Party/FreeRTOS/Source/portable/GCC/ARM_CM3/portmacro.h" 1
 1219 0026 4FF05003 			mov r3, #80												
 1220 002a 83F31188 		msr basepri, r3											
 1221 002e BFF36F8F 		isb														
 1222 0032 BFF34F8F 		dsb														
 1223              	
 1224              	@ 0 "" 2
 1225              	.LVL98:
 1226              		.thumb
 1227              		.syntax unified
 1228              	.L84:
 1229              		.loc 2 195 2 is_stmt 0 view .LVU355
 1230              	.LBE68:
 1231              	.LBE67:
 1232              		.loc 1 184 2 is_stmt 1 discriminator 2 view .LVU356
 1233              		.loc 1 184 2 discriminator 2 view .LVU357
 1234              		.loc 1 184 2 discriminator 2 view .LVU358
 1235 0036 FEE7     		b	.L84
 1236              	.LVL99:
 1237              	.L83:
 1238              		.loc 1 184 38 discriminator 2 view .LVU359
 1239              		.loc 1 187 3 discriminator 2 view .LVU360
 1240 0038 264B     		ldr	r3, .L99
 1241              	.LVL100:
 1242              		.loc 1 187 3 is_stmt 0 discriminator 2 view .LVU361
 1243 003a 9847     		blx	r3
 1244              	.LVL101:
 1245              		.loc 1 187 3 discriminator 2 view .LVU362
 1246 003c 48B9     		cbnz	r0, .L85
 1247 003e 47B1     		cbz	r7, .L85
 1248              		.loc 1 187 3 is_stmt 1 view .LVU363
 1249              	.LBB69:
 1250              	.LBI69:
 1251              		.loc 2 191 30 view .LVU364
 1252              	.LBB70:
 1253              		.loc 2 193 1 view .LVU365
 1254              		.loc 2 195 2 view .LVU366
 1255              		.syntax unified
 1256              	@ 195 "Middlewares/Third_Party/FreeRTOS/Source/portable/GCC/ARM_CM3/portmacro.h" 1
 1257 0040 4FF05003 			mov r3, #80												
 1258 0044 83F31188 		msr basepri, r3											
 1259 0048 BFF36F8F 		isb														
 1260 004c BFF34F8F 		dsb														
 1261              	
 1262              	@ 0 "" 2
 1263              	.LVL102:
 1264              		.thumb
 1265              		.syntax unified
 1266              	.L86:
 1267              		.loc 2 195 2 is_stmt 0 view .LVU367
 1268              	.LBE70:
 1269              	.LBE69:
 1270              		.loc 1 187 3 is_stmt 1 discriminator 3 view .LVU368
 1271              		.loc 1 187 3 discriminator 3 view .LVU369
ARM GAS  C:\Users\38164\AppData\Local\Temp\cc3l5Mam.s 			page 23


 1272              		.loc 1 187 3 discriminator 3 view .LVU370
 1273 0050 FEE7     		b	.L86
 1274              	.L85:
 1275              		.loc 1 187 104 discriminator 8 view .LVU371
 1276              		.loc 1 191 2 discriminator 8 view .LVU372
 1277 0052 214B     		ldr	r3, .L99+4
 1278 0054 9847     		blx	r3
 1279              	.LVL103:
 1280              		.loc 1 193 3 discriminator 8 view .LVU373
 1281              		.loc 1 193 22 is_stmt 0 discriminator 8 view .LVU374
 1282 0056 D6F80090 		ldr	r9, [r6]
 1283              	.LVL104:
 1284              		.loc 1 195 3 is_stmt 1 discriminator 8 view .LVU375
 1285              		.loc 1 195 12 is_stmt 0 discriminator 8 view .LVU376
 1286 005a 2146     		mov	r1, r4
 1287 005c 3046     		mov	r0, r6
 1288 005e 1F4B     		ldr	r3, .L99+8
 1289 0060 9847     		blx	r3
 1290              	.LVL105:
 1291              		.loc 1 197 3 is_stmt 1 discriminator 8 view .LVU377
 1292              		.loc 1 197 30 is_stmt 0 discriminator 8 view .LVU378
 1293 0062 49EA0404 		orr	r4, r9, r4
 1294              	.LVL106:
 1295              		.loc 1 197 5 discriminator 8 view .LVU379
 1296 0066 35EA0403 		bics	r3, r5, r4
 1297 006a 18D0     		beq	.L95
 1298              		.loc 1 210 4 is_stmt 1 view .LVU380
 1299              		.loc 1 210 6 is_stmt 0 view .LVU381
 1300 006c EFB9     		cbnz	r7, .L96
 1301              		.loc 1 229 5 is_stmt 1 view .LVU382
 1302              		.loc 1 229 14 is_stmt 0 view .LVU383
 1303 006e 3468     		ldr	r4, [r6]
 1304              	.LVL107:
 1305              		.loc 1 230 5 is_stmt 1 view .LVU384
 1306              	.L88:
 1307              		.loc 1 234 2 view .LVU385
 1308              		.loc 1 234 20 is_stmt 0 view .LVU386
 1309 0070 1B4B     		ldr	r3, .L99+12
 1310 0072 9847     		blx	r3
 1311              	.LVL108:
 1312              		.loc 1 236 2 is_stmt 1 view .LVU387
 1313              		.loc 1 236 4 is_stmt 0 view .LVU388
 1314 0074 87B1     		cbz	r7, .L80
 1315              		.loc 1 238 3 is_stmt 1 view .LVU389
 1316              		.loc 1 238 5 is_stmt 0 view .LVU390
 1317 0076 38B9     		cbnz	r0, .L91
 1318              		.loc 1 240 4 is_stmt 1 view .LVU391
 1319 0078 1A4B     		ldr	r3, .L99+16
 1320 007a 4FF08052 		mov	r2, #268435456
 1321 007e 1A60     		str	r2, [r3]
 1322              		.loc 1 240 4 view .LVU392
 1323              		.syntax unified
 1324              	@ 240 "Middlewares/Third_Party/FreeRTOS/Source/event_groups.c" 1
 1325 0080 BFF34F8F 		dsb
 1326              	@ 0 "" 2
 1327              		.loc 1 240 4 view .LVU393
 1328              	@ 240 "Middlewares/Third_Party/FreeRTOS/Source/event_groups.c" 1
ARM GAS  C:\Users\38164\AppData\Local\Temp\cc3l5Mam.s 			page 24


 1329 0084 BFF36F8F 		isb
 1330              	@ 0 "" 2
 1331              		.loc 1 240 26 view .LVU394
 1332              		.thumb
 1333              		.syntax unified
 1334              	.L91:
 1335              		.loc 1 244 28 view .LVU395
 1336              		.loc 1 251 3 view .LVU396
 1337              		.loc 1 251 14 is_stmt 0 view .LVU397
 1338 0088 174B     		ldr	r3, .L99+20
 1339 008a 9847     		blx	r3
 1340              	.LVL109:
 1341              		.loc 1 251 14 view .LVU398
 1342 008c 0446     		mov	r4, r0
 1343              	.LVL110:
 1344              		.loc 1 253 3 is_stmt 1 view .LVU399
 1345              		.loc 1 253 5 is_stmt 0 view .LVU400
 1346 008e 10F0007F 		tst	r0, #33554432
 1347 0092 12D0     		beq	.L97
 1348              	.LVL111:
 1349              	.L92:
 1350              		.loc 1 280 3 is_stmt 1 view .LVU401
 1351              		.loc 1 284 3 view .LVU402
 1352              		.loc 1 284 12 is_stmt 0 view .LVU403
 1353 0094 24F07F44 		bic	r4, r4, #-16777216
 1354              	.LVL112:
 1355              		.loc 1 287 2 is_stmt 1 view .LVU404
 1356              		.loc 1 290 2 view .LVU405
 1357              		.loc 1 292 2 view .LVU406
 1358              	.L80:
 1359              		.loc 1 293 1 is_stmt 0 view .LVU407
 1360 0098 2046     		mov	r0, r4
 1361 009a BDE8F883 		pop	{r3, r4, r5, r6, r7, r8, r9, pc}
 1362              	.LVL113:
 1363              	.L95:
 1364              		.loc 1 200 4 is_stmt 1 view .LVU408
 1365              		.loc 1 204 4 view .LVU409
 1366              		.loc 1 204 29 is_stmt 0 view .LVU410
 1367 009e 3368     		ldr	r3, [r6]
 1368 00a0 23EA0503 		bic	r3, r3, r5
 1369 00a4 3360     		str	r3, [r6]
 1370              		.loc 1 206 4 is_stmt 1 view .LVU411
 1371              	.LVL114:
 1372              		.loc 1 206 17 is_stmt 0 view .LVU412
 1373 00a6 4746     		mov	r7, r8
 1374 00a8 E2E7     		b	.L88
 1375              	.LVL115:
 1376              	.L96:
 1377              		.loc 1 212 77 is_stmt 1 view .LVU413
 1378              		.loc 1 217 5 view .LVU414
 1379 00aa 3A46     		mov	r2, r7
 1380 00ac 45F0A061 		orr	r1, r5, #83886080
 1381 00b0 301D     		adds	r0, r6, #4
 1382 00b2 0E4B     		ldr	r3, .L99+24
 1383 00b4 9847     		blx	r3
 1384              	.LVL116:
 1385              		.loc 1 223 5 view .LVU415
ARM GAS  C:\Users\38164\AppData\Local\Temp\cc3l5Mam.s 			page 25


 1386              		.loc 1 223 14 is_stmt 0 view .LVU416
 1387 00b6 4446     		mov	r4, r8
 1388 00b8 DAE7     		b	.L88
 1389              	.LVL117:
 1390              	.L97:
 1391              		.loc 1 256 4 is_stmt 1 view .LVU417
 1392 00ba 0D4B     		ldr	r3, .L99+28
 1393 00bc 9847     		blx	r3
 1394              	.LVL118:
 1395              		.loc 1 258 5 view .LVU418
 1396              		.loc 1 258 14 is_stmt 0 view .LVU419
 1397 00be 3468     		ldr	r4, [r6]
 1398              	.LVL119:
 1399              		.loc 1 264 5 is_stmt 1 view .LVU420
 1400              		.loc 1 264 7 is_stmt 0 view .LVU421
 1401 00c0 35EA0403 		bics	r3, r5, r4
 1402 00c4 02D0     		beq	.L98
 1403              	.LVL120:
 1404              	.L93:
 1405              		.loc 1 270 30 is_stmt 1 view .LVU422
 1406              		.loc 1 273 4 view .LVU423
 1407 00c6 0B4B     		ldr	r3, .L99+32
 1408 00c8 9847     		blx	r3
 1409              	.LVL121:
 1410              		.loc 1 275 4 view .LVU424
 1411              		.loc 1 275 4 is_stmt 0 view .LVU425
 1412 00ca E3E7     		b	.L92
 1413              	.LVL122:
 1414              	.L98:
 1415              		.loc 1 266 6 is_stmt 1 view .LVU426
 1416              		.loc 1 266 31 is_stmt 0 view .LVU427
 1417 00cc 24EA0505 		bic	r5, r4, r5
 1418              	.LVL123:
 1419              		.loc 1 266 31 view .LVU428
 1420 00d0 3560     		str	r5, [r6]
 1421 00d2 F8E7     		b	.L93
 1422              	.L100:
 1423              		.align	2
 1424              	.L99:
 1425 00d4 00000000 		.word	xTaskGetSchedulerState
 1426 00d8 00000000 		.word	vTaskSuspendAll
 1427 00dc 00000000 		.word	xEventGroupSetBits
 1428 00e0 00000000 		.word	xTaskResumeAll
 1429 00e4 04ED00E0 		.word	-536810236
 1430 00e8 00000000 		.word	uxTaskResetEventItemValue
 1431 00ec 00000000 		.word	vTaskPlaceOnUnorderedEventList
 1432 00f0 00000000 		.word	vPortEnterCritical
 1433 00f4 00000000 		.word	vPortExitCritical
 1434              		.cfi_endproc
 1435              	.LFE6:
 1437              		.section	.text.vEventGroupSetBitsCallback,"ax",%progbits
 1438              		.align	1
 1439              		.global	vEventGroupSetBitsCallback
 1440              		.syntax unified
 1441              		.thumb
 1442              		.thumb_func
 1443              		.fpu softvfp
ARM GAS  C:\Users\38164\AppData\Local\Temp\cc3l5Mam.s 			page 26


 1445              	vEventGroupSetBitsCallback:
 1446              	.LVL124:
 1447              	.LFB13:
 1448              		.loc 1 643 1 is_stmt 1 view -0
 1449              		.cfi_startproc
 1450              		@ args = 0, pretend = 0, frame = 0
 1451              		@ frame_needed = 0, uses_anonymous_args = 0
 1452              		.loc 1 643 1 is_stmt 0 view .LVU430
 1453 0000 08B5     		push	{r3, lr}
 1454              	.LCFI14:
 1455              		.cfi_def_cfa_offset 8
 1456              		.cfi_offset 3, -8
 1457              		.cfi_offset 14, -4
 1458              		.loc 1 644 2 is_stmt 1 view .LVU431
 1459              		.loc 1 644 11 is_stmt 0 view .LVU432
 1460 0002 014B     		ldr	r3, .L103
 1461 0004 9847     		blx	r3
 1462              	.LVL125:
 1463              		.loc 1 645 1 view .LVU433
 1464 0006 08BD     		pop	{r3, pc}
 1465              	.L104:
 1466              		.align	2
 1467              	.L103:
 1468 0008 00000000 		.word	xEventGroupSetBits
 1469              		.cfi_endproc
 1470              	.LFE13:
 1472              		.section	.text.vEventGroupDelete,"ax",%progbits
 1473              		.align	1
 1474              		.global	vEventGroupDelete
 1475              		.syntax unified
 1476              		.thumb
 1477              		.thumb_func
 1478              		.fpu softvfp
 1480              	vEventGroupDelete:
 1481              	.LVL126:
 1482              	.LFB12:
 1483              		.loc 1 599 1 is_stmt 1 view -0
 1484              		.cfi_startproc
 1485              		@ args = 0, pretend = 0, frame = 0
 1486              		@ frame_needed = 0, uses_anonymous_args = 0
 1487              		.loc 1 599 1 is_stmt 0 view .LVU435
 1488 0000 10B5     		push	{r4, lr}
 1489              	.LCFI15:
 1490              		.cfi_def_cfa_offset 8
 1491              		.cfi_offset 4, -8
 1492              		.cfi_offset 14, -4
 1493 0002 0446     		mov	r4, r0
 1494              		.loc 1 600 1 is_stmt 1 view .LVU436
 1495              	.LVL127:
 1496              		.loc 1 601 1 view .LVU437
 1497              		.loc 1 603 2 view .LVU438
 1498 0004 0F4B     		ldr	r3, .L115
 1499 0006 9847     		blx	r3
 1500              	.LVL128:
 1501              		.loc 1 605 41 view .LVU439
 1502              		.loc 1 607 3 view .LVU440
 1503              	.L106:
ARM GAS  C:\Users\38164\AppData\Local\Temp\cc3l5Mam.s 			page 27


 1504              		.loc 1 607 8 view .LVU441
 1505              		.loc 1 607 10 is_stmt 0 view .LVU442
 1506 0008 6368     		ldr	r3, [r4, #4]
 1507              		.loc 1 607 8 view .LVU443
 1508 000a 93B1     		cbz	r3, .L112
 1509              		.loc 1 611 4 is_stmt 1 view .LVU444
 1510 000c 2069     		ldr	r0, [r4, #16]
 1511 000e 04F10C03 		add	r3, r4, #12
 1512 0012 9842     		cmp	r0, r3
 1513 0014 04D0     		beq	.L113
 1514              		.loc 1 611 121 discriminator 2 view .LVU445
 1515              		.loc 1 612 4 discriminator 2 view .LVU446
 1516 0016 4FF00071 		mov	r1, #33554432
 1517 001a 0B4B     		ldr	r3, .L115+4
 1518 001c 9847     		blx	r3
 1519              	.LVL129:
 1520 001e F3E7     		b	.L106
 1521              	.L113:
 1522              		.loc 1 611 4 view .LVU447
 1523              	.LBB71:
 1524              	.LBI71:
 1525              		.loc 2 191 30 view .LVU448
 1526              	.LBB72:
 1527              		.loc 2 193 1 view .LVU449
 1528              		.loc 2 195 2 view .LVU450
 1529              		.syntax unified
 1530              	@ 195 "Middlewares/Third_Party/FreeRTOS/Source/portable/GCC/ARM_CM3/portmacro.h" 1
 1531 0020 4FF05003 			mov r3, #80												
 1532 0024 83F31188 		msr basepri, r3											
 1533 0028 BFF36F8F 		isb														
 1534 002c BFF34F8F 		dsb														
 1535              	
 1536              	@ 0 "" 2
 1537              	.LVL130:
 1538              		.thumb
 1539              		.syntax unified
 1540              	.L108:
 1541              		.loc 2 195 2 is_stmt 0 view .LVU451
 1542              	.LBE72:
 1543              	.LBE71:
 1544              		.loc 1 611 4 is_stmt 1 discriminator 1 view .LVU452
 1545              		.loc 1 611 4 discriminator 1 view .LVU453
 1546              		.loc 1 611 4 discriminator 1 view .LVU454
 1547 0030 FEE7     		b	.L108
 1548              	.L112:
 1549              		.loc 1 625 4 view .LVU455
 1550              		.loc 1 625 19 is_stmt 0 view .LVU456
 1551 0032 237F     		ldrb	r3, [r4, #28]	@ zero_extendqisi2
 1552              		.loc 1 625 6 view .LVU457
 1553 0034 13B1     		cbz	r3, .L114
 1554              	.L110:
 1555              		.loc 1 631 29 is_stmt 1 view .LVU458
 1556              		.loc 1 636 2 view .LVU459
 1557              		.loc 1 636 11 is_stmt 0 view .LVU460
 1558 0036 054B     		ldr	r3, .L115+8
 1559 0038 9847     		blx	r3
 1560              	.LVL131:
ARM GAS  C:\Users\38164\AppData\Local\Temp\cc3l5Mam.s 			page 28


 1561              		.loc 1 637 1 view .LVU461
 1562 003a 10BD     		pop	{r4, pc}
 1563              	.LVL132:
 1564              	.L114:
 1565              		.loc 1 627 5 is_stmt 1 view .LVU462
 1566 003c 2046     		mov	r0, r4
 1567 003e 044B     		ldr	r3, .L115+12
 1568 0040 9847     		blx	r3
 1569              	.LVL133:
 1570 0042 F8E7     		b	.L110
 1571              	.L116:
 1572              		.align	2
 1573              	.L115:
 1574 0044 00000000 		.word	vTaskSuspendAll
 1575 0048 00000000 		.word	vTaskRemoveFromUnorderedEventList
 1576 004c 00000000 		.word	xTaskResumeAll
 1577 0050 00000000 		.word	vPortFree
 1578              		.cfi_endproc
 1579              	.LFE12:
 1581              		.section	.text.xEventGroupSetBitsFromISR,"ax",%progbits
 1582              		.align	1
 1583              		.global	xEventGroupSetBitsFromISR
 1584              		.syntax unified
 1585              		.thumb
 1586              		.thumb_func
 1587              		.fpu softvfp
 1589              	xEventGroupSetBitsFromISR:
 1590              	.LVL134:
 1591              	.LFB16:
 1592              		.loc 1 694 2 view -0
 1593              		.cfi_startproc
 1594              		@ args = 0, pretend = 0, frame = 0
 1595              		@ frame_needed = 0, uses_anonymous_args = 0
 1596              		.loc 1 694 2 is_stmt 0 view .LVU464
 1597 0000 10B5     		push	{r4, lr}
 1598              	.LCFI16:
 1599              		.cfi_def_cfa_offset 8
 1600              		.cfi_offset 4, -8
 1601              		.cfi_offset 14, -4
 1602 0002 1346     		mov	r3, r2
 1603              		.loc 1 695 2 is_stmt 1 view .LVU465
 1604              		.loc 1 697 65 view .LVU466
 1605              		.loc 1 698 3 view .LVU467
 1606              		.loc 1 698 13 is_stmt 0 view .LVU468
 1607 0004 0A46     		mov	r2, r1
 1608              	.LVL135:
 1609              		.loc 1 698 13 view .LVU469
 1610 0006 0146     		mov	r1, r0
 1611              	.LVL136:
 1612              		.loc 1 698 13 view .LVU470
 1613 0008 0148     		ldr	r0, .L119
 1614              	.LVL137:
 1615              		.loc 1 698 13 view .LVU471
 1616 000a 024C     		ldr	r4, .L119+4
 1617 000c A047     		blx	r4
 1618              	.LVL138:
 1619              		.loc 1 700 3 is_stmt 1 view .LVU472
ARM GAS  C:\Users\38164\AppData\Local\Temp\cc3l5Mam.s 			page 29


 1620              		.loc 1 701 2 is_stmt 0 view .LVU473
 1621 000e 10BD     		pop	{r4, pc}
 1622              	.L120:
 1623              		.align	2
 1624              	.L119:
 1625 0010 00000000 		.word	vEventGroupSetBitsCallback
 1626 0014 00000000 		.word	xTimerPendFunctionCallFromISR
 1627              		.cfi_endproc
 1628              	.LFE16:
 1630              		.section	.text.uxEventGroupGetNumber,"ax",%progbits
 1631              		.align	1
 1632              		.global	uxEventGroupGetNumber
 1633              		.syntax unified
 1634              		.thumb
 1635              		.thumb_func
 1636              		.fpu softvfp
 1638              	uxEventGroupGetNumber:
 1639              	.LVL139:
 1640              	.LFB17:
 1641              		.loc 1 709 2 is_stmt 1 view -0
 1642              		.cfi_startproc
 1643              		@ args = 0, pretend = 0, frame = 0
 1644              		@ frame_needed = 0, uses_anonymous_args = 0
 1645              		@ link register save eliminated.
 1646              		.loc 1 710 2 view .LVU475
 1647              		.loc 1 711 2 view .LVU476
 1648              		.loc 1 713 3 view .LVU477
 1649              		.loc 1 713 5 is_stmt 0 view .LVU478
 1650 0000 08B1     		cbz	r0, .L123
 1651              		.loc 1 719 4 is_stmt 1 view .LVU479
 1652              		.loc 1 719 12 is_stmt 0 view .LVU480
 1653 0002 8069     		ldr	r0, [r0, #24]
 1654              	.LVL140:
 1655              		.loc 1 719 12 view .LVU481
 1656 0004 7047     		bx	lr
 1657              	.LVL141:
 1658              	.L123:
 1659              		.loc 1 715 12 view .LVU482
 1660 0006 0020     		movs	r0, #0
 1661              	.LVL142:
 1662              		.loc 1 722 3 is_stmt 1 view .LVU483
 1663              		.loc 1 723 2 is_stmt 0 view .LVU484
 1664 0008 7047     		bx	lr
 1665              		.cfi_endproc
 1666              	.LFE17:
 1668              		.section	.text.vEventGroupSetNumber,"ax",%progbits
 1669              		.align	1
 1670              		.global	vEventGroupSetNumber
 1671              		.syntax unified
 1672              		.thumb
 1673              		.thumb_func
 1674              		.fpu softvfp
 1676              	vEventGroupSetNumber:
 1677              	.LVL143:
 1678              	.LFB18:
 1679              		.loc 1 731 2 is_stmt 1 view -0
 1680              		.cfi_startproc
ARM GAS  C:\Users\38164\AppData\Local\Temp\cc3l5Mam.s 			page 30


 1681              		@ args = 0, pretend = 0, frame = 0
 1682              		@ frame_needed = 0, uses_anonymous_args = 0
 1683              		@ link register save eliminated.
 1684              		.loc 1 732 3 view .LVU486
 1685              		.loc 1 732 58 is_stmt 0 view .LVU487
 1686 0000 8161     		str	r1, [r0, #24]
 1687              		.loc 1 733 2 view .LVU488
 1688 0002 7047     		bx	lr
 1689              		.cfi_endproc
 1690              	.LFE18:
 1692              		.text
 1693              	.Letext0:
 1694              		.file 3 "../c:\\users\\38164\\onedrive\\desktop\\gnu mcu\\arm-none-eabi-gcc-9.3.1-1.1\\lib\\gcc\\a
 1695              		.file 4 "../c:\\users\\38164\\onedrive\\desktop\\gnu mcu\\arm-none-eabi-gcc-9.3.1-1.1\\arm-none-ea
 1696              		.file 5 "../c:\\users\\38164\\onedrive\\desktop\\gnu mcu\\arm-none-eabi-gcc-9.3.1-1.1\\arm-none-ea
 1697              		.file 6 "../c:\\users\\38164\\onedrive\\desktop\\gnu mcu\\arm-none-eabi-gcc-9.3.1-1.1\\arm-none-ea
 1698              		.file 7 "../c:\\users\\38164\\onedrive\\desktop\\gnu mcu\\arm-none-eabi-gcc-9.3.1-1.1\\arm-none-ea
 1699              		.file 8 "../c:\\users\\38164\\onedrive\\desktop\\gnu mcu\\arm-none-eabi-gcc-9.3.1-1.1\\arm-none-ea
 1700              		.file 9 "../c:\\users\\38164\\onedrive\\desktop\\gnu mcu\\arm-none-eabi-gcc-9.3.1-1.1\\arm-none-ea
 1701              		.file 10 "../Core/Inc/FreeRTOSConfig.h"
 1702              		.file 11 "../Middlewares/Third_Party/FreeRTOS/Source/include/FreeRTOS.h"
 1703              		.file 12 "../Middlewares/Third_Party/FreeRTOS/Source/include/list.h"
 1704              		.file 13 "../Middlewares/Third_Party/FreeRTOS/Source/include/event_groups.h"
 1705              		.file 14 "../Middlewares/Third_Party/FreeRTOS/Source/include/timers.h"
 1706              		.file 15 "../Middlewares/Third_Party/FreeRTOS/Source/include/task.h"
 1707              		.file 16 "../Middlewares/Third_Party/FreeRTOS/Source/include/portable.h"
ARM GAS  C:\Users\38164\AppData\Local\Temp\cc3l5Mam.s 			page 31


DEFINED SYMBOLS
                            *ABS*:0000000000000000 event_groups.c
C:\Users\38164\AppData\Local\Temp\cc3l5Mam.s:16     .text.prvTestWaitCondition:0000000000000000 $t
C:\Users\38164\AppData\Local\Temp\cc3l5Mam.s:23     .text.prvTestWaitCondition:0000000000000000 prvTestWaitCondition
C:\Users\38164\AppData\Local\Temp\cc3l5Mam.s:76     .text.xEventGroupCreateStatic:0000000000000000 $t
C:\Users\38164\AppData\Local\Temp\cc3l5Mam.s:83     .text.xEventGroupCreateStatic:0000000000000000 xEventGroupCreateStatic
C:\Users\38164\AppData\Local\Temp\cc3l5Mam.s:212    .text.xEventGroupCreateStatic:000000000000004c $d
C:\Users\38164\AppData\Local\Temp\cc3l5Mam.s:217    .text.xEventGroupCreate:0000000000000000 $t
C:\Users\38164\AppData\Local\Temp\cc3l5Mam.s:224    .text.xEventGroupCreate:0000000000000000 xEventGroupCreate
C:\Users\38164\AppData\Local\Temp\cc3l5Mam.s:272    .text.xEventGroupCreate:000000000000001c $d
C:\Users\38164\AppData\Local\Temp\cc3l5Mam.s:278    .text.xEventGroupWaitBits:0000000000000000 $t
C:\Users\38164\AppData\Local\Temp\cc3l5Mam.s:285    .text.xEventGroupWaitBits:0000000000000000 xEventGroupWaitBits
C:\Users\38164\AppData\Local\Temp\cc3l5Mam.s:632    .text.xEventGroupWaitBits:0000000000000108 $d
C:\Users\38164\AppData\Local\Temp\cc3l5Mam.s:645    .text.xEventGroupClearBits:0000000000000000 $t
C:\Users\38164\AppData\Local\Temp\cc3l5Mam.s:652    .text.xEventGroupClearBits:0000000000000000 xEventGroupClearBits
C:\Users\38164\AppData\Local\Temp\cc3l5Mam.s:772    .text.xEventGroupClearBits:0000000000000048 $d
C:\Users\38164\AppData\Local\Temp\cc3l5Mam.s:778    .text.vEventGroupClearBitsCallback:0000000000000000 $t
C:\Users\38164\AppData\Local\Temp\cc3l5Mam.s:785    .text.vEventGroupClearBitsCallback:0000000000000000 vEventGroupClearBitsCallback
C:\Users\38164\AppData\Local\Temp\cc3l5Mam.s:808    .text.vEventGroupClearBitsCallback:0000000000000008 $d
C:\Users\38164\AppData\Local\Temp\cc3l5Mam.s:813    .text.xEventGroupClearBitsFromISR:0000000000000000 $t
C:\Users\38164\AppData\Local\Temp\cc3l5Mam.s:820    .text.xEventGroupClearBitsFromISR:0000000000000000 xEventGroupClearBitsFromISR
C:\Users\38164\AppData\Local\Temp\cc3l5Mam.s:854    .text.xEventGroupClearBitsFromISR:0000000000000010 $d
C:\Users\38164\AppData\Local\Temp\cc3l5Mam.s:860    .text.xEventGroupGetBitsFromISR:0000000000000000 $t
C:\Users\38164\AppData\Local\Temp\cc3l5Mam.s:867    .text.xEventGroupGetBitsFromISR:0000000000000000 xEventGroupGetBitsFromISR
C:\Users\38164\AppData\Local\Temp\cc3l5Mam.s:928    .text.xEventGroupSetBits:0000000000000000 $t
C:\Users\38164\AppData\Local\Temp\cc3l5Mam.s:935    .text.xEventGroupSetBits:0000000000000000 xEventGroupSetBits
C:\Users\38164\AppData\Local\Temp\cc3l5Mam.s:1133   .text.xEventGroupSetBits:000000000000008c $d
C:\Users\38164\AppData\Local\Temp\cc3l5Mam.s:1140   .text.xEventGroupSync:0000000000000000 $t
C:\Users\38164\AppData\Local\Temp\cc3l5Mam.s:1147   .text.xEventGroupSync:0000000000000000 xEventGroupSync
C:\Users\38164\AppData\Local\Temp\cc3l5Mam.s:1425   .text.xEventGroupSync:00000000000000d4 $d
C:\Users\38164\AppData\Local\Temp\cc3l5Mam.s:1438   .text.vEventGroupSetBitsCallback:0000000000000000 $t
C:\Users\38164\AppData\Local\Temp\cc3l5Mam.s:1445   .text.vEventGroupSetBitsCallback:0000000000000000 vEventGroupSetBitsCallback
C:\Users\38164\AppData\Local\Temp\cc3l5Mam.s:1468   .text.vEventGroupSetBitsCallback:0000000000000008 $d
C:\Users\38164\AppData\Local\Temp\cc3l5Mam.s:1473   .text.vEventGroupDelete:0000000000000000 $t
C:\Users\38164\AppData\Local\Temp\cc3l5Mam.s:1480   .text.vEventGroupDelete:0000000000000000 vEventGroupDelete
C:\Users\38164\AppData\Local\Temp\cc3l5Mam.s:1574   .text.vEventGroupDelete:0000000000000044 $d
C:\Users\38164\AppData\Local\Temp\cc3l5Mam.s:1582   .text.xEventGroupSetBitsFromISR:0000000000000000 $t
C:\Users\38164\AppData\Local\Temp\cc3l5Mam.s:1589   .text.xEventGroupSetBitsFromISR:0000000000000000 xEventGroupSetBitsFromISR
C:\Users\38164\AppData\Local\Temp\cc3l5Mam.s:1625   .text.xEventGroupSetBitsFromISR:0000000000000010 $d
C:\Users\38164\AppData\Local\Temp\cc3l5Mam.s:1631   .text.uxEventGroupGetNumber:0000000000000000 $t
C:\Users\38164\AppData\Local\Temp\cc3l5Mam.s:1638   .text.uxEventGroupGetNumber:0000000000000000 uxEventGroupGetNumber
C:\Users\38164\AppData\Local\Temp\cc3l5Mam.s:1669   .text.vEventGroupSetNumber:0000000000000000 $t
C:\Users\38164\AppData\Local\Temp\cc3l5Mam.s:1676   .text.vEventGroupSetNumber:0000000000000000 vEventGroupSetNumber

UNDEFINED SYMBOLS
vListInitialise
pvPortMalloc
xTaskGetSchedulerState
vTaskSuspendAll
xTaskResumeAll
uxTaskResetEventItemValue
vTaskPlaceOnUnorderedEventList
vPortEnterCritical
vPortExitCritical
xTimerPendFunctionCallFromISR
vTaskRemoveFromUnorderedEventList
vPortFree
ARM GAS  C:\Users\38164\AppData\Local\Temp\cc3l5Mam.s 			page 32


