ARM GAS  C:\Users\38164\AppData\Local\Temp\ccbThmiS.s 			page 1


   1              		.cpu cortex-m3
   2              		.eabi_attribute 20, 1
   3              		.eabi_attribute 21, 1
   4              		.eabi_attribute 23, 3
   5              		.eabi_attribute 24, 1
   6              		.eabi_attribute 25, 1
   7              		.eabi_attribute 26, 1
   8              		.eabi_attribute 30, 1
   9              		.eabi_attribute 34, 1
  10              		.eabi_attribute 18, 4
  11              		.file	"gpio.c"
  12              		.text
  13              	.Ltext0:
  14              		.cfi_sections	.debug_frame
  15              		.section	.text.MX_GPIO_Init,"ax",%progbits
  16              		.align	1
  17              		.global	MX_GPIO_Init
  18              		.arch armv7-m
  19              		.syntax unified
  20              		.thumb
  21              		.thumb_func
  22              		.fpu softvfp
  24              	MX_GPIO_Init:
  25              	.LFB65:
  26              		.file 1 "../Core/Src/gpio.c"
   1:../Core/Src/gpio.c **** 
  27              		.loc 1 37 1 view -0
  28              		.cfi_startproc
  29              		@ args = 0, pretend = 0, frame = 32
  30              		@ frame_needed = 0, uses_anonymous_args = 0
  31 0000 2DE9F041 		push	{r4, r5, r6, r7, r8, lr}
  32              	.LCFI0:
  33              		.cfi_def_cfa_offset 24
  34              		.cfi_offset 4, -24
  35              		.cfi_offset 5, -20
  36              		.cfi_offset 6, -16
  37              		.cfi_offset 7, -12
  38              		.cfi_offset 8, -8
  39              		.cfi_offset 14, -4
  40 0004 88B0     		sub	sp, sp, #32
  41              	.LCFI1:
  42              		.cfi_def_cfa_offset 56
  43              		.loc 1 39 3 view .LVU1
  44              		.loc 1 39 20 is_stmt 0 view .LVU2
  45 0006 0024     		movs	r4, #0
  46 0008 0494     		str	r4, [sp, #16]
  47 000a 0594     		str	r4, [sp, #20]
  48 000c 0694     		str	r4, [sp, #24]
  49 000e 0794     		str	r4, [sp, #28]
  50              		.loc 1 42 3 is_stmt 1 view .LVU3
  51              	.LBB2:
  52              		.loc 1 42 3 view .LVU4
  53              		.loc 1 42 3 view .LVU5
  54 0010 2B4B     		ldr	r3, .L3
  55 0012 9A69     		ldr	r2, [r3, #24]
  56 0014 42F01002 		orr	r2, r2, #16
  57 0018 9A61     		str	r2, [r3, #24]
ARM GAS  C:\Users\38164\AppData\Local\Temp\ccbThmiS.s 			page 2


  58              		.loc 1 42 3 view .LVU6
  59 001a 9A69     		ldr	r2, [r3, #24]
  60 001c 02F01002 		and	r2, r2, #16
  61 0020 0192     		str	r2, [sp, #4]
  62              		.loc 1 42 3 view .LVU7
  63 0022 019A     		ldr	r2, [sp, #4]
  64              	.LBE2:
  65              		.loc 1 42 3 view .LVU8
  66              		.loc 1 43 3 view .LVU9
  67              	.LBB3:
  68              		.loc 1 43 3 view .LVU10
  69              		.loc 1 43 3 view .LVU11
  70 0024 9A69     		ldr	r2, [r3, #24]
  71 0026 42F00402 		orr	r2, r2, #4
  72 002a 9A61     		str	r2, [r3, #24]
  73              		.loc 1 43 3 view .LVU12
  74 002c 9A69     		ldr	r2, [r3, #24]
  75 002e 02F00402 		and	r2, r2, #4
  76 0032 0292     		str	r2, [sp, #8]
  77              		.loc 1 43 3 view .LVU13
  78 0034 029A     		ldr	r2, [sp, #8]
  79              	.LBE3:
  80              		.loc 1 43 3 view .LVU14
  81              		.loc 1 44 3 view .LVU15
  82              	.LBB4:
  83              		.loc 1 44 3 view .LVU16
  84              		.loc 1 44 3 view .LVU17
  85 0036 9A69     		ldr	r2, [r3, #24]
  86 0038 42F00802 		orr	r2, r2, #8
  87 003c 9A61     		str	r2, [r3, #24]
  88              		.loc 1 44 3 view .LVU18
  89 003e 9B69     		ldr	r3, [r3, #24]
  90 0040 03F00803 		and	r3, r3, #8
  91 0044 0393     		str	r3, [sp, #12]
  92              		.loc 1 44 3 view .LVU19
  93 0046 039B     		ldr	r3, [sp, #12]
  94              	.LBE4:
  95              		.loc 1 44 3 view .LVU20
  96              		.loc 1 47 3 view .LVU21
  97 0048 1E4E     		ldr	r6, .L3+4
  98 004a 2246     		mov	r2, r4
  99 004c 7F21     		movs	r1, #127
 100 004e 3046     		mov	r0, r6
 101 0050 1D4D     		ldr	r5, .L3+8
 102 0052 A847     		blx	r5
 103              	.LVL0:
 104              		.loc 1 51 3 view .LVU22
 105 0054 1D4F     		ldr	r7, .L3+12
 106 0056 2246     		mov	r2, r4
 107 0058 0F21     		movs	r1, #15
 108 005a 3846     		mov	r0, r7
 109 005c A847     		blx	r5
 110              	.LVL1:
 111              		.loc 1 55 3 view .LVU23
 112              		.loc 1 55 23 is_stmt 0 view .LVU24
 113 005e 7F23     		movs	r3, #127
 114 0060 0493     		str	r3, [sp, #16]
ARM GAS  C:\Users\38164\AppData\Local\Temp\ccbThmiS.s 			page 3


 115              		.loc 1 57 3 is_stmt 1 view .LVU25
 116              		.loc 1 57 24 is_stmt 0 view .LVU26
 117 0062 0125     		movs	r5, #1
 118 0064 0595     		str	r5, [sp, #20]
 119              		.loc 1 58 3 is_stmt 1 view .LVU27
 120              		.loc 1 58 24 is_stmt 0 view .LVU28
 121 0066 0695     		str	r5, [sp, #24]
 122              		.loc 1 59 3 is_stmt 1 view .LVU29
 123              		.loc 1 59 25 is_stmt 0 view .LVU30
 124 0068 4FF00208 		mov	r8, #2
 125 006c CDF81C80 		str	r8, [sp, #28]
 126              		.loc 1 60 3 is_stmt 1 view .LVU31
 127 0070 04A9     		add	r1, sp, #16
 128 0072 3046     		mov	r0, r6
 129 0074 164E     		ldr	r6, .L3+16
 130 0076 B047     		blx	r6
 131              	.LVL2:
 132              		.loc 1 63 3 view .LVU32
 133              		.loc 1 63 23 is_stmt 0 view .LVU33
 134 0078 0F23     		movs	r3, #15
 135 007a 0493     		str	r3, [sp, #16]
 136              		.loc 1 64 3 is_stmt 1 view .LVU34
 137              		.loc 1 64 24 is_stmt 0 view .LVU35
 138 007c 0595     		str	r5, [sp, #20]
 139              		.loc 1 65 3 is_stmt 1 view .LVU36
 140              		.loc 1 65 24 is_stmt 0 view .LVU37
 141 007e 0695     		str	r5, [sp, #24]
 142              		.loc 1 66 3 is_stmt 1 view .LVU38
 143              		.loc 1 66 25 is_stmt 0 view .LVU39
 144 0080 CDF81C80 		str	r8, [sp, #28]
 145              		.loc 1 67 3 is_stmt 1 view .LVU40
 146 0084 04A9     		add	r1, sp, #16
 147 0086 3846     		mov	r0, r7
 148 0088 B047     		blx	r6
 149              	.LVL3:
 150              		.loc 1 70 3 view .LVU41
 151              		.loc 1 70 23 is_stmt 0 view .LVU42
 152 008a 7023     		movs	r3, #112
 153 008c 0493     		str	r3, [sp, #16]
 154              		.loc 1 71 3 is_stmt 1 view .LVU43
 155              		.loc 1 71 24 is_stmt 0 view .LVU44
 156 008e 0594     		str	r4, [sp, #20]
 157              		.loc 1 72 3 is_stmt 1 view .LVU45
 158              		.loc 1 72 24 is_stmt 0 view .LVU46
 159 0090 0695     		str	r5, [sp, #24]
 160              		.loc 1 73 3 is_stmt 1 view .LVU47
 161 0092 04A9     		add	r1, sp, #16
 162 0094 3846     		mov	r0, r7
 163 0096 B047     		blx	r6
 164              	.LVL4:
 165              		.loc 1 76 3 view .LVU48
 166              		.loc 1 76 23 is_stmt 0 view .LVU49
 167 0098 8023     		movs	r3, #128
 168 009a 0493     		str	r3, [sp, #16]
 169              		.loc 1 77 3 is_stmt 1 view .LVU50
 170              		.loc 1 77 24 is_stmt 0 view .LVU51
 171 009c 0D4B     		ldr	r3, .L3+20
ARM GAS  C:\Users\38164\AppData\Local\Temp\ccbThmiS.s 			page 4


 172 009e 0593     		str	r3, [sp, #20]
 173              		.loc 1 78 3 is_stmt 1 view .LVU52
 174              		.loc 1 78 24 is_stmt 0 view .LVU53
 175 00a0 0694     		str	r4, [sp, #24]
 176              		.loc 1 79 3 is_stmt 1 view .LVU54
 177 00a2 04A9     		add	r1, sp, #16
 178 00a4 3846     		mov	r0, r7
 179 00a6 B047     		blx	r6
 180              	.LVL5:
 181              		.loc 1 82 3 view .LVU55
 182 00a8 2246     		mov	r2, r4
 183 00aa 0521     		movs	r1, #5
 184 00ac 1720     		movs	r0, #23
 185 00ae 0A4B     		ldr	r3, .L3+24
 186 00b0 9847     		blx	r3
 187              	.LVL6:
 188              		.loc 1 83 3 view .LVU56
 189 00b2 1720     		movs	r0, #23
 190 00b4 094B     		ldr	r3, .L3+28
 191 00b6 9847     		blx	r3
 192              	.LVL7:
 193              		.loc 1 85 1 is_stmt 0 view .LVU57
 194 00b8 08B0     		add	sp, sp, #32
 195              	.LCFI2:
 196              		.cfi_def_cfa_offset 24
 197              		@ sp needed
 198 00ba BDE8F081 		pop	{r4, r5, r6, r7, r8, pc}
 199              	.L4:
 200 00be 00BF     		.align	2
 201              	.L3:
 202 00c0 00100240 		.word	1073876992
 203 00c4 00100140 		.word	1073811456
 204 00c8 00000000 		.word	HAL_GPIO_WritePin
 205 00cc 000C0140 		.word	1073810432
 206 00d0 00000000 		.word	HAL_GPIO_Init
 207 00d4 00001110 		.word	269549568
 208 00d8 00000000 		.word	HAL_NVIC_SetPriority
 209 00dc 00000000 		.word	HAL_NVIC_EnableIRQ
 210              		.cfi_endproc
 211              	.LFE65:
 213              		.text
 214              	.Letext0:
 215              		.file 2 "../c:\\users\\38164\\onedrive\\desktop\\gnu mcu\\arm-none-eabi-gcc-9.3.1-1.1\\arm-none-ea
 216              		.file 3 "../c:\\users\\38164\\onedrive\\desktop\\gnu mcu\\arm-none-eabi-gcc-9.3.1-1.1\\arm-none-ea
 217              		.file 4 "../Drivers/CMSIS/Include/core_cm3.h"
 218              		.file 5 "../Drivers/CMSIS/Device/ST/STM32F1xx/Include/system_stm32f1xx.h"
 219              		.file 6 "../Drivers/CMSIS/Device/ST/STM32F1xx/Include/stm32f103x6.h"
 220              		.file 7 "../Drivers/STM32F1xx_HAL_Driver/Inc/stm32f1xx_hal_gpio.h"
 221              		.file 8 "../Drivers/STM32F1xx_HAL_Driver/Inc/stm32f1xx_hal.h"
 222              		.file 9 "../Drivers/STM32F1xx_HAL_Driver/Inc/stm32f1xx_hal_cortex.h"
ARM GAS  C:\Users\38164\AppData\Local\Temp\ccbThmiS.s 			page 5


DEFINED SYMBOLS
                            *ABS*:0000000000000000 gpio.c
C:\Users\38164\AppData\Local\Temp\ccbThmiS.s:16     .text.MX_GPIO_Init:0000000000000000 $t
C:\Users\38164\AppData\Local\Temp\ccbThmiS.s:24     .text.MX_GPIO_Init:0000000000000000 MX_GPIO_Init
C:\Users\38164\AppData\Local\Temp\ccbThmiS.s:202    .text.MX_GPIO_Init:00000000000000c0 $d

UNDEFINED SYMBOLS
HAL_GPIO_WritePin
HAL_GPIO_Init
HAL_NVIC_SetPriority
HAL_NVIC_EnableIRQ
