ARM GAS  C:\Users\38164\AppData\Local\Temp\ccBXxRN5.s 			page 1


   1              		.cpu cortex-m3
   2              		.eabi_attribute 20, 1
   3              		.eabi_attribute 21, 1
   4              		.eabi_attribute 23, 3
   5              		.eabi_attribute 24, 1
   6              		.eabi_attribute 25, 1
   7              		.eabi_attribute 26, 1
   8              		.eabi_attribute 30, 1
   9              		.eabi_attribute 34, 1
  10              		.eabi_attribute 18, 4
  11              		.file	"stm32f1xx_hal_gpio.c"
  12              		.text
  13              	.Ltext0:
  14              		.cfi_sections	.debug_frame
  15              		.section	.text.HAL_GPIO_Init,"ax",%progbits
  16              		.align	1
  17              		.global	HAL_GPIO_Init
  18              		.arch armv7-m
  19              		.syntax unified
  20              		.thumb
  21              		.thumb_func
  22              		.fpu softvfp
  24              	HAL_GPIO_Init:
  25              	.LVL0:
  26              	.LFB65:
  27              		.file 1 "../Drivers/STM32F1xx_HAL_Driver/Src/stm32f1xx_hal_gpio.c"
   1:../Drivers/STM32F1xx_HAL_Driver/Src/stm32f1xx_hal_gpio.c **** 
  28              		.loc 1 179 1 view -0
  29              		.cfi_startproc
  30              		@ args = 0, pretend = 0, frame = 8
  31              		@ frame_needed = 0, uses_anonymous_args = 0
  32              		@ link register save eliminated.
  33              		.loc 1 179 1 is_stmt 0 view .LVU1
  34 0000 F0B4     		push	{r4, r5, r6, r7}
  35              	.LCFI0:
  36              		.cfi_def_cfa_offset 16
  37              		.cfi_offset 4, -16
  38              		.cfi_offset 5, -12
  39              		.cfi_offset 6, -8
  40              		.cfi_offset 7, -4
  41 0002 82B0     		sub	sp, sp, #8
  42              	.LCFI1:
  43              		.cfi_def_cfa_offset 24
  44              		.loc 1 180 3 is_stmt 1 view .LVU2
  45              	.LVL1:
  46              		.loc 1 181 3 view .LVU3
  47              		.loc 1 182 3 view .LVU4
  48              		.loc 1 183 3 view .LVU5
  49              		.loc 1 184 3 view .LVU6
  50              		.loc 1 185 3 view .LVU7
  51              		.loc 1 186 3 view .LVU8
  52              		.loc 1 189 3 view .LVU9
  53              		.loc 1 190 3 view .LVU10
  54              		.loc 1 191 3 view .LVU11
  55              		.loc 1 194 3 view .LVU12
  56              		.loc 1 184 12 is_stmt 0 view .LVU13
  57 0004 0025     		movs	r5, #0
ARM GAS  C:\Users\38164\AppData\Local\Temp\ccBXxRN5.s 			page 2


  58              		.loc 1 180 12 view .LVU14
  59 0006 2C46     		mov	r4, r5
  60              		.loc 1 194 9 view .LVU15
  61 0008 86E0     		b	.L2
  62              	.LVL2:
  63              	.L4:
  64              		.loc 1 208 7 view .LVU16
  65 000a 7D4F     		ldr	r7, .L39
  66 000c BB42     		cmp	r3, r7
  67 000e 10D0     		beq	.L12
  68 0010 07D9     		bls	.L34
  69 0012 7C4F     		ldr	r7, .L39+4
  70 0014 BB42     		cmp	r3, r7
  71 0016 0CD0     		beq	.L12
  72 0018 07F58037 		add	r7, r7, #65536
  73 001c BB42     		cmp	r3, r7
  74 001e 08D0     		beq	.L12
  75 0020 15E0     		b	.L9
  76              	.L34:
  77 0022 A7F58017 		sub	r7, r7, #1048576
  78 0026 BB42     		cmp	r3, r7
  79 0028 03D0     		beq	.L12
  80 002a 07F57027 		add	r7, r7, #983040
  81 002e BB42     		cmp	r3, r7
  82 0030 09D1     		bne	.L35
  83              	.L12:
  84              		.loc 1 247 11 is_stmt 1 view .LVU17
  85              		.loc 1 248 11 view .LVU18
  86              		.loc 1 248 24 is_stmt 0 view .LVU19
  87 0032 8B68     		ldr	r3, [r1, #8]
  88              		.loc 1 248 14 view .LVU20
  89 0034 002B     		cmp	r3, #0
  90 0036 00F0B980 		beq	.L29
  91              		.loc 1 252 16 is_stmt 1 view .LVU21
  92              		.loc 1 252 19 is_stmt 0 view .LVU22
  93 003a 012B     		cmp	r3, #1
  94 003c 00F0B180 		beq	.L36
  95              		.loc 1 261 13 is_stmt 1 view .LVU23
  96              	.LVL3:
  97              		.loc 1 264 13 view .LVU24
  98              		.loc 1 264 24 is_stmt 0 view .LVU25
  99 0040 4261     		str	r2, [r0, #20]
 100              		.loc 1 261 20 view .LVU26
 101 0042 0825     		movs	r5, #8
 102 0044 03E0     		b	.L9
 103              	.LVL4:
 104              	.L35:
 105              		.loc 1 208 7 view .LVU27
 106 0046 A7F58017 		sub	r7, r7, #1048576
 107 004a BB42     		cmp	r3, r7
 108 004c F1D0     		beq	.L12
 109              	.LVL5:
 110              	.L9:
 111              		.loc 1 280 7 is_stmt 1 view .LVU28
 112              		.loc 1 280 67 is_stmt 0 view .LVU29
 113 004e FF2E     		cmp	r6, #255
 114 0050 00F2AE80 		bhi	.L15
ARM GAS  C:\Users\38164\AppData\Local\Temp\ccBXxRN5.s 			page 3


 115              		.loc 1 280 67 discriminator 1 view .LVU30
 116 0054 8446     		mov	ip, r0
 117              	.L16:
 118              	.LVL6:
 119              		.loc 1 281 7 is_stmt 1 discriminator 4 view .LVU31
 120              		.loc 1 281 68 is_stmt 0 discriminator 4 view .LVU32
 121 0056 FF2E     		cmp	r6, #255
 122 0058 00F2AD80 		bhi	.L17
 123              		.loc 1 281 68 discriminator 1 view .LVU33
 124 005c A200     		lsls	r2, r4, #2
 125              	.LVL7:
 126              	.L18:
 127              		.loc 1 284 7 is_stmt 1 discriminator 4 view .LVU34
 128 005e DCF80030 		ldr	r3, [ip]
 129 0062 0F27     		movs	r7, #15
 130 0064 9740     		lsls	r7, r7, r2
 131 0066 23EA0703 		bic	r3, r3, r7
 132 006a 05FA02F2 		lsl	r2, r5, r2
 133              	.LVL8:
 134              		.loc 1 284 7 is_stmt 0 discriminator 4 view .LVU35
 135 006e 1343     		orrs	r3, r3, r2
 136 0070 CCF80030 		str	r3, [ip]
 137              		.loc 1 288 7 is_stmt 1 discriminator 4 view .LVU36
 138              		.loc 1 288 21 is_stmt 0 discriminator 4 view .LVU37
 139 0074 4B68     		ldr	r3, [r1, #4]
 140              		.loc 1 288 10 discriminator 4 view .LVU38
 141 0076 13F0805F 		tst	r3, #268435456
 142 007a 4CD0     		beq	.L3
 143              		.loc 1 291 9 is_stmt 1 view .LVU39
 144              	.LBB2:
 145              		.loc 1 291 9 view .LVU40
 146              		.loc 1 291 9 view .LVU41
 147 007c 624B     		ldr	r3, .L39+8
 148 007e 9A69     		ldr	r2, [r3, #24]
 149 0080 42F00102 		orr	r2, r2, #1
 150 0084 9A61     		str	r2, [r3, #24]
 151              		.loc 1 291 9 view .LVU42
 152 0086 9B69     		ldr	r3, [r3, #24]
 153 0088 03F00103 		and	r3, r3, #1
 154 008c 0193     		str	r3, [sp, #4]
 155              		.loc 1 291 9 view .LVU43
 156 008e 019B     		ldr	r3, [sp, #4]
 157              	.LBE2:
 158              		.loc 1 291 9 view .LVU44
 159              		.loc 1 292 9 view .LVU45
 160              		.loc 1 292 38 is_stmt 0 view .LVU46
 161 0090 A208     		lsrs	r2, r4, #2
 162              		.loc 1 292 14 view .LVU47
 163 0092 971C     		adds	r7, r2, #2
 164 0094 5D4B     		ldr	r3, .L39+12
 165 0096 53F82730 		ldr	r3, [r3, r7, lsl #2]
 166              	.LVL9:
 167              		.loc 1 293 9 is_stmt 1 view .LVU48
 168 009a 04F00307 		and	r7, r4, #3
 169 009e BF00     		lsls	r7, r7, #2
 170 00a0 4FF00F0C 		mov	ip, #15
 171              	.LVL10:
ARM GAS  C:\Users\38164\AppData\Local\Temp\ccBXxRN5.s 			page 4


 172              		.loc 1 293 9 is_stmt 0 view .LVU49
 173 00a4 0CFA07FC 		lsl	ip, ip, r7
 174 00a8 23EA0C0C 		bic	ip, r3, ip
 175              	.LVL11:
 176              		.loc 1 294 9 is_stmt 1 view .LVU50
 177 00ac 584B     		ldr	r3, .L39+16
 178 00ae 9842     		cmp	r0, r3
 179 00b0 00F08780 		beq	.L30
 180              		.loc 1 294 9 is_stmt 0 discriminator 1 view .LVU51
 181 00b4 03F58063 		add	r3, r3, #1024
 182 00b8 9842     		cmp	r0, r3
 183 00ba 00F08480 		beq	.L31
 184              		.loc 1 294 9 discriminator 3 view .LVU52
 185 00be 03F58063 		add	r3, r3, #1024
 186 00c2 9842     		cmp	r0, r3
 187 00c4 7BD0     		beq	.L37
 188              		.loc 1 294 9 view .LVU53
 189 00c6 0323     		movs	r3, #3
 190              	.L19:
 191              		.loc 1 294 9 discriminator 12 view .LVU54
 192 00c8 BB40     		lsls	r3, r3, r7
 193 00ca 43EA0C03 		orr	r3, r3, ip
 194              	.LVL12:
 195              		.loc 1 295 9 is_stmt 1 discriminator 12 view .LVU55
 196              		.loc 1 295 38 is_stmt 0 discriminator 12 view .LVU56
 197 00ce 0232     		adds	r2, r2, #2
 198 00d0 4E4F     		ldr	r7, .L39+12
 199 00d2 47F82230 		str	r3, [r7, r2, lsl #2]
 200              		.loc 1 299 9 is_stmt 1 discriminator 12 view .LVU57
 201              		.loc 1 299 23 is_stmt 0 discriminator 12 view .LVU58
 202 00d6 4B68     		ldr	r3, [r1, #4]
 203              	.LVL13:
 204              		.loc 1 299 12 discriminator 12 view .LVU59
 205 00d8 13F4803F 		tst	r3, #65536
 206 00dc 75D0     		beq	.L20
 207              		.loc 1 301 11 is_stmt 1 view .LVU60
 208 00de 4D4A     		ldr	r2, .L39+20
 209              	.LVL14:
 210              		.loc 1 301 11 is_stmt 0 view .LVU61
 211 00e0 1368     		ldr	r3, [r2]
 212 00e2 3343     		orrs	r3, r3, r6
 213 00e4 1360     		str	r3, [r2]
 214              	.LVL15:
 215              	.L21:
 216              		.loc 1 309 9 is_stmt 1 view .LVU62
 217              		.loc 1 309 23 is_stmt 0 view .LVU63
 218 00e6 4B68     		ldr	r3, [r1, #4]
 219              		.loc 1 309 12 view .LVU64
 220 00e8 13F4003F 		tst	r3, #131072
 221 00ec 73D0     		beq	.L22
 222              		.loc 1 311 11 is_stmt 1 view .LVU65
 223 00ee 494A     		ldr	r2, .L39+20
 224 00f0 5368     		ldr	r3, [r2, #4]
 225 00f2 3343     		orrs	r3, r3, r6
 226 00f4 5360     		str	r3, [r2, #4]
 227              	.L23:
 228              		.loc 1 319 9 view .LVU66
ARM GAS  C:\Users\38164\AppData\Local\Temp\ccBXxRN5.s 			page 5


 229              		.loc 1 319 23 is_stmt 0 view .LVU67
 230 00f6 4B68     		ldr	r3, [r1, #4]
 231              		.loc 1 319 12 view .LVU68
 232 00f8 13F4801F 		tst	r3, #1048576
 233 00fc 71D0     		beq	.L24
 234              		.loc 1 321 11 is_stmt 1 view .LVU69
 235 00fe 454A     		ldr	r2, .L39+20
 236 0100 9368     		ldr	r3, [r2, #8]
 237 0102 3343     		orrs	r3, r3, r6
 238 0104 9360     		str	r3, [r2, #8]
 239              	.L25:
 240              		.loc 1 329 9 view .LVU70
 241              		.loc 1 329 23 is_stmt 0 view .LVU71
 242 0106 4B68     		ldr	r3, [r1, #4]
 243              		.loc 1 329 12 view .LVU72
 244 0108 13F4001F 		tst	r3, #2097152
 245 010c 6FD0     		beq	.L26
 246              		.loc 1 331 11 is_stmt 1 view .LVU73
 247 010e 414A     		ldr	r2, .L39+20
 248 0110 D368     		ldr	r3, [r2, #12]
 249 0112 1E43     		orrs	r6, r6, r3
 250              	.LVL16:
 251              		.loc 1 331 11 is_stmt 0 view .LVU74
 252 0114 D660     		str	r6, [r2, #12]
 253              	.L3:
 254              		.loc 1 340 2 is_stmt 1 view .LVU75
 255              		.loc 1 340 10 is_stmt 0 view .LVU76
 256 0116 0134     		adds	r4, r4, #1
 257              	.LVL17:
 258              	.L2:
 259              		.loc 1 194 9 is_stmt 1 view .LVU77
 260              		.loc 1 194 21 is_stmt 0 view .LVU78
 261 0118 0B68     		ldr	r3, [r1]
 262              		.loc 1 194 9 view .LVU79
 263 011a 33FA04F2 		lsrs	r2, r3, r4
 264 011e 6CD0     		beq	.L38
 265              		.loc 1 197 5 is_stmt 1 view .LVU80
 266              		.loc 1 197 16 is_stmt 0 view .LVU81
 267 0120 0122     		movs	r2, #1
 268 0122 A240     		lsls	r2, r2, r4
 269              	.LVL18:
 270              		.loc 1 200 5 is_stmt 1 view .LVU82
 271              		.loc 1 200 15 is_stmt 0 view .LVU83
 272 0124 03EA0206 		and	r6, r3, r2
 273              	.LVL19:
 274              		.loc 1 202 5 is_stmt 1 view .LVU84
 275              		.loc 1 202 8 is_stmt 0 view .LVU85
 276 0128 32EA0303 		bics	r3, r2, r3
 277 012c F3D1     		bne	.L3
 278              		.loc 1 205 7 is_stmt 1 view .LVU86
 279              		.loc 1 208 7 view .LVU87
 280              		.loc 1 208 24 is_stmt 0 view .LVU88
 281 012e 4B68     		ldr	r3, [r1, #4]
 282              		.loc 1 208 7 view .LVU89
 283 0130 122B     		cmp	r3, #18
 284 0132 3FF66AAF 		bhi	.L4
 285 0136 122B     		cmp	r3, #18
ARM GAS  C:\Users\38164\AppData\Local\Temp\ccBXxRN5.s 			page 6


 286 0138 89D8     		bhi	.L9
 287 013a 01A7     		adr	r7, .L7
 288 013c 57F823F0 		ldr	pc, [r7, r3, lsl #2]
 289              		.p2align 2
 290              	.L7:
 291 0140 33000000 		.word	.L12+1
 292 0144 8D010000 		.word	.L11+1
 293 0148 97010000 		.word	.L10+1
 294 014c A9010000 		.word	.L28+1
 295 0150 4F000000 		.word	.L9+1
 296 0154 4F000000 		.word	.L9+1
 297 0158 4F000000 		.word	.L9+1
 298 015c 4F000000 		.word	.L9+1
 299 0160 4F000000 		.word	.L9+1
 300 0164 4F000000 		.word	.L9+1
 301 0168 4F000000 		.word	.L9+1
 302 016c 4F000000 		.word	.L9+1
 303 0170 4F000000 		.word	.L9+1
 304 0174 4F000000 		.word	.L9+1
 305 0178 4F000000 		.word	.L9+1
 306 017c 4F000000 		.word	.L9+1
 307 0180 4F000000 		.word	.L9+1
 308 0184 91010000 		.word	.L8+1
 309 0188 9D010000 		.word	.L6+1
 310              		.p2align 1
 311              	.L11:
 312              		.loc 1 213 11 is_stmt 1 view .LVU90
 313              		.loc 1 214 11 view .LVU91
 314              		.loc 1 214 18 is_stmt 0 view .LVU92
 315 018c CD68     		ldr	r5, [r1, #12]
 316              	.LVL20:
 317              		.loc 1 215 11 is_stmt 1 view .LVU93
 318 018e 5EE7     		b	.L9
 319              	.L8:
 320              		.loc 1 220 11 view .LVU94
 321              		.loc 1 221 11 view .LVU95
 322              		.loc 1 221 29 is_stmt 0 view .LVU96
 323 0190 CD68     		ldr	r5, [r1, #12]
 324              	.LVL21:
 325              		.loc 1 221 18 view .LVU97
 326 0192 0435     		adds	r5, r5, #4
 327              	.LVL22:
 328              		.loc 1 222 11 is_stmt 1 view .LVU98
 329 0194 5BE7     		b	.L9
 330              	.L10:
 331              		.loc 1 227 11 view .LVU99
 332              		.loc 1 228 11 view .LVU100
 333              		.loc 1 228 29 is_stmt 0 view .LVU101
 334 0196 CD68     		ldr	r5, [r1, #12]
 335              	.LVL23:
 336              		.loc 1 228 18 view .LVU102
 337 0198 0835     		adds	r5, r5, #8
 338              	.LVL24:
 339              		.loc 1 229 11 is_stmt 1 view .LVU103
 340 019a 58E7     		b	.L9
 341              	.L6:
 342              		.loc 1 234 11 view .LVU104
ARM GAS  C:\Users\38164\AppData\Local\Temp\ccBXxRN5.s 			page 7


 343              		.loc 1 235 11 view .LVU105
 344              		.loc 1 235 29 is_stmt 0 view .LVU106
 345 019c CD68     		ldr	r5, [r1, #12]
 346              	.LVL25:
 347              		.loc 1 235 18 view .LVU107
 348 019e 0C35     		adds	r5, r5, #12
 349              	.LVL26:
 350              		.loc 1 236 11 is_stmt 1 view .LVU108
 351 01a0 55E7     		b	.L9
 352              	.L36:
 353              		.loc 1 254 13 view .LVU109
 354              	.LVL27:
 355              		.loc 1 257 13 view .LVU110
 356              		.loc 1 257 25 is_stmt 0 view .LVU111
 357 01a2 0261     		str	r2, [r0, #16]
 358              		.loc 1 254 20 view .LVU112
 359 01a4 0825     		movs	r5, #8
 360 01a6 52E7     		b	.L9
 361              	.LVL28:
 362              	.L28:
 363              		.loc 1 270 18 view .LVU113
 364 01a8 0025     		movs	r5, #0
 365              	.LVL29:
 366              		.loc 1 270 18 view .LVU114
 367 01aa 50E7     		b	.L9
 368              	.LVL30:
 369              	.L29:
 370              		.loc 1 250 20 view .LVU115
 371 01ac 0425     		movs	r5, #4
 372              	.LVL31:
 373              		.loc 1 250 20 view .LVU116
 374 01ae 4EE7     		b	.L9
 375              	.LVL32:
 376              	.L15:
 377              		.loc 1 280 67 discriminator 2 view .LVU117
 378 01b0 00F1040C 		add	ip, r0, #4
 379 01b4 4FE7     		b	.L16
 380              	.LVL33:
 381              	.L17:
 382              		.loc 1 281 81 discriminator 2 view .LVU118
 383 01b6 A4F10802 		sub	r2, r4, #8
 384              	.LVL34:
 385              		.loc 1 281 68 discriminator 2 view .LVU119
 386 01ba 9200     		lsls	r2, r2, #2
 387 01bc 4FE7     		b	.L18
 388              	.LVL35:
 389              	.L37:
 390              		.loc 1 294 9 view .LVU120
 391 01be 0223     		movs	r3, #2
 392 01c0 82E7     		b	.L19
 393              	.L30:
 394 01c2 0023     		movs	r3, #0
 395 01c4 80E7     		b	.L19
 396              	.L31:
 397 01c6 0123     		movs	r3, #1
 398              	.LVL36:
 399              		.loc 1 294 9 view .LVU121
ARM GAS  C:\Users\38164\AppData\Local\Temp\ccBXxRN5.s 			page 8


 400 01c8 7EE7     		b	.L19
 401              	.LVL37:
 402              	.L20:
 403              		.loc 1 305 11 is_stmt 1 view .LVU122
 404 01ca 124A     		ldr	r2, .L39+20
 405              	.LVL38:
 406              		.loc 1 305 11 is_stmt 0 view .LVU123
 407 01cc 1368     		ldr	r3, [r2]
 408 01ce 23EA0603 		bic	r3, r3, r6
 409 01d2 1360     		str	r3, [r2]
 410              	.LVL39:
 411              		.loc 1 305 11 view .LVU124
 412 01d4 87E7     		b	.L21
 413              	.L22:
 414              		.loc 1 315 11 is_stmt 1 view .LVU125
 415 01d6 0F4A     		ldr	r2, .L39+20
 416 01d8 5368     		ldr	r3, [r2, #4]
 417 01da 23EA0603 		bic	r3, r3, r6
 418 01de 5360     		str	r3, [r2, #4]
 419 01e0 89E7     		b	.L23
 420              	.L24:
 421              		.loc 1 325 11 view .LVU126
 422 01e2 0C4A     		ldr	r2, .L39+20
 423 01e4 9368     		ldr	r3, [r2, #8]
 424 01e6 23EA0603 		bic	r3, r3, r6
 425 01ea 9360     		str	r3, [r2, #8]
 426 01ec 8BE7     		b	.L25
 427              	.L26:
 428              		.loc 1 335 11 view .LVU127
 429 01ee 094A     		ldr	r2, .L39+20
 430 01f0 D368     		ldr	r3, [r2, #12]
 431 01f2 23EA0606 		bic	r6, r3, r6
 432              	.LVL40:
 433              		.loc 1 335 11 is_stmt 0 view .LVU128
 434 01f6 D660     		str	r6, [r2, #12]
 435 01f8 8DE7     		b	.L3
 436              	.LVL41:
 437              	.L38:
 438              		.loc 1 342 1 view .LVU129
 439 01fa 02B0     		add	sp, sp, #8
 440              	.LCFI2:
 441              		.cfi_def_cfa_offset 16
 442              		@ sp needed
 443 01fc F0BC     		pop	{r4, r5, r6, r7}
 444              	.LCFI3:
 445              		.cfi_restore 7
 446              		.cfi_restore 6
 447              		.cfi_restore 5
 448              		.cfi_restore 4
 449              		.cfi_def_cfa_offset 0
 450              	.LVL42:
 451              		.loc 1 342 1 view .LVU130
 452 01fe 7047     		bx	lr
 453              	.L40:
 454              		.align	2
 455              	.L39:
 456 0200 00002210 		.word	270663680
ARM GAS  C:\Users\38164\AppData\Local\Temp\ccBXxRN5.s 			page 9


 457 0204 00003110 		.word	271646720
 458 0208 00100240 		.word	1073876992
 459 020c 00000140 		.word	1073807360
 460 0210 00080140 		.word	1073809408
 461 0214 00040140 		.word	1073808384
 462              		.cfi_endproc
 463              	.LFE65:
 465              		.section	.text.HAL_GPIO_DeInit,"ax",%progbits
 466              		.align	1
 467              		.global	HAL_GPIO_DeInit
 468              		.syntax unified
 469              		.thumb
 470              		.thumb_func
 471              		.fpu softvfp
 473              	HAL_GPIO_DeInit:
 474              	.LVL43:
 475              	.LFB66:
 476              		.loc 1 352 1 is_stmt 1 view -0
 477              		.cfi_startproc
 478              		@ args = 0, pretend = 0, frame = 0
 479              		@ frame_needed = 0, uses_anonymous_args = 0
 480              		@ link register save eliminated.
 481              		.loc 1 353 3 view .LVU132
 482              		.loc 1 354 3 view .LVU133
 483              		.loc 1 355 3 view .LVU134
 484              		.loc 1 356 3 view .LVU135
 485              		.loc 1 357 3 view .LVU136
 486              		.loc 1 360 3 view .LVU137
 487              		.loc 1 361 3 view .LVU138
 488              		.loc 1 364 3 view .LVU139
 489              		.loc 1 353 12 is_stmt 0 view .LVU140
 490 0000 0022     		movs	r2, #0
 491              		.loc 1 364 9 view .LVU141
 492 0002 64E0     		b	.L55
 493              	.LVL44:
 494              	.L62:
 495              	.LCFI4:
 496              		.cfi_def_cfa_offset 16
 497              		.cfi_offset 4, -16
 498              		.cfi_offset 5, -12
 499              		.cfi_offset 6, -8
 500              		.cfi_offset 7, -4
 501              		.loc 1 376 19 view .LVU142
 502 0004 0227     		movs	r7, #2
 503 0006 00E0     		b	.L44
 504              	.L51:
 505 0008 0027     		movs	r7, #0
 506              	.L44:
 507              		.loc 1 376 41 discriminator 12 view .LVU143
 508 000a 07FA04F4 		lsl	r4, r7, r4
 509              		.loc 1 376 10 discriminator 12 view .LVU144
 510 000e B442     		cmp	r4, r6
 511 0010 38D0     		beq	.L60
 512              	.LVL45:
 513              	.L45:
 514              		.loc 1 392 7 is_stmt 1 view .LVU145
 515              		.loc 1 392 67 is_stmt 0 view .LVU146
ARM GAS  C:\Users\38164\AppData\Local\Temp\ccBXxRN5.s 			page 10


 516 0012 FF2B     		cmp	r3, #255
 517 0014 51D8     		bhi	.L46
 518              		.loc 1 392 67 discriminator 1 view .LVU147
 519 0016 8446     		mov	ip, r0
 520              	.L47:
 521              	.LVL46:
 522              		.loc 1 393 7 is_stmt 1 discriminator 4 view .LVU148
 523              		.loc 1 393 68 is_stmt 0 discriminator 4 view .LVU149
 524 0018 FF2B     		cmp	r3, #255
 525 001a 51D8     		bhi	.L48
 526              		.loc 1 393 68 discriminator 1 view .LVU150
 527 001c 9700     		lsls	r7, r2, #2
 528              	.L49:
 529              	.LVL47:
 530              		.loc 1 396 7 is_stmt 1 discriminator 4 view .LVU151
 531 001e DCF80040 		ldr	r4, [ip]
 532 0022 0F26     		movs	r6, #15
 533 0024 BE40     		lsls	r6, r6, r7
 534 0026 24EA0604 		bic	r4, r4, r6
 535 002a 0425     		movs	r5, #4
 536 002c BD40     		lsls	r5, r5, r7
 537 002e 2C43     		orrs	r4, r4, r5
 538 0030 CCF80040 		str	r4, [ip]
 539              		.loc 1 399 7 discriminator 4 view .LVU152
 540 0034 C468     		ldr	r4, [r0, #12]
 541 0036 24EA0303 		bic	r3, r4, r3
 542              	.LVL48:
 543              		.loc 1 399 7 is_stmt 0 discriminator 4 view .LVU153
 544 003a C360     		str	r3, [r0, #12]
 545              	.L43:
 546              		.loc 1 402 5 is_stmt 1 view .LVU154
 547              		.loc 1 402 13 is_stmt 0 view .LVU155
 548 003c 0132     		adds	r2, r2, #1
 549              	.LVL49:
 550              		.loc 1 364 9 is_stmt 1 view .LVU156
 551 003e 31FA02F3 		lsrs	r3, r1, r2
 552 0042 41D0     		beq	.L61
 553              		.loc 1 367 5 view .LVU157
 554              		.loc 1 367 35 is_stmt 0 view .LVU158
 555 0044 0123     		movs	r3, #1
 556 0046 9340     		lsls	r3, r3, r2
 557              	.LVL50:
 558              		.loc 1 369 5 is_stmt 1 view .LVU159
 559              		.loc 1 369 8 is_stmt 0 view .LVU160
 560 0048 0B40     		ands	r3, r3, r1
 561              	.LVL51:
 562              		.loc 1 369 8 view .LVU161
 563 004a F7D0     		beq	.L43
 564              	.LVL52:
 565              	.L56:
 566              		.loc 1 374 7 is_stmt 1 view .LVU162
 567              		.loc 1 374 35 is_stmt 0 view .LVU163
 568 004c 4FEA920C 		lsr	ip, r2, #2
 569              		.loc 1 374 11 view .LVU164
 570 0050 0CF10205 		add	r5, ip, #2
 571 0054 234C     		ldr	r4, .L65
 572 0056 54F82560 		ldr	r6, [r4, r5, lsl #2]
ARM GAS  C:\Users\38164\AppData\Local\Temp\ccBXxRN5.s 			page 11


 573              	.LVL53:
 574              		.loc 1 375 7 is_stmt 1 view .LVU165
 575              		.loc 1 375 40 is_stmt 0 view .LVU166
 576 005a 02F00304 		and	r4, r2, #3
 577              		.loc 1 375 28 view .LVU167
 578 005e A400     		lsls	r4, r4, #2
 579              		.loc 1 375 21 view .LVU168
 580 0060 0F25     		movs	r5, #15
 581 0062 A540     		lsls	r5, r5, r4
 582              		.loc 1 375 11 view .LVU169
 583 0064 2E40     		ands	r6, r6, r5
 584              	.LVL54:
 585              		.loc 1 376 7 is_stmt 1 view .LVU170
 586              		.loc 1 376 19 is_stmt 0 view .LVU171
 587 0066 204F     		ldr	r7, .L65+4
 588 0068 B842     		cmp	r0, r7
 589 006a CDD0     		beq	.L51
 590              		.loc 1 376 19 discriminator 1 view .LVU172
 591 006c 07F58067 		add	r7, r7, #1024
 592 0070 B842     		cmp	r0, r7
 593 0072 05D0     		beq	.L52
 594              		.loc 1 376 19 discriminator 3 view .LVU173
 595 0074 07F58067 		add	r7, r7, #1024
 596 0078 B842     		cmp	r0, r7
 597 007a C3D0     		beq	.L62
 598              		.loc 1 376 19 view .LVU174
 599 007c 0327     		movs	r7, #3
 600 007e C4E7     		b	.L44
 601              	.L52:
 602 0080 0127     		movs	r7, #1
 603 0082 C2E7     		b	.L44
 604              	.L60:
 605              		.loc 1 378 9 is_stmt 1 view .LVU175
 606              	.LVL55:
 607              		.loc 1 379 9 view .LVU176
 608 0084 174F     		ldr	r7, .L65
 609 0086 0CF10204 		add	r4, ip, #2
 610 008a 57F82460 		ldr	r6, [r7, r4, lsl #2]
 611 008e 26EA0505 		bic	r5, r6, r5
 612              	.LVL56:
 613              		.loc 1 379 9 is_stmt 0 view .LVU177
 614 0092 47F82450 		str	r5, [r7, r4, lsl #2]
 615              		.loc 1 382 9 is_stmt 1 view .LVU178
 616 0096 154C     		ldr	r4, .L65+8
 617 0098 2568     		ldr	r5, [r4]
 618 009a 25EA0305 		bic	r5, r5, r3
 619 009e 2560     		str	r5, [r4]
 620              		.loc 1 383 9 view .LVU179
 621 00a0 6568     		ldr	r5, [r4, #4]
 622 00a2 25EA0305 		bic	r5, r5, r3
 623 00a6 6560     		str	r5, [r4, #4]
 624              		.loc 1 386 9 view .LVU180
 625 00a8 A568     		ldr	r5, [r4, #8]
 626 00aa 25EA0305 		bic	r5, r5, r3
 627 00ae A560     		str	r5, [r4, #8]
 628              		.loc 1 387 9 view .LVU181
 629 00b0 E568     		ldr	r5, [r4, #12]
ARM GAS  C:\Users\38164\AppData\Local\Temp\ccBXxRN5.s 			page 12


 630 00b2 25EA0305 		bic	r5, r5, r3
 631 00b6 E560     		str	r5, [r4, #12]
 632 00b8 ABE7     		b	.L45
 633              	.LVL57:
 634              	.L46:
 635              		.loc 1 392 67 is_stmt 0 discriminator 2 view .LVU182
 636 00ba 00F1040C 		add	ip, r0, #4
 637 00be ABE7     		b	.L47
 638              	.LVL58:
 639              	.L48:
 640              		.loc 1 393 81 discriminator 2 view .LVU183
 641 00c0 A2F10805 		sub	r5, r2, #8
 642              		.loc 1 393 68 discriminator 2 view .LVU184
 643 00c4 AF00     		lsls	r7, r5, #2
 644 00c6 AAE7     		b	.L49
 645              	.LVL59:
 646              	.L61:
 647              		.loc 1 404 1 view .LVU185
 648 00c8 F0BC     		pop	{r4, r5, r6, r7}
 649              	.LCFI5:
 650              		.cfi_restore 7
 651              		.cfi_restore 6
 652              		.cfi_restore 5
 653              		.cfi_restore 4
 654              		.cfi_def_cfa_offset 0
 655              	.LVL60:
 656              		.loc 1 404 1 view .LVU186
 657 00ca 7047     		bx	lr
 658              	.LVL61:
 659              	.L64:
 660              		.loc 1 402 5 is_stmt 1 view .LVU187
 661              		.loc 1 402 13 is_stmt 0 view .LVU188
 662 00cc 0132     		adds	r2, r2, #1
 663              	.LVL62:
 664              	.L55:
 665              		.loc 1 364 9 is_stmt 1 view .LVU189
 666 00ce 31FA02F3 		lsrs	r3, r1, r2
 667 00d2 05D0     		beq	.L63
 668              		.loc 1 367 5 view .LVU190
 669              		.loc 1 367 35 is_stmt 0 view .LVU191
 670 00d4 0123     		movs	r3, #1
 671 00d6 9340     		lsls	r3, r3, r2
 672              	.LVL63:
 673              		.loc 1 369 5 is_stmt 1 view .LVU192
 674              		.loc 1 369 8 is_stmt 0 view .LVU193
 675 00d8 0B40     		ands	r3, r3, r1
 676              	.LVL64:
 677              		.loc 1 369 8 view .LVU194
 678 00da F7D0     		beq	.L64
 679              		.loc 1 352 1 view .LVU195
 680 00dc F0B4     		push	{r4, r5, r6, r7}
 681              	.LCFI6:
 682              		.cfi_def_cfa_offset 16
 683              		.cfi_offset 4, -16
 684              		.cfi_offset 5, -12
 685              		.cfi_offset 6, -8
 686              		.cfi_offset 7, -4
ARM GAS  C:\Users\38164\AppData\Local\Temp\ccBXxRN5.s 			page 13


 687 00de B5E7     		b	.L56
 688              	.LVL65:
 689              	.L63:
 690              	.LCFI7:
 691              		.cfi_def_cfa_offset 0
 692              		.cfi_restore 4
 693              		.cfi_restore 5
 694              		.cfi_restore 6
 695              		.cfi_restore 7
 696              		.loc 1 352 1 view .LVU196
 697 00e0 7047     		bx	lr
 698              	.L66:
 699 00e2 00BF     		.align	2
 700              	.L65:
 701 00e4 00000140 		.word	1073807360
 702 00e8 00080140 		.word	1073809408
 703 00ec 00040140 		.word	1073808384
 704              		.cfi_endproc
 705              	.LFE66:
 707              		.section	.text.HAL_GPIO_ReadPin,"ax",%progbits
 708              		.align	1
 709              		.global	HAL_GPIO_ReadPin
 710              		.syntax unified
 711              		.thumb
 712              		.thumb_func
 713              		.fpu softvfp
 715              	HAL_GPIO_ReadPin:
 716              	.LVL66:
 717              	.LFB67:
 718              		.loc 1 432 1 is_stmt 1 view -0
 719              		.cfi_startproc
 720              		@ args = 0, pretend = 0, frame = 0
 721              		@ frame_needed = 0, uses_anonymous_args = 0
 722              		@ link register save eliminated.
 723              		.loc 1 433 3 view .LVU198
 724              		.loc 1 436 3 view .LVU199
 725              		.loc 1 438 3 view .LVU200
 726              		.loc 1 438 13 is_stmt 0 view .LVU201
 727 0000 8368     		ldr	r3, [r0, #8]
 728              		.loc 1 438 6 view .LVU202
 729 0002 1942     		tst	r1, r3
 730 0004 01D0     		beq	.L69
 731              		.loc 1 440 15 view .LVU203
 732 0006 0120     		movs	r0, #1
 733              	.LVL67:
 734              		.loc 1 440 15 view .LVU204
 735 0008 7047     		bx	lr
 736              	.LVL68:
 737              	.L69:
 738              		.loc 1 444 15 view .LVU205
 739 000a 0020     		movs	r0, #0
 740              	.LVL69:
 741              		.loc 1 446 3 is_stmt 1 view .LVU206
 742              		.loc 1 447 1 is_stmt 0 view .LVU207
 743 000c 7047     		bx	lr
 744              		.cfi_endproc
 745              	.LFE67:
ARM GAS  C:\Users\38164\AppData\Local\Temp\ccBXxRN5.s 			page 14


 747              		.section	.text.HAL_GPIO_WritePin,"ax",%progbits
 748              		.align	1
 749              		.global	HAL_GPIO_WritePin
 750              		.syntax unified
 751              		.thumb
 752              		.thumb_func
 753              		.fpu softvfp
 755              	HAL_GPIO_WritePin:
 756              	.LVL70:
 757              	.LFB68:
 758              		.loc 1 466 1 is_stmt 1 view -0
 759              		.cfi_startproc
 760              		@ args = 0, pretend = 0, frame = 0
 761              		@ frame_needed = 0, uses_anonymous_args = 0
 762              		@ link register save eliminated.
 763              		.loc 1 468 3 view .LVU209
 764              		.loc 1 469 3 view .LVU210
 765              		.loc 1 471 3 view .LVU211
 766              		.loc 1 471 6 is_stmt 0 view .LVU212
 767 0000 0AB1     		cbz	r2, .L71
 768              		.loc 1 473 5 is_stmt 1 view .LVU213
 769              		.loc 1 473 17 is_stmt 0 view .LVU214
 770 0002 0161     		str	r1, [r0, #16]
 771 0004 7047     		bx	lr
 772              	.L71:
 773              		.loc 1 477 5 is_stmt 1 view .LVU215
 774              		.loc 1 477 38 is_stmt 0 view .LVU216
 775 0006 0904     		lsls	r1, r1, #16
 776              	.LVL71:
 777              		.loc 1 477 17 view .LVU217
 778 0008 0161     		str	r1, [r0, #16]
 779              		.loc 1 479 1 view .LVU218
 780 000a 7047     		bx	lr
 781              		.cfi_endproc
 782              	.LFE68:
 784              		.section	.text.HAL_GPIO_TogglePin,"ax",%progbits
 785              		.align	1
 786              		.global	HAL_GPIO_TogglePin
 787              		.syntax unified
 788              		.thumb
 789              		.thumb_func
 790              		.fpu softvfp
 792              	HAL_GPIO_TogglePin:
 793              	.LVL72:
 794              	.LFB69:
 795              		.loc 1 488 1 is_stmt 1 view -0
 796              		.cfi_startproc
 797              		@ args = 0, pretend = 0, frame = 0
 798              		@ frame_needed = 0, uses_anonymous_args = 0
 799              		@ link register save eliminated.
 800              		.loc 1 489 3 view .LVU220
 801              		.loc 1 492 3 view .LVU221
 802              		.loc 1 495 3 view .LVU222
 803              		.loc 1 495 7 is_stmt 0 view .LVU223
 804 0000 C368     		ldr	r3, [r0, #12]
 805              	.LVL73:
 806              		.loc 1 498 3 is_stmt 1 view .LVU224
ARM GAS  C:\Users\38164\AppData\Local\Temp\ccBXxRN5.s 			page 15


 807              		.loc 1 498 23 is_stmt 0 view .LVU225
 808 0002 01EA0302 		and	r2, r1, r3
 809              		.loc 1 498 59 view .LVU226
 810 0006 21EA0301 		bic	r1, r1, r3
 811              	.LVL74:
 812              		.loc 1 498 51 view .LVU227
 813 000a 41EA0241 		orr	r1, r1, r2, lsl #16
 814              		.loc 1 498 15 view .LVU228
 815 000e 0161     		str	r1, [r0, #16]
 816              		.loc 1 499 1 view .LVU229
 817 0010 7047     		bx	lr
 818              		.cfi_endproc
 819              	.LFE69:
 821              		.section	.text.HAL_GPIO_LockPin,"ax",%progbits
 822              		.align	1
 823              		.global	HAL_GPIO_LockPin
 824              		.syntax unified
 825              		.thumb
 826              		.thumb_func
 827              		.fpu softvfp
 829              	HAL_GPIO_LockPin:
 830              	.LVL75:
 831              	.LFB70:
 832              		.loc 1 512 1 is_stmt 1 view -0
 833              		.cfi_startproc
 834              		@ args = 0, pretend = 0, frame = 8
 835              		@ frame_needed = 0, uses_anonymous_args = 0
 836              		@ link register save eliminated.
 837              		.loc 1 512 1 is_stmt 0 view .LVU231
 838 0000 82B0     		sub	sp, sp, #8
 839              	.LCFI8:
 840              		.cfi_def_cfa_offset 8
 841              		.loc 1 513 3 is_stmt 1 view .LVU232
 842              		.loc 1 513 17 is_stmt 0 view .LVU233
 843 0002 4FF48033 		mov	r3, #65536
 844 0006 0193     		str	r3, [sp, #4]
 845              		.loc 1 516 3 is_stmt 1 view .LVU234
 846              		.loc 1 517 3 view .LVU235
 847              		.loc 1 520 3 view .LVU236
 848 0008 019B     		ldr	r3, [sp, #4]
 849 000a 0B43     		orrs	r3, r3, r1
 850 000c 0193     		str	r3, [sp, #4]
 851              		.loc 1 522 3 view .LVU237
 852              		.loc 1 522 15 is_stmt 0 view .LVU238
 853 000e 019B     		ldr	r3, [sp, #4]
 854 0010 8361     		str	r3, [r0, #24]
 855              		.loc 1 524 3 is_stmt 1 view .LVU239
 856              		.loc 1 524 15 is_stmt 0 view .LVU240
 857 0012 8161     		str	r1, [r0, #24]
 858              		.loc 1 526 3 is_stmt 1 view .LVU241
 859              		.loc 1 526 15 is_stmt 0 view .LVU242
 860 0014 019B     		ldr	r3, [sp, #4]
 861 0016 8361     		str	r3, [r0, #24]
 862              		.loc 1 528 3 is_stmt 1 view .LVU243
 863              		.loc 1 528 14 is_stmt 0 view .LVU244
 864 0018 8369     		ldr	r3, [r0, #24]
 865              		.loc 1 528 7 view .LVU245
ARM GAS  C:\Users\38164\AppData\Local\Temp\ccBXxRN5.s 			page 16


 866 001a 0193     		str	r3, [sp, #4]
 867              		.loc 1 531 3 is_stmt 1 view .LVU246
 868              		.loc 1 531 23 is_stmt 0 view .LVU247
 869 001c 8369     		ldr	r3, [r0, #24]
 870              		.loc 1 531 6 view .LVU248
 871 001e 13F4803F 		tst	r3, #65536
 872 0022 02D0     		beq	.L76
 873              		.loc 1 533 12 view .LVU249
 874 0024 0020     		movs	r0, #0
 875              	.LVL76:
 876              	.L75:
 877              		.loc 1 539 1 view .LVU250
 878 0026 02B0     		add	sp, sp, #8
 879              	.LCFI9:
 880              		.cfi_remember_state
 881              		.cfi_def_cfa_offset 0
 882              		@ sp needed
 883 0028 7047     		bx	lr
 884              	.LVL77:
 885              	.L76:
 886              	.LCFI10:
 887              		.cfi_restore_state
 888              		.loc 1 537 12 view .LVU251
 889 002a 0120     		movs	r0, #1
 890              	.LVL78:
 891              		.loc 1 537 12 view .LVU252
 892 002c FBE7     		b	.L75
 893              		.cfi_endproc
 894              	.LFE70:
 896              		.section	.text.HAL_GPIO_EXTI_Callback,"ax",%progbits
 897              		.align	1
 898              		.weak	HAL_GPIO_EXTI_Callback
 899              		.syntax unified
 900              		.thumb
 901              		.thumb_func
 902              		.fpu softvfp
 904              	HAL_GPIO_EXTI_Callback:
 905              	.LVL79:
 906              	.LFB72:
 907              		.loc 1 562 1 is_stmt 1 view -0
 908              		.cfi_startproc
 909              		@ args = 0, pretend = 0, frame = 0
 910              		@ frame_needed = 0, uses_anonymous_args = 0
 911              		@ link register save eliminated.
 912              		.loc 1 564 3 view .LVU254
 913              		.loc 1 568 1 is_stmt 0 view .LVU255
 914 0000 7047     		bx	lr
 915              		.cfi_endproc
 916              	.LFE72:
 918              		.section	.text.HAL_GPIO_EXTI_IRQHandler,"ax",%progbits
 919              		.align	1
 920              		.global	HAL_GPIO_EXTI_IRQHandler
 921              		.syntax unified
 922              		.thumb
 923              		.thumb_func
 924              		.fpu softvfp
 926              	HAL_GPIO_EXTI_IRQHandler:
ARM GAS  C:\Users\38164\AppData\Local\Temp\ccBXxRN5.s 			page 17


 927              	.LVL80:
 928              	.LFB71:
 929              		.loc 1 547 1 is_stmt 1 view -0
 930              		.cfi_startproc
 931              		@ args = 0, pretend = 0, frame = 0
 932              		@ frame_needed = 0, uses_anonymous_args = 0
 933              		.loc 1 547 1 is_stmt 0 view .LVU257
 934 0000 08B5     		push	{r3, lr}
 935              	.LCFI11:
 936              		.cfi_def_cfa_offset 8
 937              		.cfi_offset 3, -8
 938              		.cfi_offset 14, -4
 939              		.loc 1 549 3 is_stmt 1 view .LVU258
 940              		.loc 1 549 7 is_stmt 0 view .LVU259
 941 0002 054B     		ldr	r3, .L83
 942 0004 5B69     		ldr	r3, [r3, #20]
 943              		.loc 1 549 6 view .LVU260
 944 0006 0342     		tst	r3, r0
 945 0008 00D1     		bne	.L82
 946              	.LVL81:
 947              	.L79:
 948              		.loc 1 554 1 view .LVU261
 949 000a 08BD     		pop	{r3, pc}
 950              	.LVL82:
 951              	.L82:
 952              		.loc 1 551 5 is_stmt 1 view .LVU262
 953 000c 024B     		ldr	r3, .L83
 954 000e 5861     		str	r0, [r3, #20]
 955              		.loc 1 552 5 view .LVU263
 956 0010 024B     		ldr	r3, .L83+4
 957 0012 9847     		blx	r3
 958              	.LVL83:
 959              		.loc 1 554 1 is_stmt 0 view .LVU264
 960 0014 F9E7     		b	.L79
 961              	.L84:
 962 0016 00BF     		.align	2
 963              	.L83:
 964 0018 00040140 		.word	1073808384
 965 001c 00000000 		.word	HAL_GPIO_EXTI_Callback
 966              		.cfi_endproc
 967              	.LFE71:
 969              		.text
 970              	.Letext0:
 971              		.file 2 "../c:\\users\\38164\\onedrive\\desktop\\gnu mcu\\arm-none-eabi-gcc-9.3.1-1.1\\arm-none-ea
 972              		.file 3 "../c:\\users\\38164\\onedrive\\desktop\\gnu mcu\\arm-none-eabi-gcc-9.3.1-1.1\\arm-none-ea
 973              		.file 4 "../Drivers/CMSIS/Include/core_cm3.h"
 974              		.file 5 "../Drivers/CMSIS/Device/ST/STM32F1xx/Include/system_stm32f1xx.h"
 975              		.file 6 "../Drivers/CMSIS/Device/ST/STM32F1xx/Include/stm32f103x6.h"
 976              		.file 7 "../Drivers/STM32F1xx_HAL_Driver/Inc/stm32f1xx_hal_def.h"
 977              		.file 8 "../Drivers/STM32F1xx_HAL_Driver/Inc/stm32f1xx_hal_gpio.h"
 978              		.file 9 "../Drivers/STM32F1xx_HAL_Driver/Inc/stm32f1xx_hal.h"
ARM GAS  C:\Users\38164\AppData\Local\Temp\ccBXxRN5.s 			page 18


DEFINED SYMBOLS
                            *ABS*:0000000000000000 stm32f1xx_hal_gpio.c
C:\Users\38164\AppData\Local\Temp\ccBXxRN5.s:16     .text.HAL_GPIO_Init:0000000000000000 $t
C:\Users\38164\AppData\Local\Temp\ccBXxRN5.s:24     .text.HAL_GPIO_Init:0000000000000000 HAL_GPIO_Init
C:\Users\38164\AppData\Local\Temp\ccBXxRN5.s:291    .text.HAL_GPIO_Init:0000000000000140 $d
C:\Users\38164\AppData\Local\Temp\ccBXxRN5.s:310    .text.HAL_GPIO_Init:000000000000018c $t
C:\Users\38164\AppData\Local\Temp\ccBXxRN5.s:456    .text.HAL_GPIO_Init:0000000000000200 $d
C:\Users\38164\AppData\Local\Temp\ccBXxRN5.s:466    .text.HAL_GPIO_DeInit:0000000000000000 $t
C:\Users\38164\AppData\Local\Temp\ccBXxRN5.s:473    .text.HAL_GPIO_DeInit:0000000000000000 HAL_GPIO_DeInit
C:\Users\38164\AppData\Local\Temp\ccBXxRN5.s:701    .text.HAL_GPIO_DeInit:00000000000000e4 $d
C:\Users\38164\AppData\Local\Temp\ccBXxRN5.s:708    .text.HAL_GPIO_ReadPin:0000000000000000 $t
C:\Users\38164\AppData\Local\Temp\ccBXxRN5.s:715    .text.HAL_GPIO_ReadPin:0000000000000000 HAL_GPIO_ReadPin
C:\Users\38164\AppData\Local\Temp\ccBXxRN5.s:748    .text.HAL_GPIO_WritePin:0000000000000000 $t
C:\Users\38164\AppData\Local\Temp\ccBXxRN5.s:755    .text.HAL_GPIO_WritePin:0000000000000000 HAL_GPIO_WritePin
C:\Users\38164\AppData\Local\Temp\ccBXxRN5.s:785    .text.HAL_GPIO_TogglePin:0000000000000000 $t
C:\Users\38164\AppData\Local\Temp\ccBXxRN5.s:792    .text.HAL_GPIO_TogglePin:0000000000000000 HAL_GPIO_TogglePin
C:\Users\38164\AppData\Local\Temp\ccBXxRN5.s:822    .text.HAL_GPIO_LockPin:0000000000000000 $t
C:\Users\38164\AppData\Local\Temp\ccBXxRN5.s:829    .text.HAL_GPIO_LockPin:0000000000000000 HAL_GPIO_LockPin
C:\Users\38164\AppData\Local\Temp\ccBXxRN5.s:897    .text.HAL_GPIO_EXTI_Callback:0000000000000000 $t
C:\Users\38164\AppData\Local\Temp\ccBXxRN5.s:904    .text.HAL_GPIO_EXTI_Callback:0000000000000000 HAL_GPIO_EXTI_Callback
C:\Users\38164\AppData\Local\Temp\ccBXxRN5.s:919    .text.HAL_GPIO_EXTI_IRQHandler:0000000000000000 $t
C:\Users\38164\AppData\Local\Temp\ccBXxRN5.s:926    .text.HAL_GPIO_EXTI_IRQHandler:0000000000000000 HAL_GPIO_EXTI_IRQHandler
C:\Users\38164\AppData\Local\Temp\ccBXxRN5.s:964    .text.HAL_GPIO_EXTI_IRQHandler:0000000000000018 $d

NO UNDEFINED SYMBOLS
