ARM GAS  C:\Users\38164\AppData\Local\Temp\ccWo2TUB.s 			page 1


   1              		.cpu cortex-m3
   2              		.eabi_attribute 20, 1
   3              		.eabi_attribute 21, 1
   4              		.eabi_attribute 23, 3
   5              		.eabi_attribute 24, 1
   6              		.eabi_attribute 25, 1
   7              		.eabi_attribute 26, 1
   8              		.eabi_attribute 30, 1
   9              		.eabi_attribute 34, 1
  10              		.eabi_attribute 18, 4
  11              		.file	"stm32f1xx_it.c"
  12              		.text
  13              	.Ltext0:
  14              		.cfi_sections	.debug_frame
  15              		.section	.text.NMI_Handler,"ax",%progbits
  16              		.align	1
  17              		.global	NMI_Handler
  18              		.arch armv7-m
  19              		.syntax unified
  20              		.thumb
  21              		.thumb_func
  22              		.fpu softvfp
  24              	NMI_Handler:
  25              	.LFB65:
  26              		.file 1 "../Core/Src/stm32f1xx_it.c"
   1:../Core/Src/stm32f1xx_it.c **** 
  27              		.loc 1 73 1 view -0
  28              		.cfi_startproc
  29              		@ Volatile: function does not return.
  30              		@ args = 0, pretend = 0, frame = 0
  31              		@ frame_needed = 0, uses_anonymous_args = 0
  32              		@ link register save eliminated.
  33              	.L2:
  34              		.loc 1 78 3 discriminator 1 view .LVU1
  35              		.loc 1 80 3 discriminator 1 view .LVU2
  36              		.loc 1 78 9 discriminator 1 view .LVU3
  37 0000 FEE7     		b	.L2
  38              		.cfi_endproc
  39              	.LFE65:
  41              		.section	.text.HardFault_Handler,"ax",%progbits
  42              		.align	1
  43              		.global	HardFault_Handler
  44              		.syntax unified
  45              		.thumb
  46              		.thumb_func
  47              		.fpu softvfp
  49              	HardFault_Handler:
  50              	.LFB66:
  51              		.loc 1 88 1 view -0
  52              		.cfi_startproc
  53              		@ Volatile: function does not return.
  54              		@ args = 0, pretend = 0, frame = 0
  55              		@ frame_needed = 0, uses_anonymous_args = 0
  56              		@ link register save eliminated.
  57              	.L4:
  58              		.loc 1 92 3 discriminator 1 view .LVU5
  59              		.loc 1 96 3 discriminator 1 view .LVU6
ARM GAS  C:\Users\38164\AppData\Local\Temp\ccWo2TUB.s 			page 2


  60              		.loc 1 92 9 discriminator 1 view .LVU7
  61 0000 FEE7     		b	.L4
  62              		.cfi_endproc
  63              	.LFE66:
  65              		.section	.text.MemManage_Handler,"ax",%progbits
  66              		.align	1
  67              		.global	MemManage_Handler
  68              		.syntax unified
  69              		.thumb
  70              		.thumb_func
  71              		.fpu softvfp
  73              	MemManage_Handler:
  74              	.LFB67:
  75              		.loc 1 103 1 view -0
  76              		.cfi_startproc
  77              		@ Volatile: function does not return.
  78              		@ args = 0, pretend = 0, frame = 0
  79              		@ frame_needed = 0, uses_anonymous_args = 0
  80              		@ link register save eliminated.
  81              	.L6:
  82              		.loc 1 107 3 discriminator 1 view .LVU9
  83              		.loc 1 111 3 discriminator 1 view .LVU10
  84              		.loc 1 107 9 discriminator 1 view .LVU11
  85 0000 FEE7     		b	.L6
  86              		.cfi_endproc
  87              	.LFE67:
  89              		.section	.text.BusFault_Handler,"ax",%progbits
  90              		.align	1
  91              		.global	BusFault_Handler
  92              		.syntax unified
  93              		.thumb
  94              		.thumb_func
  95              		.fpu softvfp
  97              	BusFault_Handler:
  98              	.LFB68:
  99              		.loc 1 118 1 view -0
 100              		.cfi_startproc
 101              		@ Volatile: function does not return.
 102              		@ args = 0, pretend = 0, frame = 0
 103              		@ frame_needed = 0, uses_anonymous_args = 0
 104              		@ link register save eliminated.
 105              	.L8:
 106              		.loc 1 122 3 discriminator 1 view .LVU13
 107              		.loc 1 126 3 discriminator 1 view .LVU14
 108              		.loc 1 122 9 discriminator 1 view .LVU15
 109 0000 FEE7     		b	.L8
 110              		.cfi_endproc
 111              	.LFE68:
 113              		.section	.text.UsageFault_Handler,"ax",%progbits
 114              		.align	1
 115              		.global	UsageFault_Handler
 116              		.syntax unified
 117              		.thumb
 118              		.thumb_func
 119              		.fpu softvfp
 121              	UsageFault_Handler:
 122              	.LFB69:
ARM GAS  C:\Users\38164\AppData\Local\Temp\ccWo2TUB.s 			page 3


 123              		.loc 1 133 1 view -0
 124              		.cfi_startproc
 125              		@ Volatile: function does not return.
 126              		@ args = 0, pretend = 0, frame = 0
 127              		@ frame_needed = 0, uses_anonymous_args = 0
 128              		@ link register save eliminated.
 129              	.L10:
 130              		.loc 1 137 3 discriminator 1 view .LVU17
 131              		.loc 1 141 3 discriminator 1 view .LVU18
 132              		.loc 1 137 9 discriminator 1 view .LVU19
 133 0000 FEE7     		b	.L10
 134              		.cfi_endproc
 135              	.LFE69:
 137              		.section	.text.DebugMon_Handler,"ax",%progbits
 138              		.align	1
 139              		.global	DebugMon_Handler
 140              		.syntax unified
 141              		.thumb
 142              		.thumb_func
 143              		.fpu softvfp
 145              	DebugMon_Handler:
 146              	.LFB70:
 147              		.loc 1 148 1 view -0
 148              		.cfi_startproc
 149              		@ args = 0, pretend = 0, frame = 0
 150              		@ frame_needed = 0, uses_anonymous_args = 0
 151              		@ link register save eliminated.
 152              		.loc 1 155 1 view .LVU21
 153 0000 7047     		bx	lr
 154              		.cfi_endproc
 155              	.LFE70:
 157              		.section	.text.EXTI9_5_IRQHandler,"ax",%progbits
 158              		.align	1
 159              		.global	EXTI9_5_IRQHandler
 160              		.syntax unified
 161              		.thumb
 162              		.thumb_func
 163              		.fpu softvfp
 165              	EXTI9_5_IRQHandler:
 166              	.LFB71:
 167              		.loc 1 168 1 view -0
 168              		.cfi_startproc
 169              		@ args = 0, pretend = 0, frame = 0
 170              		@ frame_needed = 0, uses_anonymous_args = 0
 171 0000 08B5     		push	{r3, lr}
 172              	.LCFI0:
 173              		.cfi_def_cfa_offset 8
 174              		.cfi_offset 3, -8
 175              		.cfi_offset 14, -4
 176              		.loc 1 172 3 view .LVU23
 177 0002 8020     		movs	r0, #128
 178 0004 014B     		ldr	r3, .L14
 179 0006 9847     		blx	r3
 180              	.LVL0:
 181              		.loc 1 176 1 is_stmt 0 view .LVU24
 182 0008 08BD     		pop	{r3, pc}
 183              	.L15:
ARM GAS  C:\Users\38164\AppData\Local\Temp\ccWo2TUB.s 			page 4


 184 000a 00BF     		.align	2
 185              	.L14:
 186 000c 00000000 		.word	HAL_GPIO_EXTI_IRQHandler
 187              		.cfi_endproc
 188              	.LFE71:
 190              		.section	.text.TIM1_UP_IRQHandler,"ax",%progbits
 191              		.align	1
 192              		.global	TIM1_UP_IRQHandler
 193              		.syntax unified
 194              		.thumb
 195              		.thumb_func
 196              		.fpu softvfp
 198              	TIM1_UP_IRQHandler:
 199              	.LFB72:
 200              		.loc 1 182 1 is_stmt 1 view -0
 201              		.cfi_startproc
 202              		@ args = 0, pretend = 0, frame = 0
 203              		@ frame_needed = 0, uses_anonymous_args = 0
 204 0000 08B5     		push	{r3, lr}
 205              	.LCFI1:
 206              		.cfi_def_cfa_offset 8
 207              		.cfi_offset 3, -8
 208              		.cfi_offset 14, -4
 209              		.loc 1 186 3 view .LVU26
 210 0002 0248     		ldr	r0, .L18
 211 0004 024B     		ldr	r3, .L18+4
 212 0006 9847     		blx	r3
 213              	.LVL1:
 214              		.loc 1 190 1 is_stmt 0 view .LVU27
 215 0008 08BD     		pop	{r3, pc}
 216              	.L19:
 217 000a 00BF     		.align	2
 218              	.L18:
 219 000c 00000000 		.word	htim1
 220 0010 00000000 		.word	HAL_TIM_IRQHandler
 221              		.cfi_endproc
 222              	.LFE72:
 224              		.section	.text.USART1_IRQHandler,"ax",%progbits
 225              		.align	1
 226              		.global	USART1_IRQHandler
 227              		.syntax unified
 228              		.thumb
 229              		.thumb_func
 230              		.fpu softvfp
 232              	USART1_IRQHandler:
 233              	.LFB73:
 234              		.loc 1 196 1 is_stmt 1 view -0
 235              		.cfi_startproc
 236              		@ args = 0, pretend = 0, frame = 0
 237              		@ frame_needed = 0, uses_anonymous_args = 0
 238 0000 08B5     		push	{r3, lr}
 239              	.LCFI2:
 240              		.cfi_def_cfa_offset 8
 241              		.cfi_offset 3, -8
 242              		.cfi_offset 14, -4
 243              		.loc 1 200 3 view .LVU29
 244 0002 0248     		ldr	r0, .L22
ARM GAS  C:\Users\38164\AppData\Local\Temp\ccWo2TUB.s 			page 5


 245 0004 024B     		ldr	r3, .L22+4
 246 0006 9847     		blx	r3
 247              	.LVL2:
 248              		.loc 1 204 1 is_stmt 0 view .LVU30
 249 0008 08BD     		pop	{r3, pc}
 250              	.L23:
 251 000a 00BF     		.align	2
 252              	.L22:
 253 000c 00000000 		.word	huart1
 254 0010 00000000 		.word	HAL_UART_IRQHandler
 255              		.cfi_endproc
 256              	.LFE73:
 258              		.text
 259              	.Letext0:
 260              		.file 2 "../c:\\users\\38164\\onedrive\\desktop\\gnu mcu\\arm-none-eabi-gcc-9.3.1-1.1\\arm-none-ea
 261              		.file 3 "../c:\\users\\38164\\onedrive\\desktop\\gnu mcu\\arm-none-eabi-gcc-9.3.1-1.1\\arm-none-ea
 262              		.file 4 "../Drivers/CMSIS/Include/core_cm3.h"
 263              		.file 5 "../Drivers/CMSIS/Device/ST/STM32F1xx/Include/system_stm32f1xx.h"
 264              		.file 6 "../Drivers/CMSIS/Device/ST/STM32F1xx/Include/stm32f103x6.h"
 265              		.file 7 "../Drivers/STM32F1xx_HAL_Driver/Inc/stm32f1xx_hal_def.h"
 266              		.file 8 "../Drivers/STM32F1xx_HAL_Driver/Inc/stm32f1xx_hal_dma.h"
 267              		.file 9 "../Drivers/STM32F1xx_HAL_Driver/Inc/stm32f1xx_hal_tim.h"
 268              		.file 10 "../Drivers/STM32F1xx_HAL_Driver/Inc/stm32f1xx_hal_uart.h"
 269              		.file 11 "../Drivers/STM32F1xx_HAL_Driver/Inc/stm32f1xx_hal.h"
 270              		.file 12 "../Drivers/STM32F1xx_HAL_Driver/Inc/stm32f1xx_hal_gpio.h"
ARM GAS  C:\Users\38164\AppData\Local\Temp\ccWo2TUB.s 			page 6


DEFINED SYMBOLS
                            *ABS*:0000000000000000 stm32f1xx_it.c
C:\Users\38164\AppData\Local\Temp\ccWo2TUB.s:16     .text.NMI_Handler:0000000000000000 $t
C:\Users\38164\AppData\Local\Temp\ccWo2TUB.s:24     .text.NMI_Handler:0000000000000000 NMI_Handler
C:\Users\38164\AppData\Local\Temp\ccWo2TUB.s:42     .text.HardFault_Handler:0000000000000000 $t
C:\Users\38164\AppData\Local\Temp\ccWo2TUB.s:49     .text.HardFault_Handler:0000000000000000 HardFault_Handler
C:\Users\38164\AppData\Local\Temp\ccWo2TUB.s:66     .text.MemManage_Handler:0000000000000000 $t
C:\Users\38164\AppData\Local\Temp\ccWo2TUB.s:73     .text.MemManage_Handler:0000000000000000 MemManage_Handler
C:\Users\38164\AppData\Local\Temp\ccWo2TUB.s:90     .text.BusFault_Handler:0000000000000000 $t
C:\Users\38164\AppData\Local\Temp\ccWo2TUB.s:97     .text.BusFault_Handler:0000000000000000 BusFault_Handler
C:\Users\38164\AppData\Local\Temp\ccWo2TUB.s:114    .text.UsageFault_Handler:0000000000000000 $t
C:\Users\38164\AppData\Local\Temp\ccWo2TUB.s:121    .text.UsageFault_Handler:0000000000000000 UsageFault_Handler
C:\Users\38164\AppData\Local\Temp\ccWo2TUB.s:138    .text.DebugMon_Handler:0000000000000000 $t
C:\Users\38164\AppData\Local\Temp\ccWo2TUB.s:145    .text.DebugMon_Handler:0000000000000000 DebugMon_Handler
C:\Users\38164\AppData\Local\Temp\ccWo2TUB.s:158    .text.EXTI9_5_IRQHandler:0000000000000000 $t
C:\Users\38164\AppData\Local\Temp\ccWo2TUB.s:165    .text.EXTI9_5_IRQHandler:0000000000000000 EXTI9_5_IRQHandler
C:\Users\38164\AppData\Local\Temp\ccWo2TUB.s:186    .text.EXTI9_5_IRQHandler:000000000000000c $d
C:\Users\38164\AppData\Local\Temp\ccWo2TUB.s:191    .text.TIM1_UP_IRQHandler:0000000000000000 $t
C:\Users\38164\AppData\Local\Temp\ccWo2TUB.s:198    .text.TIM1_UP_IRQHandler:0000000000000000 TIM1_UP_IRQHandler
C:\Users\38164\AppData\Local\Temp\ccWo2TUB.s:219    .text.TIM1_UP_IRQHandler:000000000000000c $d
C:\Users\38164\AppData\Local\Temp\ccWo2TUB.s:225    .text.USART1_IRQHandler:0000000000000000 $t
C:\Users\38164\AppData\Local\Temp\ccWo2TUB.s:232    .text.USART1_IRQHandler:0000000000000000 USART1_IRQHandler
C:\Users\38164\AppData\Local\Temp\ccWo2TUB.s:253    .text.USART1_IRQHandler:000000000000000c $d

UNDEFINED SYMBOLS
HAL_GPIO_EXTI_IRQHandler
htim1
HAL_TIM_IRQHandler
huart1
HAL_UART_IRQHandler
