ARM GAS  C:\Users\38164\AppData\Local\Temp\ccyVoQvZ.s 			page 1


   1              		.cpu cortex-m3
   2              		.eabi_attribute 20, 1
   3              		.eabi_attribute 21, 1
   4              		.eabi_attribute 23, 3
   5              		.eabi_attribute 24, 1
   6              		.eabi_attribute 25, 1
   7              		.eabi_attribute 26, 1
   8              		.eabi_attribute 30, 1
   9              		.eabi_attribute 34, 1
  10              		.eabi_attribute 18, 4
  11              		.file	"stm32f1xx_hal_flash.c"
  12              		.text
  13              	.Ltext0:
  14              		.cfi_sections	.debug_frame
  15              		.section	.text.FLASH_Program_HalfWord,"ax",%progbits
  16              		.align	1
  17              		.arch armv7-m
  18              		.syntax unified
  19              		.thumb
  20              		.thumb_func
  21              		.fpu softvfp
  23              	FLASH_Program_HalfWord:
  24              	.LVL0:
  25              	.LFB76:
  26              		.file 1 "../Drivers/STM32F1xx_HAL_Driver/Src/stm32f1xx_hal_flash.c"
   1:../Drivers/STM32F1xx_HAL_Driver/Src/stm32f1xx_hal_flash.c **** 
  27              		.loc 1 798 1 view -0
  28              		.cfi_startproc
  29              		@ args = 0, pretend = 0, frame = 0
  30              		@ frame_needed = 0, uses_anonymous_args = 0
  31              		@ link register save eliminated.
  32              		.loc 1 800 3 view .LVU1
  33              		.loc 1 800 20 is_stmt 0 view .LVU2
  34 0000 044B     		ldr	r3, .L2
  35 0002 0022     		movs	r2, #0
  36 0004 DA61     		str	r2, [r3, #28]
  37              		.loc 1 807 5 is_stmt 1 view .LVU3
  38 0006 044A     		ldr	r2, .L2+4
  39 0008 1369     		ldr	r3, [r2, #16]
  40 000a 43F00103 		orr	r3, r3, #1
  41 000e 1361     		str	r3, [r2, #16]
  42              		.loc 1 818 3 view .LVU4
  43              		.loc 1 818 28 is_stmt 0 view .LVU5
  44 0010 0180     		strh	r1, [r0]	@ movhi
  45              		.loc 1 819 1 view .LVU6
  46 0012 7047     		bx	lr
  47              	.L3:
  48              		.align	2
  49              	.L2:
  50 0014 00000000 		.word	pFlash
  51 0018 00200240 		.word	1073881088
  52              		.cfi_endproc
  53              	.LFE76:
  55              		.section	.text.FLASH_SetErrorCode,"ax",%progbits
  56              		.align	1
  57              		.syntax unified
  58              		.thumb
ARM GAS  C:\Users\38164\AppData\Local\Temp\ccyVoQvZ.s 			page 2


  59              		.thumb_func
  60              		.fpu softvfp
  62              	FLASH_SetErrorCode:
  63              	.LFB78:
  64              		.loc 1 915 1 is_stmt 1 view -0
  65              		.cfi_startproc
  66              		@ args = 0, pretend = 0, frame = 0
  67              		@ frame_needed = 0, uses_anonymous_args = 0
  68              		@ link register save eliminated.
  69              		.loc 1 916 3 view .LVU8
  70              	.LVL1:
  71              		.loc 1 921 3 view .LVU9
  72              		.loc 1 921 6 is_stmt 0 view .LVU10
  73 0000 194B     		ldr	r3, .L11
  74 0002 DB68     		ldr	r3, [r3, #12]
  75              		.loc 1 921 5 view .LVU11
  76 0004 13F01003 		ands	r3, r3, #16
  77 0008 05D0     		beq	.L5
  78              		.loc 1 924 5 is_stmt 1 view .LVU12
  79              		.loc 1 924 22 is_stmt 0 view .LVU13
  80 000a 184A     		ldr	r2, .L11+4
  81 000c D369     		ldr	r3, [r2, #28]
  82 000e 43F00203 		orr	r3, r3, #2
  83 0012 D361     		str	r3, [r2, #28]
  84              		.loc 1 928 5 is_stmt 1 view .LVU14
  85              	.LVL2:
  86              		.loc 1 928 11 is_stmt 0 view .LVU15
  87 0014 1023     		movs	r3, #16
  88              	.LVL3:
  89              	.L5:
  90              		.loc 1 934 3 is_stmt 1 view .LVU16
  91              		.loc 1 934 6 is_stmt 0 view .LVU17
  92 0016 144A     		ldr	r2, .L11
  93 0018 D268     		ldr	r2, [r2, #12]
  94              		.loc 1 934 5 view .LVU18
  95 001a 12F0040F 		tst	r2, #4
  96 001e 06D0     		beq	.L6
  97              		.loc 1 937 5 is_stmt 1 view .LVU19
  98              		.loc 1 937 22 is_stmt 0 view .LVU20
  99 0020 1249     		ldr	r1, .L11+4
 100 0022 CA69     		ldr	r2, [r1, #28]
 101 0024 42F00102 		orr	r2, r2, #1
 102 0028 CA61     		str	r2, [r1, #28]
 103              		.loc 1 941 5 is_stmt 1 view .LVU21
 104              		.loc 1 941 11 is_stmt 0 view .LVU22
 105 002a 43F00403 		orr	r3, r3, #4
 106              	.LVL4:
 107              	.L6:
 108              		.loc 1 944 3 is_stmt 1 view .LVU23
 109              		.loc 1 944 6 is_stmt 0 view .LVU24
 110 002e 0E4A     		ldr	r2, .L11
 111 0030 D269     		ldr	r2, [r2, #28]
 112              		.loc 1 944 5 view .LVU25
 113 0032 12F0010F 		tst	r2, #1
 114 0036 09D0     		beq	.L7
 115              		.loc 1 946 5 is_stmt 1 view .LVU26
 116              		.loc 1 946 22 is_stmt 0 view .LVU27
ARM GAS  C:\Users\38164\AppData\Local\Temp\ccyVoQvZ.s 			page 3


 117 0038 0C49     		ldr	r1, .L11+4
 118 003a CA69     		ldr	r2, [r1, #28]
 119 003c 42F00402 		orr	r2, r2, #4
 120 0040 CA61     		str	r2, [r1, #28]
 121              		.loc 1 947 3 is_stmt 1 view .LVU28
 122              		.loc 1 947 3 view .LVU29
 123              		.loc 1 947 3 view .LVU30
 124 0042 0949     		ldr	r1, .L11
 125 0044 CA69     		ldr	r2, [r1, #28]
 126 0046 22F00102 		bic	r2, r2, #1
 127 004a CA61     		str	r2, [r1, #28]
 128              	.L7:
 129              		.loc 1 947 3 discriminator 4 view .LVU31
 130              		.loc 1 951 3 discriminator 4 view .LVU32
 131              		.loc 1 951 3 discriminator 4 view .LVU33
 132 004c 40F20112 		movw	r2, #257
 133 0050 9342     		cmp	r3, r2
 134 0052 02D0     		beq	.L10
 135              		.loc 1 951 3 discriminator 2 view .LVU34
 136 0054 044A     		ldr	r2, .L11
 137 0056 D360     		str	r3, [r2, #12]
 138              		.loc 1 951 3 discriminator 2 view .LVU35
 139              		.loc 1 952 1 is_stmt 0 discriminator 2 view .LVU36
 140 0058 7047     		bx	lr
 141              	.L10:
 142              		.loc 1 951 3 is_stmt 1 discriminator 1 view .LVU37
 143 005a 034A     		ldr	r2, .L11
 144 005c D369     		ldr	r3, [r2, #28]
 145              	.LVL5:
 146              		.loc 1 951 3 is_stmt 0 discriminator 1 view .LVU38
 147 005e 23F00103 		bic	r3, r3, #1
 148 0062 D361     		str	r3, [r2, #28]
 149 0064 7047     		bx	lr
 150              	.L12:
 151 0066 00BF     		.align	2
 152              	.L11:
 153 0068 00200240 		.word	1073881088
 154 006c 00000000 		.word	pFlash
 155              		.cfi_endproc
 156              	.LFE78:
 158              		.section	.text.HAL_FLASH_Program_IT,"ax",%progbits
 159              		.align	1
 160              		.global	HAL_FLASH_Program_IT
 161              		.syntax unified
 162              		.thumb
 163              		.thumb_func
 164              		.fpu softvfp
 166              	HAL_FLASH_Program_IT:
 167              	.LVL6:
 168              	.LFB66:
 169              		.loc 1 268 1 is_stmt 1 view -0
 170              		.cfi_startproc
 171              		@ args = 0, pretend = 0, frame = 0
 172              		@ frame_needed = 0, uses_anonymous_args = 0
 173              		.loc 1 268 1 is_stmt 0 view .LVU40
 174 0000 70B5     		push	{r4, r5, r6, lr}
 175              	.LCFI0:
ARM GAS  C:\Users\38164\AppData\Local\Temp\ccyVoQvZ.s 			page 4


 176              		.cfi_def_cfa_offset 16
 177              		.cfi_offset 4, -16
 178              		.cfi_offset 5, -12
 179              		.cfi_offset 6, -8
 180              		.cfi_offset 14, -4
 181 0002 1D46     		mov	r5, r3
 182              		.loc 1 269 3 is_stmt 1 view .LVU41
 183              	.LVL7:
 184              		.loc 1 272 3 view .LVU42
 185              		.loc 1 272 3 view .LVU43
 186 0004 164B     		ldr	r3, .L22
 187 0006 1B7E     		ldrb	r3, [r3, #24]	@ zero_extendqisi2
 188 0008 012B     		cmp	r3, #1
 189 000a 26D0     		beq	.L18
 190 000c 0646     		mov	r6, r0
 191 000e 0846     		mov	r0, r1
 192              	.LVL8:
 193              		.loc 1 272 3 is_stmt 0 view .LVU44
 194 0010 1446     		mov	r4, r2
 195              		.loc 1 272 3 is_stmt 1 discriminator 2 view .LVU45
 196 0012 134B     		ldr	r3, .L22
 197 0014 0122     		movs	r2, #1
 198              	.LVL9:
 199              		.loc 1 272 3 is_stmt 0 discriminator 2 view .LVU46
 200 0016 1A76     		strb	r2, [r3, #24]
 201              		.loc 1 272 3 is_stmt 1 discriminator 2 view .LVU47
 202              		.loc 1 275 3 discriminator 2 view .LVU48
 203              		.loc 1 276 3 discriminator 2 view .LVU49
 204              		.loc 1 297 3 discriminator 2 view .LVU50
 205 0018 1249     		ldr	r1, .L22+4
 206              	.LVL10:
 207              		.loc 1 297 3 is_stmt 0 discriminator 2 view .LVU51
 208 001a 0A69     		ldr	r2, [r1, #16]
 209 001c 42F4A052 		orr	r2, r2, #5120
 210 0020 0A61     		str	r2, [r1, #16]
 211              		.loc 1 300 3 is_stmt 1 discriminator 2 view .LVU52
 212              		.loc 1 300 18 is_stmt 0 discriminator 2 view .LVU53
 213 0022 9860     		str	r0, [r3, #8]
 214              		.loc 1 301 3 is_stmt 1 discriminator 2 view .LVU54
 215              		.loc 1 301 15 is_stmt 0 discriminator 2 view .LVU55
 216 0024 C3E90445 		strd	r4, [r3, #16]
 217              		.loc 1 303 3 is_stmt 1 discriminator 2 view .LVU56
 218              		.loc 1 303 5 is_stmt 0 discriminator 2 view .LVU57
 219 0028 012E     		cmp	r6, #1
 220 002a 0BD0     		beq	.L20
 221              		.loc 1 309 8 is_stmt 1 view .LVU58
 222              		.loc 1 309 10 is_stmt 0 view .LVU59
 223 002c 022E     		cmp	r6, #2
 224 002e 0ED0     		beq	.L21
 225              		.loc 1 317 5 is_stmt 1 view .LVU60
 226              		.loc 1 317 29 is_stmt 0 view .LVU61
 227 0030 0B4B     		ldr	r3, .L22
 228 0032 0522     		movs	r2, #5
 229 0034 1A70     		strb	r2, [r3]
 230              		.loc 1 319 5 is_stmt 1 view .LVU62
 231              		.loc 1 319 26 is_stmt 0 view .LVU63
 232 0036 0422     		movs	r2, #4
ARM GAS  C:\Users\38164\AppData\Local\Temp\ccyVoQvZ.s 			page 5


 233 0038 5A60     		str	r2, [r3, #4]
 234              	.L16:
 235              		.loc 1 323 3 is_stmt 1 view .LVU64
 236 003a A1B2     		uxth	r1, r4
 237 003c 0A4B     		ldr	r3, .L22+8
 238 003e 9847     		blx	r3
 239              	.LVL11:
 240              		.loc 1 325 3 view .LVU65
 241              		.loc 1 325 10 is_stmt 0 view .LVU66
 242 0040 0020     		movs	r0, #0
 243              	.LVL12:
 244              	.L14:
 245              		.loc 1 326 1 view .LVU67
 246 0042 70BD     		pop	{r4, r5, r6, pc}
 247              	.LVL13:
 248              	.L20:
 249              		.loc 1 305 5 is_stmt 1 view .LVU68
 250              		.loc 1 305 29 is_stmt 0 view .LVU69
 251 0044 0322     		movs	r2, #3
 252 0046 1A70     		strb	r2, [r3]
 253              		.loc 1 307 5 is_stmt 1 view .LVU70
 254              		.loc 1 307 26 is_stmt 0 view .LVU71
 255 0048 0122     		movs	r2, #1
 256 004a 5A60     		str	r2, [r3, #4]
 257 004c F5E7     		b	.L16
 258              	.L21:
 259              		.loc 1 311 5 is_stmt 1 view .LVU72
 260              		.loc 1 311 29 is_stmt 0 view .LVU73
 261 004e 044B     		ldr	r3, .L22
 262 0050 0422     		movs	r2, #4
 263 0052 1A70     		strb	r2, [r3]
 264              		.loc 1 313 5 is_stmt 1 view .LVU74
 265              		.loc 1 313 26 is_stmt 0 view .LVU75
 266 0054 0222     		movs	r2, #2
 267 0056 5A60     		str	r2, [r3, #4]
 268 0058 EFE7     		b	.L16
 269              	.LVL14:
 270              	.L18:
 271              		.loc 1 272 3 view .LVU76
 272 005a 0220     		movs	r0, #2
 273              	.LVL15:
 274              		.loc 1 272 3 view .LVU77
 275 005c F1E7     		b	.L14
 276              	.L23:
 277 005e 00BF     		.align	2
 278              	.L22:
 279 0060 00000000 		.word	pFlash
 280 0064 00200240 		.word	1073881088
 281 0068 00000000 		.word	FLASH_Program_HalfWord
 282              		.cfi_endproc
 283              	.LFE66:
 285              		.section	.text.HAL_FLASH_EndOfOperationCallback,"ax",%progbits
 286              		.align	1
 287              		.weak	HAL_FLASH_EndOfOperationCallback
 288              		.syntax unified
 289              		.thumb
 290              		.thumb_func
ARM GAS  C:\Users\38164\AppData\Local\Temp\ccyVoQvZ.s 			page 6


 291              		.fpu softvfp
 293              	HAL_FLASH_EndOfOperationCallback:
 294              	.LVL16:
 295              	.LFB68:
 296              		.loc 1 607 1 is_stmt 1 view -0
 297              		.cfi_startproc
 298              		@ args = 0, pretend = 0, frame = 0
 299              		@ frame_needed = 0, uses_anonymous_args = 0
 300              		@ link register save eliminated.
 301              		.loc 1 609 3 view .LVU79
 302              		.loc 1 614 1 is_stmt 0 view .LVU80
 303 0000 7047     		bx	lr
 304              		.cfi_endproc
 305              	.LFE68:
 307              		.section	.text.HAL_FLASH_OperationErrorCallback,"ax",%progbits
 308              		.align	1
 309              		.weak	HAL_FLASH_OperationErrorCallback
 310              		.syntax unified
 311              		.thumb
 312              		.thumb_func
 313              		.fpu softvfp
 315              	HAL_FLASH_OperationErrorCallback:
 316              	.LVL17:
 317              	.LFB69:
 318              		.loc 1 625 1 is_stmt 1 view -0
 319              		.cfi_startproc
 320              		@ args = 0, pretend = 0, frame = 0
 321              		@ frame_needed = 0, uses_anonymous_args = 0
 322              		@ link register save eliminated.
 323              		.loc 1 627 3 view .LVU82
 324              		.loc 1 632 1 is_stmt 0 view .LVU83
 325 0000 7047     		bx	lr
 326              		.cfi_endproc
 327              	.LFE69:
 329              		.section	.text.HAL_FLASH_IRQHandler,"ax",%progbits
 330              		.align	1
 331              		.global	HAL_FLASH_IRQHandler
 332              		.syntax unified
 333              		.thumb
 334              		.thumb_func
 335              		.fpu softvfp
 337              	HAL_FLASH_IRQHandler:
 338              	.LFB67:
 339              		.loc 1 333 1 is_stmt 1 view -0
 340              		.cfi_startproc
 341              		@ args = 0, pretend = 0, frame = 0
 342              		@ frame_needed = 0, uses_anonymous_args = 0
 343 0000 F8B5     		push	{r3, r4, r5, r6, r7, lr}
 344              	.LCFI1:
 345              		.cfi_def_cfa_offset 24
 346              		.cfi_offset 3, -24
 347              		.cfi_offset 4, -20
 348              		.cfi_offset 5, -16
 349              		.cfi_offset 6, -12
 350              		.cfi_offset 7, -8
 351              		.cfi_offset 14, -4
 352              		.loc 1 334 3 view .LVU85
ARM GAS  C:\Users\38164\AppData\Local\Temp\ccyVoQvZ.s 			page 7


 353              	.LVL18:
 354              		.loc 1 341 3 view .LVU86
 355              		.loc 1 341 6 is_stmt 0 view .LVU87
 356 0002 524B     		ldr	r3, .L44
 357 0004 DB68     		ldr	r3, [r3, #12]
 358              		.loc 1 341 5 view .LVU88
 359 0006 13F0100F 		tst	r3, #16
 360 000a 04D1     		bne	.L27
 361              		.loc 1 341 48 discriminator 1 view .LVU89
 362 000c 4F4B     		ldr	r3, .L44
 363 000e DB68     		ldr	r3, [r3, #12]
 364              		.loc 1 341 46 discriminator 1 view .LVU90
 365 0010 13F0040F 		tst	r3, #4
 366 0014 0BD0     		beq	.L28
 367              	.L27:
 368              		.loc 1 345 5 is_stmt 1 view .LVU91
 369              		.loc 1 345 16 is_stmt 0 view .LVU92
 370 0016 4E4C     		ldr	r4, .L44+4
 371 0018 A568     		ldr	r5, [r4, #8]
 372              	.LVL19:
 373              		.loc 1 347 5 is_stmt 1 view .LVU93
 374              		.loc 1 347 20 is_stmt 0 view .LVU94
 375 001a 4FF0FF33 		mov	r3, #-1
 376 001e A360     		str	r3, [r4, #8]
 377              		.loc 1 350 5 is_stmt 1 view .LVU95
 378 0020 4C4B     		ldr	r3, .L44+8
 379 0022 9847     		blx	r3
 380              	.LVL20:
 381              		.loc 1 353 5 view .LVU96
 382 0024 2846     		mov	r0, r5
 383 0026 4C4B     		ldr	r3, .L44+12
 384 0028 9847     		blx	r3
 385              	.LVL21:
 386              		.loc 1 356 5 view .LVU97
 387              		.loc 1 356 29 is_stmt 0 view .LVU98
 388 002a 0023     		movs	r3, #0
 389 002c 2370     		strb	r3, [r4]
 390              	.LVL22:
 391              	.L28:
 392              		.loc 1 366 3 is_stmt 1 view .LVU99
 393              		.loc 1 366 6 is_stmt 0 view .LVU100
 394 002e 474B     		ldr	r3, .L44
 395 0030 DB68     		ldr	r3, [r3, #12]
 396              		.loc 1 366 5 view .LVU101
 397 0032 13F0200F 		tst	r3, #32
 398 0036 2BD0     		beq	.L29
 399              		.loc 1 369 5 is_stmt 1 discriminator 2 view .LVU102
 400              		.loc 1 369 5 discriminator 2 view .LVU103
 401              		.loc 1 369 5 discriminator 2 view .LVU104
 402 0038 444B     		ldr	r3, .L44
 403 003a 2022     		movs	r2, #32
 404 003c DA60     		str	r2, [r3, #12]
 405              		.loc 1 369 5 discriminator 2 view .LVU105
 406              		.loc 1 373 5 discriminator 2 view .LVU106
 407              		.loc 1 373 14 is_stmt 0 discriminator 2 view .LVU107
 408 003e 444B     		ldr	r3, .L44+4
 409 0040 1B78     		ldrb	r3, [r3]	@ zero_extendqisi2
ARM GAS  C:\Users\38164\AppData\Local\Temp\ccyVoQvZ.s 			page 8


 410              		.loc 1 373 7 discriminator 2 view .LVU108
 411 0042 2BB3     		cbz	r3, .L29
 412              		.loc 1 375 7 is_stmt 1 view .LVU109
 413              		.loc 1 375 16 is_stmt 0 view .LVU110
 414 0044 424B     		ldr	r3, .L44+4
 415 0046 1B78     		ldrb	r3, [r3]	@ zero_extendqisi2
 416 0048 DBB2     		uxtb	r3, r3
 417              		.loc 1 375 9 view .LVU111
 418 004a 012B     		cmp	r3, #1
 419 004c 30D0     		beq	.L39
 420              		.loc 1 406 12 is_stmt 1 view .LVU112
 421              		.loc 1 406 21 is_stmt 0 view .LVU113
 422 004e 404B     		ldr	r3, .L44+4
 423 0050 1B78     		ldrb	r3, [r3]	@ zero_extendqisi2
 424 0052 DBB2     		uxtb	r3, r3
 425              		.loc 1 406 14 view .LVU114
 426 0054 022B     		cmp	r3, #2
 427 0056 4AD0     		beq	.L40
 428              		.loc 1 429 9 is_stmt 1 view .LVU115
 429              		.loc 1 429 15 is_stmt 0 view .LVU116
 430 0058 3D4B     		ldr	r3, .L44+4
 431 005a 5A68     		ldr	r2, [r3, #4]
 432              		.loc 1 429 29 view .LVU117
 433 005c 013A     		subs	r2, r2, #1
 434 005e 5A60     		str	r2, [r3, #4]
 435              		.loc 1 432 9 is_stmt 1 view .LVU118
 436              		.loc 1 432 18 is_stmt 0 view .LVU119
 437 0060 5B68     		ldr	r3, [r3, #4]
 438              		.loc 1 432 11 view .LVU120
 439 0062 002B     		cmp	r3, #0
 440 0064 4FD1     		bne	.L41
 441              		.loc 1 451 11 is_stmt 1 view .LVU121
 442              		.loc 1 451 21 is_stmt 0 view .LVU122
 443 0066 3A4B     		ldr	r3, .L44+4
 444 0068 1B78     		ldrb	r3, [r3]	@ zero_extendqisi2
 445 006a DBB2     		uxtb	r3, r3
 446              		.loc 1 451 14 view .LVU123
 447 006c 032B     		cmp	r3, #3
 448 006e 62D0     		beq	.L42
 449              		.loc 1 455 16 is_stmt 1 view .LVU124
 450              		.loc 1 455 26 is_stmt 0 view .LVU125
 451 0070 374B     		ldr	r3, .L44+4
 452 0072 1B78     		ldrb	r3, [r3]	@ zero_extendqisi2
 453 0074 DBB2     		uxtb	r3, r3
 454              		.loc 1 455 19 view .LVU126
 455 0076 042B     		cmp	r3, #4
 456 0078 62D0     		beq	.L43
 457              		.loc 1 461 13 is_stmt 1 view .LVU127
 458              		.loc 1 461 52 is_stmt 0 view .LVU128
 459 007a 354B     		ldr	r3, .L44+4
 460 007c 9868     		ldr	r0, [r3, #8]
 461              		.loc 1 461 13 view .LVU129
 462 007e 0638     		subs	r0, r0, #6
 463 0080 364B     		ldr	r3, .L44+16
 464 0082 9847     		blx	r3
 465              	.LVL23:
 466              	.L35:
ARM GAS  C:\Users\38164\AppData\Local\Temp\ccyVoQvZ.s 			page 9


 467              		.loc 1 465 11 is_stmt 1 view .LVU130
 468              		.loc 1 465 26 is_stmt 0 view .LVU131
 469 0084 324B     		ldr	r3, .L44+4
 470 0086 4FF0FF32 		mov	r2, #-1
 471 008a 9A60     		str	r2, [r3, #8]
 472              		.loc 1 466 11 is_stmt 1 view .LVU132
 473              		.loc 1 466 35 is_stmt 0 view .LVU133
 474 008c 0022     		movs	r2, #0
 475 008e 1A70     		strb	r2, [r3]
 476              	.L29:
 477              		.loc 1 575 3 is_stmt 1 view .LVU134
 478              		.loc 1 575 12 is_stmt 0 view .LVU135
 479 0090 2F4B     		ldr	r3, .L44+4
 480 0092 1B78     		ldrb	r3, [r3]	@ zero_extendqisi2
 481              		.loc 1 575 5 view .LVU136
 482 0094 5BB9     		cbnz	r3, .L26
 483              		.loc 1 586 5 is_stmt 1 view .LVU137
 484 0096 2D4B     		ldr	r3, .L44
 485 0098 1A69     		ldr	r2, [r3, #16]
 486 009a 22F00702 		bic	r2, r2, #7
 487 009e 1A61     		str	r2, [r3, #16]
 488              		.loc 1 589 5 view .LVU138
 489 00a0 1A69     		ldr	r2, [r3, #16]
 490 00a2 22F4A052 		bic	r2, r2, #5120
 491 00a6 1A61     		str	r2, [r3, #16]
 492              		.loc 1 593 5 view .LVU139
 493              		.loc 1 593 5 view .LVU140
 494 00a8 294B     		ldr	r3, .L44+4
 495 00aa 0022     		movs	r2, #0
 496 00ac 1A76     		strb	r2, [r3, #24]
 497              		.loc 1 593 5 view .LVU141
 498              	.L26:
 499              		.loc 1 595 1 is_stmt 0 view .LVU142
 500 00ae F8BD     		pop	{r3, r4, r5, r6, r7, pc}
 501              	.L39:
 502              		.loc 1 378 9 is_stmt 1 view .LVU143
 503              		.loc 1 378 15 is_stmt 0 view .LVU144
 504 00b0 274B     		ldr	r3, .L44+4
 505 00b2 5A68     		ldr	r2, [r3, #4]
 506              		.loc 1 378 29 view .LVU145
 507 00b4 013A     		subs	r2, r2, #1
 508 00b6 5A60     		str	r2, [r3, #4]
 509              		.loc 1 381 9 is_stmt 1 view .LVU146
 510              		.loc 1 381 18 is_stmt 0 view .LVU147
 511 00b8 5B68     		ldr	r3, [r3, #4]
 512              		.loc 1 381 11 view .LVU148
 513 00ba 7BB1     		cbz	r3, .L31
 514              		.loc 1 383 11 is_stmt 1 view .LVU149
 515              		.loc 1 383 22 is_stmt 0 view .LVU150
 516 00bc 244C     		ldr	r4, .L44+4
 517 00be A068     		ldr	r0, [r4, #8]
 518              	.LVL24:
 519              		.loc 1 385 11 is_stmt 1 view .LVU151
 520 00c0 264B     		ldr	r3, .L44+16
 521 00c2 9847     		blx	r3
 522              	.LVL25:
 523              		.loc 1 388 11 view .LVU152
ARM GAS  C:\Users\38164\AppData\Local\Temp\ccyVoQvZ.s 			page 10


 524              		.loc 1 388 30 is_stmt 0 view .LVU153
 525 00c4 A068     		ldr	r0, [r4, #8]
 526              		.loc 1 388 22 view .LVU154
 527 00c6 00F58060 		add	r0, r0, #1024
 528              	.LVL26:
 529              		.loc 1 389 11 is_stmt 1 view .LVU155
 530              		.loc 1 389 26 is_stmt 0 view .LVU156
 531 00ca A060     		str	r0, [r4, #8]
 532              		.loc 1 392 11 is_stmt 1 view .LVU157
 533 00cc 1F4A     		ldr	r2, .L44
 534 00ce 1369     		ldr	r3, [r2, #16]
 535 00d0 23F00203 		bic	r3, r3, #2
 536 00d4 1361     		str	r3, [r2, #16]
 537              		.loc 1 394 11 view .LVU158
 538 00d6 224B     		ldr	r3, .L44+20
 539 00d8 9847     		blx	r3
 540              	.LVL27:
 541              		.loc 1 394 11 is_stmt 0 view .LVU159
 542 00da D9E7     		b	.L29
 543              	.L31:
 544              		.loc 1 400 11 is_stmt 1 view .LVU160
 545              	.LVL28:
 546              		.loc 1 400 26 is_stmt 0 view .LVU161
 547 00dc 1C4B     		ldr	r3, .L44+4
 548 00de 4FF0FF30 		mov	r0, #-1
 549 00e2 9860     		str	r0, [r3, #8]
 550              		.loc 1 401 11 is_stmt 1 view .LVU162
 551              		.loc 1 401 35 is_stmt 0 view .LVU163
 552 00e4 0022     		movs	r2, #0
 553 00e6 1A70     		strb	r2, [r3]
 554              		.loc 1 403 11 is_stmt 1 view .LVU164
 555 00e8 1C4B     		ldr	r3, .L44+16
 556 00ea 9847     		blx	r3
 557              	.LVL29:
 558 00ec D0E7     		b	.L29
 559              	.LVL30:
 560              	.L40:
 561              		.loc 1 409 9 view .LVU165
 562 00ee 174A     		ldr	r2, .L44
 563 00f0 1369     		ldr	r3, [r2, #16]
 564 00f2 23F00403 		bic	r3, r3, #4
 565 00f6 1361     		str	r3, [r2, #16]
 566              		.loc 1 418 11 view .LVU166
 567 00f8 0020     		movs	r0, #0
 568 00fa 184B     		ldr	r3, .L44+16
 569 00fc 9847     		blx	r3
 570              	.LVL31:
 571              		.loc 1 421 11 view .LVU167
 572              		.loc 1 421 35 is_stmt 0 view .LVU168
 573 00fe 144B     		ldr	r3, .L44+4
 574 0100 0022     		movs	r2, #0
 575 0102 1A70     		strb	r2, [r3]
 576 0104 C4E7     		b	.L29
 577              	.L41:
 578              		.loc 1 435 11 is_stmt 1 view .LVU169
 579              		.loc 1 435 26 is_stmt 0 view .LVU170
 580 0106 124B     		ldr	r3, .L44+4
ARM GAS  C:\Users\38164\AppData\Local\Temp\ccyVoQvZ.s 			page 11


 581 0108 9A68     		ldr	r2, [r3, #8]
 582 010a 0232     		adds	r2, r2, #2
 583 010c 9A60     		str	r2, [r3, #8]
 584              		.loc 1 436 11 is_stmt 1 view .LVU171
 585              		.loc 1 436 22 is_stmt 0 view .LVU172
 586 010e 9868     		ldr	r0, [r3, #8]
 587              	.LVL32:
 588              		.loc 1 439 11 is_stmt 1 view .LVU173
 589              		.loc 1 439 32 is_stmt 0 view .LVU174
 590 0110 D3E90467 		ldrd	r6, [r3, #16]
 591              		.loc 1 439 38 view .LVU175
 592 0114 340C     		lsrs	r4, r6, #16
 593 0116 44EA0744 		orr	r4, r4, r7, lsl #16
 594 011a 3D0C     		lsrs	r5, r7, #16
 595              		.loc 1 439 23 view .LVU176
 596 011c C3E90445 		strd	r4, [r3, #16]
 597              		.loc 1 442 11 is_stmt 1 view .LVU177
 598 0120 0A49     		ldr	r1, .L44
 599 0122 0A69     		ldr	r2, [r1, #16]
 600 0124 22F00102 		bic	r2, r2, #1
 601 0128 0A61     		str	r2, [r1, #16]
 602              		.loc 1 445 11 view .LVU178
 603              		.loc 1 445 62 is_stmt 0 view .LVU179
 604 012a D3E90423 		ldrd	r2, [r3, #16]
 605              		.loc 1 445 11 view .LVU180
 606 012e 91B2     		uxth	r1, r2
 607 0130 0C4B     		ldr	r3, .L44+24
 608 0132 9847     		blx	r3
 609              	.LVL33:
 610              		.loc 1 445 11 view .LVU181
 611 0134 ACE7     		b	.L29
 612              	.L42:
 613              		.loc 1 453 13 is_stmt 1 view .LVU182
 614 0136 064B     		ldr	r3, .L44+4
 615 0138 9868     		ldr	r0, [r3, #8]
 616 013a 084B     		ldr	r3, .L44+16
 617 013c 9847     		blx	r3
 618              	.LVL34:
 619 013e A1E7     		b	.L35
 620              	.L43:
 621              		.loc 1 457 13 view .LVU183
 622              		.loc 1 457 52 is_stmt 0 view .LVU184
 623 0140 034B     		ldr	r3, .L44+4
 624 0142 9868     		ldr	r0, [r3, #8]
 625              		.loc 1 457 13 view .LVU185
 626 0144 0238     		subs	r0, r0, #2
 627 0146 054B     		ldr	r3, .L44+16
 628 0148 9847     		blx	r3
 629              	.LVL35:
 630 014a 9BE7     		b	.L35
 631              	.L45:
 632              		.align	2
 633              	.L44:
 634 014c 00200240 		.word	1073881088
 635 0150 00000000 		.word	pFlash
 636 0154 00000000 		.word	FLASH_SetErrorCode
 637 0158 00000000 		.word	HAL_FLASH_OperationErrorCallback
ARM GAS  C:\Users\38164\AppData\Local\Temp\ccyVoQvZ.s 			page 12


 638 015c 00000000 		.word	HAL_FLASH_EndOfOperationCallback
 639 0160 00000000 		.word	FLASH_PageErase
 640 0164 00000000 		.word	FLASH_Program_HalfWord
 641              		.cfi_endproc
 642              	.LFE67:
 644              		.section	.text.HAL_FLASH_Unlock,"ax",%progbits
 645              		.align	1
 646              		.global	HAL_FLASH_Unlock
 647              		.syntax unified
 648              		.thumb
 649              		.thumb_func
 650              		.fpu softvfp
 652              	HAL_FLASH_Unlock:
 653              	.LFB70:
 654              		.loc 1 658 1 is_stmt 1 view -0
 655              		.cfi_startproc
 656              		@ args = 0, pretend = 0, frame = 0
 657              		@ frame_needed = 0, uses_anonymous_args = 0
 658              		@ link register save eliminated.
 659              		.loc 1 659 3 view .LVU187
 660              	.LVL36:
 661              		.loc 1 661 3 view .LVU188
 662              		.loc 1 661 6 is_stmt 0 view .LVU189
 663 0000 0A4B     		ldr	r3, .L50
 664 0002 1B69     		ldr	r3, [r3, #16]
 665              		.loc 1 661 5 view .LVU190
 666 0004 13F0800F 		tst	r3, #128
 667 0008 0BD0     		beq	.L48
 668              		.loc 1 664 5 is_stmt 1 view .LVU191
 669 000a 084B     		ldr	r3, .L50
 670 000c 084A     		ldr	r2, .L50+4
 671 000e 5A60     		str	r2, [r3, #4]
 672              		.loc 1 665 5 view .LVU192
 673 0010 02F18832 		add	r2, r2, #-2004318072
 674 0014 5A60     		str	r2, [r3, #4]
 675              		.loc 1 668 5 view .LVU193
 676              		.loc 1 668 8 is_stmt 0 view .LVU194
 677 0016 1B69     		ldr	r3, [r3, #16]
 678              		.loc 1 668 7 view .LVU195
 679 0018 13F0800F 		tst	r3, #128
 680 001c 03D1     		bne	.L49
 681              		.loc 1 659 21 view .LVU196
 682 001e 0020     		movs	r0, #0
 683 0020 7047     		bx	lr
 684              	.L48:
 685 0022 0020     		movs	r0, #0
 686 0024 7047     		bx	lr
 687              	.L49:
 688              		.loc 1 670 14 view .LVU197
 689 0026 0120     		movs	r0, #1
 690              	.LVL37:
 691              		.loc 1 688 3 is_stmt 1 view .LVU198
 692              		.loc 1 689 1 is_stmt 0 view .LVU199
 693 0028 7047     		bx	lr
 694              	.L51:
 695 002a 00BF     		.align	2
 696              	.L50:
ARM GAS  C:\Users\38164\AppData\Local\Temp\ccyVoQvZ.s 			page 13


 697 002c 00200240 		.word	1073881088
 698 0030 23016745 		.word	1164378403
 699              		.cfi_endproc
 700              	.LFE70:
 702              		.section	.text.HAL_FLASH_Lock,"ax",%progbits
 703              		.align	1
 704              		.global	HAL_FLASH_Lock
 705              		.syntax unified
 706              		.thumb
 707              		.thumb_func
 708              		.fpu softvfp
 710              	HAL_FLASH_Lock:
 711              	.LFB71:
 712              		.loc 1 696 1 is_stmt 1 view -0
 713              		.cfi_startproc
 714              		@ args = 0, pretend = 0, frame = 0
 715              		@ frame_needed = 0, uses_anonymous_args = 0
 716              		@ link register save eliminated.
 717              		.loc 1 698 3 view .LVU201
 718 0000 034A     		ldr	r2, .L53
 719 0002 1369     		ldr	r3, [r2, #16]
 720 0004 43F08003 		orr	r3, r3, #128
 721 0008 1361     		str	r3, [r2, #16]
 722              		.loc 1 705 3 view .LVU202
 723              		.loc 1 706 1 is_stmt 0 view .LVU203
 724 000a 0020     		movs	r0, #0
 725 000c 7047     		bx	lr
 726              	.L54:
 727 000e 00BF     		.align	2
 728              	.L53:
 729 0010 00200240 		.word	1073881088
 730              		.cfi_endproc
 731              	.LFE71:
 733              		.section	.text.HAL_FLASH_OB_Unlock,"ax",%progbits
 734              		.align	1
 735              		.global	HAL_FLASH_OB_Unlock
 736              		.syntax unified
 737              		.thumb
 738              		.thumb_func
 739              		.fpu softvfp
 741              	HAL_FLASH_OB_Unlock:
 742              	.LFB72:
 743              		.loc 1 713 1 is_stmt 1 view -0
 744              		.cfi_startproc
 745              		@ args = 0, pretend = 0, frame = 0
 746              		@ frame_needed = 0, uses_anonymous_args = 0
 747              		@ link register save eliminated.
 748              		.loc 1 714 3 view .LVU205
 749              		.loc 1 714 7 is_stmt 0 view .LVU206
 750 0000 074B     		ldr	r3, .L58
 751 0002 1B69     		ldr	r3, [r3, #16]
 752              		.loc 1 714 6 view .LVU207
 753 0004 13F4007F 		tst	r3, #512
 754 0008 07D1     		bne	.L57
 755              		.loc 1 717 5 is_stmt 1 view .LVU208
 756 000a 054B     		ldr	r3, .L58
 757 000c 054A     		ldr	r2, .L58+4
ARM GAS  C:\Users\38164\AppData\Local\Temp\ccyVoQvZ.s 			page 14


 758 000e 9A60     		str	r2, [r3, #8]
 759              		.loc 1 718 5 view .LVU209
 760 0010 02F18832 		add	r2, r2, #-2004318072
 761 0014 9A60     		str	r2, [r3, #8]
 762              		.loc 1 725 3 view .LVU210
 763              		.loc 1 725 10 is_stmt 0 view .LVU211
 764 0016 0020     		movs	r0, #0
 765 0018 7047     		bx	lr
 766              	.L57:
 767              		.loc 1 722 12 view .LVU212
 768 001a 0120     		movs	r0, #1
 769              		.loc 1 726 1 view .LVU213
 770 001c 7047     		bx	lr
 771              	.L59:
 772 001e 00BF     		.align	2
 773              	.L58:
 774 0020 00200240 		.word	1073881088
 775 0024 23016745 		.word	1164378403
 776              		.cfi_endproc
 777              	.LFE72:
 779              		.section	.text.HAL_FLASH_OB_Lock,"ax",%progbits
 780              		.align	1
 781              		.global	HAL_FLASH_OB_Lock
 782              		.syntax unified
 783              		.thumb
 784              		.thumb_func
 785              		.fpu softvfp
 787              	HAL_FLASH_OB_Lock:
 788              	.LFB73:
 789              		.loc 1 733 1 is_stmt 1 view -0
 790              		.cfi_startproc
 791              		@ args = 0, pretend = 0, frame = 0
 792              		@ frame_needed = 0, uses_anonymous_args = 0
 793              		@ link register save eliminated.
 794              		.loc 1 735 3 view .LVU215
 795 0000 034A     		ldr	r2, .L61
 796 0002 1369     		ldr	r3, [r2, #16]
 797 0004 23F40073 		bic	r3, r3, #512
 798 0008 1361     		str	r3, [r2, #16]
 799              		.loc 1 737 3 view .LVU216
 800              		.loc 1 738 1 is_stmt 0 view .LVU217
 801 000a 0020     		movs	r0, #0
 802 000c 7047     		bx	lr
 803              	.L62:
 804 000e 00BF     		.align	2
 805              	.L61:
 806 0010 00200240 		.word	1073881088
 807              		.cfi_endproc
 808              	.LFE73:
 810              		.section	.text.HAL_FLASH_OB_Launch,"ax",%progbits
 811              		.align	1
 812              		.global	HAL_FLASH_OB_Launch
 813              		.syntax unified
 814              		.thumb
 815              		.thumb_func
 816              		.fpu softvfp
 818              	HAL_FLASH_OB_Launch:
ARM GAS  C:\Users\38164\AppData\Local\Temp\ccyVoQvZ.s 			page 15


 819              	.LFB74:
 820              		.loc 1 746 1 is_stmt 1 view -0
 821              		.cfi_startproc
 822              		@ args = 0, pretend = 0, frame = 0
 823              		@ frame_needed = 0, uses_anonymous_args = 0
 824 0000 08B5     		push	{r3, lr}
 825              	.LCFI2:
 826              		.cfi_def_cfa_offset 8
 827              		.cfi_offset 3, -8
 828              		.cfi_offset 14, -4
 829              		.loc 1 748 3 view .LVU219
 830 0002 014B     		ldr	r3, .L65
 831 0004 9847     		blx	r3
 832              	.LVL38:
 833              		.loc 1 749 1 is_stmt 0 view .LVU220
 834 0006 08BD     		pop	{r3, pc}
 835              	.L66:
 836              		.align	2
 837              	.L65:
 838 0008 00000000 		.word	HAL_NVIC_SystemReset
 839              		.cfi_endproc
 840              	.LFE74:
 842              		.section	.text.HAL_FLASH_GetError,"ax",%progbits
 843              		.align	1
 844              		.global	HAL_FLASH_GetError
 845              		.syntax unified
 846              		.thumb
 847              		.thumb_func
 848              		.fpu softvfp
 850              	HAL_FLASH_GetError:
 851              	.LFB75:
 852              		.loc 1 775 1 is_stmt 1 view -0
 853              		.cfi_startproc
 854              		@ args = 0, pretend = 0, frame = 0
 855              		@ frame_needed = 0, uses_anonymous_args = 0
 856              		@ link register save eliminated.
 857              		.loc 1 776 4 view .LVU222
 858              		.loc 1 776 17 is_stmt 0 view .LVU223
 859 0000 014B     		ldr	r3, .L68
 860 0002 D869     		ldr	r0, [r3, #28]
 861              		.loc 1 777 1 view .LVU224
 862 0004 7047     		bx	lr
 863              	.L69:
 864 0006 00BF     		.align	2
 865              	.L68:
 866 0008 00000000 		.word	pFlash
 867              		.cfi_endproc
 868              	.LFE75:
 870              		.section	.text.FLASH_WaitForLastOperation,"ax",%progbits
 871              		.align	1
 872              		.global	FLASH_WaitForLastOperation
 873              		.syntax unified
 874              		.thumb
 875              		.thumb_func
 876              		.fpu softvfp
 878              	FLASH_WaitForLastOperation:
 879              	.LVL39:
ARM GAS  C:\Users\38164\AppData\Local\Temp\ccyVoQvZ.s 			page 16


 880              	.LFB77:
 881              		.loc 1 827 1 is_stmt 1 view -0
 882              		.cfi_startproc
 883              		@ args = 0, pretend = 0, frame = 0
 884              		@ frame_needed = 0, uses_anonymous_args = 0
 885              		.loc 1 827 1 is_stmt 0 view .LVU226
 886 0000 38B5     		push	{r3, r4, r5, lr}
 887              	.LCFI3:
 888              		.cfi_def_cfa_offset 16
 889              		.cfi_offset 3, -16
 890              		.cfi_offset 4, -12
 891              		.cfi_offset 5, -8
 892              		.cfi_offset 14, -4
 893 0002 0446     		mov	r4, r0
 894              		.loc 1 832 3 is_stmt 1 view .LVU227
 895              		.loc 1 832 24 is_stmt 0 view .LVU228
 896 0004 174B     		ldr	r3, .L81
 897 0006 9847     		blx	r3
 898              	.LVL40:
 899              		.loc 1 832 24 view .LVU229
 900 0008 0546     		mov	r5, r0
 901              	.LVL41:
 902              		.loc 1 834 3 is_stmt 1 view .LVU230
 903              	.L72:
 904              		.loc 1 834 8 view .LVU231
 905              		.loc 1 834 9 is_stmt 0 view .LVU232
 906 000a 174B     		ldr	r3, .L81+4
 907 000c DB68     		ldr	r3, [r3, #12]
 908              		.loc 1 834 8 view .LVU233
 909 000e 13F0010F 		tst	r3, #1
 910 0012 0AD0     		beq	.L80
 911              		.loc 1 836 5 is_stmt 1 view .LVU234
 912              		.loc 1 836 8 is_stmt 0 view .LVU235
 913 0014 B4F1FF3F 		cmp	r4, #-1
 914 0018 F7D0     		beq	.L72
 915              		.loc 1 838 7 is_stmt 1 view .LVU236
 916              		.loc 1 838 9 is_stmt 0 view .LVU237
 917 001a 24B1     		cbz	r4, .L73
 918              		.loc 1 838 31 discriminator 1 view .LVU238
 919 001c 114B     		ldr	r3, .L81
 920 001e 9847     		blx	r3
 921              	.LVL42:
 922              		.loc 1 838 44 discriminator 1 view .LVU239
 923 0020 401B     		subs	r0, r0, r5
 924              		.loc 1 838 26 discriminator 1 view .LVU240
 925 0022 A042     		cmp	r0, r4
 926 0024 F1D9     		bls	.L72
 927              	.L73:
 928              		.loc 1 840 9 is_stmt 1 view .LVU241
 929              		.loc 1 840 16 is_stmt 0 view .LVU242
 930 0026 0320     		movs	r0, #3
 931 0028 1BE0     		b	.L74
 932              	.L80:
 933              		.loc 1 846 3 is_stmt 1 view .LVU243
 934              		.loc 1 846 7 is_stmt 0 view .LVU244
 935 002a 0F4B     		ldr	r3, .L81+4
 936 002c DB68     		ldr	r3, [r3, #12]
ARM GAS  C:\Users\38164\AppData\Local\Temp\ccyVoQvZ.s 			page 17


 937              		.loc 1 846 6 view .LVU245
 938 002e 13F0200F 		tst	r3, #32
 939 0032 02D0     		beq	.L76
 940              		.loc 1 849 5 is_stmt 1 discriminator 2 view .LVU246
 941              		.loc 1 849 5 discriminator 2 view .LVU247
 942              		.loc 1 849 5 discriminator 2 view .LVU248
 943 0034 0C4B     		ldr	r3, .L81+4
 944 0036 2022     		movs	r2, #32
 945 0038 DA60     		str	r2, [r3, #12]
 946              	.L76:
 947              		.loc 1 849 5 discriminator 4 view .LVU249
 948              		.loc 1 852 3 discriminator 4 view .LVU250
 949              		.loc 1 852 6 is_stmt 0 discriminator 4 view .LVU251
 950 003a 0B4B     		ldr	r3, .L81+4
 951 003c DB68     		ldr	r3, [r3, #12]
 952              		.loc 1 852 5 discriminator 4 view .LVU252
 953 003e 13F0100F 		tst	r3, #16
 954 0042 0BD1     		bne	.L77
 955              		.loc 1 853 6 discriminator 1 view .LVU253
 956 0044 084B     		ldr	r3, .L81+4
 957 0046 DB69     		ldr	r3, [r3, #28]
 958              		.loc 1 852 47 discriminator 1 view .LVU254
 959 0048 13F0010F 		tst	r3, #1
 960 004c 06D1     		bne	.L77
 961              		.loc 1 854 6 view .LVU255
 962 004e 064B     		ldr	r3, .L81+4
 963 0050 DB68     		ldr	r3, [r3, #12]
 964              		.loc 1 853 47 view .LVU256
 965 0052 13F0040F 		tst	r3, #4
 966 0056 01D1     		bne	.L77
 967              		.loc 1 862 10 view .LVU257
 968 0058 0020     		movs	r0, #0
 969 005a 02E0     		b	.L74
 970              	.L77:
 971              		.loc 1 857 5 is_stmt 1 view .LVU258
 972 005c 034B     		ldr	r3, .L81+8
 973 005e 9847     		blx	r3
 974              	.LVL43:
 975              		.loc 1 858 5 view .LVU259
 976              		.loc 1 858 12 is_stmt 0 view .LVU260
 977 0060 0120     		movs	r0, #1
 978              	.L74:
 979              		.loc 1 863 1 view .LVU261
 980 0062 38BD     		pop	{r3, r4, r5, pc}
 981              	.LVL44:
 982              	.L82:
 983              		.loc 1 863 1 view .LVU262
 984              		.align	2
 985              	.L81:
 986 0064 00000000 		.word	HAL_GetTick
 987 0068 00200240 		.word	1073881088
 988 006c 00000000 		.word	FLASH_SetErrorCode
 989              		.cfi_endproc
 990              	.LFE77:
 992              		.section	.text.HAL_FLASH_Program,"ax",%progbits
 993              		.align	1
 994              		.global	HAL_FLASH_Program
ARM GAS  C:\Users\38164\AppData\Local\Temp\ccyVoQvZ.s 			page 18


 995              		.syntax unified
 996              		.thumb
 997              		.thumb_func
 998              		.fpu softvfp
 1000              	HAL_FLASH_Program:
 1001              	.LVL45:
 1002              	.LFB65:
 1003              		.loc 1 169 1 is_stmt 1 view -0
 1004              		.cfi_startproc
 1005              		@ args = 0, pretend = 0, frame = 0
 1006              		@ frame_needed = 0, uses_anonymous_args = 0
 1007              		.loc 1 169 1 is_stmt 0 view .LVU264
 1008 0000 2DE9F843 		push	{r3, r4, r5, r6, r7, r8, r9, lr}
 1009              	.LCFI4:
 1010              		.cfi_def_cfa_offset 32
 1011              		.cfi_offset 3, -32
 1012              		.cfi_offset 4, -28
 1013              		.cfi_offset 5, -24
 1014              		.cfi_offset 6, -20
 1015              		.cfi_offset 7, -16
 1016              		.cfi_offset 8, -12
 1017              		.cfi_offset 9, -8
 1018              		.cfi_offset 14, -4
 1019 0004 1E46     		mov	r6, r3
 1020              		.loc 1 170 3 is_stmt 1 view .LVU265
 1021              	.LVL46:
 1022              		.loc 1 171 3 view .LVU266
 1023              		.loc 1 172 3 view .LVU267
 1024              		.loc 1 175 3 view .LVU268
 1025              		.loc 1 175 3 view .LVU269
 1026 0006 234B     		ldr	r3, .L94
 1027 0008 1B7E     		ldrb	r3, [r3, #24]	@ zero_extendqisi2
 1028 000a 012B     		cmp	r3, #1
 1029 000c 40D0     		beq	.L89
 1030 000e 0446     		mov	r4, r0
 1031 0010 0F46     		mov	r7, r1
 1032 0012 9046     		mov	r8, r2
 1033              		.loc 1 175 3 discriminator 2 view .LVU270
 1034 0014 1F4B     		ldr	r3, .L94
 1035 0016 0122     		movs	r2, #1
 1036              	.LVL47:
 1037              		.loc 1 175 3 is_stmt 0 discriminator 2 view .LVU271
 1038 0018 1A76     		strb	r2, [r3, #24]
 1039              		.loc 1 175 3 is_stmt 1 discriminator 2 view .LVU272
 1040              		.loc 1 178 3 discriminator 2 view .LVU273
 1041              		.loc 1 179 3 discriminator 2 view .LVU274
 1042              		.loc 1 186 5 discriminator 2 view .LVU275
 1043              		.loc 1 186 14 is_stmt 0 discriminator 2 view .LVU276
 1044 001a 4CF25030 		movw	r0, #50000
 1045              	.LVL48:
 1046              		.loc 1 186 14 discriminator 2 view .LVU277
 1047 001e 1E4B     		ldr	r3, .L94+4
 1048 0020 9847     		blx	r3
 1049              	.LVL49:
 1050              		.loc 1 196 3 is_stmt 1 discriminator 2 view .LVU278
 1051              		.loc 1 196 5 is_stmt 0 discriminator 2 view .LVU279
 1052 0022 0346     		mov	r3, r0
ARM GAS  C:\Users\38164\AppData\Local\Temp\ccyVoQvZ.s 			page 19


 1053 0024 70BB     		cbnz	r0, .L85
 1054              		.loc 1 198 5 is_stmt 1 view .LVU280
 1055              		.loc 1 198 7 is_stmt 0 view .LVU281
 1056 0026 012C     		cmp	r4, #1
 1057 0028 29D0     		beq	.L90
 1058              		.loc 1 203 10 is_stmt 1 view .LVU282
 1059              		.loc 1 203 12 is_stmt 0 view .LVU283
 1060 002a 022C     		cmp	r4, #2
 1061 002c 24D0     		beq	.L93
 1062              		.loc 1 211 20 view .LVU284
 1063 002e 4FF00409 		mov	r9, #4
 1064              	.L86:
 1065              	.LVL50:
 1066              		.loc 1 214 5 is_stmt 1 view .LVU285
 1067              		.loc 1 214 16 is_stmt 0 view .LVU286
 1068 0032 1C46     		mov	r4, r3
 1069              	.LVL51:
 1070              	.L87:
 1071              		.loc 1 214 22 is_stmt 1 discriminator 1 view .LVU287
 1072              		.loc 1 214 5 is_stmt 0 discriminator 1 view .LVU288
 1073 0034 4C45     		cmp	r4, r9
 1074 0036 25D2     		bcs	.L85
 1075              		.loc 1 216 7 is_stmt 1 view .LVU289
 1076              		.loc 1 216 77 is_stmt 0 view .LVU290
 1077 0038 2101     		lsls	r1, r4, #4
 1078              		.loc 1 216 70 view .LVU291
 1079 003a C1F12002 		rsb	r2, r1, #32
 1080 003e A1F12003 		sub	r3, r1, #32
 1081              	.LVL52:
 1082              		.loc 1 216 70 view .LVU292
 1083 0042 28FA01F1 		lsr	r1, r8, r1
 1084 0046 06FA02F2 		lsl	r2, r6, r2
 1085 004a 1143     		orrs	r1, r1, r2
 1086 004c 26FA03F3 		lsr	r3, r6, r3
 1087 0050 1943     		orrs	r1, r1, r3
 1088              		.loc 1 216 7 view .LVU293
 1089 0052 89B2     		uxth	r1, r1
 1090 0054 07EB4400 		add	r0, r7, r4, lsl #1
 1091 0058 104B     		ldr	r3, .L94+8
 1092 005a 9847     		blx	r3
 1093              	.LVL53:
 1094              		.loc 1 223 9 is_stmt 1 view .LVU294
 1095              		.loc 1 223 18 is_stmt 0 view .LVU295
 1096 005c 4CF25030 		movw	r0, #50000
 1097 0060 0D4B     		ldr	r3, .L94+4
 1098 0062 9847     		blx	r3
 1099              	.LVL54:
 1100              		.loc 1 226 9 is_stmt 1 view .LVU296
 1101 0064 0E4B     		ldr	r3, .L94+12
 1102 0066 1D69     		ldr	r5, [r3, #16]
 1103 0068 25F00105 		bic	r5, r5, #1
 1104 006c 1D61     		str	r5, [r3, #16]
 1105              		.loc 1 239 7 view .LVU297
 1106              		.loc 1 239 10 is_stmt 0 view .LVU298
 1107 006e 0346     		mov	r3, r0
 1108 0070 40B9     		cbnz	r0, .L85
 1109              		.loc 1 214 44 is_stmt 1 discriminator 2 view .LVU299
ARM GAS  C:\Users\38164\AppData\Local\Temp\ccyVoQvZ.s 			page 20


 1110              		.loc 1 214 49 is_stmt 0 discriminator 2 view .LVU300
 1111 0072 0134     		adds	r4, r4, #1
 1112              	.LVL55:
 1113              		.loc 1 214 49 discriminator 2 view .LVU301
 1114 0074 E4B2     		uxtb	r4, r4
 1115              	.LVL56:
 1116              		.loc 1 214 49 discriminator 2 view .LVU302
 1117 0076 DDE7     		b	.L87
 1118              	.LVL57:
 1119              	.L93:
 1120              		.loc 1 206 20 view .LVU303
 1121 0078 4FF00209 		mov	r9, #2
 1122 007c D9E7     		b	.L86
 1123              	.L90:
 1124              		.loc 1 201 20 view .LVU304
 1125 007e 4FF00109 		mov	r9, #1
 1126 0082 D6E7     		b	.L86
 1127              	.LVL58:
 1128              	.L85:
 1129              		.loc 1 247 3 is_stmt 1 view .LVU305
 1130              		.loc 1 247 3 view .LVU306
 1131 0084 034A     		ldr	r2, .L94
 1132 0086 0021     		movs	r1, #0
 1133 0088 1176     		strb	r1, [r2, #24]
 1134              		.loc 1 247 3 view .LVU307
 1135              		.loc 1 249 3 view .LVU308
 1136              	.LVL59:
 1137              	.L84:
 1138              		.loc 1 250 1 is_stmt 0 view .LVU309
 1139 008a 1846     		mov	r0, r3
 1140 008c BDE8F883 		pop	{r3, r4, r5, r6, r7, r8, r9, pc}
 1141              	.LVL60:
 1142              	.L89:
 1143              		.loc 1 175 3 view .LVU310
 1144 0090 0223     		movs	r3, #2
 1145 0092 FAE7     		b	.L84
 1146              	.L95:
 1147              		.align	2
 1148              	.L94:
 1149 0094 00000000 		.word	pFlash
 1150 0098 00000000 		.word	FLASH_WaitForLastOperation
 1151 009c 00000000 		.word	FLASH_Program_HalfWord
 1152 00a0 00200240 		.word	1073881088
 1153              		.cfi_endproc
 1154              	.LFE65:
 1156              		.comm	pFlash,32,8
 1157              		.text
 1158              	.Letext0:
 1159              		.file 2 "../c:\\users\\38164\\onedrive\\desktop\\gnu mcu\\arm-none-eabi-gcc-9.3.1-1.1\\arm-none-ea
 1160              		.file 3 "../c:\\users\\38164\\onedrive\\desktop\\gnu mcu\\arm-none-eabi-gcc-9.3.1-1.1\\arm-none-ea
 1161              		.file 4 "../Drivers/CMSIS/Include/core_cm3.h"
 1162              		.file 5 "../Drivers/CMSIS/Device/ST/STM32F1xx/Include/system_stm32f1xx.h"
 1163              		.file 6 "../Drivers/CMSIS/Device/ST/STM32F1xx/Include/stm32f103x6.h"
 1164              		.file 7 "../Drivers/CMSIS/Device/ST/STM32F1xx/Include/stm32f1xx.h"
 1165              		.file 8 "../Drivers/STM32F1xx_HAL_Driver/Inc/stm32f1xx_hal_def.h"
 1166              		.file 9 "../Drivers/STM32F1xx_HAL_Driver/Inc/stm32f1xx_hal_flash.h"
 1167              		.file 10 "../Drivers/STM32F1xx_HAL_Driver/Inc/stm32f1xx_hal.h"
ARM GAS  C:\Users\38164\AppData\Local\Temp\ccyVoQvZ.s 			page 21


 1168              		.file 11 "../Drivers/STM32F1xx_HAL_Driver/Inc/stm32f1xx_hal_cortex.h"
ARM GAS  C:\Users\38164\AppData\Local\Temp\ccyVoQvZ.s 			page 22


DEFINED SYMBOLS
                            *ABS*:0000000000000000 stm32f1xx_hal_flash.c
C:\Users\38164\AppData\Local\Temp\ccyVoQvZ.s:16     .text.FLASH_Program_HalfWord:0000000000000000 $t
C:\Users\38164\AppData\Local\Temp\ccyVoQvZ.s:23     .text.FLASH_Program_HalfWord:0000000000000000 FLASH_Program_HalfWord
C:\Users\38164\AppData\Local\Temp\ccyVoQvZ.s:50     .text.FLASH_Program_HalfWord:0000000000000014 $d
                            *COM*:0000000000000020 pFlash
C:\Users\38164\AppData\Local\Temp\ccyVoQvZ.s:56     .text.FLASH_SetErrorCode:0000000000000000 $t
C:\Users\38164\AppData\Local\Temp\ccyVoQvZ.s:62     .text.FLASH_SetErrorCode:0000000000000000 FLASH_SetErrorCode
C:\Users\38164\AppData\Local\Temp\ccyVoQvZ.s:153    .text.FLASH_SetErrorCode:0000000000000068 $d
C:\Users\38164\AppData\Local\Temp\ccyVoQvZ.s:159    .text.HAL_FLASH_Program_IT:0000000000000000 $t
C:\Users\38164\AppData\Local\Temp\ccyVoQvZ.s:166    .text.HAL_FLASH_Program_IT:0000000000000000 HAL_FLASH_Program_IT
C:\Users\38164\AppData\Local\Temp\ccyVoQvZ.s:279    .text.HAL_FLASH_Program_IT:0000000000000060 $d
C:\Users\38164\AppData\Local\Temp\ccyVoQvZ.s:286    .text.HAL_FLASH_EndOfOperationCallback:0000000000000000 $t
C:\Users\38164\AppData\Local\Temp\ccyVoQvZ.s:293    .text.HAL_FLASH_EndOfOperationCallback:0000000000000000 HAL_FLASH_EndOfOperationCallback
C:\Users\38164\AppData\Local\Temp\ccyVoQvZ.s:308    .text.HAL_FLASH_OperationErrorCallback:0000000000000000 $t
C:\Users\38164\AppData\Local\Temp\ccyVoQvZ.s:315    .text.HAL_FLASH_OperationErrorCallback:0000000000000000 HAL_FLASH_OperationErrorCallback
C:\Users\38164\AppData\Local\Temp\ccyVoQvZ.s:330    .text.HAL_FLASH_IRQHandler:0000000000000000 $t
C:\Users\38164\AppData\Local\Temp\ccyVoQvZ.s:337    .text.HAL_FLASH_IRQHandler:0000000000000000 HAL_FLASH_IRQHandler
C:\Users\38164\AppData\Local\Temp\ccyVoQvZ.s:634    .text.HAL_FLASH_IRQHandler:000000000000014c $d
C:\Users\38164\AppData\Local\Temp\ccyVoQvZ.s:645    .text.HAL_FLASH_Unlock:0000000000000000 $t
C:\Users\38164\AppData\Local\Temp\ccyVoQvZ.s:652    .text.HAL_FLASH_Unlock:0000000000000000 HAL_FLASH_Unlock
C:\Users\38164\AppData\Local\Temp\ccyVoQvZ.s:697    .text.HAL_FLASH_Unlock:000000000000002c $d
C:\Users\38164\AppData\Local\Temp\ccyVoQvZ.s:703    .text.HAL_FLASH_Lock:0000000000000000 $t
C:\Users\38164\AppData\Local\Temp\ccyVoQvZ.s:710    .text.HAL_FLASH_Lock:0000000000000000 HAL_FLASH_Lock
C:\Users\38164\AppData\Local\Temp\ccyVoQvZ.s:729    .text.HAL_FLASH_Lock:0000000000000010 $d
C:\Users\38164\AppData\Local\Temp\ccyVoQvZ.s:734    .text.HAL_FLASH_OB_Unlock:0000000000000000 $t
C:\Users\38164\AppData\Local\Temp\ccyVoQvZ.s:741    .text.HAL_FLASH_OB_Unlock:0000000000000000 HAL_FLASH_OB_Unlock
C:\Users\38164\AppData\Local\Temp\ccyVoQvZ.s:774    .text.HAL_FLASH_OB_Unlock:0000000000000020 $d
C:\Users\38164\AppData\Local\Temp\ccyVoQvZ.s:780    .text.HAL_FLASH_OB_Lock:0000000000000000 $t
C:\Users\38164\AppData\Local\Temp\ccyVoQvZ.s:787    .text.HAL_FLASH_OB_Lock:0000000000000000 HAL_FLASH_OB_Lock
C:\Users\38164\AppData\Local\Temp\ccyVoQvZ.s:806    .text.HAL_FLASH_OB_Lock:0000000000000010 $d
C:\Users\38164\AppData\Local\Temp\ccyVoQvZ.s:811    .text.HAL_FLASH_OB_Launch:0000000000000000 $t
C:\Users\38164\AppData\Local\Temp\ccyVoQvZ.s:818    .text.HAL_FLASH_OB_Launch:0000000000000000 HAL_FLASH_OB_Launch
C:\Users\38164\AppData\Local\Temp\ccyVoQvZ.s:838    .text.HAL_FLASH_OB_Launch:0000000000000008 $d
C:\Users\38164\AppData\Local\Temp\ccyVoQvZ.s:843    .text.HAL_FLASH_GetError:0000000000000000 $t
C:\Users\38164\AppData\Local\Temp\ccyVoQvZ.s:850    .text.HAL_FLASH_GetError:0000000000000000 HAL_FLASH_GetError
C:\Users\38164\AppData\Local\Temp\ccyVoQvZ.s:866    .text.HAL_FLASH_GetError:0000000000000008 $d
C:\Users\38164\AppData\Local\Temp\ccyVoQvZ.s:871    .text.FLASH_WaitForLastOperation:0000000000000000 $t
C:\Users\38164\AppData\Local\Temp\ccyVoQvZ.s:878    .text.FLASH_WaitForLastOperation:0000000000000000 FLASH_WaitForLastOperation
C:\Users\38164\AppData\Local\Temp\ccyVoQvZ.s:986    .text.FLASH_WaitForLastOperation:0000000000000064 $d
C:\Users\38164\AppData\Local\Temp\ccyVoQvZ.s:993    .text.HAL_FLASH_Program:0000000000000000 $t
C:\Users\38164\AppData\Local\Temp\ccyVoQvZ.s:1000   .text.HAL_FLASH_Program:0000000000000000 HAL_FLASH_Program
C:\Users\38164\AppData\Local\Temp\ccyVoQvZ.s:1149   .text.HAL_FLASH_Program:0000000000000094 $d

UNDEFINED SYMBOLS
FLASH_PageErase
HAL_NVIC_SystemReset
HAL_GetTick
